#
# There is insufficient memory for the Java Runtime Environment to continue.
# Native memory allocation (mmap) failed to map 81788928 bytes for Failed to commit area from 0x0000000094100000 to 0x0000000098f00000 of length 81788928.
# Possible reasons:
#   The system is out of physical RAM or swap space
#   The process is running with CompressedOops enabled, and the Java Heap may be blocking the growth of the native heap
# Possible solutions:
#   Reduce memory load on the system
#   Increase physical memory or swap space
#   Check if swap backing store is full
#   Decrease Java heap size (-Xmx/-Xms)
#   Decrease number of Java threads
#   Decrease Java thread stack sizes (-Xss)
#   Set larger code cache with -XX:ReservedCodeCacheSize=
#   JVM is running with Unscaled Compressed Oops mode in which the Java heap is
#     placed in the first 4GB address space. The Java Heap base address is the
#     maximum limit for the native heap growth. Please use -XX:HeapBaseMinAddress
#     to set the Java Heap base and to place the Java Heap above 4GB virtual address.
# This output file may be truncated or incomplete.
#
#  Out of Memory Error (./src/hotspot/os/windows/os_windows.cpp:3301), pid=584, tid=6296
#
# JRE version: OpenJDK Runtime Environment (11.0.10) (build 11.0.10+0-b96-7249189)
# Java VM: OpenJDK 64-Bit Server VM (11.0.10+0-b96-7249189, mixed mode, tiered, compressed oops, g1 gc, windows-amd64)
# No core dump will be written. Minidumps are not enabled by default on client versions of Windows
#

---------------  S U M M A R Y ------------

Command Line: --add-opens=java.base/java.util=ALL-UNNAMED --add-opens=java.base/java.lang=ALL-UNNAMED --add-opens=java.base/java.lang.invoke=ALL-UNNAMED --add-opens=java.base/java.util=ALL-UNNAMED --add-opens=java.prefs/java.util.prefs=ALL-UNNAMED --add-opens=java.prefs/java.util.prefs=ALL-UNNAMED --add-opens=java.base/java.nio.charset=ALL-UNNAMED --add-opens=java.base/java.net=ALL-UNNAMED --add-opens=java.base/java.util.concurrent.atomic=ALL-UNNAMED -Xmx2048m -Dfile.encoding=UTF-8 -Duser.country=CN -Duser.language=zh -Duser.variant org.gradle.launcher.daemon.bootstrap.GradleDaemon 7.0.2

Host: Intel(R) Core(TM) i5-8250U CPU @ 1.60GHz, 8 cores, 7G,  Windows 10 , 64 bit Build 22000 (10.0.22000.120)
Time: Sat Oct 16 19:43:43 2021 中国标准时间 elapsed time: 18.147353 seconds (0d 0h 0m 18s)

---------------  T H R E A D  ---------------

Current thread (0x0000019a3504d800):  VMThread "VM Thread" [stack: 0x00000028c2a00000,0x00000028c2b00000] [id=6296]

Stack: [0x00000028c2a00000,0x00000028c2b00000]
[error occurred during error reporting (printing stack bounds), id 0xc0000005, EXCEPTION_ACCESS_VIOLATION (0xc0000005) at pc=0x0000019a1e6d0f2d]

Native frames: (J=compiled Java code, j=interpreted, Vv=VM code, C=native code)
V  [jvm.dll+0x5ecfaa]
V  [jvm.dll+0x722bd5]
V  [jvm.dll+0x72412d]
V  [jvm.dll+0x724745]
V  [jvm.dll+0x7246fb]
V  [jvm.dll+0x5ec348]
V  [jvm.dll+0x5ecad8]
C  [ntdll.dll+0xa826f]
C  [ntdll.dll+0x359ca]
C  [ntdll.dll+0xa727e]
C  0x0000019a1e6d0f2d

VM_Operation (0x00000028c5ff7b10): G1CollectForAllocation, mode: safepoint, requested by thread 0x0000019a3ac9d000


---------------  P R O C E S S  ---------------

Threads class SMR info:
_java_thread_list=0x0000019a3e815a20, length=60, elements={
0x0000019a1abef000, 0x0000019a35055000, 0x0000019a3505e800, 0x0000019a3592a800,
0x0000019a3592b800, 0x0000019a3592c800, 0x0000019a35930000, 0x0000019a35931800,
0x0000019a35937800, 0x0000019a359d5000, 0x0000019a37b79800, 0x0000019a383c0800,
0x0000019a37d4d800, 0x0000019a3731f000, 0x0000019a37c2a800, 0x0000019a37c20000,
0x0000019a37fa7800, 0x0000019a37d56800, 0x0000019a37d57000, 0x0000019a3736f000,
0x0000019a37369800, 0x0000019a37370000, 0x0000019a3736a000, 0x0000019a38a0f800,
0x0000019a3736b000, 0x0000019a3736d800, 0x0000019a3736e000, 0x0000019a3736b800,
0x0000019a3736c800, 0x0000019a3ac97800, 0x0000019a3ac96800, 0x0000019a3ac92800,
0x0000019a3ac95000, 0x0000019a3ac98000, 0x0000019a3ac9a000, 0x0000019a3ac94000,
0x0000019a3ac9b800, 0x0000019a3aca0800, 0x0000019a3ac9f000, 0x0000019a3ac9a800,
0x0000019a3ac9e000, 0x0000019a3ac9f800, 0x0000019a3aca1000, 0x0000019a3ac9c800,
0x0000019a3ac9d000, 0x0000019a385a2800, 0x0000019a385a0000, 0x0000019a385a4800,
0x0000019a385a6800, 0x0000019a385a0800, 0x0000019a385a5800, 0x0000019a385a1800,
0x0000019a385a3000, 0x0000019a385a7000, 0x0000019a385a9800, 0x0000019a385a9000,
0x0000019a385a8000, 0x0000019a385a4000, 0x0000019a385aa800, 0x0000019a385ab800
}

Java Threads: ( => current thread )
  0x0000019a1abef000 JavaThread "main" [_thread_blocked, id=7256, stack(0x00000028c2400000,0x00000028c2500000)]
  0x0000019a35055000 JavaThread "Reference Handler" daemon [_thread_blocked, id=2480, stack(0x00000028c2b00000,0x00000028c2c00000)]
  0x0000019a3505e800 JavaThread "Finalizer" daemon [_thread_blocked, id=12988, stack(0x00000028c2c00000,0x00000028c2d00000)]
  0x0000019a3592a800 JavaThread "Signal Dispatcher" daemon [_thread_blocked, id=10164, stack(0x00000028c2d00000,0x00000028c2e00000)]
  0x0000019a3592b800 JavaThread "Attach Listener" daemon [_thread_blocked, id=5800, stack(0x00000028c2e00000,0x00000028c2f00000)]
  0x0000019a3592c800 JavaThread "Service Thread" daemon [_thread_blocked, id=2632, stack(0x00000028c2f00000,0x00000028c3000000)]
  0x0000019a35930000 JavaThread "C2 CompilerThread0" daemon [_thread_blocked, id=7004, stack(0x00000028c3000000,0x00000028c3100000)]
  0x0000019a35931800 JavaThread "C1 CompilerThread0" daemon [_thread_blocked, id=12512, stack(0x00000028c3100000,0x00000028c3200000)]
  0x0000019a35937800 JavaThread "Sweeper thread" daemon [_thread_blocked, id=10896, stack(0x00000028c3200000,0x00000028c3300000)]
  0x0000019a359d5000 JavaThread "Common-Cleaner" daemon [_thread_blocked, id=6160, stack(0x00000028c3300000,0x00000028c3400000)]
  0x0000019a37b79800 JavaThread "Daemon health stats" [_thread_blocked, id=1552, stack(0x00000028c3800000,0x00000028c3900000)]
  0x0000019a383c0800 JavaThread "Incoming local TCP Connector on port 60429" [_thread_in_native, id=9224, stack(0x00000028c3500000,0x00000028c3600000)]
  0x0000019a37d4d800 JavaThread "Daemon periodic checks" [_thread_blocked, id=760, stack(0x00000028c3900000,0x00000028c3a00000)]
  0x0000019a3731f000 JavaThread "Daemon" [_thread_blocked, id=3420, stack(0x00000028c3a00000,0x00000028c3b00000)]
  0x0000019a37c2a800 JavaThread "Handler for socket connection from /127.0.0.1:60429 to /127.0.0.1:60430" [_thread_in_native, id=5936, stack(0x00000028c3b00000,0x00000028c3c00000)]
  0x0000019a37c20000 JavaThread "Cancel handler" [_thread_blocked, id=6304, stack(0x00000028c3d00000,0x00000028c3e00000)]
  0x0000019a37fa7800 JavaThread "Daemon worker" [_thread_blocked, id=1476, stack(0x00000028c3e00000,0x00000028c3f00000)]
  0x0000019a37d56800 JavaThread "Asynchronous log dispatcher for DefaultDaemonConnection: socket connection from /127.0.0.1:60429 to /127.0.0.1:60430" [_thread_blocked, id=12548, stack(0x00000028c3f00000,0x00000028c4000000)]
  0x0000019a37d57000 JavaThread "Stdin handler" [_thread_blocked, id=5100, stack(0x00000028c4000000,0x00000028c4100000)]
  0x0000019a3736f000 JavaThread "Daemon client event forwarder" [_thread_blocked, id=6772, stack(0x00000028c4100000,0x00000028c4200000)]
  0x0000019a37369800 JavaThread "Cache worker for file hash cache (C:\Users\hsibin\.gradle\caches\7.0.2\fileHashes)" [_thread_blocked, id=6944, stack(0x00000028c4700000,0x00000028c4800000)]
  0x0000019a37370000 JavaThread "File lock request listener" [_thread_in_native, id=12912, stack(0x00000028c4800000,0x00000028c4900000)]
  0x0000019a3736a000 JavaThread "Cache worker for journal cache (C:\Users\hsibin\.gradle\caches\journal-1)" [_thread_blocked, id=6364, stack(0x00000028c4a00000,0x00000028c4b00000)]
  0x0000019a38a0f800 JavaThread "C2 CompilerThread1" daemon [_thread_blocked, id=4360, stack(0x00000028c3c00000,0x00000028c3d00000)]
  0x0000019a3736b000 JavaThread "Cache worker for file hash cache (C:\Users\hsibin\AndroidStudioProjects\stage2\.gradle\7.0.2\fileHashes)" [_thread_blocked, id=4412, stack(0x00000028c4b00000,0x00000028c4c00000)]
  0x0000019a3736d800 JavaThread "File watcher server" daemon [_thread_blocked, id=2772, stack(0x00000028c4c00000,0x00000028c4d00000)]
  0x0000019a3736e000 JavaThread "File watcher consumer" daemon [_thread_blocked, id=4104, stack(0x00000028c4d00000,0x00000028c4e00000)]
  0x0000019a3736b800 JavaThread "Cache worker for checksums cache (C:\Users\hsibin\AndroidStudioProjects\stage2\.gradle\checksums)" [_thread_blocked, id=5948, stack(0x00000028c4e00000,0x00000028c4f00000)]
  0x0000019a3736c800 JavaThread "Cache worker for cache directory md-supplier (C:\Users\hsibin\.gradle\caches\7.0.2\md-supplier)" [_thread_blocked, id=13212, stack(0x00000028c4f00000,0x00000028c5000000)]
  0x0000019a3ac97800 JavaThread "Cache worker for cache directory md-rule (C:\Users\hsibin\.gradle\caches\7.0.2\md-rule)" [_thread_blocked, id=3840, stack(0x00000028c5000000,0x00000028c5100000)]
  0x0000019a3ac96800 JavaThread "Cache worker for execution history cache (C:\Users\hsibin\.gradle\caches\7.0.2\executionHistory)" [_thread_blocked, id=6908, stack(0x00000028c5100000,0x00000028c5200000)]
  0x0000019a3ac92800 JavaThread "jar transforms" [_thread_blocked, id=2524, stack(0x00000028c5200000,0x00000028c5300000)]
  0x0000019a3ac95000 JavaThread "jar transforms Thread 2" [_thread_blocked, id=11796, stack(0x00000028c5300000,0x00000028c5400000)]
  0x0000019a3ac98000 JavaThread "Cache worker for file content cache (C:\Users\hsibin\.gradle\caches\7.0.2\fileContent)" [_thread_blocked, id=6572, stack(0x00000028c5400000,0x00000028c5500000)]
  0x0000019a3ac9a000 JavaThread "Cache worker for dependencies-accessors (C:\Users\hsibin\AndroidStudioProjects\stage2\.gradle\7.0.2\dependencies-accessors)" [_thread_blocked, id=4140, stack(0x00000028c5500000,0x00000028c5600000)]
  0x0000019a3ac94000 JavaThread "jar transforms Thread 3" [_thread_blocked, id=12416, stack(0x00000028c5600000,0x00000028c5700000)]
  0x0000019a3ac9b800 JavaThread "Cache worker for Build Output Cleanup Cache (C:\Users\hsibin\AndroidStudioProjects\stage2\.gradle\buildOutputCleanup)" [_thread_blocked, id=3304, stack(0x00000028c5700000,0x00000028c5800000)]
  0x0000019a3aca0800 JavaThread "Build operations" [_thread_blocked, id=6664, stack(0x00000028c5800000,0x00000028c5900000)]
  0x0000019a3ac9f000 JavaThread "Build operations Thread 2" [_thread_blocked, id=11664, stack(0x00000028c5900000,0x00000028c5a00000)]
  0x0000019a3ac9a800 JavaThread "Build operations Thread 3" [_thread_blocked, id=5668, stack(0x00000028c5a00000,0x00000028c5b00000)]
  0x0000019a3ac9e000 JavaThread "Build operations Thread 4" [_thread_blocked, id=6496, stack(0x00000028c5b00000,0x00000028c5c00000)]
  0x0000019a3ac9f800 JavaThread "Build operations Thread 5" [_thread_blocked, id=5364, stack(0x00000028c5c00000,0x00000028c5d00000)]
  0x0000019a3aca1000 JavaThread "Build operations Thread 6" [_thread_blocked, id=12216, stack(0x00000028c5d00000,0x00000028c5e00000)]
  0x0000019a3ac9c800 JavaThread "Build operations Thread 7" [_thread_blocked, id=11764, stack(0x00000028c5e00000,0x00000028c5f00000)]
  0x0000019a3ac9d000 JavaThread "Build operations Thread 8" [_thread_blocked, id=1676, stack(0x00000028c5f00000,0x00000028c6000000)]
  0x0000019a385a2800 JavaThread "jar transforms Thread 4" [_thread_blocked, id=8444, stack(0x00000028c6000000,0x00000028c6100000)]
  0x0000019a385a0000 JavaThread "jar transforms Thread 5" [_thread_blocked, id=12580, stack(0x00000028c6100000,0x00000028c6200000)]
  0x0000019a385a4800 JavaThread "jar transforms Thread 6" [_thread_blocked, id=12464, stack(0x00000028c6200000,0x00000028c6300000)]
  0x0000019a385a6800 JavaThread "jar transforms Thread 7" [_thread_blocked, id=12220, stack(0x00000028c6300000,0x00000028c6400000)]
  0x0000019a385a0800 JavaThread "jar transforms Thread 8" [_thread_blocked, id=11800, stack(0x00000028c6400000,0x00000028c6500000)]
  0x0000019a385a5800 JavaThread "Memory manager" [_thread_blocked, id=9068, stack(0x00000028c6500000,0x00000028c6600000)]
  0x0000019a385a1800 JavaThread "build event listener" [_thread_blocked, id=1532, stack(0x00000028c6600000,0x00000028c6700000)]
  0x0000019a385a3000 JavaThread "Execution worker for ':'" [_thread_blocked, id=5956, stack(0x00000028c6700000,0x00000028c6800000)]
  0x0000019a385a7000 JavaThread "Execution worker for ':' Thread 2" [_thread_blocked, id=13040, stack(0x00000028c6800000,0x00000028c6900000)]
  0x0000019a385a9800 JavaThread "Execution worker for ':' Thread 3" [_thread_blocked, id=10888, stack(0x00000028c6900000,0x00000028c6a00000)]
  0x0000019a385a9000 JavaThread "Execution worker for ':' Thread 4" [_thread_blocked, id=4984, stack(0x00000028c6a00000,0x00000028c6b00000)]
  0x0000019a385a8000 JavaThread "Execution worker for ':' Thread 5" [_thread_blocked, id=12196, stack(0x00000028c6b00000,0x00000028c6c00000)]
  0x0000019a385a4000 JavaThread "Execution worker for ':' Thread 6" [_thread_blocked, id=11712, stack(0x00000028c6c00000,0x00000028c6d00000)]
  0x0000019a385aa800 JavaThread "Execution worker for ':' Thread 7" [_thread_blocked, id=6448, stack(0x00000028c6d00000,0x00000028c6e00000)]
  0x0000019a385ab800 JavaThread "Cache worker for execution history cache (C:\Users\hsibin\AndroidStudioProjects\stage2\.gradle\7.0.2\executionHistory)" [_thread_blocked, id=11776, stack(0x00000028c6e00000,0x00000028c6f00000)]

Other Threads:
=>0x0000019a3504d800 VMThread "VM Thread" [stack: 0x00000028c2a00000,0x00000028c2b00000] [id=6296]
  0x0000019a359db000 WatcherThread [stack: 0x00000028c3400000,0x00000028c3500000] [id=6412]
  0x0000019a1ac07000 GCTaskThread "GC Thread#0" [stack: 0x00000028c2500000,0x00000028c2600000] [id=11520]
  0x0000019a36621000 GCTaskThread "GC Thread#1" [stack: 0x00000028c3600000,0x00000028c3700000] [id=2864]
  0x0000019a36623800 GCTaskThread "GC Thread#2" [stack: 0x00000028c3700000,0x00000028c3800000] [id=11640]
  0x0000019a37fa6800 GCTaskThread "GC Thread#3" [stack: 0x00000028c4200000,0x00000028c4300000] [id=632]
  0x0000019a36f90000 GCTaskThread "GC Thread#4" [stack: 0x00000028c4300000,0x00000028c4400000] [id=2504]
  0x0000019a37ad8000 GCTaskThread "GC Thread#5" [stack: 0x00000028c4400000,0x00000028c4500000] [id=10552]
  0x0000019a384fc800 GCTaskThread "GC Thread#6" [stack: 0x00000028c4500000,0x00000028c4600000] [id=9504]
  0x0000019a37bd4000 GCTaskThread "GC Thread#7" [stack: 0x00000028c4600000,0x00000028c4700000] [id=12092]
  0x0000019a1ac37800 ConcurrentGCThread "G1 Main Marker" [stack: 0x00000028c2600000,0x00000028c2700000] [id=10104]
  0x0000019a1ac39000 ConcurrentGCThread "G1 Conc#0" [stack: 0x00000028c2700000,0x00000028c2800000] [id=6804]
  0x0000019a38379000 ConcurrentGCThread "G1 Conc#1" [stack: 0x00000028c4900000,0x00000028c4a00000] [id=1816]
  0x0000019a34ea0800 ConcurrentGCThread "G1 Refine#0" [stack: 0x00000028c2800000,0x00000028c2900000] [id=4464]
  0x0000019a34ea1000 ConcurrentGCThread "G1 Young RemSet Sampling" [stack: 0x00000028c2900000,0x00000028c2a00000] [id=9276]

Threads with active compile tasks:
C2 CompilerThread0  18171 13671       4       com.android.tools.r8.internal.Le::a (1137 bytes)
C2 CompilerThread1  18171 13457       4       com.android.tools.r8.internal.W4::a (1165 bytes)

VM state:at safepoint (normal execution)

VM Mutex/Monitor currently owned by a thread:  ([mutex/lock_event])
[0x0000019a1abec4c0] Threads_lock - owner thread: 0x0000019a3504d800
[0x0000019a1abec700] Heap_lock - owner thread: 0x0000019a3ac9d000

Heap address: 0x0000000080000000, size: 2048 MB, Compressed Oops mode: 32-bit
Narrow klass base: 0x0000000000000000, Narrow klass shift: 3
Compressed class space size: 1073741824 Address: 0x0000000100000000

Heap:
 garbage-first heap   total 408576K, used 127319K [0x0000000080000000, 0x0000000100000000)
  region size 1024K, 14 young (14336K), 14 survivors (14336K)
 Metaspace       used 93609K, capacity 96366K, committed 97484K, reserved 1132544K
  class space    used 12236K, capacity 13271K, committed 13772K, reserved 1048576K
Heap Regions: E=young(eden), S=young(survivor), O=old, HS=humongous(starts), HC=humongous(continues), CS=collection set, F=free, A=archive, TAMS=top-at-mark-start (previous, next)
|   0|0x0000000080000000, 0x0000000080100000, 0x0000000080100000|100%| O|  |TAMS 0x0000000080100000, 0x0000000080000000| Untracked 
|   1|0x0000000080100000, 0x0000000080200000, 0x0000000080200000|100%| O|  |TAMS 0x0000000080200000, 0x0000000080100000| Untracked 
|   2|0x0000000080200000, 0x0000000080300000, 0x0000000080300000|100%| O|  |TAMS 0x0000000080300000, 0x0000000080200000| Untracked 
|   3|0x0000000080300000, 0x0000000080400000, 0x0000000080400000|100%|HS|  |TAMS 0x0000000080400000, 0x0000000080300000| Complete 
|   4|0x0000000080400000, 0x0000000080500000, 0x0000000080500000|100%|HC|  |TAMS 0x0000000080500000, 0x0000000080400000| Complete 
|   5|0x0000000080500000, 0x0000000080600000, 0x0000000080600000|100%|HC|  |TAMS 0x0000000080600000, 0x0000000080500000| Complete 
|   6|0x0000000080600000, 0x0000000080700000, 0x0000000080700000|100%| O|  |TAMS 0x0000000080700000, 0x0000000080600000| Untracked 
|   7|0x0000000080700000, 0x0000000080800000, 0x0000000080800000|100%| O|  |TAMS 0x0000000080800000, 0x0000000080700000| Untracked 
|   8|0x0000000080800000, 0x0000000080900000, 0x0000000080900000|100%| O|  |TAMS 0x0000000080900000, 0x0000000080800000| Untracked 
|   9|0x0000000080900000, 0x0000000080a00000, 0x0000000080a00000|100%| O|  |TAMS 0x0000000080a00000, 0x0000000080900000| Untracked 
|  10|0x0000000080a00000, 0x0000000080b00000, 0x0000000080b00000|100%| O|  |TAMS 0x0000000080b00000, 0x0000000080a00000| Untracked 
|  11|0x0000000080b00000, 0x0000000080c00000, 0x0000000080c00000|100%| O|  |TAMS 0x0000000080c00000, 0x0000000080b00000| Untracked 
|  12|0x0000000080c00000, 0x0000000080d00000, 0x0000000080d00000|100%| O|  |TAMS 0x0000000080d00000, 0x0000000080c00000| Untracked 
|  13|0x0000000080d00000, 0x0000000080e00000, 0x0000000080e00000|100%| O|  |TAMS 0x0000000080e00000, 0x0000000080d00000| Untracked 
|  14|0x0000000080e00000, 0x0000000080f00000, 0x0000000080f00000|100%| O|  |TAMS 0x0000000080f00000, 0x0000000080e00000| Untracked 
|  15|0x0000000080f00000, 0x0000000081000000, 0x0000000081000000|100%| O|  |TAMS 0x0000000081000000, 0x0000000080f00000| Untracked 
|  16|0x0000000081000000, 0x0000000081100000, 0x0000000081100000|100%| O|  |TAMS 0x0000000081100000, 0x0000000081000000| Untracked 
|  17|0x0000000081100000, 0x0000000081200000, 0x0000000081200000|100%|HS|  |TAMS 0x0000000081200000, 0x0000000081100000| Complete 
|  18|0x0000000081200000, 0x0000000081300000, 0x0000000081300000|100%| O|  |TAMS 0x0000000081300000, 0x0000000081200000| Untracked 
|  19|0x0000000081300000, 0x0000000081400000, 0x0000000081400000|100%| O|  |TAMS 0x0000000081400000, 0x0000000081300000| Untracked 
|  20|0x0000000081400000, 0x0000000081500000, 0x0000000081500000|100%| O|  |TAMS 0x0000000081500000, 0x0000000081400000| Untracked 
|  21|0x0000000081500000, 0x0000000081600000, 0x0000000081600000|100%| O|  |TAMS 0x0000000081600000, 0x0000000081500000| Untracked 
|  22|0x0000000081600000, 0x0000000081700000, 0x0000000081700000|100%| O|  |TAMS 0x0000000081700000, 0x0000000081600000| Untracked 
|  23|0x0000000081700000, 0x0000000081800000, 0x0000000081800000|100%| O|  |TAMS 0x0000000081800000, 0x0000000081700000| Untracked 
|  24|0x0000000081800000, 0x0000000081900000, 0x0000000081900000|100%| O|  |TAMS 0x0000000081900000, 0x0000000081800000| Untracked 
|  25|0x0000000081900000, 0x0000000081a00000, 0x0000000081a00000|100%| O|  |TAMS 0x0000000081a00000, 0x0000000081900000| Untracked 
|  26|0x0000000081a00000, 0x0000000081b00000, 0x0000000081b00000|100%| O|  |TAMS 0x0000000081b00000, 0x0000000081a00000| Untracked 
|  27|0x0000000081b00000, 0x0000000081c00000, 0x0000000081c00000|100%| O|  |TAMS 0x0000000081c00000, 0x0000000081b00000| Untracked 
|  28|0x0000000081c00000, 0x0000000081d00000, 0x0000000081d00000|100%|HS|  |TAMS 0x0000000081d00000, 0x0000000081c00000| Complete 
|  29|0x0000000081d00000, 0x0000000081e00000, 0x0000000081e00000|100%|HS|  |TAMS 0x0000000081e00000, 0x0000000081d00000| Complete 
|  30|0x0000000081e00000, 0x0000000081f00000, 0x0000000081f00000|100%|HC|  |TAMS 0x0000000081f00000, 0x0000000081e00000| Complete 
|  31|0x0000000081f00000, 0x0000000082000000, 0x0000000082000000|100%| O|  |TAMS 0x0000000082000000, 0x0000000081f00000| Untracked 
|  32|0x0000000082000000, 0x0000000082100000, 0x0000000082100000|100%| O|  |TAMS 0x0000000082100000, 0x0000000082000000| Untracked 
|  33|0x0000000082100000, 0x0000000082200000, 0x0000000082200000|100%| O|  |TAMS 0x0000000082200000, 0x0000000082100000| Untracked 
|  34|0x0000000082200000, 0x0000000082300000, 0x0000000082300000|100%| O|  |TAMS 0x0000000082300000, 0x0000000082200000| Untracked 
|  35|0x0000000082300000, 0x0000000082400000, 0x0000000082400000|100%| O|  |TAMS 0x0000000082400000, 0x0000000082300000| Untracked 
|  36|0x0000000082400000, 0x0000000082500000, 0x0000000082500000|100%| O|  |TAMS 0x0000000082500000, 0x0000000082400000| Untracked 
|  37|0x0000000082500000, 0x0000000082600000, 0x0000000082600000|100%| O|  |TAMS 0x0000000082600000, 0x0000000082500000| Untracked 
|  38|0x0000000082600000, 0x0000000082700000, 0x0000000082700000|100%| O|  |TAMS 0x0000000082700000, 0x0000000082600000| Untracked 
|  39|0x0000000082700000, 0x0000000082800000, 0x0000000082800000|100%| O|  |TAMS 0x0000000082800000, 0x0000000082700000| Untracked 
|  40|0x0000000082800000, 0x0000000082900000, 0x0000000082900000|100%| O|  |TAMS 0x0000000082900000, 0x0000000082800000| Untracked 
|  41|0x0000000082900000, 0x0000000082a00000, 0x0000000082a00000|100%| O|  |TAMS 0x0000000082a00000, 0x0000000082900000| Untracked 
|  42|0x0000000082a00000, 0x0000000082b00000, 0x0000000082b00000|100%| O|  |TAMS 0x0000000082b00000, 0x0000000082a00000| Untracked 
|  43|0x0000000082b00000, 0x0000000082c00000, 0x0000000082c00000|100%| O|  |TAMS 0x0000000082c00000, 0x0000000082b00000| Untracked 
|  44|0x0000000082c00000, 0x0000000082d00000, 0x0000000082d00000|100%| O|  |TAMS 0x0000000082d00000, 0x0000000082c00000| Untracked 
|  45|0x0000000082d00000, 0x0000000082e00000, 0x0000000082e00000|100%| O|  |TAMS 0x0000000082e00000, 0x0000000082d00000| Untracked 
|  46|0x0000000082e00000, 0x0000000082f00000, 0x0000000082f00000|100%| O|  |TAMS 0x0000000082f00000, 0x0000000082e00000| Untracked 
|  47|0x0000000082f00000, 0x0000000083000000, 0x0000000083000000|100%| O|  |TAMS 0x0000000083000000, 0x0000000082f00000| Untracked 
|  48|0x0000000083000000, 0x0000000083100000, 0x0000000083100000|100%| O|  |TAMS 0x0000000083100000, 0x0000000083000000| Untracked 
|  49|0x0000000083100000, 0x0000000083200000, 0x0000000083200000|100%| O|  |TAMS 0x0000000083200000, 0x0000000083100000| Untracked 
|  50|0x0000000083200000, 0x0000000083300000, 0x0000000083300000|100%| O|  |TAMS 0x0000000083300000, 0x0000000083200000| Untracked 
|  51|0x0000000083300000, 0x0000000083400000, 0x0000000083400000|100%| O|  |TAMS 0x0000000083400000, 0x0000000083300000| Untracked 
|  52|0x0000000083400000, 0x0000000083500000, 0x0000000083500000|100%| O|  |TAMS 0x0000000083500000, 0x0000000083400000| Untracked 
|  53|0x0000000083500000, 0x0000000083600000, 0x0000000083600000|100%| O|  |TAMS 0x0000000083600000, 0x0000000083500000| Untracked 
|  54|0x0000000083600000, 0x0000000083700000, 0x0000000083700000|100%| O|  |TAMS 0x0000000083700000, 0x0000000083600000| Untracked 
|  55|0x0000000083700000, 0x0000000083800000, 0x0000000083800000|100%| O|  |TAMS 0x0000000083800000, 0x0000000083700000| Untracked 
|  56|0x0000000083800000, 0x0000000083900000, 0x0000000083900000|100%| O|  |TAMS 0x0000000083900000, 0x0000000083800000| Untracked 
|  57|0x0000000083900000, 0x0000000083a00000, 0x0000000083a00000|100%| O|  |TAMS 0x0000000083a00000, 0x0000000083900000| Untracked 
|  58|0x0000000083a00000, 0x0000000083b00000, 0x0000000083b00000|100%| O|  |TAMS 0x0000000083b00000, 0x0000000083a00000| Untracked 
|  59|0x0000000083b00000, 0x0000000083c00000, 0x0000000083c00000|100%| O|  |TAMS 0x0000000083c00000, 0x0000000083b00000| Untracked 
|  60|0x0000000083c00000, 0x0000000083d00000, 0x0000000083d00000|100%| O|  |TAMS 0x0000000083d00000, 0x0000000083c00000| Untracked 
|  61|0x0000000083d00000, 0x0000000083e00000, 0x0000000083e00000|100%| O|  |TAMS 0x0000000083e00000, 0x0000000083d00000| Untracked 
|  62|0x0000000083e00000, 0x0000000083f00000, 0x0000000083f00000|100%| O|  |TAMS 0x0000000083f00000, 0x0000000083e00000| Untracked 
|  63|0x0000000083f00000, 0x0000000084000000, 0x0000000084000000|100%| O|  |TAMS 0x0000000084000000, 0x0000000083f00000| Untracked 
|  64|0x0000000084000000, 0x0000000084100000, 0x0000000084100000|100%| O|  |TAMS 0x0000000084100000, 0x0000000084000000| Untracked 
|  65|0x0000000084100000, 0x0000000084200000, 0x0000000084200000|100%| O|  |TAMS 0x0000000084200000, 0x0000000084100000| Untracked 
|  66|0x0000000084200000, 0x0000000084300000, 0x0000000084300000|100%| O|  |TAMS 0x0000000084300000, 0x0000000084200000| Untracked 
|  67|0x0000000084300000, 0x0000000084400000, 0x0000000084400000|100%| O|  |TAMS 0x0000000084400000, 0x0000000084300000| Untracked 
|  68|0x0000000084400000, 0x0000000084500000, 0x0000000084500000|100%| O|  |TAMS 0x0000000084500000, 0x0000000084400000| Untracked 
|  69|0x0000000084500000, 0x0000000084564800, 0x0000000084600000| 39%| O|  |TAMS 0x0000000084500000, 0x0000000084500000| Untracked 
|  70|0x0000000084600000, 0x0000000084700000, 0x0000000084700000|100%| O|  |TAMS 0x0000000084700000, 0x0000000084600000| Untracked 
|  71|0x0000000084700000, 0x0000000084800000, 0x0000000084800000|100%| O|  |TAMS 0x0000000084800000, 0x0000000084700000| Untracked 
|  72|0x0000000084800000, 0x0000000084900000, 0x0000000084900000|100%| O|  |TAMS 0x0000000084900000, 0x0000000084800000| Untracked 
|  73|0x0000000084900000, 0x0000000084a00000, 0x0000000084a00000|100%| O|  |TAMS 0x0000000084a00000, 0x0000000084900000| Untracked 
|  74|0x0000000084a00000, 0x0000000084b00000, 0x0000000084b00000|100%| O|  |TAMS 0x0000000084b00000, 0x0000000084a00000| Untracked 
|  75|0x0000000084b00000, 0x0000000084c00000, 0x0000000084c00000|100%| O|  |TAMS 0x0000000084c00000, 0x0000000084b00000| Untracked 
|  76|0x0000000084c00000, 0x0000000084d00000, 0x0000000084d00000|100%| O|  |TAMS 0x0000000084d00000, 0x0000000084c00000| Untracked 
|  77|0x0000000084d00000, 0x0000000084e00000, 0x0000000084e00000|100%| O|  |TAMS 0x0000000084e00000, 0x0000000084d00000| Untracked 
|  78|0x0000000084e00000, 0x0000000084f00000, 0x0000000084f00000|100%| O|  |TAMS 0x0000000084f00000, 0x0000000084e00000| Untracked 
|  79|0x0000000084f00000, 0x0000000085000000, 0x0000000085000000|100%| O|  |TAMS 0x0000000085000000, 0x0000000084f00000| Untracked 
|  80|0x0000000085000000, 0x0000000085100000, 0x0000000085100000|100%| O|  |TAMS 0x0000000085100000, 0x0000000085000000| Untracked 
|  81|0x0000000085100000, 0x0000000085200000, 0x0000000085200000|100%| O|  |TAMS 0x0000000085200000, 0x0000000085100000| Untracked 
|  82|0x0000000085200000, 0x0000000085300000, 0x0000000085300000|100%| O|  |TAMS 0x0000000085300000, 0x0000000085200000| Untracked 
|  83|0x0000000085300000, 0x0000000085400000, 0x0000000085400000|100%| O|  |TAMS 0x0000000085400000, 0x0000000085300000| Untracked 
|  84|0x0000000085400000, 0x0000000085500000, 0x0000000085500000|100%| O|  |TAMS 0x0000000085500000, 0x0000000085400000| Untracked 
|  85|0x0000000085500000, 0x0000000085600000, 0x0000000085600000|100%| O|  |TAMS 0x0000000085600000, 0x0000000085500000| Untracked 
|  86|0x0000000085600000, 0x0000000085700000, 0x0000000085700000|100%| O|  |TAMS 0x0000000085700000, 0x0000000085600000| Untracked 
|  87|0x0000000085700000, 0x0000000085800000, 0x0000000085800000|100%| O|  |TAMS 0x0000000085800000, 0x0000000085700000| Untracked 
|  88|0x0000000085800000, 0x0000000085900000, 0x0000000085900000|100%| O|  |TAMS 0x0000000085900000, 0x0000000085800000| Untracked 
|  89|0x0000000085900000, 0x0000000085a00000, 0x0000000085a00000|100%| O|  |TAMS 0x0000000085a00000, 0x0000000085900000| Untracked 
|  90|0x0000000085a00000, 0x0000000085b00000, 0x0000000085b00000|100%| O|  |TAMS 0x0000000085b00000, 0x0000000085a00000| Untracked 
|  91|0x0000000085b00000, 0x0000000085c00000, 0x0000000085c00000|100%| O|  |TAMS 0x0000000085c00000, 0x0000000085b00000| Untracked 
|  92|0x0000000085c00000, 0x0000000085d00000, 0x0000000085d00000|100%| O|  |TAMS 0x0000000085d00000, 0x0000000085c00000| Untracked 
|  93|0x0000000085d00000, 0x0000000085e00000, 0x0000000085e00000|100%| O|  |TAMS 0x0000000085e00000, 0x0000000085d00000| Untracked 
|  94|0x0000000085e00000, 0x0000000085f00000, 0x0000000085f00000|100%| O|  |TAMS 0x0000000085f00000, 0x0000000085e00000| Untracked 
|  95|0x0000000085f00000, 0x0000000085f00000, 0x0000000086000000|  0%| F|  |TAMS 0x0000000085f00000, 0x0000000085f00000| Untracked 
|  96|0x0000000086000000, 0x0000000086100000, 0x0000000086100000|100%| O|  |TAMS 0x0000000086100000, 0x0000000086000000| Untracked 
|  97|0x0000000086100000, 0x0000000086200000, 0x0000000086200000|100%| O|  |TAMS 0x0000000086200000, 0x0000000086100000| Untracked 
|  98|0x0000000086200000, 0x0000000086300000, 0x0000000086300000|100%| O|  |TAMS 0x0000000086300000, 0x0000000086200000| Untracked 
|  99|0x0000000086300000, 0x0000000086400000, 0x0000000086400000|100%| O|  |TAMS 0x0000000086400000, 0x0000000086300000| Untracked 
| 100|0x0000000086400000, 0x0000000086500000, 0x0000000086500000|100%| O|  |TAMS 0x0000000086500000, 0x0000000086400000| Untracked 
| 101|0x0000000086500000, 0x0000000086600000, 0x0000000086600000|100%| O|  |TAMS 0x0000000086600000, 0x0000000086500000| Untracked 
| 102|0x0000000086600000, 0x0000000086700000, 0x0000000086700000|100%| O|  |TAMS 0x0000000086700000, 0x0000000086600000| Untracked 
| 103|0x0000000086700000, 0x0000000086800000, 0x0000000086800000|100%| O|  |TAMS 0x0000000086800000, 0x0000000086700000| Untracked 
| 104|0x0000000086800000, 0x0000000086900000, 0x0000000086900000|100%| O|  |TAMS 0x00000000868a9200, 0x0000000086800000| Untracked 
| 105|0x0000000086900000, 0x0000000086a00000, 0x0000000086a00000|100%| O|  |TAMS 0x0000000086a00000, 0x0000000086900000| Untracked 
| 106|0x0000000086a00000, 0x0000000086b00000, 0x0000000086b00000|100%| O|  |TAMS 0x0000000086b00000, 0x0000000086a00000| Untracked 
| 107|0x0000000086b00000, 0x0000000086c00000, 0x0000000086c00000|100%| O|  |TAMS 0x0000000086c00000, 0x0000000086b00000| Untracked 
| 108|0x0000000086c00000, 0x0000000086d00000, 0x0000000086d00000|100%| O|  |TAMS 0x0000000086d00000, 0x0000000086c00000| Untracked 
| 109|0x0000000086d00000, 0x0000000086e00000, 0x0000000086e00000|100%| O|  |TAMS 0x0000000086e00000, 0x0000000086d00000| Untracked 
| 110|0x0000000086e00000, 0x0000000086f00000, 0x0000000086f00000|100%| O|  |TAMS 0x0000000086f00000, 0x0000000086e00000| Untracked 
| 111|0x0000000086f00000, 0x0000000087000000, 0x0000000087000000|100%| O|  |TAMS 0x0000000087000000, 0x0000000086f00000| Untracked 
| 112|0x0000000087000000, 0x0000000087000000, 0x0000000087100000|  0%| F|  |TAMS 0x0000000087000000, 0x0000000087000000| Untracked 
| 113|0x0000000087100000, 0x0000000087100000, 0x0000000087200000|  0%| F|  |TAMS 0x0000000087100000, 0x0000000087100000| Untracked 
| 114|0x0000000087200000, 0x0000000087200000, 0x0000000087300000|  0%| F|  |TAMS 0x0000000087200000, 0x0000000087200000| Untracked 
| 115|0x0000000087300000, 0x0000000087300000, 0x0000000087400000|  0%| F|  |TAMS 0x0000000087300000, 0x0000000087300000| Untracked 
| 116|0x0000000087400000, 0x0000000087400000, 0x0000000087500000|  0%| F|  |TAMS 0x0000000087400000, 0x0000000087400000| Untracked 
| 117|0x0000000087500000, 0x0000000087500000, 0x0000000087600000|  0%| F|  |TAMS 0x0000000087500000, 0x0000000087500000| Untracked 
| 118|0x0000000087600000, 0x0000000087600000, 0x0000000087700000|  0%| F|  |TAMS 0x0000000087600000, 0x0000000087600000| Untracked 
| 119|0x0000000087700000, 0x0000000087700000, 0x0000000087800000|  0%| F|  |TAMS 0x0000000087700000, 0x0000000087700000| Untracked 
| 120|0x0000000087800000, 0x0000000087800000, 0x0000000087900000|  0%| F|  |TAMS 0x0000000087800000, 0x0000000087800000| Untracked 
| 121|0x0000000087900000, 0x0000000087900000, 0x0000000087a00000|  0%| F|  |TAMS 0x0000000087900000, 0x0000000087900000| Untracked 
| 122|0x0000000087a00000, 0x0000000087a00000, 0x0000000087b00000|  0%| F|  |TAMS 0x0000000087a00000, 0x0000000087a00000| Untracked 
| 123|0x0000000087b00000, 0x0000000087b00000, 0x0000000087c00000|  0%| F|  |TAMS 0x0000000087b00000, 0x0000000087b00000| Untracked 
| 124|0x0000000087c00000, 0x0000000087c00000, 0x0000000087d00000|  0%| F|  |TAMS 0x0000000087c00000, 0x0000000087c00000| Untracked 
| 125|0x0000000087d00000, 0x0000000087d00000, 0x0000000087e00000|  0%| F|  |TAMS 0x0000000087d00000, 0x0000000087d00000| Untracked 
| 126|0x0000000087e00000, 0x0000000087e00000, 0x0000000087f00000|  0%| F|  |TAMS 0x0000000087e00000, 0x0000000087e00000| Untracked 
| 127|0x0000000087f00000, 0x0000000087f00000, 0x0000000088000000|  0%| F|  |TAMS 0x0000000087f00000, 0x0000000087f00000| Untracked 
| 128|0x0000000088000000, 0x0000000088000000, 0x0000000088100000|  0%| F|  |TAMS 0x0000000088000000, 0x0000000088000000| Untracked 
| 129|0x0000000088100000, 0x0000000088100000, 0x0000000088200000|  0%| F|  |TAMS 0x0000000088100000, 0x0000000088100000| Untracked 
| 130|0x0000000088200000, 0x0000000088200000, 0x0000000088300000|  0%| F|  |TAMS 0x0000000088200000, 0x0000000088200000| Untracked 
| 131|0x0000000088300000, 0x0000000088300000, 0x0000000088400000|  0%| F|  |TAMS 0x0000000088300000, 0x0000000088300000| Untracked 
| 132|0x0000000088400000, 0x0000000088400000, 0x0000000088500000|  0%| F|  |TAMS 0x0000000088400000, 0x0000000088400000| Untracked 
| 133|0x0000000088500000, 0x0000000088500000, 0x0000000088600000|  0%| F|  |TAMS 0x0000000088500000, 0x0000000088500000| Untracked 
| 134|0x0000000088600000, 0x0000000088600000, 0x0000000088700000|  0%| F|  |TAMS 0x0000000088600000, 0x0000000088600000| Untracked 
| 135|0x0000000088700000, 0x0000000088700000, 0x0000000088800000|  0%| F|  |TAMS 0x0000000088700000, 0x0000000088700000| Untracked 
| 136|0x0000000088800000, 0x0000000088800000, 0x0000000088900000|  0%| F|  |TAMS 0x0000000088800000, 0x0000000088800000| Untracked 
| 137|0x0000000088900000, 0x0000000088900000, 0x0000000088a00000|  0%| F|  |TAMS 0x0000000088900000, 0x0000000088900000| Untracked 
| 138|0x0000000088a00000, 0x0000000088a00000, 0x0000000088b00000|  0%| F|  |TAMS 0x0000000088a00000, 0x0000000088a00000| Untracked 
| 139|0x0000000088b00000, 0x0000000088b00000, 0x0000000088c00000|  0%| F|  |TAMS 0x0000000088b00000, 0x0000000088b00000| Untracked 
| 140|0x0000000088c00000, 0x0000000088c00000, 0x0000000088d00000|  0%| F|  |TAMS 0x0000000088c00000, 0x0000000088c00000| Untracked 
| 141|0x0000000088d00000, 0x0000000088d00000, 0x0000000088e00000|  0%| F|  |TAMS 0x0000000088d00000, 0x0000000088d00000| Untracked 
| 142|0x0000000088e00000, 0x0000000088e00000, 0x0000000088f00000|  0%| F|  |TAMS 0x0000000088e00000, 0x0000000088e00000| Untracked 
| 143|0x0000000088f00000, 0x0000000088f00000, 0x0000000089000000|  0%| F|  |TAMS 0x0000000088f00000, 0x0000000088f00000| Untracked 
| 144|0x0000000089000000, 0x0000000089000000, 0x0000000089100000|  0%| F|  |TAMS 0x0000000089000000, 0x0000000089000000| Untracked 
| 145|0x0000000089100000, 0x0000000089100000, 0x0000000089200000|  0%| F|  |TAMS 0x0000000089100000, 0x0000000089100000| Untracked 
| 146|0x0000000089200000, 0x0000000089200000, 0x0000000089300000|  0%| F|  |TAMS 0x0000000089200000, 0x0000000089200000| Untracked 
| 147|0x0000000089300000, 0x00000000893f14a0, 0x0000000089400000| 94%| S|CS|TAMS 0x0000000089300000, 0x0000000089300000| Complete 
| 148|0x0000000089400000, 0x0000000089500000, 0x0000000089500000|100%| S|CS|TAMS 0x0000000089400000, 0x0000000089400000| Complete 
| 149|0x0000000089500000, 0x0000000089600000, 0x0000000089600000|100%| S|CS|TAMS 0x0000000089500000, 0x0000000089500000| Complete 
| 150|0x0000000089600000, 0x0000000089700000, 0x0000000089700000|100%| S|CS|TAMS 0x0000000089600000, 0x0000000089600000| Complete 
| 151|0x0000000089700000, 0x0000000089800000, 0x0000000089800000|100%| S|CS|TAMS 0x0000000089700000, 0x0000000089700000| Complete 
| 152|0x0000000089800000, 0x0000000089900000, 0x0000000089900000|100%| S|CS|TAMS 0x0000000089800000, 0x0000000089800000| Complete 
| 153|0x0000000089900000, 0x0000000089a00000, 0x0000000089a00000|100%| S|CS|TAMS 0x0000000089900000, 0x0000000089900000| Complete 
| 154|0x0000000089a00000, 0x0000000089b00000, 0x0000000089b00000|100%| S|CS|TAMS 0x0000000089a00000, 0x0000000089a00000| Complete 
| 155|0x0000000089b00000, 0x0000000089b00000, 0x0000000089c00000|  0%| F|  |TAMS 0x0000000089b00000, 0x0000000089b00000| Untracked 
| 156|0x0000000089c00000, 0x0000000089c00000, 0x0000000089d00000|  0%| F|  |TAMS 0x0000000089c00000, 0x0000000089c00000| Untracked 
| 157|0x0000000089d00000, 0x0000000089d00000, 0x0000000089e00000|  0%| F|  |TAMS 0x0000000089d00000, 0x0000000089d00000| Untracked 
| 158|0x0000000089e00000, 0x0000000089e00000, 0x0000000089f00000|  0%| F|  |TAMS 0x0000000089e00000, 0x0000000089e00000| Untracked 
| 159|0x0000000089f00000, 0x0000000089f00000, 0x000000008a000000|  0%| F|  |TAMS 0x0000000089f00000, 0x0000000089f00000| Untracked 
| 160|0x000000008a000000, 0x000000008a000000, 0x000000008a100000|  0%| F|  |TAMS 0x000000008a000000, 0x000000008a000000| Untracked 
| 161|0x000000008a100000, 0x000000008a200000, 0x000000008a200000|100%| S|CS|TAMS 0x000000008a100000, 0x000000008a100000| Complete 
| 162|0x000000008a200000, 0x000000008a300000, 0x000000008a300000|100%| S|CS|TAMS 0x000000008a200000, 0x000000008a200000| Complete 
| 163|0x000000008a300000, 0x000000008a400000, 0x000000008a400000|100%| S|CS|TAMS 0x000000008a300000, 0x000000008a300000| Complete 
| 164|0x000000008a400000, 0x000000008a500000, 0x000000008a500000|100%| S|CS|TAMS 0x000000008a400000, 0x000000008a400000| Complete 
| 165|0x000000008a500000, 0x000000008a600000, 0x000000008a600000|100%| S|CS|TAMS 0x000000008a500000, 0x000000008a500000| Complete 
| 166|0x000000008a600000, 0x000000008a700000, 0x000000008a700000|100%| S|CS|TAMS 0x000000008a600000, 0x000000008a600000| Complete 
| 167|0x000000008a700000, 0x000000008a700000, 0x000000008a800000|  0%| F|  |TAMS 0x000000008a700000, 0x000000008a700000| Untracked 
| 168|0x000000008a800000, 0x000000008a800000, 0x000000008a900000|  0%| F|  |TAMS 0x000000008a800000, 0x000000008a800000| Untracked 
| 169|0x000000008a900000, 0x000000008a900000, 0x000000008aa00000|  0%| F|  |TAMS 0x000000008a900000, 0x000000008a900000| Untracked 
| 170|0x000000008aa00000, 0x000000008aa00000, 0x000000008ab00000|  0%| F|  |TAMS 0x000000008aa00000, 0x000000008aa00000| Untracked 
| 171|0x000000008ab00000, 0x000000008ab00000, 0x000000008ac00000|  0%| F|  |TAMS 0x000000008ab00000, 0x000000008ab00000| Untracked 
| 172|0x000000008ac00000, 0x000000008ac00000, 0x000000008ad00000|  0%| F|  |TAMS 0x000000008ac00000, 0x000000008ac00000| Untracked 
| 173|0x000000008ad00000, 0x000000008ad00000, 0x000000008ae00000|  0%| F|  |TAMS 0x000000008ad00000, 0x000000008ad00000| Untracked 
| 174|0x000000008ae00000, 0x000000008ae00000, 0x000000008af00000|  0%| F|  |TAMS 0x000000008ae00000, 0x000000008ae00000| Untracked 
| 175|0x000000008af00000, 0x000000008af00000, 0x000000008b000000|  0%| F|  |TAMS 0x000000008af00000, 0x000000008af00000| Untracked 
| 176|0x000000008b000000, 0x000000008b000000, 0x000000008b100000|  0%| F|  |TAMS 0x000000008b000000, 0x000000008b000000| Untracked 
| 177|0x000000008b100000, 0x000000008b100000, 0x000000008b200000|  0%| F|  |TAMS 0x000000008b100000, 0x000000008b100000| Untracked 
| 178|0x000000008b200000, 0x000000008b200000, 0x000000008b300000|  0%| F|  |TAMS 0x000000008b200000, 0x000000008b200000| Untracked 
| 179|0x000000008b300000, 0x000000008b300000, 0x000000008b400000|  0%| F|  |TAMS 0x000000008b300000, 0x000000008b300000| Untracked 
| 180|0x000000008b400000, 0x000000008b400000, 0x000000008b500000|  0%| F|  |TAMS 0x000000008b400000, 0x000000008b400000| Untracked 
| 181|0x000000008b500000, 0x000000008b500000, 0x000000008b600000|  0%| F|  |TAMS 0x000000008b500000, 0x000000008b500000| Untracked 
| 182|0x000000008b600000, 0x000000008b600000, 0x000000008b700000|  0%| F|  |TAMS 0x000000008b600000, 0x000000008b600000| Untracked 
| 183|0x000000008b700000, 0x000000008b700000, 0x000000008b800000|  0%| F|  |TAMS 0x000000008b700000, 0x000000008b700000| Untracked 
| 184|0x000000008b800000, 0x000000008b800000, 0x000000008b900000|  0%| F|  |TAMS 0x000000008b800000, 0x000000008b800000| Untracked 
| 185|0x000000008b900000, 0x000000008b900000, 0x000000008ba00000|  0%| F|  |TAMS 0x000000008b900000, 0x000000008b900000| Untracked 
| 186|0x000000008ba00000, 0x000000008ba00000, 0x000000008bb00000|  0%| F|  |TAMS 0x000000008ba00000, 0x000000008ba00000| Untracked 
| 187|0x000000008bb00000, 0x000000008bb00000, 0x000000008bc00000|  0%| F|  |TAMS 0x000000008bb00000, 0x000000008bb00000| Untracked 
| 188|0x000000008bc00000, 0x000000008bc00000, 0x000000008bd00000|  0%| F|  |TAMS 0x000000008bc00000, 0x000000008bc00000| Untracked 
| 189|0x000000008bd00000, 0x000000008bd00000, 0x000000008be00000|  0%| F|  |TAMS 0x000000008bd00000, 0x000000008bd00000| Untracked 
| 190|0x000000008be00000, 0x000000008be00000, 0x000000008bf00000|  0%| F|  |TAMS 0x000000008be00000, 0x000000008be00000| Untracked 
| 191|0x000000008bf00000, 0x000000008bf00000, 0x000000008c000000|  0%| F|  |TAMS 0x000000008bf00000, 0x000000008bf00000| Untracked 
| 192|0x000000008c000000, 0x000000008c000000, 0x000000008c100000|  0%| F|  |TAMS 0x000000008c000000, 0x000000008c000000| Untracked 
| 193|0x000000008c100000, 0x000000008c100000, 0x000000008c200000|  0%| F|  |TAMS 0x000000008c100000, 0x000000008c100000| Untracked 
| 194|0x000000008c200000, 0x000000008c200000, 0x000000008c300000|  0%| F|  |TAMS 0x000000008c200000, 0x000000008c200000| Untracked 
| 195|0x000000008c300000, 0x000000008c300000, 0x000000008c400000|  0%| F|  |TAMS 0x000000008c300000, 0x000000008c300000| Untracked 
| 196|0x000000008c400000, 0x000000008c400000, 0x000000008c500000|  0%| F|  |TAMS 0x000000008c400000, 0x000000008c400000| Untracked 
| 197|0x000000008c500000, 0x000000008c500000, 0x000000008c600000|  0%| F|  |TAMS 0x000000008c500000, 0x000000008c500000| Untracked 
| 198|0x000000008c600000, 0x000000008c600000, 0x000000008c700000|  0%| F|  |TAMS 0x000000008c600000, 0x000000008c600000| Untracked 
| 199|0x000000008c700000, 0x000000008c700000, 0x000000008c800000|  0%| F|  |TAMS 0x000000008c700000, 0x000000008c700000| Untracked 
| 200|0x000000008c800000, 0x000000008c800000, 0x000000008c900000|  0%| F|  |TAMS 0x000000008c800000, 0x000000008c800000| Untracked 
| 201|0x000000008c900000, 0x000000008c900000, 0x000000008ca00000|  0%| F|  |TAMS 0x000000008c900000, 0x000000008c900000| Untracked 
| 202|0x000000008ca00000, 0x000000008ca00000, 0x000000008cb00000|  0%| F|  |TAMS 0x000000008ca00000, 0x000000008ca00000| Untracked 
| 203|0x000000008cb00000, 0x000000008cb00000, 0x000000008cc00000|  0%| F|  |TAMS 0x000000008cb00000, 0x000000008cb00000| Untracked 
| 204|0x000000008cc00000, 0x000000008cc00000, 0x000000008cd00000|  0%| F|  |TAMS 0x000000008cc00000, 0x000000008cc00000| Untracked 
| 205|0x000000008cd00000, 0x000000008cd00000, 0x000000008ce00000|  0%| F|  |TAMS 0x000000008cd00000, 0x000000008cd00000| Untracked 
| 206|0x000000008ce00000, 0x000000008ce00000, 0x000000008cf00000|  0%| F|  |TAMS 0x000000008ce00000, 0x000000008ce00000| Untracked 
| 207|0x000000008cf00000, 0x000000008cf00000, 0x000000008d000000|  0%| F|  |TAMS 0x000000008cf00000, 0x000000008cf00000| Untracked 
| 208|0x000000008d000000, 0x000000008d000000, 0x000000008d100000|  0%| F|  |TAMS 0x000000008d000000, 0x000000008d000000| Untracked 
| 209|0x000000008d100000, 0x000000008d100000, 0x000000008d200000|  0%| F|  |TAMS 0x000000008d100000, 0x000000008d100000| Untracked 
| 210|0x000000008d200000, 0x000000008d200000, 0x000000008d300000|  0%| F|  |TAMS 0x000000008d200000, 0x000000008d200000| Untracked 
| 211|0x000000008d300000, 0x000000008d300000, 0x000000008d400000|  0%| F|  |TAMS 0x000000008d300000, 0x000000008d300000| Untracked 
| 212|0x000000008d400000, 0x000000008d400000, 0x000000008d500000|  0%| F|  |TAMS 0x000000008d400000, 0x000000008d400000| Untracked 
| 213|0x000000008d500000, 0x000000008d500000, 0x000000008d600000|  0%| F|  |TAMS 0x000000008d500000, 0x000000008d500000| Untracked 
| 214|0x000000008d600000, 0x000000008d600000, 0x000000008d700000|  0%| F|  |TAMS 0x000000008d600000, 0x000000008d600000| Untracked 
| 215|0x000000008d700000, 0x000000008d700000, 0x000000008d800000|  0%| F|  |TAMS 0x000000008d700000, 0x000000008d700000| Untracked 
| 216|0x000000008d800000, 0x000000008d800000, 0x000000008d900000|  0%| F|  |TAMS 0x000000008d800000, 0x000000008d800000| Untracked 
| 217|0x000000008d900000, 0x000000008d900000, 0x000000008da00000|  0%| F|  |TAMS 0x000000008d900000, 0x000000008d900000| Untracked 
| 218|0x000000008da00000, 0x000000008da00000, 0x000000008db00000|  0%| F|  |TAMS 0x000000008da00000, 0x000000008da00000| Untracked 
| 219|0x000000008db00000, 0x000000008db00000, 0x000000008dc00000|  0%| F|  |TAMS 0x000000008db00000, 0x000000008db00000| Untracked 
| 220|0x000000008dc00000, 0x000000008dc00000, 0x000000008dd00000|  0%| F|  |TAMS 0x000000008dc00000, 0x000000008dc00000| Untracked 
| 221|0x000000008dd00000, 0x000000008dd00000, 0x000000008de00000|  0%| F|  |TAMS 0x000000008dd00000, 0x000000008dd00000| Untracked 
| 222|0x000000008de00000, 0x000000008de00000, 0x000000008df00000|  0%| F|  |TAMS 0x000000008de00000, 0x000000008de00000| Untracked 
| 223|0x000000008df00000, 0x000000008df00000, 0x000000008e000000|  0%| F|  |TAMS 0x000000008df00000, 0x000000008df00000| Untracked 
| 224|0x000000008e000000, 0x000000008e000000, 0x000000008e100000|  0%| F|  |TAMS 0x000000008e000000, 0x000000008e000000| Untracked 
| 225|0x000000008e100000, 0x000000008e100000, 0x000000008e200000|  0%| F|  |TAMS 0x000000008e100000, 0x000000008e100000| Untracked 
| 226|0x000000008e200000, 0x000000008e200000, 0x000000008e300000|  0%| F|  |TAMS 0x000000008e200000, 0x000000008e200000| Untracked 
| 227|0x000000008e300000, 0x000000008e300000, 0x000000008e400000|  0%| F|  |TAMS 0x000000008e300000, 0x000000008e300000| Untracked 
| 228|0x000000008e400000, 0x000000008e400000, 0x000000008e500000|  0%| F|  |TAMS 0x000000008e400000, 0x000000008e400000| Untracked 
| 229|0x000000008e500000, 0x000000008e500000, 0x000000008e600000|  0%| F|  |TAMS 0x000000008e500000, 0x000000008e500000| Untracked 
| 230|0x000000008e600000, 0x000000008e600000, 0x000000008e700000|  0%| F|  |TAMS 0x000000008e600000, 0x000000008e600000| Untracked 
| 231|0x000000008e700000, 0x000000008e700000, 0x000000008e800000|  0%| F|  |TAMS 0x000000008e700000, 0x000000008e700000| Untracked 
| 232|0x000000008e800000, 0x000000008e800000, 0x000000008e900000|  0%| F|  |TAMS 0x000000008e800000, 0x000000008e800000| Untracked 
| 233|0x000000008e900000, 0x000000008e900000, 0x000000008ea00000|  0%| F|  |TAMS 0x000000008e900000, 0x000000008e900000| Untracked 
| 234|0x000000008ea00000, 0x000000008ea00000, 0x000000008eb00000|  0%| F|  |TAMS 0x000000008ea00000, 0x000000008ea00000| Untracked 
| 235|0x000000008eb00000, 0x000000008eb00000, 0x000000008ec00000|  0%| F|  |TAMS 0x000000008eb00000, 0x000000008eb00000| Untracked 
| 236|0x000000008ec00000, 0x000000008ec00000, 0x000000008ed00000|  0%| F|  |TAMS 0x000000008ec00000, 0x000000008ec00000| Untracked 
| 237|0x000000008ed00000, 0x000000008ed00000, 0x000000008ee00000|  0%| F|  |TAMS 0x000000008ed00000, 0x000000008ed00000| Untracked 
| 238|0x000000008ee00000, 0x000000008ee00000, 0x000000008ef00000|  0%| F|  |TAMS 0x000000008ee00000, 0x000000008ee00000| Untracked 
| 239|0x000000008ef00000, 0x000000008ef00000, 0x000000008f000000|  0%| F|  |TAMS 0x000000008ef00000, 0x000000008ef00000| Untracked 
| 240|0x000000008f000000, 0x000000008f000000, 0x000000008f100000|  0%| F|  |TAMS 0x000000008f000000, 0x000000008f000000| Untracked 
| 241|0x000000008f100000, 0x000000008f100000, 0x000000008f200000|  0%| F|  |TAMS 0x000000008f100000, 0x000000008f100000| Untracked 
| 242|0x000000008f200000, 0x000000008f200000, 0x000000008f300000|  0%| F|  |TAMS 0x000000008f200000, 0x000000008f200000| Untracked 
| 243|0x000000008f300000, 0x000000008f300000, 0x000000008f400000|  0%| F|  |TAMS 0x000000008f300000, 0x000000008f300000| Untracked 
| 244|0x000000008f400000, 0x000000008f400000, 0x000000008f500000|  0%| F|  |TAMS 0x000000008f400000, 0x000000008f400000| Untracked 
| 245|0x000000008f500000, 0x000000008f500000, 0x000000008f600000|  0%| F|  |TAMS 0x000000008f500000, 0x000000008f500000| Untracked 
| 246|0x000000008f600000, 0x000000008f600000, 0x000000008f700000|  0%| F|  |TAMS 0x000000008f600000, 0x000000008f600000| Untracked 
| 247|0x000000008f700000, 0x000000008f700000, 0x000000008f800000|  0%| F|  |TAMS 0x000000008f700000, 0x000000008f700000| Untracked 
| 248|0x000000008f800000, 0x000000008f800000, 0x000000008f900000|  0%| F|  |TAMS 0x000000008f800000, 0x000000008f800000| Untracked 
| 249|0x000000008f900000, 0x000000008f900000, 0x000000008fa00000|  0%| F|  |TAMS 0x000000008f900000, 0x000000008f900000| Untracked 
| 250|0x000000008fa00000, 0x000000008fa00000, 0x000000008fb00000|  0%| F|  |TAMS 0x000000008fa00000, 0x000000008fa00000| Untracked 
| 251|0x000000008fb00000, 0x000000008fb00000, 0x000000008fc00000|  0%| F|  |TAMS 0x000000008fb00000, 0x000000008fb00000| Untracked 
| 252|0x000000008fc00000, 0x000000008fc00000, 0x000000008fd00000|  0%| F|  |TAMS 0x000000008fc00000, 0x000000008fc00000| Untracked 
| 253|0x000000008fd00000, 0x000000008fd00000, 0x000000008fe00000|  0%| F|  |TAMS 0x000000008fd00000, 0x000000008fd00000| Untracked 
| 254|0x000000008fe00000, 0x000000008fe00000, 0x000000008ff00000|  0%| F|  |TAMS 0x000000008fe00000, 0x000000008fe00000| Untracked 
| 255|0x000000008ff00000, 0x000000008ff00000, 0x0000000090000000|  0%| F|  |TAMS 0x000000008ff00000, 0x000000008ff00000| Untracked 
| 256|0x0000000090000000, 0x0000000090000000, 0x0000000090100000|  0%| F|  |TAMS 0x0000000090000000, 0x0000000090000000| Untracked 
| 257|0x0000000090100000, 0x0000000090100000, 0x0000000090200000|  0%| F|  |TAMS 0x0000000090100000, 0x0000000090100000| Untracked 
| 258|0x0000000090200000, 0x0000000090200000, 0x0000000090300000|  0%| F|  |TAMS 0x0000000090200000, 0x0000000090200000| Untracked 
| 259|0x0000000090300000, 0x0000000090300000, 0x0000000090400000|  0%| F|  |TAMS 0x0000000090300000, 0x0000000090300000| Untracked 
| 260|0x0000000090400000, 0x0000000090400000, 0x0000000090500000|  0%| F|  |TAMS 0x0000000090400000, 0x0000000090400000| Untracked 
| 261|0x0000000090500000, 0x0000000090500000, 0x0000000090600000|  0%| F|  |TAMS 0x0000000090500000, 0x0000000090500000| Untracked 
| 262|0x0000000090600000, 0x0000000090600000, 0x0000000090700000|  0%| F|  |TAMS 0x0000000090600000, 0x0000000090600000| Untracked 
| 263|0x0000000090700000, 0x0000000090700000, 0x0000000090800000|  0%| F|  |TAMS 0x0000000090700000, 0x0000000090700000| Untracked 
| 264|0x0000000090800000, 0x0000000090800000, 0x0000000090900000|  0%| F|  |TAMS 0x0000000090800000, 0x0000000090800000| Untracked 
| 265|0x0000000090900000, 0x0000000090900000, 0x0000000090a00000|  0%| F|  |TAMS 0x0000000090900000, 0x0000000090900000| Untracked 
| 266|0x0000000090a00000, 0x0000000090a00000, 0x0000000090b00000|  0%| F|  |TAMS 0x0000000090a00000, 0x0000000090a00000| Untracked 
| 267|0x0000000090b00000, 0x0000000090b00000, 0x0000000090c00000|  0%| F|  |TAMS 0x0000000090b00000, 0x0000000090b00000| Untracked 
| 268|0x0000000090c00000, 0x0000000090c00000, 0x0000000090d00000|  0%| F|  |TAMS 0x0000000090c00000, 0x0000000090c00000| Untracked 
| 269|0x0000000090d00000, 0x0000000090d00000, 0x0000000090e00000|  0%| F|  |TAMS 0x0000000090d00000, 0x0000000090d00000| Untracked 
| 270|0x0000000090e00000, 0x0000000090e00000, 0x0000000090f00000|  0%| F|  |TAMS 0x0000000090e00000, 0x0000000090e00000| Untracked 
| 271|0x0000000090f00000, 0x0000000090f00000, 0x0000000091000000|  0%| F|  |TAMS 0x0000000090f00000, 0x0000000090f00000| Untracked 
| 272|0x0000000091000000, 0x0000000091000000, 0x0000000091100000|  0%| F|  |TAMS 0x0000000091000000, 0x0000000091000000| Untracked 
| 273|0x0000000091100000, 0x0000000091100000, 0x0000000091200000|  0%| F|  |TAMS 0x0000000091100000, 0x0000000091100000| Untracked 
| 274|0x0000000091200000, 0x0000000091200000, 0x0000000091300000|  0%| F|  |TAMS 0x0000000091200000, 0x0000000091200000| Untracked 
| 275|0x0000000091300000, 0x0000000091300000, 0x0000000091400000|  0%| F|  |TAMS 0x0000000091300000, 0x0000000091300000| Untracked 
| 276|0x0000000091400000, 0x0000000091400000, 0x0000000091500000|  0%| F|  |TAMS 0x0000000091400000, 0x0000000091400000| Untracked 
| 277|0x0000000091500000, 0x0000000091500000, 0x0000000091600000|  0%| F|  |TAMS 0x0000000091500000, 0x0000000091500000| Untracked 
| 278|0x0000000091600000, 0x0000000091600000, 0x0000000091700000|  0%| F|  |TAMS 0x0000000091600000, 0x0000000091600000| Untracked 
| 279|0x0000000091700000, 0x0000000091700000, 0x0000000091800000|  0%| F|  |TAMS 0x0000000091700000, 0x0000000091700000| Untracked 
| 280|0x0000000091800000, 0x0000000091800000, 0x0000000091900000|  0%| F|  |TAMS 0x0000000091800000, 0x0000000091800000| Untracked 
| 281|0x0000000091900000, 0x0000000091900000, 0x0000000091a00000|  0%| F|  |TAMS 0x0000000091900000, 0x0000000091900000| Untracked 
| 282|0x0000000091a00000, 0x0000000091a00000, 0x0000000091b00000|  0%| F|  |TAMS 0x0000000091a00000, 0x0000000091a00000| Untracked 
| 283|0x0000000091b00000, 0x0000000091b00000, 0x0000000091c00000|  0%| F|  |TAMS 0x0000000091b00000, 0x0000000091b00000| Untracked 
| 284|0x0000000091c00000, 0x0000000091c00000, 0x0000000091d00000|  0%| F|  |TAMS 0x0000000091c00000, 0x0000000091c00000| Untracked 
| 285|0x0000000091d00000, 0x0000000091d00000, 0x0000000091e00000|  0%| F|  |TAMS 0x0000000091d00000, 0x0000000091d00000| Untracked 
| 286|0x0000000091e00000, 0x0000000091e00000, 0x0000000091f00000|  0%| F|  |TAMS 0x0000000091e00000, 0x0000000091e00000| Untracked 
| 287|0x0000000091f00000, 0x0000000091f00000, 0x0000000092000000|  0%| F|  |TAMS 0x0000000091f00000, 0x0000000091f00000| Untracked 
| 288|0x0000000092000000, 0x0000000092000000, 0x0000000092100000|  0%| F|  |TAMS 0x0000000092000000, 0x0000000092000000| Untracked 
| 289|0x0000000092100000, 0x0000000092100000, 0x0000000092200000|  0%| F|  |TAMS 0x0000000092100000, 0x0000000092100000| Untracked 
| 290|0x0000000092200000, 0x0000000092200000, 0x0000000092300000|  0%| F|  |TAMS 0x0000000092200000, 0x0000000092200000| Untracked 
| 291|0x0000000092300000, 0x0000000092300000, 0x0000000092400000|  0%| F|  |TAMS 0x0000000092300000, 0x0000000092300000| Untracked 
| 292|0x0000000092400000, 0x0000000092400000, 0x0000000092500000|  0%| F|  |TAMS 0x0000000092400000, 0x0000000092400000| Untracked 
| 293|0x0000000092500000, 0x0000000092500000, 0x0000000092600000|  0%| F|  |TAMS 0x0000000092500000, 0x0000000092500000| Untracked 
| 294|0x0000000092600000, 0x0000000092600000, 0x0000000092700000|  0%| F|  |TAMS 0x0000000092600000, 0x0000000092600000| Untracked 
| 295|0x0000000092700000, 0x0000000092700000, 0x0000000092800000|  0%| F|  |TAMS 0x0000000092700000, 0x0000000092700000| Untracked 
| 296|0x0000000092800000, 0x0000000092800000, 0x0000000092900000|  0%| F|  |TAMS 0x0000000092800000, 0x0000000092800000| Untracked 
| 297|0x0000000092900000, 0x0000000092900000, 0x0000000092a00000|  0%| F|  |TAMS 0x0000000092900000, 0x0000000092900000| Untracked 
| 298|0x0000000092a00000, 0x0000000092a00000, 0x0000000092b00000|  0%| F|  |TAMS 0x0000000092a00000, 0x0000000092a00000| Untracked 
| 299|0x0000000092b00000, 0x0000000092b00000, 0x0000000092c00000|  0%| F|  |TAMS 0x0000000092b00000, 0x0000000092b00000| Untracked 
| 300|0x0000000092c00000, 0x0000000092c00000, 0x0000000092d00000|  0%| F|  |TAMS 0x0000000092c00000, 0x0000000092c00000| Untracked 
| 301|0x0000000092d00000, 0x0000000092d00000, 0x0000000092e00000|  0%| F|  |TAMS 0x0000000092d00000, 0x0000000092d00000| Untracked 
| 302|0x0000000092e00000, 0x0000000092e00000, 0x0000000092f00000|  0%| F|  |TAMS 0x0000000092e00000, 0x0000000092e00000| Untracked 
| 303|0x0000000092f00000, 0x0000000092f00000, 0x0000000093000000|  0%| F|  |TAMS 0x0000000092f00000, 0x0000000092f00000| Untracked 
| 304|0x0000000093000000, 0x0000000093000000, 0x0000000093100000|  0%| F|  |TAMS 0x0000000093000000, 0x0000000093000000| Untracked 
| 305|0x0000000093100000, 0x0000000093100000, 0x0000000093200000|  0%| F|  |TAMS 0x0000000093100000, 0x0000000093100000| Untracked 
| 306|0x0000000093200000, 0x0000000093200000, 0x0000000093300000|  0%| F|  |TAMS 0x0000000093200000, 0x0000000093200000| Untracked 
| 307|0x0000000093300000, 0x0000000093300000, 0x0000000093400000|  0%| F|  |TAMS 0x0000000093300000, 0x0000000093300000| Untracked 
| 308|0x0000000093400000, 0x0000000093400000, 0x0000000093500000|  0%| F|  |TAMS 0x0000000093400000, 0x0000000093400000| Untracked 
| 309|0x0000000093500000, 0x0000000093500000, 0x0000000093600000|  0%| F|  |TAMS 0x0000000093500000, 0x0000000093500000| Untracked 
| 310|0x0000000093600000, 0x0000000093600000, 0x0000000093700000|  0%| F|  |TAMS 0x0000000093600000, 0x0000000093600000| Untracked 
| 311|0x0000000093700000, 0x0000000093700000, 0x0000000093800000|  0%| F|  |TAMS 0x0000000093700000, 0x0000000093700000| Untracked 
| 312|0x0000000093800000, 0x0000000093800000, 0x0000000093900000|  0%| F|  |TAMS 0x0000000093800000, 0x0000000093800000| Untracked 
| 313|0x0000000093900000, 0x0000000093900000, 0x0000000093a00000|  0%| F|  |TAMS 0x0000000093900000, 0x0000000093900000| Untracked 
| 314|0x0000000093a00000, 0x0000000093a00000, 0x0000000093b00000|  0%| F|  |TAMS 0x0000000093a00000, 0x0000000093a00000| Untracked 
| 315|0x0000000093b00000, 0x0000000093b00000, 0x0000000093c00000|  0%| F|  |TAMS 0x0000000093b00000, 0x0000000093b00000| Untracked 
| 316|0x0000000093c00000, 0x0000000093c00000, 0x0000000093d00000|  0%| F|  |TAMS 0x0000000093c00000, 0x0000000093c00000| Untracked 
| 317|0x0000000093d00000, 0x0000000093d00000, 0x0000000093e00000|  0%| F|  |TAMS 0x0000000093d00000, 0x0000000093d00000| Untracked 
| 318|0x0000000093e00000, 0x0000000093e00000, 0x0000000093f00000|  0%| F|  |TAMS 0x0000000093e00000, 0x0000000093e00000| Untracked 
| 319|0x0000000093f00000, 0x0000000093f00000, 0x0000000094000000|  0%| F|  |TAMS 0x0000000093f00000, 0x0000000093f00000| Untracked 
| 320|0x0000000094000000, 0x0000000094000000, 0x0000000094100000|  0%| F|  |TAMS 0x0000000094000000, 0x0000000094000000| Untracked 

Card table byte_map: [0x0000019a2de00000,0x0000019a2e200000] _byte_map_base: 0x0000019a2da00000

Marking Bits (Prev, Next): (CMBitMap*) 0x0000019a1ac2ecf8, (CMBitMap*) 0x0000019a1ac2ed30
 Prev Bits: [0x0000019a2e600000, 0x0000019a30600000)
 Next Bits: [0x0000019a30600000, 0x0000019a32600000)

Polling page: 0x0000019a18d70000

Metaspace:

Usage:
  Non-class:     81.15 MB capacity,    79.47 MB ( 98%) used,     1.38 MB (  2%) free+waste,   307.75 KB ( <1%) overhead. 
      Class:     12.96 MB capacity,    11.95 MB ( 92%) used,   896.08 KB (  7%) free+waste,   138.81 KB (  1%) overhead. 
       Both:     94.11 MB capacity,    91.42 MB ( 97%) used,     2.26 MB (  2%) free+waste,   446.56 KB ( <1%) overhead. 

Virtual space:
  Non-class space:       82.00 MB reserved,      81.75 MB (>99%) committed 
      Class space:        1.00 GB reserved,      13.45 MB (  1%) committed 
             Both:        1.08 GB reserved,      95.20 MB (  9%) committed 

Chunk freelists:
   Non-Class:  553.00 KB
       Class:  457.00 KB
        Both:  1010.00 KB

MaxMetaspaceSize: 17179869184.00 GB
CompressedClassSpaceSize: 1.00 GB

CodeHeap 'non-profiled nmethods': size=120000Kb used=5981Kb max_used=5981Kb free=114018Kb
 bounds [0x0000019a261a0000, 0x0000019a26780000, 0x0000019a2d6d0000]
CodeHeap 'profiled nmethods': size=120000Kb used=32064Kb max_used=32064Kb free=87935Kb
 bounds [0x0000019a1ec70000, 0x0000019a20bd0000, 0x0000019a261a0000]
CodeHeap 'non-nmethods': size=5760Kb used=2303Kb max_used=2364Kb free=3456Kb
 bounds [0x0000019a1e6d0000, 0x0000019a1e940000, 0x0000019a1ec70000]
 total_blobs=14390 nmethods=13489 adapters=810
 compilation: enabled
              stopped_count=0, restarted_count=0
 full_count=0

Compilation events (20 events):
Event: 18.109 Thread 0x0000019a35931800 14326       2       com.android.tools.r8.graph.T::a (50 bytes)
Event: 18.109 Thread 0x0000019a35931800 nmethod 14326 0x0000019a20bbe710 code [0x0000019a20bbe900, 0x0000019a20bbec68]
Event: 18.115 Thread 0x0000019a35931800 14331       2       com.android.tools.r8.internal.B1::g2 (14 bytes)
Event: 18.116 Thread 0x0000019a35931800 nmethod 14331 0x0000019a20bbee10 code [0x0000019a20bbefc0, 0x0000019a20bbf128]
Event: 18.117 Thread 0x0000019a35931800 14332       2       com.android.tools.r8.graph.G0::a (20 bytes)
Event: 18.118 Thread 0x0000019a35931800 nmethod 14332 0x0000019a20bbf210 code [0x0000019a20bbf3c0, 0x0000019a20bbf548]
Event: 18.118 Thread 0x0000019a35931800 14333       2       com.android.tools.r8.internal.p4::<init> (15 bytes)
Event: 18.118 Thread 0x0000019a35931800 nmethod 14333 0x0000019a20bbf610 code [0x0000019a20bbf7c0, 0x0000019a20bbf8b8]
Event: 18.119 Thread 0x0000019a35931800 14334       2       com.android.tools.r8.internal.cj::b (27 bytes)
Event: 18.120 Thread 0x0000019a35931800 nmethod 14334 0x0000019a20bbf990 code [0x0000019a20bbfb60, 0x0000019a20bbfcf8]
Event: 18.122 Thread 0x0000019a35931800 14335       2       com.android.tools.r8.internal.yg::b (47 bytes)
Event: 18.122 Thread 0x0000019a35931800 nmethod 14335 0x0000019a20bbfe10 code [0x0000019a20bbffe0, 0x0000019a20bc0208]
Event: 18.127 Thread 0x0000019a35931800 14336       1       com.android.tools.r8.graph.Q::getType (5 bytes)
Event: 18.127 Thread 0x0000019a35931800 nmethod 14336 0x0000019a2676a390 code [0x0000019a2676a540, 0x0000019a2676a5f8]
Event: 18.127 Thread 0x0000019a35931800 14337       1       com.android.tools.r8.code.L0::a (5 bytes)
Event: 18.127 Thread 0x0000019a35931800 nmethod 14337 0x0000019a2676a690 code [0x0000019a2676a840, 0x0000019a2676a8d8]
Event: 18.127 Thread 0x0000019a35931800 14338       1       com.android.tools.r8.code.L0::b (5 bytes)
Event: 18.127 Thread 0x0000019a35931800 nmethod 14338 0x0000019a2676a990 code [0x0000019a2676ab40, 0x0000019a2676abd8]
Event: 18.127 Thread 0x0000019a35931800 14339       1       com.android.tools.r8.code.L0::c (5 bytes)
Event: 18.127 Thread 0x0000019a35931800 nmethod 14339 0x0000019a2676ac90 code [0x0000019a2676ae40, 0x0000019a2676aed8]

GC Heap History (20 events):
Event: 15.450 GC heap after
{Heap after GC invocations=32 (full 0):
 garbage-first heap   total 227328K, used 113248K [0x0000000080000000, 0x0000000100000000)
  region size 1024K, 1 young (1024K), 1 survivors (1024K)
 Metaspace       used 90661K, capacity 93257K, committed 95052K, reserved 1130496K
  class space    used 11976K, capacity 12975K, committed 13644K, reserved 1048576K
}
Event: 15.702 GC heap before
{Heap before GC invocations=32 (full 0):
 garbage-first heap   total 227328K, used 182880K [0x0000000080000000, 0x0000000100000000)
  region size 1024K, 69 young (70656K), 1 survivors (1024K)
 Metaspace       used 91083K, capacity 93666K, committed 95436K, reserved 1130496K
  class space    used 12031K, capacity 13049K, committed 13772K, reserved 1048576K
}
Event: 15.708 GC heap after
{Heap after GC invocations=33 (full 0):
 garbage-first heap   total 227328K, used 114259K [0x0000000080000000, 0x0000000100000000)
  region size 1024K, 2 young (2048K), 2 survivors (2048K)
 Metaspace       used 91083K, capacity 93666K, committed 95436K, reserved 1130496K
  class space    used 12031K, capacity 13049K, committed 13772K, reserved 1048576K
}
Event: 16.048 GC heap before
{Heap before GC invocations=33 (full 0):
 garbage-first heap   total 227328K, used 183891K [0x0000000080000000, 0x0000000100000000)
  region size 1024K, 71 young (72704K), 2 survivors (2048K)
 Metaspace       used 91856K, capacity 94469K, committed 95948K, reserved 1132544K
  class space    used 12120K, capacity 13145K, committed 13772K, reserved 1048576K
}
Event: 16.054 GC heap after
{Heap after GC invocations=34 (full 0):
 garbage-first heap   total 273408K, used 114423K [0x0000000080000000, 0x0000000100000000)
  region size 1024K, 3 young (3072K), 3 survivors (3072K)
 Metaspace       used 91856K, capacity 94469K, committed 95948K, reserved 1132544K
  class space    used 12120K, capacity 13145K, committed 13772K, reserved 1048576K
}
Event: 16.401 GC heap before
{Heap before GC invocations=35 (full 0):
 garbage-first heap   total 273408K, used 207607K [0x0000000080000000, 0x0000000100000000)
  region size 1024K, 94 young (96256K), 3 survivors (3072K)
 Metaspace       used 92404K, capacity 95135K, committed 96460K, reserved 1132544K
  class space    used 12217K, capacity 13261K, committed 13772K, reserved 1048576K
}
Event: 16.408 GC heap after
{Heap after GC invocations=36 (full 0):
 garbage-first heap   total 273408K, used 116953K [0x0000000080000000, 0x0000000100000000)
  region size 1024K, 5 young (5120K), 5 survivors (5120K)
 Metaspace       used 92404K, capacity 95135K, committed 96460K, reserved 1132544K
  class space    used 12217K, capacity 13261K, committed 13772K, reserved 1048576K
}
Event: 16.624 GC heap before
{Heap before GC invocations=36 (full 0):
 garbage-first heap   total 273408K, used 227545K [0x0000000080000000, 0x0000000100000000)
  region size 1024K, 113 young (115712K), 5 survivors (5120K)
 Metaspace       used 92488K, capacity 95201K, committed 96460K, reserved 1132544K
  class space    used 12217K, capacity 13261K, committed 13772K, reserved 1048576K
}
Event: 16.634 GC heap after
{Heap after GC invocations=37 (full 0):
 garbage-first heap   total 273408K, used 120093K [0x0000000080000000, 0x0000000100000000)
  region size 1024K, 8 young (8192K), 8 survivors (8192K)
 Metaspace       used 92488K, capacity 95201K, committed 96460K, reserved 1132544K
  class space    used 12217K, capacity 13261K, committed 13772K, reserved 1048576K
}
Event: 16.836 GC heap before
{Heap before GC invocations=37 (full 0):
 garbage-first heap   total 273408K, used 223517K [0x0000000080000000, 0x0000000100000000)
  region size 1024K, 109 young (111616K), 8 survivors (8192K)
 Metaspace       used 92616K, capacity 95340K, committed 96716K, reserved 1132544K
  class space    used 12219K, capacity 13261K, committed 13772K, reserved 1048576K
}
Event: 16.845 GC heap after
{Heap after GC invocations=38 (full 0):
 garbage-first heap   total 273408K, used 120210K [0x0000000080000000, 0x0000000100000000)
  region size 1024K, 7 young (7168K), 7 survivors (7168K)
 Metaspace       used 92616K, capacity 95340K, committed 96716K, reserved 1132544K
  class space    used 12219K, capacity 13261K, committed 13772K, reserved 1048576K
}
Event: 17.066 GC heap before
{Heap before GC invocations=38 (full 0):
 garbage-first heap   total 273408K, used 226706K [0x0000000080000000, 0x0000000100000000)
  region size 1024K, 111 young (113664K), 7 survivors (7168K)
 Metaspace       used 92830K, capacity 95553K, committed 96716K, reserved 1132544K
  class space    used 12220K, capacity 13262K, committed 13772K, reserved 1048576K
}
Event: 17.077 GC heap after
{Heap after GC invocations=39 (full 0):
 garbage-first heap   total 328704K, used 120860K [0x0000000080000000, 0x0000000100000000)
  region size 1024K, 8 young (8192K), 8 survivors (8192K)
 Metaspace       used 92830K, capacity 95553K, committed 96716K, reserved 1132544K
  class space    used 12220K, capacity 13262K, committed 13772K, reserved 1048576K
}
Event: 17.346 GC heap before
{Heap before GC invocations=39 (full 0):
 garbage-first heap   total 328704K, used 253980K [0x0000000080000000, 0x0000000100000000)
  region size 1024K, 138 young (141312K), 8 survivors (8192K)
 Metaspace       used 93093K, capacity 95760K, committed 96972K, reserved 1132544K
  class space    used 12220K, capacity 13262K, committed 13772K, reserved 1048576K
}
Event: 17.354 GC heap after
{Heap after GC invocations=40 (full 0):
 garbage-first heap   total 328704K, used 121761K [0x0000000080000000, 0x0000000100000000)
  region size 1024K, 9 young (9216K), 9 survivors (9216K)
 Metaspace       used 93093K, capacity 95760K, committed 96972K, reserved 1132544K
  class space    used 12220K, capacity 13262K, committed 13772K, reserved 1048576K
}
Event: 17.636 GC heap before
{Heap before GC invocations=40 (full 0):
 garbage-first heap   total 328704K, used 266145K [0x0000000080000000, 0x0000000100000000)
  region size 1024K, 150 young (153600K), 9 survivors (9216K)
 Metaspace       used 93280K, capacity 96044K, committed 97228K, reserved 1132544K
  class space    used 12222K, capacity 13264K, committed 13772K, reserved 1048576K
}
Event: 17.646 GC heap after
{Heap after GC invocations=41 (full 0):
 garbage-first heap   total 328704K, used 123044K [0x0000000080000000, 0x0000000100000000)
  region size 1024K, 10 young (10240K), 10 survivors (10240K)
 Metaspace       used 93280K, capacity 96044K, committed 97228K, reserved 1132544K
  class space    used 12222K, capacity 13264K, committed 13772K, reserved 1048576K
}
Event: 17.871 GC heap before
{Heap before GC invocations=41 (full 0):
 garbage-first heap   total 328704K, used 271524K [0x0000000080000000, 0x0000000100000000)
  region size 1024K, 155 young (158720K), 10 survivors (10240K)
 Metaspace       used 93409K, capacity 96189K, committed 97484K, reserved 1132544K
  class space    used 12224K, capacity 13267K, committed 13772K, reserved 1048576K
}
Event: 17.882 GC heap after
{Heap after GC invocations=42 (full 0):
 garbage-first heap   total 328704K, used 123934K [0x0000000080000000, 0x0000000100000000)
  region size 1024K, 11 young (11264K), 11 survivors (11264K)
 Metaspace       used 93409K, capacity 96189K, committed 97484K, reserved 1132544K
  class space    used 12224K, capacity 13267K, committed 13772K, reserved 1048576K
}
Event: 18.131 GC heap before
{Heap before GC invocations=42 (full 0):
 garbage-first heap   total 328704K, used 276510K [0x0000000080000000, 0x0000000100000000)
  region size 1024K, 160 young (163840K), 11 survivors (11264K)
 Metaspace       used 93609K, capacity 96366K, committed 97484K, reserved 1132544K
  class space    used 12236K, capacity 13271K, committed 13772K, reserved 1048576K
}

Deoptimization events (20 events):
Event: 17.492 Thread 0x0000019a3ac9d000 DEOPT PACKING pc=0x0000019a208da0c7 sp=0x00000028c5ff87a0
Event: 17.492 Thread 0x0000019a3ac9d000 DEOPT UNPACKING pc=0x0000019a1e6f76ce sp=0x00000028c5ff7c08 mode 0
Event: 17.495 Thread 0x0000019a3ac9c800 DEOPT PACKING pc=0x0000019a208da0c7 sp=0x00000028c5ef8660
Event: 17.495 Thread 0x0000019a3ac9c800 DEOPT UNPACKING pc=0x0000019a1e6f76ce sp=0x00000028c5ef7ac8 mode 0
Event: 17.497 Thread 0x0000019a3ac9e000 DEOPT PACKING pc=0x0000019a208da0c7 sp=0x00000028c5bf8400
Event: 17.497 Thread 0x0000019a3ac9e000 DEOPT UNPACKING pc=0x0000019a1e6f76ce sp=0x00000028c5bf7868 mode 0
Event: 17.497 Thread 0x0000019a3ac9d000 DEOPT PACKING pc=0x0000019a208da0c7 sp=0x00000028c5ff8b00
Event: 17.497 Thread 0x0000019a3ac9d000 DEOPT UNPACKING pc=0x0000019a1e6f76ce sp=0x00000028c5ff7f68 mode 0
Event: 17.498 Thread 0x0000019a3aca0800 DEOPT PACKING pc=0x0000019a208da0c7 sp=0x00000028c58f8a10
Event: 17.498 Thread 0x0000019a3aca0800 DEOPT UNPACKING pc=0x0000019a1e6f76ce sp=0x00000028c58f7e78 mode 0
Event: 17.699 Thread 0x0000019a3ac9f800 DEOPT PACKING pc=0x0000019a200c408f sp=0x00000028c5cf9390
Event: 17.699 Thread 0x0000019a3ac9f800 DEOPT UNPACKING pc=0x0000019a1e6f76ce sp=0x00000028c5cf8830 mode 0
Event: 17.833 Thread 0x0000019a3aca0800 DEOPT PACKING pc=0x0000019a1ff594c0 sp=0x00000028c58f9150
Event: 17.833 Thread 0x0000019a3aca0800 DEOPT UNPACKING pc=0x0000019a1e6f76ce sp=0x00000028c58f88e0 mode 0
Event: 18.007 Thread 0x0000019a3ac9f800 Uncommon trap: trap_request=0xffffffde fr.pc=0x0000019a266fc824 relative=0x0000000000001dc4
Event: 18.007 Thread 0x0000019a3ac9f800 Uncommon trap: reason=class_check action=maybe_recompile pc=0x0000019a266fc824 method=com.android.tools.r8.internal.U4.a(ILjava/util/List;Lcom/android/tools/r8/internal/Lz;)Lcom/android/tools/r8/internal/U4; @ 10 c2
Event: 18.007 Thread 0x0000019a3ac9f800 DEOPT PACKING pc=0x0000019a266fc824 sp=0x00000028c5cf9350
Event: 18.007 Thread 0x0000019a3ac9f800 DEOPT UNPACKING pc=0x0000019a1e6f78af sp=0x00000028c5cf9378 mode 2
Event: 18.053 Thread 0x0000019a3ac9f800 DEOPT PACKING pc=0x0000019a208f3963 sp=0x00000028c5cfa5c0
Event: 18.053 Thread 0x0000019a3ac9f800 DEOPT UNPACKING pc=0x0000019a1e6f76ce sp=0x00000028c5cf9a60 mode 0

Classes redefined (0 events):
No events

Internal exceptions (20 events):
Event: 16.395 Thread 0x0000019a3ac9d000 Exception <a 'sun/nio/fs/WindowsException'{0x000000008b3c2038}> (0x000000008b3c2038) thrown at [./src/hotspot/share/prims/jni.cpp, line 615]
Event: 16.396 Thread 0x0000019a3ac9f800 Exception <a 'sun/nio/fs/WindowsException'{0x000000008b13c060}> (0x000000008b13c060) thrown at [./src/hotspot/share/prims/jni.cpp, line 615]
Event: 16.421 Thread 0x0000019a3aca0800 Exception <a 'sun/nio/fs/WindowsException'{0x0000000090232b98}> (0x0000000090232b98) thrown at [./src/hotspot/share/prims/jni.cpp, line 615]
Event: 16.717 Thread 0x0000019a3ac9d000 Implicit null exception at 0x0000019a26706718 to 0x0000019a2670bae4
Event: 16.984 Thread 0x0000019a3aca0800 Exception <a 'sun/nio/fs/WindowsException'{0x000000008c869950}> (0x000000008c869950) thrown at [./src/hotspot/share/prims/jni.cpp, line 615]
Event: 17.015 Thread 0x0000019a3ac9f800 Exception <a 'sun/nio/fs/WindowsException'{0x000000008b6ba700}> (0x000000008b6ba700) thrown at [./src/hotspot/share/prims/jni.cpp, line 615]
Event: 17.058 Thread 0x0000019a3aca0800 Exception <a 'sun/nio/fs/WindowsException'{0x000000008a7c3dd8}> (0x000000008a7c3dd8) thrown at [./src/hotspot/share/prims/jni.cpp, line 615]
Event: 17.063 Thread 0x0000019a3ac9f800 Exception <a 'sun/nio/fs/WindowsException'{0x0000000089d433f8}> (0x0000000089d433f8) thrown at [./src/hotspot/share/prims/jni.cpp, line 615]
Event: 17.447 Thread 0x0000019a3ac9c800 Implicit null exception at 0x0000019a26734e3b to 0x0000019a26738858
Event: 17.464 Thread 0x0000019a3aca0800 Exception <a 'sun/nio/fs/WindowsException'{0x000000009173fd68}> (0x000000009173fd68) thrown at [./src/hotspot/share/prims/jni.cpp, line 615]
Event: 17.481 Thread 0x0000019a3aca0800 Exception <a 'sun/nio/fs/WindowsException'{0x000000009112d240}> (0x000000009112d240) thrown at [./src/hotspot/share/prims/jni.cpp, line 615]
Event: 17.514 Thread 0x0000019a3aca0800 Exception <a 'sun/nio/fs/WindowsException'{0x000000008fc3c628}> (0x000000008fc3c628) thrown at [./src/hotspot/share/prims/jni.cpp, line 615]
Event: 17.567 Thread 0x0000019a3aca0800 Exception <a 'sun/nio/fs/WindowsException'{0x000000008dc49808}> (0x000000008dc49808) thrown at [./src/hotspot/share/prims/jni.cpp, line 615]
Event: 17.903 Thread 0x0000019a3aca0800 Exception <a 'sun/nio/fs/WindowsException'{0x000000009351a218}> (0x000000009351a218) thrown at [./src/hotspot/share/prims/jni.cpp, line 615]
Event: 17.952 Thread 0x0000019a3aca0800 Exception <a 'sun/nio/fs/WindowsException'{0x00000000918ad848}> (0x00000000918ad848) thrown at [./src/hotspot/share/prims/jni.cpp, line 615]
Event: 17.996 Thread 0x0000019a3ac9c800 Exception <a 'sun/nio/fs/WindowsException'{0x0000000090da99d0}> (0x0000000090da99d0) thrown at [./src/hotspot/share/prims/jni.cpp, line 615]
Event: 18.025 Thread 0x0000019a3aca0800 Exception <a 'sun/nio/fs/WindowsException'{0x000000008f5bd0b0}> (0x000000008f5bd0b0) thrown at [./src/hotspot/share/prims/jni.cpp, line 615]
Event: 18.041 Thread 0x0000019a3aca0800 Exception <a 'sun/nio/fs/WindowsException'{0x000000008eafe590}> (0x000000008eafe590) thrown at [./src/hotspot/share/prims/jni.cpp, line 615]
Event: 18.061 Thread 0x0000019a3ac9c800 Exception <a 'sun/nio/fs/WindowsException'{0x000000008dc4eee8}> (0x000000008dc4eee8) thrown at [./src/hotspot/share/prims/jni.cpp, line 615]
Event: 18.070 Thread 0x0000019a3ac9f800 Exception <a 'sun/nio/fs/WindowsException'{0x000000008da8fb10}> (0x000000008da8fb10) thrown at [./src/hotspot/share/prims/jni.cpp, line 615]

Events (20 events):
Event: 18.040 loading class com/android/tools/r8/code/U3 done
Event: 18.041 loading class com/android/tools/r8/code/X3
Event: 18.041 loading class com/android/tools/r8/code/X3 done
Event: 18.041 loading class com/android/tools/r8/code/W3
Event: 18.041 loading class com/android/tools/r8/code/W3 done
Event: 18.042 loading class com/android/tools/r8/code/Y3
Event: 18.042 loading class com/android/tools/r8/code/Y3 done
Event: 18.043 loading class com/android/tools/r8/code/V3
Event: 18.043 loading class com/android/tools/r8/code/V3 done
Event: 18.071 loading class com/android/tools/r8/utils/StringDiagnostic
Event: 18.071 loading class com/android/tools/r8/utils/StringDiagnostic done
Event: 18.075 loading class com/android/tools/r8/internal/RA$b
Event: 18.075 loading class com/android/tools/r8/internal/RA$b done
Event: 18.076 loading class com/android/build/gradle/internal/errors/MessageReceiverImpl$WhenMappings
Event: 18.076 loading class com/android/build/gradle/internal/errors/MessageReceiverImpl$WhenMappings done
Event: 18.077 loading class com/android/build/gradle/internal/errors/MessageReceiverImplKt
Event: 18.077 loading class com/android/build/gradle/internal/errors/MessageReceiverImplKt done
Event: 18.086 Executing VM operation: ICBufferFull
Event: 18.086 Executing VM operation: ICBufferFull done
Event: 18.131 Executing VM operation: G1CollectForAllocation


Dynamic libraries:
0x00007ff77c400000 - 0x00007ff77c40a000 	C:\Program Files\Android\Android Studio\jre\bin\java.exe
0x00007ffcc8940000 - 0x00007ffcc8b47000 	C:\Windows\SYSTEM32\ntdll.dll
0x00007ffcc71a0000 - 0x00007ffcc725d000 	C:\Windows\System32\KERNEL32.DLL
0x00007ffcc6330000 - 0x00007ffcc66a4000 	C:\Windows\System32\KERNELBASE.dll
0x00007ffcc33d0000 - 0x00007ffcc3461000 	C:\Windows\SYSTEM32\apphelp.dll
0x00007ffcc66b0000 - 0x00007ffcc67c1000 	C:\Windows\System32\ucrtbase.dll
0x00007ffcbd5e0000 - 0x00007ffcbd5f9000 	C:\Program Files\Android\Android Studio\jre\bin\jli.dll
0x00007ffcbd5c0000 - 0x00007ffcbd5d7000 	C:\Program Files\Android\Android Studio\jre\bin\VCRUNTIME140.dll
0x00007ffcc7d10000 - 0x00007ffcc7ebc000 	C:\Windows\System32\USER32.dll
0x00007ffca8770000 - 0x00007ffca8a15000 	C:\Windows\WinSxS\amd64_microsoft.windows.common-controls_6595b64144ccf1df_6.0.22000.120_none_9d947278b86cc467\COMCTL32.dll
0x00007ffcc6300000 - 0x00007ffcc6326000 	C:\Windows\System32\win32u.dll
0x00007ffcc7540000 - 0x00007ffcc75e3000 	C:\Windows\System32\msvcrt.dll
0x00007ffcc7020000 - 0x00007ffcc7049000 	C:\Windows\System32\GDI32.dll
0x00007ffcc6120000 - 0x00007ffcc6232000 	C:\Windows\System32\gdi32full.dll
0x00007ffcc5f90000 - 0x00007ffcc602d000 	C:\Windows\System32\msvcp_win.dll
0x00007ffcc7260000 - 0x00007ffcc7291000 	C:\Windows\System32\IMM32.DLL
0x00007ffca7b30000 - 0x00007ffca7bcd000 	C:\Program Files\Android\Android Studio\jre\bin\msvcp140.dll
0x00007ffc80200000 - 0x00007ffc80ccf000 	C:\Program Files\Android\Android Studio\jre\bin\server\jvm.dll
0x00007ffcc67d0000 - 0x00007ffcc687c000 	C:\Windows\System32\ADVAPI32.dll
0x00007ffcc6de0000 - 0x00007ffcc6e7d000 	C:\Windows\System32\sechost.dll
0x00007ffcc8720000 - 0x00007ffcc8841000 	C:\Windows\System32\RPCRT4.dll
0x00007ffcc7530000 - 0x00007ffcc7538000 	C:\Windows\System32\PSAPI.DLL
0x00007ffcc02c0000 - 0x00007ffcc02c9000 	C:\Windows\SYSTEM32\WSOCK32.dll
0x00007ffcbe0e0000 - 0x00007ffcbe113000 	C:\Windows\SYSTEM32\WINMM.dll
0x00007ffcbc560000 - 0x00007ffcbc56a000 	C:\Windows\SYSTEM32\VERSION.dll
0x00007ffcc7ca0000 - 0x00007ffcc7d0f000 	C:\Windows\System32\WS2_32.dll
0x00007ffcc4ff0000 - 0x00007ffcc5008000 	C:\Windows\SYSTEM32\kernel.appcore.dll
0x00007ffcb9e80000 - 0x00007ffcb9e91000 	C:\Program Files\Android\Android Studio\jre\bin\verify.dll
0x00007ffcbf790000 - 0x00007ffcbf9b1000 	C:\Windows\SYSTEM32\DBGHELP.DLL
0x00007ffcabf10000 - 0x00007ffcabf41000 	C:\Windows\SYSTEM32\dbgcore.DLL
0x00007ffcc6030000 - 0x00007ffcc60b0000 	C:\Windows\System32\bcryptPrimitives.dll
0x00007ffcb3d60000 - 0x00007ffcb3d89000 	C:\Program Files\Android\Android Studio\jre\bin\java.dll
0x00007ffcc02b0000 - 0x00007ffcc02bb000 	C:\Program Files\Android\Android Studio\jre\bin\jimage.dll
0x00007ffcb4700000 - 0x00007ffcb4718000 	C:\Program Files\Android\Android Studio\jre\bin\zip.dll
0x00007ffcc7f50000 - 0x00007ffcc86f9000 	C:\Windows\System32\SHELL32.dll
0x00007ffcc3fd0000 - 0x00007ffcc4832000 	C:\Windows\SYSTEM32\windows.storage.dll
0x00007ffcc6970000 - 0x00007ffcc6ce8000 	C:\Windows\System32\combase.dll
0x00007ffcc3e60000 - 0x00007ffcc3fc6000 	C:\Windows\SYSTEM32\wintypes.dll
0x00007ffcc70b0000 - 0x00007ffcc719a000 	C:\Windows\System32\SHCORE.dll
0x00007ffcc6880000 - 0x00007ffcc68dd000 	C:\Windows\System32\shlwapi.dll
0x00007ffcc5d50000 - 0x00007ffcc5d71000 	C:\Windows\SYSTEM32\profapi.dll
0x00007ffcac4c0000 - 0x00007ffcac4da000 	C:\Program Files\Android\Android Studio\jre\bin\net.dll
0x00007ffcc07c0000 - 0x00007ffcc08cc000 	C:\Windows\SYSTEM32\WINHTTP.dll
0x00007ffcc5450000 - 0x00007ffcc54b7000 	C:\Windows\system32\mswsock.dll
0x00007ffcac250000 - 0x00007ffcac264000 	C:\Program Files\Android\Android Studio\jre\bin\nio.dll
0x00007ffca62f0000 - 0x00007ffca6317000 	C:\Users\hsibin\.gradle\native\8bec1ad78214c89d9ad589b4d07fe93259594b29d510b10fafb7a158f7737e5d\windows-amd64\native-platform.dll
0x00007ffc8a7d0000 - 0x00007ffc8a90d000 	C:\Users\hsibin\.gradle\native\53dbd7edfb1c66fb8903c78663c9afc45aea4f116125fa6feffd364cf09443e8\windows-amd64\native-platform-file-events.dll
0x00007ffcc0290000 - 0x00007ffcc029a000 	C:\Program Files\Android\Android Studio\jre\bin\management.dll
0x00007ffcbd490000 - 0x00007ffcbd49c000 	C:\Program Files\Android\Android Studio\jre\bin\management_ext.dll
0x00007ffcc5690000 - 0x00007ffcc56a8000 	C:\Windows\SYSTEM32\CRYPTSP.dll
0x00007ffcc4f20000 - 0x00007ffcc4f55000 	C:\Windows\system32\rsaenh.dll
0x00007ffcc5540000 - 0x00007ffcc5569000 	C:\Windows\SYSTEM32\USERENV.dll
0x00007ffcc5810000 - 0x00007ffcc5837000 	C:\Windows\SYSTEM32\bcrypt.dll
0x00007ffcc56b0000 - 0x00007ffcc56bc000 	C:\Windows\SYSTEM32\CRYPTBASE.dll
0x00007ffcc4a80000 - 0x00007ffcc4aad000 	C:\Windows\SYSTEM32\IPHLPAPI.DLL
0x00007ffcc68e0000 - 0x00007ffcc68e9000 	C:\Windows\System32\NSI.dll
0x00007ffcc0680000 - 0x00007ffcc0699000 	C:\Windows\SYSTEM32\dhcpcsvc6.DLL
0x00007ffcc0a10000 - 0x00007ffcc0a2e000 	C:\Windows\SYSTEM32\dhcpcsvc.DLL
0x00007ffcc4ab0000 - 0x00007ffcc4b97000 	C:\Windows\SYSTEM32\DNSAPI.dll

dbghelp: loaded successfully - version: 4.0.5 - missing functions: none
symbol engine: initialized successfully - sym options: 0x614 - pdb path: .;C:\Program Files\Android\Android Studio\jre\bin;C:\Windows\SYSTEM32;C:\Windows\WinSxS\amd64_microsoft.windows.common-controls_6595b64144ccf1df_6.0.22000.120_none_9d947278b86cc467;C:\Program Files\Android\Android Studio\jre\bin\server;C:\Users\hsibin\.gradle\native\8bec1ad78214c89d9ad589b4d07fe93259594b29d510b10fafb7a158f7737e5d\windows-amd64;C:\Users\hsibin\.gradle\native\53dbd7edfb1c66fb8903c78663c9afc45aea4f116125fa6feffd364cf09443e8\windows-amd64

VM Arguments:
jvm_args: --add-opens=java.base/java.util=ALL-UNNAMED --add-opens=java.base/java.lang=ALL-UNNAMED --add-opens=java.base/java.lang.invoke=ALL-UNNAMED --add-opens=java.base/java.util=ALL-UNNAMED --add-opens=java.prefs/java.util.prefs=ALL-UNNAMED --add-opens=java.prefs/java.util.prefs=ALL-UNNAMED --add-opens=java.base/java.nio.charset=ALL-UNNAMED --add-opens=java.base/java.net=ALL-UNNAMED --add-opens=java.base/java.util.concurrent.atomic=ALL-UNNAMED -Xmx2048m -Dfile.encoding=UTF-8 -Duser.country=CN -Duser.language=zh -Duser.variant 
java_command: org.gradle.launcher.daemon.bootstrap.GradleDaemon 7.0.2
java_class_path (initial): C:\Users\hsibin\.gradle\wrapper\dists\gradle-7.0.2-bin\857tjihv64xamwrf0h14cai3r\gradle-7.0.2\lib\gradle-launcher-7.0.2.jar
Launcher Type: SUN_STANDARD

[Global flags]
     intx CICompilerCount                          = 4                                         {product} {ergonomic}
     uint ConcGCThreads                            = 2                                         {product} {ergonomic}
     uint G1ConcRefinementThreads                  = 8                                         {product} {ergonomic}
   size_t G1HeapRegionSize                         = 1048576                                   {product} {ergonomic}
    uintx GCDrainStackTargetSize                   = 64                                        {product} {ergonomic}
   size_t InitialHeapSize                          = 134217728                                 {product} {ergonomic}
   size_t MarkStackSize                            = 4194304                                   {product} {ergonomic}
   size_t MaxHeapSize                              = 2147483648                                {product} {command line}
   size_t MaxNewSize                               = 1287651328                                {product} {ergonomic}
   size_t MinHeapDeltaBytes                        = 1048576                                   {product} {ergonomic}
    uintx NonNMethodCodeHeapSize                   = 5836300                                {pd product} {ergonomic}
    uintx NonProfiledCodeHeapSize                  = 122910970                              {pd product} {ergonomic}
    uintx ProfiledCodeHeapSize                     = 122910970                              {pd product} {ergonomic}
    uintx ReservedCodeCacheSize                    = 251658240                              {pd product} {ergonomic}
     bool SegmentedCodeCache                       = true                                      {product} {ergonomic}
     bool UseCompressedClassPointers               = true                                 {lp64_product} {ergonomic}
     bool UseCompressedOops                        = true                                 {lp64_product} {ergonomic}
     bool UseG1GC                                  = true                                      {product} {ergonomic}
     bool UseLargePagesIndividualAllocation        = false                                  {pd product} {ergonomic}

Logging:
Log output configuration:
 #0: stdout all=warning uptime,level,tags
 #1: stderr all=off uptime,level,tags

Environment Variables:
PATH=C:\Program Files (x86)\Common Files\Oracle\Java\javapath;C:\Windows\system32;C:\Windows;C:\Windows\System32\Wbem;C:\Windows\System32\WindowsPowerShell\v1.0\;C:\Windows\System32\OpenSSH\;C:\Program Files\Git\cmd;C:\Users\hsibin\AppData\Local\Microsoft\WindowsApps;;C:\Program Files\JetBrains\IntelliJ IDEA 2021.2.2\bin;;C:\Program Files\JetBrains\WebStorm 2021.2.2\bin;
USERNAME=hsibin
OS=Windows_NT
PROCESSOR_IDENTIFIER=Intel64 Family 6 Model 142 Stepping 10, GenuineIntel



---------------  S Y S T E M  ---------------

OS: Windows 10 , 64 bit Build 22000 (10.0.22000.120)
OS uptime: 0 days 5:34 hours

CPU:total 8 (initial active 8) (4 cores per cpu, 2 threads per core) family 6 model 142 stepping 10 microcode 0xe8, cmov, cx8, fxsr, mmx, sse, sse2, sse3, ssse3, sse4.1, sse4.2, popcnt, avx, avx2, aes, clmul, erms, 3dnowpref, lzcnt, ht, tsc, tscinvbit, bmi1, bmi2, adx, fma

Memory: 4k page, system-wide physical 8109M (251M free)
TotalPageFile size 12205M (AvailPageFile size 16M)
current process WorkingSet (physical memory assigned to process): 634M, peak: 641M
current process commit charge ("private bytes"): 703M, peak: 781M

vm_info: OpenJDK 64-Bit Server VM (11.0.10+0-b96-7249189) for windows-amd64 JRE (11.0.10+0-b96-7249189), built on Mar 31 2021 21:44:00 by "builder" with MS VC++ 14.0 (VS2015)

END.
