#
# There is insufficient memory for the Java Runtime Environment to continue.
# Native memory allocation (mmap) failed to map 38797312 bytes for Failed to commit area from 0x000000008b900000 to 0x000000008de00000 of length 38797312.
# Possible reasons:
#   The system is out of physical RAM or swap space
#   The process is running with CompressedOops enabled, and the Java Heap may be blocking the growth of the native heap
# Possible solutions:
#   Reduce memory load on the system
#   Increase physical memory or swap space
#   Check if swap backing store is full
#   Decrease Java heap size (-Xmx/-Xms)
#   Decrease number of Java threads
#   Decrease Java thread stack sizes (-Xss)
#   Set larger code cache with -XX:ReservedCodeCacheSize=
#   JVM is running with Unscaled Compressed Oops mode in which the Java heap is
#     placed in the first 4GB address space. The Java Heap base address is the
#     maximum limit for the native heap growth. Please use -XX:HeapBaseMinAddress
#     to set the Java Heap base and to place the Java Heap above 4GB virtual address.
# This output file may be truncated or incomplete.
#
#  Out of Memory Error (./src/hotspot/os/windows/os_windows.cpp:3301), pid=12408, tid=11592
#
# JRE version: OpenJDK Runtime Environment (11.0.10) (build 11.0.10+0-b96-7249189)
# Java VM: OpenJDK 64-Bit Server VM (11.0.10+0-b96-7249189, mixed mode, tiered, compressed oops, g1 gc, windows-amd64)
# No core dump will be written. Minidumps are not enabled by default on client versions of Windows
#

---------------  S U M M A R Y ------------

Command Line: --add-opens=java.base/java.util=ALL-UNNAMED --add-opens=java.base/java.lang=ALL-UNNAMED --add-opens=java.base/java.lang.invoke=ALL-UNNAMED --add-opens=java.base/java.util=ALL-UNNAMED --add-opens=java.prefs/java.util.prefs=ALL-UNNAMED --add-opens=java.prefs/java.util.prefs=ALL-UNNAMED --add-opens=java.base/java.nio.charset=ALL-UNNAMED --add-opens=java.base/java.net=ALL-UNNAMED --add-opens=java.base/java.util.concurrent.atomic=ALL-UNNAMED -Xmx2048m -Dfile.encoding=UTF-8 -Duser.country=CN -Duser.language=zh -Duser.variant org.gradle.launcher.daemon.bootstrap.GradleDaemon 7.0.2

Host: Intel(R) Core(TM) i5-8250U CPU @ 1.60GHz, 8 cores, 7G,  Windows 10 , 64 bit Build 22000 (10.0.22000.120)
Time: Sat Oct 16 19:49:20 2021 中国标准时间 elapsed time: 14.445406 seconds (0d 0h 0m 14s)

---------------  T H R E A D  ---------------

Current thread (0x00000225c05e1000):  VMThread "VM Thread" [stack: 0x000000f3ed800000,0x000000f3ed900000] [id=11592]

Stack: [0x000000f3ed800000,0x000000f3ed900000]
[error occurred during error reporting (printing stack bounds), id 0xc0000005, EXCEPTION_ACCESS_VIOLATION (0xc0000005) at pc=0x00000225a9c50f2d]

Native frames: (J=compiled Java code, j=interpreted, Vv=VM code, C=native code)
V  [jvm.dll+0x5ecfaa]
V  [jvm.dll+0x722bd5]
V  [jvm.dll+0x72412d]
V  [jvm.dll+0x724745]
V  [jvm.dll+0x7246fb]
V  [jvm.dll+0x5ec348]
V  [jvm.dll+0x5ecad8]
C  [ntdll.dll+0xa826f]
C  [ntdll.dll+0x359ca]
C  [ntdll.dll+0xa727e]
C  0x00000225a9c50f2d

VM_Operation (0x000000f3f0df8d60): G1CollectForAllocation, mode: safepoint, requested by thread 0x00000225c1f46800


---------------  P R O C E S S  ---------------

Threads class SMR info:
_java_thread_list=0x00000225ca9280d0, length=61, elements={
0x00000225a616e800, 0x00000225c05e5800, 0x00000225c05ee800, 0x00000225c0e5a800,
0x00000225c0e5b800, 0x00000225c0e5c800, 0x00000225c0e67800, 0x00000225c0e6c000,
0x00000225c0e6e000, 0x00000225c0fd4000, 0x00000225c305c800, 0x00000225c305d800,
0x00000225c305b000, 0x00000225c305e000, 0x00000225c305b800, 0x00000225c3059000,
0x00000225c305a000, 0x00000225c3058800, 0x00000225c305f000, 0x00000225c2cc5000,
0x00000225c2cc9000, 0x00000225c2cc8800, 0x00000225c2cc6000, 0x00000225c333b800,
0x00000225c2cc4800, 0x00000225c2ccb800, 0x00000225c2cca000, 0x00000225c2cc7800,
0x00000225c2ccc800, 0x00000225c420c800, 0x00000225c2cc6800, 0x00000225c2ccf000,
0x00000225c2cce000, 0x00000225c2ccd800, 0x00000225c2cd0800, 0x00000225c2cd1800,
0x00000225c2cd3000, 0x00000225c2cd2000, 0x00000225c1f41000, 0x00000225c1f42800,
0x00000225c1f40000, 0x00000225c1f45000, 0x00000225c1f46000, 0x00000225c1f43800,
0x00000225c1f46800, 0x00000225c1f47800, 0x00000225c1f42000, 0x00000225c1f44000,
0x00000225c1f4e000, 0x00000225c1f4a000, 0x00000225c1f4a800, 0x00000225c1f4b800,
0x00000225c1f4d000, 0x00000225c1f4f000, 0x00000225c1f49000, 0x00000225ca18c000,
0x00000225ca18b000, 0x00000225ca191800, 0x00000225ca18e000, 0x00000225ca18f000,
0x00000225ca190000
}

Java Threads: ( => current thread )
  0x00000225a616e800 JavaThread "main" [_thread_blocked, id=12608, stack(0x000000f3ed200000,0x000000f3ed300000)]
  0x00000225c05e5800 JavaThread "Reference Handler" daemon [_thread_blocked, id=11888, stack(0x000000f3ed900000,0x000000f3eda00000)]
  0x00000225c05ee800 JavaThread "Finalizer" daemon [_thread_blocked, id=7596, stack(0x000000f3eda00000,0x000000f3edb00000)]
  0x00000225c0e5a800 JavaThread "Signal Dispatcher" daemon [_thread_blocked, id=2764, stack(0x000000f3edb00000,0x000000f3edc00000)]
  0x00000225c0e5b800 JavaThread "Attach Listener" daemon [_thread_blocked, id=1056, stack(0x000000f3edc00000,0x000000f3edd00000)]
  0x00000225c0e5c800 JavaThread "Service Thread" daemon [_thread_blocked, id=9872, stack(0x000000f3edd00000,0x000000f3ede00000)]
  0x00000225c0e67800 JavaThread "C2 CompilerThread0" daemon [_thread_blocked, id=11080, stack(0x000000f3ede00000,0x000000f3edf00000)]
  0x00000225c0e6c000 JavaThread "C1 CompilerThread0" daemon [_thread_blocked, id=9532, stack(0x000000f3edf00000,0x000000f3ee000000)]
  0x00000225c0e6e000 JavaThread "Sweeper thread" daemon [_thread_blocked, id=12572, stack(0x000000f3ee000000,0x000000f3ee100000)]
  0x00000225c0fd4000 JavaThread "Common-Cleaner" daemon [_thread_blocked, id=11932, stack(0x000000f3ee100000,0x000000f3ee200000)]
  0x00000225c305c800 JavaThread "Daemon health stats" [_thread_blocked, id=12832, stack(0x000000f3ee700000,0x000000f3ee800000)]
  0x00000225c305d800 JavaThread "Incoming local TCP Connector on port 50850" [_thread_in_native, id=10252, stack(0x000000f3ee300000,0x000000f3ee400000)]
  0x00000225c305b000 JavaThread "Daemon periodic checks" [_thread_blocked, id=6884, stack(0x000000f3ee400000,0x000000f3ee500000)]
  0x00000225c305e000 JavaThread "Daemon" [_thread_blocked, id=12784, stack(0x000000f3ee800000,0x000000f3ee900000)]
  0x00000225c305b800 JavaThread "Handler for socket connection from /127.0.0.1:50850 to /127.0.0.1:50851" [_thread_in_native, id=2324, stack(0x000000f3ee900000,0x000000f3eea00000)]
  0x00000225c3059000 JavaThread "Cancel handler" [_thread_blocked, id=12792, stack(0x000000f3eea00000,0x000000f3eeb00000)]
  0x00000225c305a000 JavaThread "Daemon worker" [_thread_blocked, id=11508, stack(0x000000f3eeb00000,0x000000f3eec00000)]
  0x00000225c3058800 JavaThread "Asynchronous log dispatcher for DefaultDaemonConnection: socket connection from /127.0.0.1:50850 to /127.0.0.1:50851" [_thread_blocked, id=12872, stack(0x000000f3eec00000,0x000000f3eed00000)]
  0x00000225c305f000 JavaThread "Stdin handler" [_thread_blocked, id=10996, stack(0x000000f3eed00000,0x000000f3eee00000)]
  0x00000225c2cc5000 JavaThread "Daemon client event forwarder" [_thread_blocked, id=9568, stack(0x000000f3eee00000,0x000000f3eef00000)]
  0x00000225c2cc9000 JavaThread "Cache worker for file hash cache (C:\Users\hsibin\.gradle\caches\7.0.2\fileHashes)" [_thread_blocked, id=4076, stack(0x000000f3ef400000,0x000000f3ef500000)]
  0x00000225c2cc8800 JavaThread "File lock request listener" [_thread_in_native, id=5600, stack(0x000000f3ef500000,0x000000f3ef600000)]
  0x00000225c2cc6000 JavaThread "Cache worker for journal cache (C:\Users\hsibin\.gradle\caches\journal-1)" [_thread_blocked, id=8896, stack(0x000000f3ef700000,0x000000f3ef800000)]
  0x00000225c333b800 JavaThread "C2 CompilerThread1" daemon [_thread_blocked, id=11380, stack(0x000000f3ef800000,0x000000f3ef900000)]
  0x00000225c2cc4800 JavaThread "Cache worker for file hash cache (C:\Users\hsibin\AndroidStudioProjects\stage2\.gradle\7.0.2\fileHashes)" [_thread_blocked, id=12468, stack(0x000000f3ef900000,0x000000f3efa00000)]
  0x00000225c2ccb800 JavaThread "File watcher server" daemon [_thread_blocked, id=7676, stack(0x000000f3efa00000,0x000000f3efb00000)]
  0x00000225c2cca000 JavaThread "File watcher consumer" daemon [_thread_blocked, id=3984, stack(0x000000f3efb00000,0x000000f3efc00000)]
  0x00000225c2cc7800 JavaThread "Cache worker for checksums cache (C:\Users\hsibin\AndroidStudioProjects\stage2\.gradle\checksums)" [_thread_blocked, id=7336, stack(0x000000f3efc00000,0x000000f3efd00000)]
  0x00000225c2ccc800 JavaThread "Cache worker for cache directory md-supplier (C:\Users\hsibin\.gradle\caches\7.0.2\md-supplier)" [_thread_blocked, id=8232, stack(0x000000f3efd00000,0x000000f3efe00000)]
  0x00000225c420c800 JavaThread "C2 CompilerThread2" daemon [_thread_blocked, id=9980, stack(0x000000f3efe00000,0x000000f3eff00000)]
  0x00000225c2cc6800 JavaThread "Cache worker for cache directory md-rule (C:\Users\hsibin\.gradle\caches\7.0.2\md-rule)" [_thread_blocked, id=10756, stack(0x000000f3eff00000,0x000000f3f0000000)]
  0x00000225c2ccf000 JavaThread "Cache worker for execution history cache (C:\Users\hsibin\.gradle\caches\7.0.2\executionHistory)" [_thread_blocked, id=8360, stack(0x000000f3f0000000,0x000000f3f0100000)]
  0x00000225c2cce000 JavaThread "jar transforms" [_thread_blocked, id=2936, stack(0x000000f3f0100000,0x000000f3f0200000)]
  0x00000225c2ccd800 JavaThread "jar transforms Thread 2" [_thread_blocked, id=10656, stack(0x000000f3f0200000,0x000000f3f0300000)]
  0x00000225c2cd0800 JavaThread "Cache worker for file content cache (C:\Users\hsibin\.gradle\caches\7.0.2\fileContent)" [_thread_blocked, id=10168, stack(0x000000f3f0300000,0x000000f3f0400000)]
  0x00000225c2cd1800 JavaThread "Cache worker for dependencies-accessors (C:\Users\hsibin\AndroidStudioProjects\stage2\.gradle\7.0.2\dependencies-accessors)" [_thread_blocked, id=13032, stack(0x000000f3f0400000,0x000000f3f0500000)]
  0x00000225c2cd3000 JavaThread "jar transforms Thread 3" [_thread_blocked, id=10824, stack(0x000000f3f0500000,0x000000f3f0600000)]
  0x00000225c2cd2000 JavaThread "Cache worker for Build Output Cleanup Cache (C:\Users\hsibin\AndroidStudioProjects\stage2\.gradle\buildOutputCleanup)" [_thread_blocked, id=7504, stack(0x000000f3f0600000,0x000000f3f0700000)]
  0x00000225c1f41000 JavaThread "Build operations" [_thread_blocked, id=7496, stack(0x000000f3f0700000,0x000000f3f0800000)]
  0x00000225c1f42800 JavaThread "Build operations Thread 2" [_thread_blocked, id=536, stack(0x000000f3f0800000,0x000000f3f0900000)]
  0x00000225c1f40000 JavaThread "Build operations Thread 3" [_thread_blocked, id=11268, stack(0x000000f3f0900000,0x000000f3f0a00000)]
  0x00000225c1f45000 JavaThread "Build operations Thread 4" [_thread_blocked, id=6492, stack(0x000000f3f0a00000,0x000000f3f0b00000)]
  0x00000225c1f46000 JavaThread "Build operations Thread 5" [_thread_blocked, id=5816, stack(0x000000f3f0b00000,0x000000f3f0c00000)]
  0x00000225c1f43800 JavaThread "Build operations Thread 6" [_thread_blocked, id=8340, stack(0x000000f3f0c00000,0x000000f3f0d00000)]
  0x00000225c1f46800 JavaThread "Build operations Thread 7" [_thread_blocked, id=9948, stack(0x000000f3f0d00000,0x000000f3f0e00000)]
  0x00000225c1f47800 JavaThread "Build operations Thread 8" [_thread_blocked, id=1648, stack(0x000000f3f0e00000,0x000000f3f0f00000)]
  0x00000225c1f42000 JavaThread "jar transforms Thread 4" [_thread_blocked, id=12052, stack(0x000000f3f0f00000,0x000000f3f1000000)]
  0x00000225c1f44000 JavaThread "jar transforms Thread 5" [_thread_blocked, id=8148, stack(0x000000f3f1000000,0x000000f3f1100000)]
  0x00000225c1f4e000 JavaThread "jar transforms Thread 6" [_thread_blocked, id=12968, stack(0x000000f3f1100000,0x000000f3f1200000)]
  0x00000225c1f4a000 JavaThread "jar transforms Thread 7" [_thread_blocked, id=12860, stack(0x000000f3f1200000,0x000000f3f1300000)]
  0x00000225c1f4a800 JavaThread "jar transforms Thread 8" [_thread_blocked, id=7552, stack(0x000000f3f1300000,0x000000f3f1400000)]
  0x00000225c1f4b800 JavaThread "Memory manager" [_thread_blocked, id=9852, stack(0x000000f3f1400000,0x000000f3f1500000)]
  0x00000225c1f4d000 JavaThread "build event listener" [_thread_blocked, id=11584, stack(0x000000f3f1500000,0x000000f3f1600000)]
  0x00000225c1f4f000 JavaThread "Execution worker for ':'" [_thread_blocked, id=8260, stack(0x000000f3f1600000,0x000000f3f1700000)]
  0x00000225c1f49000 JavaThread "Execution worker for ':' Thread 2" [_thread_blocked, id=12716, stack(0x000000f3f1700000,0x000000f3f1800000)]
  0x00000225ca18c000 JavaThread "Execution worker for ':' Thread 3" [_thread_blocked, id=11316, stack(0x000000f3f1800000,0x000000f3f1900000)]
  0x00000225ca18b000 JavaThread "Execution worker for ':' Thread 4" [_thread_blocked, id=7144, stack(0x000000f3f1900000,0x000000f3f1a00000)]
  0x00000225ca191800 JavaThread "Execution worker for ':' Thread 5" [_thread_blocked, id=3768, stack(0x000000f3f1a00000,0x000000f3f1b00000)]
  0x00000225ca18e000 JavaThread "Execution worker for ':' Thread 6" [_thread_blocked, id=940, stack(0x000000f3f1b00000,0x000000f3f1c00000)]
  0x00000225ca18f000 JavaThread "Execution worker for ':' Thread 7" [_thread_blocked, id=13304, stack(0x000000f3f1c00000,0x000000f3f1d00000)]
  0x00000225ca190000 JavaThread "Cache worker for execution history cache (C:\Users\hsibin\AndroidStudioProjects\stage2\.gradle\7.0.2\executionHistory)" [_thread_blocked, id=7368, stack(0x000000f3f1d00000,0x000000f3f1e00000)]

Other Threads:
=>0x00000225c05e1000 VMThread "VM Thread" [stack: 0x000000f3ed800000,0x000000f3ed900000] [id=11592]
  0x00000225c101c800 WatcherThread [stack: 0x000000f3ee200000,0x000000f3ee300000] [id=12248]
  0x00000225a6186800 GCTaskThread "GC Thread#0" [stack: 0x000000f3ed300000,0x000000f3ed400000] [id=9796]
  0x00000225c1b8a000 GCTaskThread "GC Thread#1" [stack: 0x000000f3ee500000,0x000000f3ee600000] [id=5932]
  0x00000225c1b90000 GCTaskThread "GC Thread#2" [stack: 0x000000f3ee600000,0x000000f3ee700000] [id=8712]
  0x00000225c10d2000 GCTaskThread "GC Thread#3" [stack: 0x000000f3eef00000,0x000000f3ef000000] [id=1288]
  0x00000225c3350800 GCTaskThread "GC Thread#4" [stack: 0x000000f3ef000000,0x000000f3ef100000] [id=2540]
  0x00000225c2ee0000 GCTaskThread "GC Thread#5" [stack: 0x000000f3ef100000,0x000000f3ef200000] [id=2268]
  0x00000225c22da800 GCTaskThread "GC Thread#6" [stack: 0x000000f3ef200000,0x000000f3ef300000] [id=7208]
  0x00000225c43a4000 GCTaskThread "GC Thread#7" [stack: 0x000000f3ef300000,0x000000f3ef400000] [id=11996]
  0x00000225a61b8800 ConcurrentGCThread "G1 Main Marker" [stack: 0x000000f3ed400000,0x000000f3ed500000] [id=12120]
  0x00000225a61ba800 ConcurrentGCThread "G1 Conc#0" [stack: 0x000000f3ed500000,0x000000f3ed600000] [id=12576]
  0x00000225c1f7e000 ConcurrentGCThread "G1 Conc#1" [stack: 0x000000f3ef600000,0x000000f3ef700000] [id=5980]
  0x00000225c0430800 ConcurrentGCThread "G1 Refine#0" [stack: 0x000000f3ed600000,0x000000f3ed700000] [id=4268]
  0x00000225c0431800 ConcurrentGCThread "G1 Young RemSet Sampling" [stack: 0x000000f3ed700000,0x000000f3ed800000] [id=8452]

Threads with active compile tasks:
C2 CompilerThread0  14470 10173       4       com.android.tools.r8.graph.A0::c (177 bytes)
C1 CompilerThread0  14470 10183       2       com.android.tools.r8.graph.G0::a (138 bytes)
C2 CompilerThread1  14470 9752   !   4       com.google.common.collect.MapMakerInternalMap$Segment::put (298 bytes)
C2 CompilerThread2  14470 10153       4       com.android.tools.r8.internal.PF::a (98 bytes)

VM state:at safepoint (normal execution)

VM Mutex/Monitor currently owned by a thread:  ([mutex/lock_event])
[0x00000225a616aca0] Threads_lock - owner thread: 0x00000225c05e1000
[0x00000225a6169ce0] Heap_lock - owner thread: 0x00000225c1f46800

Heap address: 0x0000000080000000, size: 2048 MB, Compressed Oops mode: 32-bit
Narrow klass base: 0x0000000000000000, Narrow klass shift: 3
Compressed class space size: 1073741824 Address: 0x0000000100000000

Heap:
 garbage-first heap   total 227328K, used 104882K [0x0000000080000000, 0x0000000100000000)
  region size 1024K, 8 young (8192K), 8 survivors (8192K)
 Metaspace       used 85430K, capacity 88084K, committed 88396K, reserved 1126400K
  class space    used 11235K, capacity 12245K, committed 12364K, reserved 1048576K
Heap Regions: E=young(eden), S=young(survivor), O=old, HS=humongous(starts), HC=humongous(continues), CS=collection set, F=free, A=archive, TAMS=top-at-mark-start (previous, next)
|   0|0x0000000080000000, 0x0000000080100000, 0x0000000080100000|100%| O|  |TAMS 0x0000000080100000, 0x0000000080000000| Untracked 
|   1|0x0000000080100000, 0x0000000080200000, 0x0000000080200000|100%| O|  |TAMS 0x0000000080200000, 0x0000000080100000| Untracked 
|   2|0x0000000080200000, 0x0000000080300000, 0x0000000080300000|100%| O|  |TAMS 0x0000000080300000, 0x0000000080200000| Untracked 
|   3|0x0000000080300000, 0x0000000080400000, 0x0000000080400000|100%|HS|  |TAMS 0x0000000080400000, 0x0000000080300000| Complete 
|   4|0x0000000080400000, 0x0000000080500000, 0x0000000080500000|100%|HC|  |TAMS 0x0000000080500000, 0x0000000080400000| Complete 
|   5|0x0000000080500000, 0x0000000080600000, 0x0000000080600000|100%|HC|  |TAMS 0x0000000080600000, 0x0000000080500000| Complete 
|   6|0x0000000080600000, 0x0000000080700000, 0x0000000080700000|100%| O|  |TAMS 0x0000000080700000, 0x0000000080600000| Untracked 
|   7|0x0000000080700000, 0x0000000080800000, 0x0000000080800000|100%| O|  |TAMS 0x0000000080800000, 0x0000000080700000| Untracked 
|   8|0x0000000080800000, 0x0000000080900000, 0x0000000080900000|100%| O|  |TAMS 0x0000000080900000, 0x0000000080800000| Untracked 
|   9|0x0000000080900000, 0x0000000080a00000, 0x0000000080a00000|100%| O|  |TAMS 0x0000000080a00000, 0x0000000080900000| Untracked 
|  10|0x0000000080a00000, 0x0000000080b00000, 0x0000000080b00000|100%| O|  |TAMS 0x0000000080b00000, 0x0000000080a00000| Untracked 
|  11|0x0000000080b00000, 0x0000000080c00000, 0x0000000080c00000|100%| O|  |TAMS 0x0000000080c00000, 0x0000000080b00000| Untracked 
|  12|0x0000000080c00000, 0x0000000080d00000, 0x0000000080d00000|100%| O|  |TAMS 0x0000000080d00000, 0x0000000080c00000| Untracked 
|  13|0x0000000080d00000, 0x0000000080e00000, 0x0000000080e00000|100%| O|  |TAMS 0x0000000080e00000, 0x0000000080d00000| Untracked 
|  14|0x0000000080e00000, 0x0000000080f00000, 0x0000000080f00000|100%| O|  |TAMS 0x0000000080f00000, 0x0000000080e00000| Untracked 
|  15|0x0000000080f00000, 0x0000000081000000, 0x0000000081000000|100%| O|  |TAMS 0x0000000081000000, 0x0000000080f00000| Untracked 
|  16|0x0000000081000000, 0x0000000081100000, 0x0000000081100000|100%|HS|  |TAMS 0x0000000081100000, 0x0000000081000000| Complete 
|  17|0x0000000081100000, 0x0000000081200000, 0x0000000081200000|100%| O|  |TAMS 0x0000000081200000, 0x0000000081100000| Untracked 
|  18|0x0000000081200000, 0x0000000081300000, 0x0000000081300000|100%| O|  |TAMS 0x0000000081300000, 0x0000000081200000| Untracked 
|  19|0x0000000081300000, 0x0000000081400000, 0x0000000081400000|100%| O|  |TAMS 0x0000000081400000, 0x0000000081300000| Untracked 
|  20|0x0000000081400000, 0x0000000081500000, 0x0000000081500000|100%| O|  |TAMS 0x0000000081500000, 0x0000000081400000| Untracked 
|  21|0x0000000081500000, 0x0000000081600000, 0x0000000081600000|100%| O|  |TAMS 0x0000000081600000, 0x0000000081500000| Untracked 
|  22|0x0000000081600000, 0x0000000081700000, 0x0000000081700000|100%| O|  |TAMS 0x0000000081700000, 0x0000000081600000| Untracked 
|  23|0x0000000081700000, 0x0000000081800000, 0x0000000081800000|100%| O|  |TAMS 0x0000000081800000, 0x0000000081700000| Untracked 
|  24|0x0000000081800000, 0x0000000081900000, 0x0000000081900000|100%| O|  |TAMS 0x0000000081900000, 0x0000000081800000| Untracked 
|  25|0x0000000081900000, 0x0000000081a00000, 0x0000000081a00000|100%| O|  |TAMS 0x0000000081a00000, 0x0000000081900000| Untracked 
|  26|0x0000000081a00000, 0x0000000081b00000, 0x0000000081b00000|100%| O|  |TAMS 0x0000000081b00000, 0x0000000081a00000| Untracked 
|  27|0x0000000081b00000, 0x0000000081c00000, 0x0000000081c00000|100%|HS|  |TAMS 0x0000000081c00000, 0x0000000081b00000| Complete 
|  28|0x0000000081c00000, 0x0000000081d00000, 0x0000000081d00000|100%|HS|  |TAMS 0x0000000081d00000, 0x0000000081c00000| Complete 
|  29|0x0000000081d00000, 0x0000000081e00000, 0x0000000081e00000|100%|HC|  |TAMS 0x0000000081e00000, 0x0000000081d00000| Complete 
|  30|0x0000000081e00000, 0x0000000081f00000, 0x0000000081f00000|100%| O|  |TAMS 0x0000000081f00000, 0x0000000081e00000| Untracked 
|  31|0x0000000081f00000, 0x0000000082000000, 0x0000000082000000|100%| O|  |TAMS 0x0000000082000000, 0x0000000081f00000| Untracked 
|  32|0x0000000082000000, 0x0000000082100000, 0x0000000082100000|100%| O|  |TAMS 0x0000000082100000, 0x0000000082000000| Untracked 
|  33|0x0000000082100000, 0x0000000082200000, 0x0000000082200000|100%| O|  |TAMS 0x0000000082200000, 0x0000000082100000| Untracked 
|  34|0x0000000082200000, 0x0000000082300000, 0x0000000082300000|100%| O|  |TAMS 0x0000000082300000, 0x0000000082200000| Untracked 
|  35|0x0000000082300000, 0x0000000082400000, 0x0000000082400000|100%| O|  |TAMS 0x0000000082400000, 0x0000000082300000| Untracked 
|  36|0x0000000082400000, 0x0000000082500000, 0x0000000082500000|100%| O|  |TAMS 0x0000000082500000, 0x0000000082400000| Untracked 
|  37|0x0000000082500000, 0x0000000082600000, 0x0000000082600000|100%| O|  |TAMS 0x0000000082600000, 0x0000000082500000| Untracked 
|  38|0x0000000082600000, 0x0000000082700000, 0x0000000082700000|100%| O|  |TAMS 0x0000000082700000, 0x0000000082600000| Untracked 
|  39|0x0000000082700000, 0x0000000082800000, 0x0000000082800000|100%| O|  |TAMS 0x0000000082800000, 0x0000000082700000| Untracked 
|  40|0x0000000082800000, 0x0000000082900000, 0x0000000082900000|100%| O|  |TAMS 0x00000000828b4200, 0x0000000082800000| Untracked 
|  41|0x0000000082900000, 0x0000000082a00000, 0x0000000082a00000|100%| O|  |TAMS 0x0000000082900000, 0x0000000082900000| Untracked 
|  42|0x0000000082a00000, 0x0000000082b00000, 0x0000000082b00000|100%| O|  |TAMS 0x0000000082a00000, 0x0000000082a00000| Untracked 
|  43|0x0000000082b00000, 0x0000000082c00000, 0x0000000082c00000|100%| O|  |TAMS 0x0000000082b00000, 0x0000000082b00000| Untracked 
|  44|0x0000000082c00000, 0x0000000082d00000, 0x0000000082d00000|100%| O|  |TAMS 0x0000000082c00000, 0x0000000082c00000| Untracked 
|  45|0x0000000082d00000, 0x0000000082e00000, 0x0000000082e00000|100%| O|  |TAMS 0x0000000082d00000, 0x0000000082d00000| Untracked 
|  46|0x0000000082e00000, 0x0000000082f00000, 0x0000000082f00000|100%| O|  |TAMS 0x0000000082e00000, 0x0000000082e00000| Untracked 
|  47|0x0000000082f00000, 0x0000000083000000, 0x0000000083000000|100%| O|  |TAMS 0x0000000082f00000, 0x0000000082f00000| Untracked 
|  48|0x0000000083000000, 0x0000000083100000, 0x0000000083100000|100%| O|  |TAMS 0x0000000083000000, 0x0000000083000000| Untracked 
|  49|0x0000000083100000, 0x0000000083200000, 0x0000000083200000|100%| O|  |TAMS 0x0000000083100000, 0x0000000083100000| Untracked 
|  50|0x0000000083200000, 0x0000000083300000, 0x0000000083300000|100%| O|  |TAMS 0x0000000083200000, 0x0000000083200000| Untracked 
|  51|0x0000000083300000, 0x0000000083400000, 0x0000000083400000|100%| O|  |TAMS 0x0000000083300000, 0x0000000083300000| Untracked 
|  52|0x0000000083400000, 0x0000000083500000, 0x0000000083500000|100%| O|  |TAMS 0x0000000083400000, 0x0000000083400000| Untracked 
|  53|0x0000000083500000, 0x0000000083600000, 0x0000000083600000|100%| O|  |TAMS 0x0000000083500000, 0x0000000083500000| Untracked 
|  54|0x0000000083600000, 0x0000000083700000, 0x0000000083700000|100%| O|  |TAMS 0x0000000083600000, 0x0000000083600000| Untracked 
|  55|0x0000000083700000, 0x0000000083800000, 0x0000000083800000|100%| O|  |TAMS 0x0000000083700000, 0x0000000083700000| Untracked 
|  56|0x0000000083800000, 0x0000000083900000, 0x0000000083900000|100%| O|  |TAMS 0x0000000083800000, 0x0000000083800000| Untracked 
|  57|0x0000000083900000, 0x0000000083a00000, 0x0000000083a00000|100%| O|  |TAMS 0x0000000083900000, 0x0000000083900000| Untracked 
|  58|0x0000000083a00000, 0x0000000083b00000, 0x0000000083b00000|100%| O|  |TAMS 0x0000000083a00000, 0x0000000083a00000| Untracked 
|  59|0x0000000083b00000, 0x0000000083c00000, 0x0000000083c00000|100%| O|  |TAMS 0x0000000083b00000, 0x0000000083b00000| Untracked 
|  60|0x0000000083c00000, 0x0000000083d00000, 0x0000000083d00000|100%| O|  |TAMS 0x0000000083c00000, 0x0000000083c00000| Untracked 
|  61|0x0000000083d00000, 0x0000000083e00000, 0x0000000083e00000|100%| O|  |TAMS 0x0000000083d00000, 0x0000000083d00000| Untracked 
|  62|0x0000000083e00000, 0x0000000083f00000, 0x0000000083f00000|100%| O|  |TAMS 0x0000000083e00000, 0x0000000083e00000| Untracked 
|  63|0x0000000083f00000, 0x0000000084000000, 0x0000000084000000|100%| O|  |TAMS 0x0000000083f00000, 0x0000000083f00000| Untracked 
|  64|0x0000000084000000, 0x0000000084100000, 0x0000000084100000|100%| O|  |TAMS 0x0000000084000000, 0x0000000084000000| Untracked 
|  65|0x0000000084100000, 0x0000000084200000, 0x0000000084200000|100%| O|  |TAMS 0x0000000084100000, 0x0000000084100000| Untracked 
|  66|0x0000000084200000, 0x0000000084300000, 0x0000000084300000|100%| O|  |TAMS 0x0000000084200000, 0x0000000084200000| Untracked 
|  67|0x0000000084300000, 0x0000000084400000, 0x0000000084400000|100%| O|  |TAMS 0x0000000084300000, 0x0000000084300000| Untracked 
|  68|0x0000000084400000, 0x0000000084500000, 0x0000000084500000|100%| O|  |TAMS 0x0000000084400000, 0x0000000084400000| Untracked 
|  69|0x0000000084500000, 0x0000000084600000, 0x0000000084600000|100%| O|  |TAMS 0x0000000084500000, 0x0000000084500000| Untracked 
|  70|0x0000000084600000, 0x0000000084700000, 0x0000000084700000|100%| O|  |TAMS 0x0000000084600000, 0x0000000084600000| Untracked 
|  71|0x0000000084700000, 0x0000000084800000, 0x0000000084800000|100%| O|  |TAMS 0x0000000084700000, 0x0000000084700000| Untracked 
|  72|0x0000000084800000, 0x0000000084900000, 0x0000000084900000|100%| O|  |TAMS 0x0000000084800000, 0x0000000084800000| Untracked 
|  73|0x0000000084900000, 0x0000000084a00000, 0x0000000084a00000|100%| O|  |TAMS 0x0000000084900000, 0x0000000084900000| Untracked 
|  74|0x0000000084a00000, 0x0000000084b00000, 0x0000000084b00000|100%| O|  |TAMS 0x0000000084a00000, 0x0000000084a00000| Untracked 
|  75|0x0000000084b00000, 0x0000000084c00000, 0x0000000084c00000|100%| O|  |TAMS 0x0000000084b00000, 0x0000000084b00000| Untracked 
|  76|0x0000000084c00000, 0x0000000084d00000, 0x0000000084d00000|100%| O|  |TAMS 0x0000000084c00000, 0x0000000084c00000| Untracked 
|  77|0x0000000084d00000, 0x0000000084e00000, 0x0000000084e00000|100%| O|  |TAMS 0x0000000084d00000, 0x0000000084d00000| Untracked 
|  78|0x0000000084e00000, 0x0000000084f00000, 0x0000000084f00000|100%| O|  |TAMS 0x0000000084e00000, 0x0000000084e00000| Untracked 
|  79|0x0000000084f00000, 0x0000000085000000, 0x0000000085000000|100%| O|  |TAMS 0x0000000084f00000, 0x0000000084f00000| Untracked 
|  80|0x0000000085000000, 0x0000000085100000, 0x0000000085100000|100%| O|  |TAMS 0x0000000085000000, 0x0000000085000000| Untracked 
|  81|0x0000000085100000, 0x0000000085200000, 0x0000000085200000|100%| O|  |TAMS 0x0000000085100000, 0x0000000085100000| Untracked 
|  82|0x0000000085200000, 0x0000000085300000, 0x0000000085300000|100%| O|  |TAMS 0x0000000085200000, 0x0000000085200000| Untracked 
|  83|0x0000000085300000, 0x0000000085400000, 0x0000000085400000|100%| O|  |TAMS 0x0000000085300000, 0x0000000085300000| Untracked 
|  84|0x0000000085400000, 0x0000000085500000, 0x0000000085500000|100%| O|  |TAMS 0x0000000085400000, 0x0000000085400000| Untracked 
|  85|0x0000000085500000, 0x0000000085600000, 0x0000000085600000|100%| O|  |TAMS 0x0000000085500000, 0x0000000085500000| Untracked 
|  86|0x0000000085600000, 0x0000000085700000, 0x0000000085700000|100%| O|  |TAMS 0x0000000085600000, 0x0000000085600000| Untracked 
|  87|0x0000000085700000, 0x0000000085800000, 0x0000000085800000|100%| O|  |TAMS 0x0000000085700000, 0x0000000085700000| Untracked 
|  88|0x0000000085800000, 0x0000000085900000, 0x0000000085900000|100%| O|  |TAMS 0x0000000085800000, 0x0000000085800000| Untracked 
|  89|0x0000000085900000, 0x0000000085a00000, 0x0000000085a00000|100%| O|  |TAMS 0x0000000085900000, 0x0000000085900000| Untracked 
|  90|0x0000000085a00000, 0x0000000085b00000, 0x0000000085b00000|100%| O|  |TAMS 0x0000000085a00000, 0x0000000085a00000| Untracked 
|  91|0x0000000085b00000, 0x0000000085c00000, 0x0000000085c00000|100%| O|  |TAMS 0x0000000085b00000, 0x0000000085b00000| Untracked 
|  92|0x0000000085c00000, 0x0000000085d00000, 0x0000000085d00000|100%| O|  |TAMS 0x0000000085c00000, 0x0000000085c00000| Untracked 
|  93|0x0000000085d00000, 0x0000000085e00000, 0x0000000085e00000|100%| O|  |TAMS 0x0000000085d00000, 0x0000000085d00000| Untracked 
|  94|0x0000000085e00000, 0x0000000085e6c800, 0x0000000085f00000| 42%| O|  |TAMS 0x0000000085e00000, 0x0000000085e00000| Untracked 
|  95|0x0000000085f00000, 0x0000000085f00000, 0x0000000086000000|  0%| F|  |TAMS 0x0000000085f00000, 0x0000000085f00000| Untracked 
|  96|0x0000000086000000, 0x0000000086000000, 0x0000000086100000|  0%| F|  |TAMS 0x0000000086000000, 0x0000000086000000| Untracked 
|  97|0x0000000086100000, 0x0000000086100000, 0x0000000086200000|  0%| F|  |TAMS 0x0000000086100000, 0x0000000086100000| Untracked 
|  98|0x0000000086200000, 0x0000000086200000, 0x0000000086300000|  0%| F|  |TAMS 0x0000000086200000, 0x0000000086200000| Untracked 
|  99|0x0000000086300000, 0x0000000086300000, 0x0000000086400000|  0%| F|  |TAMS 0x0000000086300000, 0x0000000086300000| Untracked 
| 100|0x0000000086400000, 0x0000000086400000, 0x0000000086500000|  0%| F|  |TAMS 0x0000000086400000, 0x0000000086400000| Untracked 
| 101|0x0000000086500000, 0x0000000086500000, 0x0000000086600000|  0%| F|  |TAMS 0x0000000086500000, 0x0000000086500000| Untracked 
| 102|0x0000000086600000, 0x0000000086600000, 0x0000000086700000|  0%| F|  |TAMS 0x0000000086600000, 0x0000000086600000| Untracked 
| 103|0x0000000086700000, 0x0000000086700000, 0x0000000086800000|  0%| F|  |TAMS 0x0000000086700000, 0x0000000086700000| Untracked 
| 104|0x0000000086800000, 0x0000000086800000, 0x0000000086900000|  0%| F|  |TAMS 0x0000000086800000, 0x0000000086800000| Untracked 
| 105|0x0000000086900000, 0x0000000086900000, 0x0000000086a00000|  0%| F|  |TAMS 0x0000000086900000, 0x0000000086900000| Untracked 
| 106|0x0000000086a00000, 0x0000000086a00000, 0x0000000086b00000|  0%| F|  |TAMS 0x0000000086a00000, 0x0000000086a00000| Untracked 
| 107|0x0000000086b00000, 0x0000000086b00000, 0x0000000086c00000|  0%| F|  |TAMS 0x0000000086b00000, 0x0000000086b00000| Untracked 
| 108|0x0000000086c00000, 0x0000000086c00000, 0x0000000086d00000|  0%| F|  |TAMS 0x0000000086c00000, 0x0000000086c00000| Untracked 
| 109|0x0000000086d00000, 0x0000000086d00000, 0x0000000086e00000|  0%| F|  |TAMS 0x0000000086d00000, 0x0000000086d00000| Untracked 
| 110|0x0000000086e00000, 0x0000000086e00000, 0x0000000086f00000|  0%| F|  |TAMS 0x0000000086e00000, 0x0000000086e00000| Untracked 
| 111|0x0000000086f00000, 0x0000000086f00000, 0x0000000087000000|  0%| F|  |TAMS 0x0000000086f00000, 0x0000000086f00000| Untracked 
| 112|0x0000000087000000, 0x0000000087000000, 0x0000000087100000|  0%| F|  |TAMS 0x0000000087000000, 0x0000000087000000| Untracked 
| 113|0x0000000087100000, 0x0000000087100000, 0x0000000087200000|  0%| F|  |TAMS 0x0000000087100000, 0x0000000087100000| Untracked 
| 114|0x0000000087200000, 0x0000000087200000, 0x0000000087300000|  0%| F|  |TAMS 0x0000000087200000, 0x0000000087200000| Untracked 
| 115|0x0000000087300000, 0x0000000087300000, 0x0000000087400000|  0%| F|  |TAMS 0x0000000087300000, 0x0000000087300000| Untracked 
| 116|0x0000000087400000, 0x0000000087500000, 0x0000000087500000|100%| S|CS|TAMS 0x0000000087400000, 0x0000000087400000| Complete 
| 117|0x0000000087500000, 0x0000000087600000, 0x0000000087600000|100%| S|CS|TAMS 0x0000000087500000, 0x0000000087500000| Complete 
| 118|0x0000000087600000, 0x0000000087700000, 0x0000000087700000|100%| S|CS|TAMS 0x0000000087600000, 0x0000000087600000| Complete 
| 119|0x0000000087700000, 0x0000000087700000, 0x0000000087800000|  0%| F|  |TAMS 0x0000000087700000, 0x0000000087700000| Untracked 
| 120|0x0000000087800000, 0x0000000087800000, 0x0000000087900000|  0%| F|  |TAMS 0x0000000087800000, 0x0000000087800000| Untracked 
| 121|0x0000000087900000, 0x0000000087900000, 0x0000000087a00000|  0%| F|  |TAMS 0x0000000087900000, 0x0000000087900000| Untracked 
| 122|0x0000000087a00000, 0x0000000087a00000, 0x0000000087b00000|  0%| F|  |TAMS 0x0000000087a00000, 0x0000000087a00000| Untracked 
| 123|0x0000000087b00000, 0x0000000087b00000, 0x0000000087c00000|  0%| F|  |TAMS 0x0000000087b00000, 0x0000000087b00000| Untracked 
| 124|0x0000000087c00000, 0x0000000087c00000, 0x0000000087d00000|  0%| F|  |TAMS 0x0000000087c00000, 0x0000000087c00000| Untracked 
| 125|0x0000000087d00000, 0x0000000087d00000, 0x0000000087e00000|  0%| F|  |TAMS 0x0000000087d00000, 0x0000000087d00000| Untracked 
| 126|0x0000000087e00000, 0x0000000087e00000, 0x0000000087f00000|  0%| F|  |TAMS 0x0000000087e00000, 0x0000000087e00000| Untracked 
| 127|0x0000000087f00000, 0x0000000087f00000, 0x0000000088000000|  0%| F|  |TAMS 0x0000000087f00000, 0x0000000087f00000| Untracked 
| 128|0x0000000088000000, 0x0000000088100000, 0x0000000088100000|100%| S|CS|TAMS 0x0000000088000000, 0x0000000088000000| Complete 
| 129|0x0000000088100000, 0x0000000088200000, 0x0000000088200000|100%| S|CS|TAMS 0x0000000088100000, 0x0000000088100000| Complete 
| 130|0x0000000088200000, 0x0000000088300000, 0x0000000088300000|100%| S|CS|TAMS 0x0000000088200000, 0x0000000088200000| Complete 
| 131|0x0000000088300000, 0x0000000088400000, 0x0000000088400000|100%| S|CS|TAMS 0x0000000088300000, 0x0000000088300000| Complete 
| 132|0x0000000088400000, 0x0000000088500000, 0x0000000088500000|100%| S|CS|TAMS 0x0000000088400000, 0x0000000088400000| Complete 
| 133|0x0000000088500000, 0x0000000088500000, 0x0000000088600000|  0%| F|  |TAMS 0x0000000088500000, 0x0000000088500000| Untracked 
| 134|0x0000000088600000, 0x0000000088600000, 0x0000000088700000|  0%| F|  |TAMS 0x0000000088600000, 0x0000000088600000| Untracked 
| 135|0x0000000088700000, 0x0000000088700000, 0x0000000088800000|  0%| F|  |TAMS 0x0000000088700000, 0x0000000088700000| Untracked 
| 136|0x0000000088800000, 0x0000000088800000, 0x0000000088900000|  0%| F|  |TAMS 0x0000000088800000, 0x0000000088800000| Untracked 
| 137|0x0000000088900000, 0x0000000088900000, 0x0000000088a00000|  0%| F|  |TAMS 0x0000000088900000, 0x0000000088900000| Untracked 
| 138|0x0000000088a00000, 0x0000000088a00000, 0x0000000088b00000|  0%| F|  |TAMS 0x0000000088a00000, 0x0000000088a00000| Untracked 
| 139|0x0000000088b00000, 0x0000000088b00000, 0x0000000088c00000|  0%| F|  |TAMS 0x0000000088b00000, 0x0000000088b00000| Untracked 
| 140|0x0000000088c00000, 0x0000000088c00000, 0x0000000088d00000|  0%| F|  |TAMS 0x0000000088c00000, 0x0000000088c00000| Untracked 
| 141|0x0000000088d00000, 0x0000000088d00000, 0x0000000088e00000|  0%| F|  |TAMS 0x0000000088d00000, 0x0000000088d00000| Untracked 
| 142|0x0000000088e00000, 0x0000000088e00000, 0x0000000088f00000|  0%| F|  |TAMS 0x0000000088e00000, 0x0000000088e00000| Untracked 
| 143|0x0000000088f00000, 0x0000000088f00000, 0x0000000089000000|  0%| F|  |TAMS 0x0000000088f00000, 0x0000000088f00000| Untracked 
| 144|0x0000000089000000, 0x0000000089000000, 0x0000000089100000|  0%| F|  |TAMS 0x0000000089000000, 0x0000000089000000| Untracked 
| 145|0x0000000089100000, 0x0000000089100000, 0x0000000089200000|  0%| F|  |TAMS 0x0000000089100000, 0x0000000089100000| Untracked 
| 146|0x0000000089200000, 0x0000000089200000, 0x0000000089300000|  0%| F|  |TAMS 0x0000000089200000, 0x0000000089200000| Untracked 
| 147|0x0000000089300000, 0x0000000089300000, 0x0000000089400000|  0%| F|  |TAMS 0x0000000089300000, 0x0000000089300000| Untracked 
| 148|0x0000000089400000, 0x0000000089400000, 0x0000000089500000|  0%| F|  |TAMS 0x0000000089400000, 0x0000000089400000| Untracked 
| 149|0x0000000089500000, 0x0000000089500000, 0x0000000089600000|  0%| F|  |TAMS 0x0000000089500000, 0x0000000089500000| Untracked 
| 150|0x0000000089600000, 0x0000000089600000, 0x0000000089700000|  0%| F|  |TAMS 0x0000000089600000, 0x0000000089600000| Untracked 
| 151|0x0000000089700000, 0x0000000089700000, 0x0000000089800000|  0%| F|  |TAMS 0x0000000089700000, 0x0000000089700000| Untracked 
| 152|0x0000000089800000, 0x0000000089800000, 0x0000000089900000|  0%| F|  |TAMS 0x0000000089800000, 0x0000000089800000| Untracked 
| 153|0x0000000089900000, 0x0000000089900000, 0x0000000089a00000|  0%| F|  |TAMS 0x0000000089900000, 0x0000000089900000| Untracked 
| 154|0x0000000089a00000, 0x0000000089a00000, 0x0000000089b00000|  0%| F|  |TAMS 0x0000000089a00000, 0x0000000089a00000| Untracked 
| 155|0x0000000089b00000, 0x0000000089b00000, 0x0000000089c00000|  0%| F|  |TAMS 0x0000000089b00000, 0x0000000089b00000| Untracked 
| 156|0x0000000089c00000, 0x0000000089c00000, 0x0000000089d00000|  0%| F|  |TAMS 0x0000000089c00000, 0x0000000089c00000| Untracked 
| 157|0x0000000089d00000, 0x0000000089d00000, 0x0000000089e00000|  0%| F|  |TAMS 0x0000000089d00000, 0x0000000089d00000| Untracked 
| 158|0x0000000089e00000, 0x0000000089e00000, 0x0000000089f00000|  0%| F|  |TAMS 0x0000000089e00000, 0x0000000089e00000| Untracked 
| 159|0x0000000089f00000, 0x0000000089f00000, 0x000000008a000000|  0%| F|  |TAMS 0x0000000089f00000, 0x0000000089f00000| Untracked 
| 160|0x000000008a000000, 0x000000008a000000, 0x000000008a100000|  0%| F|  |TAMS 0x000000008a000000, 0x000000008a000000| Untracked 
| 161|0x000000008a100000, 0x000000008a100000, 0x000000008a200000|  0%| F|  |TAMS 0x000000008a100000, 0x000000008a100000| Untracked 
| 162|0x000000008a200000, 0x000000008a200000, 0x000000008a300000|  0%| F|  |TAMS 0x000000008a200000, 0x000000008a200000| Untracked 
| 163|0x000000008a300000, 0x000000008a300000, 0x000000008a400000|  0%| F|  |TAMS 0x000000008a300000, 0x000000008a300000| Untracked 
| 164|0x000000008a400000, 0x000000008a400000, 0x000000008a500000|  0%| F|  |TAMS 0x000000008a400000, 0x000000008a400000| Untracked 
| 165|0x000000008a500000, 0x000000008a500000, 0x000000008a600000|  0%| F|  |TAMS 0x000000008a500000, 0x000000008a500000| Untracked 
| 166|0x000000008a600000, 0x000000008a600000, 0x000000008a700000|  0%| F|  |TAMS 0x000000008a600000, 0x000000008a600000| Untracked 
| 167|0x000000008a700000, 0x000000008a700000, 0x000000008a800000|  0%| F|  |TAMS 0x000000008a700000, 0x000000008a700000| Untracked 
| 168|0x000000008a800000, 0x000000008a800000, 0x000000008a900000|  0%| F|  |TAMS 0x000000008a800000, 0x000000008a800000| Untracked 
| 169|0x000000008a900000, 0x000000008a900000, 0x000000008aa00000|  0%| F|  |TAMS 0x000000008a900000, 0x000000008a900000| Untracked 
| 170|0x000000008aa00000, 0x000000008aa00000, 0x000000008ab00000|  0%| F|  |TAMS 0x000000008aa00000, 0x000000008aa00000| Untracked 
| 171|0x000000008ab00000, 0x000000008ab00000, 0x000000008ac00000|  0%| F|  |TAMS 0x000000008ab00000, 0x000000008ab00000| Untracked 
| 172|0x000000008ac00000, 0x000000008ac00000, 0x000000008ad00000|  0%| F|  |TAMS 0x000000008ac00000, 0x000000008ac00000| Untracked 
| 173|0x000000008ad00000, 0x000000008ad00000, 0x000000008ae00000|  0%| F|  |TAMS 0x000000008ad00000, 0x000000008ad00000| Untracked 
| 174|0x000000008ae00000, 0x000000008ae00000, 0x000000008af00000|  0%| F|  |TAMS 0x000000008ae00000, 0x000000008ae00000| Untracked 
| 175|0x000000008af00000, 0x000000008af00000, 0x000000008b000000|  0%| F|  |TAMS 0x000000008af00000, 0x000000008af00000| Untracked 
| 176|0x000000008b000000, 0x000000008b000000, 0x000000008b100000|  0%| F|  |TAMS 0x000000008b000000, 0x000000008b000000| Untracked 
| 177|0x000000008b100000, 0x000000008b100000, 0x000000008b200000|  0%| F|  |TAMS 0x000000008b100000, 0x000000008b100000| Untracked 
| 178|0x000000008b200000, 0x000000008b200000, 0x000000008b300000|  0%| F|  |TAMS 0x000000008b200000, 0x000000008b200000| Untracked 
| 179|0x000000008b300000, 0x000000008b300000, 0x000000008b400000|  0%| F|  |TAMS 0x000000008b300000, 0x000000008b300000| Untracked 
| 180|0x000000008b400000, 0x000000008b400000, 0x000000008b500000|  0%| F|  |TAMS 0x000000008b400000, 0x000000008b400000| Untracked 
| 181|0x000000008b500000, 0x000000008b500000, 0x000000008b600000|  0%| F|  |TAMS 0x000000008b500000, 0x000000008b500000| Untracked 
| 182|0x000000008b600000, 0x000000008b600000, 0x000000008b700000|  0%| F|  |TAMS 0x000000008b600000, 0x000000008b600000| Untracked 
| 183|0x000000008b700000, 0x000000008b700000, 0x000000008b800000|  0%| F|  |TAMS 0x000000008b700000, 0x000000008b700000| Untracked 
| 184|0x000000008b800000, 0x000000008b800000, 0x000000008b900000|  0%| F|  |TAMS 0x000000008b800000, 0x000000008b800000| Untracked 

Card table byte_map: [0x00000225b9380000,0x00000225b9780000] _byte_map_base: 0x00000225b8f80000

Marking Bits (Prev, Next): (CMBitMap*) 0x00000225a61af888, (CMBitMap*) 0x00000225a61af8c0
 Prev Bits: [0x00000225b9b80000, 0x00000225bbb80000)
 Next Bits: [0x00000225bbb80000, 0x00000225bdb80000)

Polling page: 0x00000225a40a0000

Metaspace:

Usage:
  Non-class:     74.06 MB capacity,    72.46 MB ( 98%) used,     1.34 MB (  2%) free+waste,   268.25 KB ( <1%) overhead. 
      Class:     11.96 MB capacity,    10.97 MB ( 92%) used,   884.91 KB (  7%) free+waste,   125.06 KB (  1%) overhead. 
       Both:     86.02 MB capacity,    83.43 MB ( 97%) used,     2.21 MB (  3%) free+waste,   393.31 KB ( <1%) overhead. 

Virtual space:
  Non-class space:       76.00 MB reserved,      74.25 MB ( 98%) committed 
      Class space:        1.00 GB reserved,      12.07 MB (  1%) committed 
             Both:        1.07 GB reserved,      86.32 MB (  8%) committed 

Chunk freelists:
   Non-Class:  1.00 KB
       Class:  11.00 KB
        Both:  12.00 KB

MaxMetaspaceSize: 17179869184.00 GB
CompressedClassSpaceSize: 1.00 GB

CodeHeap 'non-profiled nmethods': size=120000Kb used=5868Kb max_used=5868Kb free=114132Kb
 bounds [0x00000225b1720000, 0x00000225b1ce0000, 0x00000225b8c50000]
CodeHeap 'profiled nmethods': size=120000Kb used=21352Kb max_used=21352Kb free=98647Kb
 bounds [0x00000225aa1f0000, 0x00000225ab6d0000, 0x00000225b1720000]
CodeHeap 'non-nmethods': size=5760Kb used=2290Kb max_used=2358Kb free=3470Kb
 bounds [0x00000225a9c50000, 0x00000225a9ec0000, 0x00000225aa1f0000]
 total_blobs=10902 nmethods=10014 adapters=799
 compilation: enabled
              stopped_count=0, restarted_count=0
 full_count=0

Compilation events (20 events):
Event: 14.351 Thread 0x00000225c420c800 nmethod 10152 0x00000225b1cd8c10 code [0x00000225b1cd8da0, 0x00000225b1cd8f78]
Event: 14.351 Thread 0x00000225c420c800 10153       4       com.android.tools.r8.internal.PF::a (98 bytes)
Event: 14.352 Thread 0x00000225c0e67800 nmethod 10081 0x00000225b1cd9110 code [0x00000225b1cd9320, 0x00000225b1cda038]
Event: 14.352 Thread 0x00000225c0e67800 9863       4       com.android.tools.r8.internal.xr::a (4 bytes)
Event: 14.352 Thread 0x00000225c0e67800 nmethod 9863 0x00000225b1cdaa10 code [0x00000225b1cdaba0, 0x00000225b1cdabf8]
Event: 14.352 Thread 0x00000225c0e67800 9839       4       sun.misc.Unsafe::compareAndSwapObject (13 bytes)
Event: 14.354 Thread 0x00000225c0e67800 nmethod 9839 0x00000225b1cdac90 code [0x00000225b1cdae20, 0x00000225b1cdaf58]
Event: 14.354 Thread 0x00000225c0e67800 10173       4       com.android.tools.r8.graph.A0::c (177 bytes)
Event: 14.373 Thread 0x00000225c0e6c000 nmethod 10148% 0x00000225ab685810 code [0x00000225ab687840, 0x00000225ab69f598]
Event: 14.373 Thread 0x00000225c0e6c000 10151 %     3       com.android.tools.r8.internal.nh::a @ 377 (990 bytes)
Event: 14.378 Thread 0x00000225c0e6c000 nmethod 10151% 0x00000225ab6acb10 code [0x00000225ab6acfa0, 0x00000225ab6b0288]
Event: 14.378 Thread 0x00000225c0e6c000 10186 %     3       java.util.IdentityHashMap::get @ 22 (60 bytes)
Event: 14.379 Thread 0x00000225c0e6c000 nmethod 10186% 0x00000225ab6b0e90 code [0x00000225ab6b1080, 0x00000225ab6b1548]
Event: 14.379 Thread 0x00000225c0e6c000 10187       2       com.android.tools.r8.internal.T6::a (6044 bytes)
Event: 14.414 Thread 0x00000225c0e6c000 nmethod 10187 0x00000225ab6b1790 code [0x00000225ab6b2560, 0x00000225ab6bc768]
Event: 14.415 Thread 0x00000225c0e6c000 10192       3       com.android.tools.r8.internal.nh::a (990 bytes)
Event: 14.419 Thread 0x00000225c0e6c000 nmethod 10192 0x00000225ab6c5990 code [0x00000225ab6c5e20, 0x00000225ab6c8f88]
Event: 14.419 Thread 0x00000225c0e6c000 10193       3       java.util.IdentityHashMap::get (60 bytes)
Event: 14.420 Thread 0x00000225c0e6c000 nmethod 10193 0x00000225ab6c9a90 code [0x00000225ab6c9c80, 0x00000225ab6ca0c8]
Event: 14.420 Thread 0x00000225c0e6c000 10183       2       com.android.tools.r8.graph.G0::a (138 bytes)

GC Heap History (20 events):
Event: 6.470 GC heap after
{Heap after GC invocations=9 (full 0):
 garbage-first heap   total 157696K, used 29193K [0x0000000080000000, 0x0000000100000000)
  region size 1024K, 3 young (3072K), 3 survivors (3072K)
 Metaspace       used 45146K, capacity 46247K, committed 46412K, reserved 1089536K
  class space    used 5802K, capacity 6192K, committed 6220K, reserved 1048576K
}
Event: 7.648 GC heap before
{Heap before GC invocations=9 (full 0):
 garbage-first heap   total 157696K, used 108041K [0x0000000080000000, 0x0000000100000000)
  region size 1024K, 77 young (78848K), 3 survivors (3072K)
 Metaspace       used 50472K, capacity 51854K, committed 52044K, reserved 1093632K
  class space    used 6444K, capacity 6913K, committed 6988K, reserved 1048576K
}
Event: 7.655 GC heap after
{Heap after GC invocations=10 (full 0):
 garbage-first heap   total 157696K, used 41716K [0x0000000080000000, 0x0000000100000000)
  region size 1024K, 10 young (10240K), 10 survivors (10240K)
 Metaspace       used 50472K, capacity 51854K, committed 52044K, reserved 1093632K
  class space    used 6444K, capacity 6913K, committed 6988K, reserved 1048576K
}
Event: 8.575 GC heap before
{Heap before GC invocations=10 (full 0):
 garbage-first heap   total 157696K, used 91892K [0x0000000080000000, 0x0000000100000000)
  region size 1024K, 60 young (61440K), 10 survivors (10240K)
 Metaspace       used 58624K, capacity 60192K, committed 60236K, reserved 1101824K
  class space    used 7441K, capacity 7985K, committed 8012K, reserved 1048576K
}
Event: 8.598 GC heap after
{Heap after GC invocations=11 (full 0):
 garbage-first heap   total 157696K, used 44830K [0x0000000080000000, 0x0000000100000000)
  region size 1024K, 4 young (4096K), 4 survivors (4096K)
 Metaspace       used 58624K, capacity 60192K, committed 60236K, reserved 1101824K
  class space    used 7441K, capacity 7985K, committed 8012K, reserved 1048576K
}
Event: 9.481 GC heap before
{Heap before GC invocations=12 (full 0):
 garbage-first heap   total 157696K, used 108318K [0x0000000080000000, 0x0000000100000000)
  region size 1024K, 66 young (67584K), 4 survivors (4096K)
 Metaspace       used 63222K, capacity 64874K, committed 65100K, reserved 1105920K
  class space    used 8049K, capacity 8656K, committed 8780K, reserved 1048576K
}
Event: 9.495 GC heap after
{Heap after GC invocations=13 (full 0):
 garbage-first heap   total 157696K, used 49872K [0x0000000080000000, 0x0000000100000000)
  region size 1024K, 8 young (8192K), 8 survivors (8192K)
 Metaspace       used 63222K, capacity 64874K, committed 65100K, reserved 1105920K
  class space    used 8049K, capacity 8656K, committed 8780K, reserved 1048576K
}
Event: 10.645 GC heap before
{Heap before GC invocations=14 (full 0):
 garbage-first heap   total 157696K, used 113360K [0x0000000080000000, 0x0000000100000000)
  region size 1024K, 70 young (71680K), 8 survivors (8192K)
 Metaspace       used 68799K, capacity 70674K, committed 70860K, reserved 1110016K
  class space    used 8894K, capacity 9562K, committed 9676K, reserved 1048576K
}
Event: 10.659 GC heap after
{Heap after GC invocations=15 (full 0):
 garbage-first heap   total 157696K, used 55736K [0x0000000080000000, 0x0000000100000000)
  region size 1024K, 6 young (6144K), 6 survivors (6144K)
 Metaspace       used 68799K, capacity 70674K, committed 70860K, reserved 1110016K
  class space    used 8894K, capacity 9562K, committed 9676K, reserved 1048576K
}
Event: 11.705 GC heap before
{Heap before GC invocations=15 (full 0):
 garbage-first heap   total 157696K, used 117176K [0x0000000080000000, 0x0000000100000000)
  region size 1024K, 66 young (67584K), 6 survivors (6144K)
 Metaspace       used 75243K, capacity 77244K, committed 77388K, reserved 1116160K
  class space    used 9808K, capacity 10535K, committed 10572K, reserved 1048576K
}
Event: 11.720 GC heap after
{Heap after GC invocations=16 (full 0):
 garbage-first heap   total 189440K, used 61286K [0x0000000080000000, 0x0000000100000000)
  region size 1024K, 6 young (6144K), 6 survivors (6144K)
 Metaspace       used 75243K, capacity 77244K, committed 77388K, reserved 1116160K
  class space    used 9808K, capacity 10535K, committed 10572K, reserved 1048576K
}
Event: 12.783 GC heap before
{Heap before GC invocations=16 (full 0):
 garbage-first heap   total 189440K, used 132966K [0x0000000080000000, 0x0000000100000000)
  region size 1024K, 77 young (78848K), 6 survivors (6144K)
 Metaspace       used 79096K, capacity 81440K, committed 81612K, reserved 1120256K
  class space    used 10383K, capacity 11205K, committed 11212K, reserved 1048576K
}
Event: 12.793 GC heap after
{Heap after GC invocations=17 (full 0):
 garbage-first heap   total 189440K, used 65827K [0x0000000080000000, 0x0000000100000000)
  region size 1024K, 10 young (10240K), 10 survivors (10240K)
 Metaspace       used 79096K, capacity 81440K, committed 81612K, reserved 1120256K
  class space    used 10383K, capacity 11205K, committed 11212K, reserved 1048576K
}
Event: 13.496 GC heap before
{Heap before GC invocations=17 (full 0):
 garbage-first heap   total 189440K, used 137507K [0x0000000080000000, 0x0000000100000000)
  region size 1024K, 81 young (82944K), 10 survivors (10240K)
 Metaspace       used 80191K, capacity 82577K, committed 82892K, reserved 1120256K
  class space    used 10466K, capacity 11378K, committed 11468K, reserved 1048576K
}
Event: 13.510 GC heap after
{Heap after GC invocations=18 (full 0):
 garbage-first heap   total 189440K, used 70473K [0x0000000080000000, 0x0000000100000000)
  region size 1024K, 10 young (10240K), 10 survivors (10240K)
 Metaspace       used 80191K, capacity 82577K, committed 82892K, reserved 1120256K
  class space    used 10466K, capacity 11378K, committed 11468K, reserved 1048576K
}
Event: 13.805 GC heap before
{Heap before GC invocations=18 (full 0):
 garbage-first heap   total 189440K, used 141129K [0x0000000080000000, 0x0000000100000000)
  region size 1024K, 80 young (81920K), 10 survivors (10240K)
 Metaspace       used 81768K, capacity 84294K, committed 84428K, reserved 1122304K
  class space    used 10692K, capacity 11629K, committed 11724K, reserved 1048576K
}
Event: 13.820 GC heap after
{Heap after GC invocations=19 (full 0):
 garbage-first heap   total 189440K, used 86113K [0x0000000080000000, 0x0000000100000000)
  region size 1024K, 10 young (10240K), 10 survivors (10240K)
 Metaspace       used 81768K, capacity 84294K, committed 84428K, reserved 1122304K
  class space    used 10692K, capacity 11629K, committed 11724K, reserved 1048576K
}
Event: 14.210 GC heap before
{Heap before GC invocations=19 (full 0):
 garbage-first heap   total 189440K, used 144481K [0x0000000080000000, 0x0000000100000000)
  region size 1024K, 67 young (68608K), 10 survivors (10240K)
 Metaspace       used 84785K, capacity 87464K, committed 87756K, reserved 1124352K
  class space    used 11146K, capacity 12145K, committed 12236K, reserved 1048576K
}
Event: 14.230 GC heap after
{Heap after GC invocations=20 (full 0):
 garbage-first heap   total 189440K, used 94208K [0x0000000080000000, 0x0000000100000000)
  region size 1024K, 9 young (9216K), 9 survivors (9216K)
 Metaspace       used 84785K, capacity 87464K, committed 87756K, reserved 1124352K
  class space    used 11146K, capacity 12145K, committed 12236K, reserved 1048576K
}
Event: 14.420 GC heap before
{Heap before GC invocations=20 (full 0):
 garbage-first heap   total 189440K, used 147456K [0x0000000080000000, 0x0000000100000000)
  region size 1024K, 61 young (62464K), 9 survivors (9216K)
 Metaspace       used 85430K, capacity 88084K, committed 88396K, reserved 1126400K
  class space    used 11235K, capacity 12245K, committed 12364K, reserved 1048576K
}

Deoptimization events (20 events):
Event: 14.302 Thread 0x00000225c1f40000 DEOPT UNPACKING pc=0x00000225a9c776ce sp=0x000000f3f09f9288 mode 0
Event: 14.302 Thread 0x00000225c1f45000 DEOPT UNPACKING pc=0x00000225a9c776ce sp=0x000000f3f0af8ae8 mode 0
Event: 14.303 Thread 0x00000225c1f45000 DEOPT PACKING pc=0x00000225ab60feb8 sp=0x000000f3f0af9710
Event: 14.303 Thread 0x00000225c1f45000 DEOPT UNPACKING pc=0x00000225a9c776ce sp=0x000000f3f0af8c38 mode 0
Event: 14.304 Thread 0x00000225c1f43800 DEOPT PACKING pc=0x00000225ab60fee8 sp=0x000000f3f0cf9980
Event: 14.304 Thread 0x00000225ca18b000 DEOPT PACKING pc=0x00000225ab60feb8 sp=0x000000f3f19f6ea0
Event: 14.304 Thread 0x00000225c1f43800 DEOPT UNPACKING pc=0x00000225a9c776ce sp=0x000000f3f0cf8ea8 mode 0
Event: 14.304 Thread 0x00000225ca18b000 DEOPT UNPACKING pc=0x00000225a9c776ce sp=0x000000f3f19f63c8 mode 0
Event: 14.305 Thread 0x00000225c1f43800 DEOPT PACKING pc=0x00000225ab60fee8 sp=0x000000f3f0cf9830
Event: 14.305 Thread 0x00000225c1f43800 DEOPT UNPACKING pc=0x00000225a9c776ce sp=0x000000f3f0cf8d58 mode 0
Event: 14.306 Thread 0x00000225c1f43800 DEOPT PACKING pc=0x00000225ab60fee8 sp=0x000000f3f0cf99e0
Event: 14.306 Thread 0x00000225c1f43800 DEOPT UNPACKING pc=0x00000225a9c776ce sp=0x000000f3f0cf8f08 mode 0
Event: 14.307 Thread 0x00000225c1f43800 DEOPT PACKING pc=0x00000225ab60feb8 sp=0x000000f3f0cf99e0
Event: 14.307 Thread 0x00000225c1f43800 DEOPT UNPACKING pc=0x00000225a9c776ce sp=0x000000f3f0cf8f08 mode 0
Event: 14.308 Thread 0x00000225c1f43800 DEOPT PACKING pc=0x00000225ab60fee8 sp=0x000000f3f0cf99e0
Event: 14.308 Thread 0x00000225c1f43800 DEOPT UNPACKING pc=0x00000225a9c776ce sp=0x000000f3f0cf8f08 mode 0
Event: 14.309 Thread 0x00000225c1f46800 DEOPT PACKING pc=0x00000225ab60fee8 sp=0x000000f3f0df9580
Event: 14.309 Thread 0x00000225c1f46800 DEOPT UNPACKING pc=0x00000225a9c776ce sp=0x000000f3f0df8aa8 mode 0
Event: 14.308 Thread 0x00000225c1f45000 DEOPT PACKING pc=0x00000225ab60feb8 sp=0x000000f3f0af9770
Event: 14.309 Thread 0x00000225c1f45000 DEOPT UNPACKING pc=0x00000225a9c776ce sp=0x000000f3f0af8c98 mode 0

Classes redefined (0 events):
No events

Internal exceptions (20 events):
Event: 13.731 Thread 0x00000225c1f45000 Exception <a 'sun/nio/fs/WindowsException'{0x0000000088faf8e8}> (0x0000000088faf8e8) thrown at [./src/hotspot/share/prims/jni.cpp, line 615]
Event: 13.759 Thread 0x00000225c1f46800 Exception <a 'sun/nio/fs/WindowsException'{0x0000000088214050}> (0x0000000088214050) thrown at [./src/hotspot/share/prims/jni.cpp, line 615]
Event: 13.782 Thread 0x00000225ca18b000 Exception <a 'sun/nio/fs/WindowsException'{0x00000000879ff160}> (0x00000000879ff160) thrown at [./src/hotspot/share/prims/jni.cpp, line 615]
Event: 13.828 Thread 0x00000225c1f40000 Exception <a 'sun/nio/fs/WindowsException'{0x000000008b644570}> (0x000000008b644570) thrown at [./src/hotspot/share/prims/jni.cpp, line 615]
Event: 13.945 Thread 0x00000225c1f43800 Exception <a 'java/lang/NoSuchMethodError'{0x000000008b19c620}: 'java.lang.Object java.lang.invoke.DirectMethodHandle$Holder.invokeStatic(java.lang.Object, java.lang.Object, java.lang.Object, java.lang.Object, java.lang.Object, java.lang.Object, java.lang.Object, java.lang.Object, java.lang.Object, java.lang.Object, java.lang.Object, java.lang.Object, java.lang.Object, java.lang.Object, java.lang.Object, java.lang.Object, java.lang.Object, java.lang.Object, int, java.lang.Object)'> (0x000000008b19c620) thr
Event: 13.945 Thread 0x00000225c1f43800 Exception <a 'java/lang/NoSuchMethodError'{0x000000008b1a26a8}: 'java.lang.Object java.lang.invoke.DirectMethodHandle$Holder.invokeStaticInit(java.lang.Object, java.lang.Object, java.lang.Object, java.lang.Object, java.lang.Object, java.lang.Object, java.lang.Object, java.lang.Object, java.lang.Object, java.lang.Object, java.lang.Object, java.lang.Object, java.lang.Object, java.lang.Object, java.lang.Object, java.lang.Object, java.lang.Object, java.lang.Object, int, java.lang.Object)'> (0x000000008b1a26a8)
Event: 13.974 Thread 0x00000225c1f46800 Exception <a 'java/lang/IncompatibleClassChangeError'{0x000000008b2ed790}: Found class java.lang.Object, but interface was expected> (0x000000008b2ed790) thrown at [./src/hotspot/share/interpreter/linkResolver.cpp, line 839]
Event: 13.974 Thread 0x00000225c1f45000 Exception <a 'java/lang/IncompatibleClassChangeError'{0x000000008b0a58b8}: Found class java.lang.Object, but interface was expected> (0x000000008b0a58b8) thrown at [./src/hotspot/share/interpreter/linkResolver.cpp, line 839]
Event: 13.974 Thread 0x00000225c1f43800 Exception <a 'java/lang/IncompatibleClassChangeError'{0x000000008b016220}: Found class java.lang.Object, but interface was expected> (0x000000008b016220) thrown at [./src/hotspot/share/interpreter/linkResolver.cpp, line 839]
Event: 13.974 Thread 0x00000225ca18b000 Exception <a 'java/lang/IncompatibleClassChangeError'{0x000000008b11ee90}: Found class java.lang.Object, but interface was expected> (0x000000008b11ee90) thrown at [./src/hotspot/share/interpreter/linkResolver.cpp, line 839]
Event: 13.974 Thread 0x00000225c1f40000 Exception <a 'java/lang/IncompatibleClassChangeError'{0x000000008b224ef8}: Found class java.lang.Object, but interface was expected> (0x000000008b224ef8) thrown at [./src/hotspot/share/interpreter/linkResolver.cpp, line 839]
Event: 14.005 Thread 0x00000225c1f45000 Exception <a 'java/lang/NoSuchMethodError'{0x000000008ad75468}: 'long java.lang.invoke.DirectMethodHandle$Holder.invokeStatic(java.lang.Object, long, java.lang.Object)'> (0x000000008ad75468) thrown at [./src/hotspot/share/interpreter/linkResolver.cpp, line 773]
Event: 14.006 Thread 0x00000225c1f45000 Exception <a 'java/lang/NoSuchMethodError'{0x000000008ad7ae00}: 'java.lang.Object java.lang.invoke.DirectMethodHandle$Holder.invokeStatic(java.lang.Object, long)'> (0x000000008ad7ae00) thrown at [./src/hotspot/share/interpreter/linkResolver.cpp, line 773]
Event: 14.007 Thread 0x00000225c1f46800 Exception <a 'java/lang/NoSuchMethodError'{0x000000008ae0dd20}: 'java.lang.Object java.lang.invoke.Invokers$Holder.linkToTargetMethod(long, java.lang.Object)'> (0x000000008ae0dd20) thrown at [./src/hotspot/share/interpreter/linkResolver.cpp, line 773]
Event: 14.149 Thread 0x00000225c1f45000 Exception <a 'java/lang/NoSuchMethodError'{0x0000000089008528}: 'int java.lang.invoke.DirectMethodHandle$Holder.invokeVirtual(java.lang.Object, java.lang.Object, java.lang.Object, java.lang.Object)'> (0x0000000089008528) thrown at [./src/hotspot/share/interpreter/linkResolver.cpp, line 773]
Event: 14.149 Thread 0x00000225c1f43800 Exception <a 'java/lang/NoSuchMethodError'{0x0000000089283e90}: 'int java.lang.invoke.DirectMethodHandle$Holder.invokeVirtual(java.lang.Object, java.lang.Object, java.lang.Object, java.lang.Object)'> (0x0000000089283e90) thrown at [./src/hotspot/share/interpreter/linkResolver.cpp, line 773]
Event: 14.188 Thread 0x00000225c1f45000 Exception <a 'java/lang/NoSuchMethodError'{0x00000000886e05c0}: 'void java.lang.invoke.DirectMethodHandle$Holder.invokeStatic(java.lang.Object, java.lang.Object, java.lang.Object, int)'> (0x00000000886e05c0) thrown at [./src/hotspot/share/interpreter/linkResolver.cpp, line 773]
Event: 14.189 Thread 0x00000225c1f43800 Exception <a 'java/lang/NoSuchMethodError'{0x00000000887aa5a8}: 'void java.lang.invoke.DirectMethodHandle$Holder.invokeStatic(java.lang.Object, java.lang.Object, java.lang.Object, int)'> (0x00000000887aa5a8) thrown at [./src/hotspot/share/interpreter/linkResolver.cpp, line 773]
Event: 14.190 Thread 0x00000225c1f45000 Exception <a 'java/lang/IncompatibleClassChangeError'{0x00000000886e6308}: Found class java.lang.Object, but interface was expected> (0x00000000886e6308) thrown at [./src/hotspot/share/interpreter/linkResolver.cpp, line 839]
Event: 14.197 Thread 0x00000225c1f43800 Exception <a 'java/lang/NoSuchMethodError'{0x0000000088379c80}: 'int java.lang.invoke.DirectMethodHandle$Holder.invokeVirtual(java.lang.Object, java.lang.Object, java.lang.Object)'> (0x0000000088379c80) thrown at [./src/hotspot/share/interpreter/linkResolver.cpp, line 773]

Events (20 events):
Event: 14.413 loading class com/android/tools/r8/graph/W0$f done
Event: 14.413 loading class com/android/tools/r8/graph/W0$e
Event: 14.413 loading class com/android/tools/r8/graph/W0$e done
Event: 14.413 loading class com/android/tools/r8/graph/W0$d
Event: 14.413 loading class com/android/tools/r8/graph/W0$d done
Event: 14.414 loading class com/android/tools/r8/graph/W0$c
Event: 14.414 loading class com/android/tools/r8/graph/W0$c done
Event: 14.415 loading class com/android/tools/r8/graph/W0$j
Event: 14.415 loading class com/android/tools/r8/graph/W0$j done
Event: 14.416 loading class com/android/tools/r8/graph/W0$b
Event: 14.416 loading class com/android/tools/r8/graph/W0$b done
Event: 14.416 loading class com/android/tools/r8/graph/W0$g
Event: 14.416 loading class com/android/tools/r8/graph/W0$g done
Event: 14.417 loading class com/android/tools/r8/shaking/l0
Event: 14.417 loading class com/android/tools/r8/shaking/l0 done
Event: 14.418 loading class com/android/tools/r8/graph/g0
Event: 14.418 loading class com/android/tools/r8/graph/g0 done
Event: 14.419 loading class com/android/tools/r8/internal/Nt
Event: 14.419 loading class com/android/tools/r8/internal/Nt done
Event: 14.420 Executing VM operation: G1CollectForAllocation


Dynamic libraries:
0x00007ff77c400000 - 0x00007ff77c40a000 	C:\Program Files\Android\Android Studio\jre\bin\java.exe
0x00007ffcc8940000 - 0x00007ffcc8b47000 	C:\Windows\SYSTEM32\ntdll.dll
0x00007ffcc71a0000 - 0x00007ffcc725d000 	C:\Windows\System32\KERNEL32.DLL
0x00007ffcc6330000 - 0x00007ffcc66a4000 	C:\Windows\System32\KERNELBASE.dll
0x00007ffcc33d0000 - 0x00007ffcc3461000 	C:\Windows\SYSTEM32\apphelp.dll
0x00007ffcc66b0000 - 0x00007ffcc67c1000 	C:\Windows\System32\ucrtbase.dll
0x00007ffcbe010000 - 0x00007ffcbe029000 	C:\Program Files\Android\Android Studio\jre\bin\jli.dll
0x00007ffcbe030000 - 0x00007ffcbe047000 	C:\Program Files\Android\Android Studio\jre\bin\VCRUNTIME140.dll
0x00007ffcc7d10000 - 0x00007ffcc7ebc000 	C:\Windows\System32\USER32.dll
0x00007ffca8770000 - 0x00007ffca8a15000 	C:\Windows\WinSxS\amd64_microsoft.windows.common-controls_6595b64144ccf1df_6.0.22000.120_none_9d947278b86cc467\COMCTL32.dll
0x00007ffcc6300000 - 0x00007ffcc6326000 	C:\Windows\System32\win32u.dll
0x00007ffcc7540000 - 0x00007ffcc75e3000 	C:\Windows\System32\msvcrt.dll
0x00007ffcc7020000 - 0x00007ffcc7049000 	C:\Windows\System32\GDI32.dll
0x00007ffcc6120000 - 0x00007ffcc6232000 	C:\Windows\System32\gdi32full.dll
0x00007ffcc5f90000 - 0x00007ffcc602d000 	C:\Windows\System32\msvcp_win.dll
0x00007ffcc7260000 - 0x00007ffcc7291000 	C:\Windows\System32\IMM32.DLL
0x00007ffcbd4b0000 - 0x00007ffcbd54d000 	C:\Program Files\Android\Android Studio\jre\bin\msvcp140.dll
0x00007ffc80200000 - 0x00007ffc80ccf000 	C:\Program Files\Android\Android Studio\jre\bin\server\jvm.dll
0x00007ffcc67d0000 - 0x00007ffcc687c000 	C:\Windows\System32\ADVAPI32.dll
0x00007ffcc6de0000 - 0x00007ffcc6e7d000 	C:\Windows\System32\sechost.dll
0x00007ffcc8720000 - 0x00007ffcc8841000 	C:\Windows\System32\RPCRT4.dll
0x00007ffcc7530000 - 0x00007ffcc7538000 	C:\Windows\System32\PSAPI.DLL
0x00007ffcc02c0000 - 0x00007ffcc02c9000 	C:\Windows\SYSTEM32\WSOCK32.dll
0x00007ffcbe0e0000 - 0x00007ffcbe113000 	C:\Windows\SYSTEM32\WINMM.dll
0x00007ffcc7ca0000 - 0x00007ffcc7d0f000 	C:\Windows\System32\WS2_32.dll
0x00007ffcbc560000 - 0x00007ffcbc56a000 	C:\Windows\SYSTEM32\VERSION.dll
0x00007ffcc4ff0000 - 0x00007ffcc5008000 	C:\Windows\SYSTEM32\kernel.appcore.dll
0x00007ffcb9e80000 - 0x00007ffcb9e91000 	C:\Program Files\Android\Android Studio\jre\bin\verify.dll
0x00007ffcbf790000 - 0x00007ffcbf9b1000 	C:\Windows\SYSTEM32\DBGHELP.DLL
0x00007ffcabf10000 - 0x00007ffcabf41000 	C:\Windows\SYSTEM32\dbgcore.DLL
0x00007ffcc6030000 - 0x00007ffcc60b0000 	C:\Windows\System32\bcryptPrimitives.dll
0x00007ffcb3d60000 - 0x00007ffcb3d89000 	C:\Program Files\Android\Android Studio\jre\bin\java.dll
0x00007ffcc02b0000 - 0x00007ffcc02bb000 	C:\Program Files\Android\Android Studio\jre\bin\jimage.dll
0x00007ffcb4700000 - 0x00007ffcb4718000 	C:\Program Files\Android\Android Studio\jre\bin\zip.dll
0x00007ffcc7f50000 - 0x00007ffcc86f9000 	C:\Windows\System32\SHELL32.dll
0x00007ffcc3fd0000 - 0x00007ffcc4832000 	C:\Windows\SYSTEM32\windows.storage.dll
0x00007ffcc6970000 - 0x00007ffcc6ce8000 	C:\Windows\System32\combase.dll
0x00007ffcc3e60000 - 0x00007ffcc3fc6000 	C:\Windows\SYSTEM32\wintypes.dll
0x00007ffcc70b0000 - 0x00007ffcc719a000 	C:\Windows\System32\SHCORE.dll
0x00007ffcc6880000 - 0x00007ffcc68dd000 	C:\Windows\System32\shlwapi.dll
0x00007ffcc5d50000 - 0x00007ffcc5d71000 	C:\Windows\SYSTEM32\profapi.dll
0x00007ffcac4c0000 - 0x00007ffcac4da000 	C:\Program Files\Android\Android Studio\jre\bin\net.dll
0x00007ffcc07c0000 - 0x00007ffcc08cc000 	C:\Windows\SYSTEM32\WINHTTP.dll
0x00007ffcc5450000 - 0x00007ffcc54b7000 	C:\Windows\system32\mswsock.dll
0x00007ffcac250000 - 0x00007ffcac264000 	C:\Program Files\Android\Android Studio\jre\bin\nio.dll
0x00007ffca62f0000 - 0x00007ffca6317000 	C:\Users\hsibin\.gradle\native\8bec1ad78214c89d9ad589b4d07fe93259594b29d510b10fafb7a158f7737e5d\windows-amd64\native-platform.dll
0x00007ffc8a7d0000 - 0x00007ffc8a90d000 	C:\Users\hsibin\.gradle\native\53dbd7edfb1c66fb8903c78663c9afc45aea4f116125fa6feffd364cf09443e8\windows-amd64\native-platform-file-events.dll
0x00007ffcc0290000 - 0x00007ffcc029a000 	C:\Program Files\Android\Android Studio\jre\bin\management.dll
0x00007ffcbd490000 - 0x00007ffcbd49c000 	C:\Program Files\Android\Android Studio\jre\bin\management_ext.dll
0x00007ffcc5690000 - 0x00007ffcc56a8000 	C:\Windows\SYSTEM32\CRYPTSP.dll
0x00007ffcc4f20000 - 0x00007ffcc4f55000 	C:\Windows\system32\rsaenh.dll
0x00007ffcc5540000 - 0x00007ffcc5569000 	C:\Windows\SYSTEM32\USERENV.dll
0x00007ffcc5810000 - 0x00007ffcc5837000 	C:\Windows\SYSTEM32\bcrypt.dll
0x00007ffcc56b0000 - 0x00007ffcc56bc000 	C:\Windows\SYSTEM32\CRYPTBASE.dll
0x00007ffcc4a80000 - 0x00007ffcc4aad000 	C:\Windows\SYSTEM32\IPHLPAPI.DLL
0x00007ffcc68e0000 - 0x00007ffcc68e9000 	C:\Windows\System32\NSI.dll
0x00007ffcc0680000 - 0x00007ffcc0699000 	C:\Windows\SYSTEM32\dhcpcsvc6.DLL
0x00007ffcc0a10000 - 0x00007ffcc0a2e000 	C:\Windows\SYSTEM32\dhcpcsvc.DLL
0x00007ffcc4ab0000 - 0x00007ffcc4b97000 	C:\Windows\SYSTEM32\DNSAPI.dll

dbghelp: loaded successfully - version: 4.0.5 - missing functions: none
symbol engine: initialized successfully - sym options: 0x614 - pdb path: .;C:\Program Files\Android\Android Studio\jre\bin;C:\Windows\SYSTEM32;C:\Windows\WinSxS\amd64_microsoft.windows.common-controls_6595b64144ccf1df_6.0.22000.120_none_9d947278b86cc467;C:\Program Files\Android\Android Studio\jre\bin\server;C:\Users\hsibin\.gradle\native\8bec1ad78214c89d9ad589b4d07fe93259594b29d510b10fafb7a158f7737e5d\windows-amd64;C:\Users\hsibin\.gradle\native\53dbd7edfb1c66fb8903c78663c9afc45aea4f116125fa6feffd364cf09443e8\windows-amd64

VM Arguments:
jvm_args: --add-opens=java.base/java.util=ALL-UNNAMED --add-opens=java.base/java.lang=ALL-UNNAMED --add-opens=java.base/java.lang.invoke=ALL-UNNAMED --add-opens=java.base/java.util=ALL-UNNAMED --add-opens=java.prefs/java.util.prefs=ALL-UNNAMED --add-opens=java.prefs/java.util.prefs=ALL-UNNAMED --add-opens=java.base/java.nio.charset=ALL-UNNAMED --add-opens=java.base/java.net=ALL-UNNAMED --add-opens=java.base/java.util.concurrent.atomic=ALL-UNNAMED -Xmx2048m -Dfile.encoding=UTF-8 -Duser.country=CN -Duser.language=zh -Duser.variant 
java_command: org.gradle.launcher.daemon.bootstrap.GradleDaemon 7.0.2
java_class_path (initial): C:\Users\hsibin\.gradle\wrapper\dists\gradle-7.0.2-bin\857tjihv64xamwrf0h14cai3r\gradle-7.0.2\lib\gradle-launcher-7.0.2.jar
Launcher Type: SUN_STANDARD

[Global flags]
     intx CICompilerCount                          = 4                                         {product} {ergonomic}
     uint ConcGCThreads                            = 2                                         {product} {ergonomic}
     uint G1ConcRefinementThreads                  = 8                                         {product} {ergonomic}
   size_t G1HeapRegionSize                         = 1048576                                   {product} {ergonomic}
    uintx GCDrainStackTargetSize                   = 64                                        {product} {ergonomic}
   size_t InitialHeapSize                          = 134217728                                 {product} {ergonomic}
   size_t MarkStackSize                            = 4194304                                   {product} {ergonomic}
   size_t MaxHeapSize                              = 2147483648                                {product} {command line}
   size_t MaxNewSize                               = 1287651328                                {product} {ergonomic}
   size_t MinHeapDeltaBytes                        = 1048576                                   {product} {ergonomic}
    uintx NonNMethodCodeHeapSize                   = 5836300                                {pd product} {ergonomic}
    uintx NonProfiledCodeHeapSize                  = 122910970                              {pd product} {ergonomic}
    uintx ProfiledCodeHeapSize                     = 122910970                              {pd product} {ergonomic}
    uintx ReservedCodeCacheSize                    = 251658240                              {pd product} {ergonomic}
     bool SegmentedCodeCache                       = true                                      {product} {ergonomic}
     bool UseCompressedClassPointers               = true                                 {lp64_product} {ergonomic}
     bool UseCompressedOops                        = true                                 {lp64_product} {ergonomic}
     bool UseG1GC                                  = true                                      {product} {ergonomic}
     bool UseLargePagesIndividualAllocation        = false                                  {pd product} {ergonomic}

Logging:
Log output configuration:
 #0: stdout all=warning uptime,level,tags
 #1: stderr all=off uptime,level,tags

Environment Variables:
PATH=C:\Program Files (x86)\Common Files\Oracle\Java\javapath;C:\Windows\system32;C:\Windows;C:\Windows\System32\Wbem;C:\Windows\System32\WindowsPowerShell\v1.0\;C:\Windows\System32\OpenSSH\;C:\Program Files\Git\cmd;C:\Users\hsibin\AppData\Local\Microsoft\WindowsApps;;C:\Program Files\JetBrains\IntelliJ IDEA 2021.2.2\bin;;C:\Program Files\JetBrains\WebStorm 2021.2.2\bin;
USERNAME=hsibin
OS=Windows_NT
PROCESSOR_IDENTIFIER=Intel64 Family 6 Model 142 Stepping 10, GenuineIntel



---------------  S Y S T E M  ---------------

OS: Windows 10 , 64 bit Build 22000 (10.0.22000.120)
OS uptime: 0 days 5:40 hours

CPU:total 8 (initial active 8) (4 cores per cpu, 2 threads per core) family 6 model 142 stepping 10 microcode 0xe8, cmov, cx8, fxsr, mmx, sse, sse2, sse3, ssse3, sse4.1, sse4.2, popcnt, avx, avx2, aes, clmul, erms, 3dnowpref, lzcnt, ht, tsc, tscinvbit, bmi1, bmi2, adx, fma

Memory: 4k page, system-wide physical 8109M (533M free)
TotalPageFile size 12205M (AvailPageFile size 6M)
current process WorkingSet (physical memory assigned to process): 489M, peak: 489M
current process commit charge ("private bytes"): 557M, peak: 594M

vm_info: OpenJDK 64-Bit Server VM (11.0.10+0-b96-7249189) for windows-amd64 JRE (11.0.10+0-b96-7249189), built on Mar 31 2021 21:44:00 by "builder" with MS VC++ 14.0 (VS2015)

END.
