#
# There is insufficient memory for the Java Runtime Environment to continue.
# Native memory allocation (mmap) failed to map 38797312 bytes for Failed to commit area from 0x000000008b900000 to 0x000000008de00000 of length 38797312.
# Possible reasons:
#   The system is out of physical RAM or swap space
#   The process is running with CompressedOops enabled, and the Java Heap may be blocking the growth of the native heap
# Possible solutions:
#   Reduce memory load on the system
#   Increase physical memory or swap space
#   Check if swap backing store is full
#   Decrease Java heap size (-Xmx/-Xms)
#   Decrease number of Java threads
#   Decrease Java thread stack sizes (-Xss)
#   Set larger code cache with -XX:ReservedCodeCacheSize=
#   JVM is running with Unscaled Compressed Oops mode in which the Java heap is
#     placed in the first 4GB address space. The Java Heap base address is the
#     maximum limit for the native heap growth. Please use -XX:HeapBaseMinAddress
#     to set the Java Heap base and to place the Java Heap above 4GB virtual address.
# This output file may be truncated or incomplete.
#
#  Out of Memory Error (./src/hotspot/os/windows/os_windows.cpp:3301), pid=12360, tid=13024
#
# JRE version: OpenJDK Runtime Environment (11.0.10) (build 11.0.10+0-b96-7249189)
# Java VM: OpenJDK 64-Bit Server VM (11.0.10+0-b96-7249189, mixed mode, tiered, compressed oops, g1 gc, windows-amd64)
# No core dump will be written. Minidumps are not enabled by default on client versions of Windows
#

---------------  S U M M A R Y ------------

Command Line: --add-opens=java.base/java.util=ALL-UNNAMED --add-opens=java.base/java.lang=ALL-UNNAMED --add-opens=java.base/java.lang.invoke=ALL-UNNAMED --add-opens=java.base/java.util=ALL-UNNAMED --add-opens=java.prefs/java.util.prefs=ALL-UNNAMED --add-opens=java.prefs/java.util.prefs=ALL-UNNAMED --add-opens=java.base/java.nio.charset=ALL-UNNAMED --add-opens=java.base/java.net=ALL-UNNAMED --add-opens=java.base/java.util.concurrent.atomic=ALL-UNNAMED -Xmx2048m -Dfile.encoding=UTF-8 -Duser.country=CN -Duser.language=zh -Duser.variant org.gradle.launcher.daemon.bootstrap.GradleDaemon 7.0.2

Host: Intel(R) Core(TM) i5-8250U CPU @ 1.60GHz, 8 cores, 7G,  Windows 10 , 64 bit Build 22000 (10.0.22000.120)
Time: Sat Oct 16 19:45:41 2021 中国标准时间 elapsed time: 16.012352 seconds (0d 0h 0m 16s)

---------------  T H R E A D  ---------------

Current thread (0x00000246a9492800):  VMThread "VM Thread" [stack: 0x000000ef32c00000,0x000000ef32d00000] [id=13024]

Stack: [0x000000ef32c00000,0x000000ef32d00000]
[error occurred during error reporting (printing stack bounds), id 0xc0000005, EXCEPTION_ACCESS_VIOLATION (0xc0000005) at pc=0x0000024692b10f2d]

Native frames: (J=compiled Java code, j=interpreted, Vv=VM code, C=native code)
V  [jvm.dll+0x5ecfaa]
V  [jvm.dll+0x722bd5]
V  [jvm.dll+0x72412d]
V  [jvm.dll+0x724745]
V  [jvm.dll+0x7246fb]
V  [jvm.dll+0x5ec348]
V  [jvm.dll+0x5ecad8]
C  [ntdll.dll+0xa826f]
C  [ntdll.dll+0x359ca]
C  [ntdll.dll+0xa727e]
C  0x0000024692b10f2d

VM_Operation (0x000000ef35ef9130): G1CollectForAllocation, mode: safepoint, requested by thread 0x00000246af03f000


---------------  P R O C E S S  ---------------

Threads class SMR info:
_java_thread_list=0x00000246b11bbf50, length=61, elements={
0x000002468f02e000, 0x00000246a94a8000, 0x00000246a94a9000, 0x00000246a9d1b800,
0x00000246a9d1c000, 0x00000246a9d1d000, 0x00000246a9d1f800, 0x00000246a9d21000,
0x00000246a9d26000, 0x00000246a9e9c000, 0x00000246ab62b000, 0x00000246aa14d800,
0x00000246ab8fe000, 0x00000246ac26c000, 0x00000246ac73d800, 0x00000246ab535800,
0x00000246acff6800, 0x00000246ac5ef800, 0x00000246ac5f0000, 0x00000246acc7d800,
0x00000246acc7c000, 0x00000246acc79800, 0x00000246acc7d000, 0x00000246ad429800,
0x00000246acc78000, 0x00000246acc7b000, 0x00000246acc7e800, 0x00000246acc7a800,
0x00000246acc79000, 0x00000246ad229800, 0x00000246ad228000, 0x00000246ad225000,
0x00000246ad227800, 0x00000246ad22b800, 0x00000246af0a5000, 0x00000246af03e000,
0x00000246af044000, 0x00000246af042800, 0x00000246af041800, 0x00000246af043000,
0x00000246af045000, 0x00000246af03f000, 0x00000246af045800, 0x00000246af040000,
0x00000246af046800, 0x00000246af040800, 0x00000246af04a800, 0x00000246af04d000,
0x00000246af047000, 0x00000246af04c000, 0x00000246af048000, 0x00000246af049000,
0x00000246af04b800, 0x00000246aa6f4800, 0x00000246aa6f5800, 0x00000246aa6f1800,
0x00000246aa6f6000, 0x00000246aa6f2000, 0x00000246aa6f4000, 0x00000246aa6f0800,
0x00000246aa6f7000
}

Java Threads: ( => current thread )
  0x000002468f02e000 JavaThread "main" [_thread_blocked, id=11656, stack(0x000000ef32600000,0x000000ef32700000)]
  0x00000246a94a8000 JavaThread "Reference Handler" daemon [_thread_blocked, id=11832, stack(0x000000ef32d00000,0x000000ef32e00000)]
  0x00000246a94a9000 JavaThread "Finalizer" daemon [_thread_blocked, id=1796, stack(0x000000ef32e00000,0x000000ef32f00000)]
  0x00000246a9d1b800 JavaThread "Signal Dispatcher" daemon [_thread_blocked, id=11276, stack(0x000000ef32f00000,0x000000ef33000000)]
  0x00000246a9d1c000 JavaThread "Attach Listener" daemon [_thread_blocked, id=12352, stack(0x000000ef33000000,0x000000ef33100000)]
  0x00000246a9d1d000 JavaThread "Service Thread" daemon [_thread_blocked, id=12384, stack(0x000000ef33100000,0x000000ef33200000)]
  0x00000246a9d1f800 JavaThread "C2 CompilerThread0" daemon [_thread_blocked, id=3032, stack(0x000000ef33200000,0x000000ef33300000)]
  0x00000246a9d21000 JavaThread "C1 CompilerThread0" daemon [_thread_blocked, id=5772, stack(0x000000ef33300000,0x000000ef33400000)]
  0x00000246a9d26000 JavaThread "Sweeper thread" daemon [_thread_blocked, id=5016, stack(0x000000ef33400000,0x000000ef33500000)]
  0x00000246a9e9c000 JavaThread "Common-Cleaner" daemon [_thread_blocked, id=3560, stack(0x000000ef33500000,0x000000ef33600000)]
  0x00000246ab62b000 JavaThread "Daemon health stats" [_thread_blocked, id=10628, stack(0x000000ef33b00000,0x000000ef33c00000)]
  0x00000246aa14d800 JavaThread "Incoming local TCP Connector on port 62728" [_thread_in_native, id=4820, stack(0x000000ef33700000,0x000000ef33800000)]
  0x00000246ab8fe000 JavaThread "Daemon periodic checks" [_thread_blocked, id=3884, stack(0x000000ef33a00000,0x000000ef33b00000)]
  0x00000246ac26c000 JavaThread "Daemon" [_thread_blocked, id=12264, stack(0x000000ef33c00000,0x000000ef33d00000)]
  0x00000246ac73d800 JavaThread "Handler for socket connection from /127.0.0.1:62728 to /127.0.0.1:60541" [_thread_in_native, id=6056, stack(0x000000ef33d00000,0x000000ef33e00000)]
  0x00000246ab535800 JavaThread "Cancel handler" [_thread_blocked, id=11928, stack(0x000000ef34300000,0x000000ef34400000)]
  0x00000246acff6800 JavaThread "Daemon worker" [_thread_blocked, id=13080, stack(0x000000ef34400000,0x000000ef34500000)]
  0x00000246ac5ef800 JavaThread "Asynchronous log dispatcher for DefaultDaemonConnection: socket connection from /127.0.0.1:62728 to /127.0.0.1:60541" [_thread_blocked, id=9652, stack(0x000000ef34600000,0x000000ef34700000)]
  0x00000246ac5f0000 JavaThread "Stdin handler" [_thread_blocked, id=11504, stack(0x000000ef34700000,0x000000ef34800000)]
  0x00000246acc7d800 JavaThread "Daemon client event forwarder" [_thread_blocked, id=6500, stack(0x000000ef34800000,0x000000ef34900000)]
  0x00000246acc7c000 JavaThread "Cache worker for file hash cache (C:\Users\hsibin\.gradle\caches\7.0.2\fileHashes)" [_thread_blocked, id=8064, stack(0x000000ef34500000,0x000000ef34600000)]
  0x00000246acc79800 JavaThread "File lock request listener" [_thread_in_native, id=11972, stack(0x000000ef34900000,0x000000ef34a00000)]
  0x00000246acc7d000 JavaThread "Cache worker for journal cache (C:\Users\hsibin\.gradle\caches\journal-1)" [_thread_blocked, id=2944, stack(0x000000ef34b00000,0x000000ef34c00000)]
  0x00000246ad429800 JavaThread "C2 CompilerThread1" daemon [_thread_in_native, id=6700, stack(0x000000ef34c00000,0x000000ef34d00000)]
  0x00000246acc78000 JavaThread "Cache worker for file hash cache (C:\Users\hsibin\AndroidStudioProjects\stage2\.gradle\7.0.2\fileHashes)" [_thread_blocked, id=10772, stack(0x000000ef34d00000,0x000000ef34e00000)]
  0x00000246acc7b000 JavaThread "File watcher server" daemon [_thread_blocked, id=11396, stack(0x000000ef34e00000,0x000000ef34f00000)]
  0x00000246acc7e800 JavaThread "File watcher consumer" daemon [_thread_blocked, id=6916, stack(0x000000ef34f00000,0x000000ef35000000)]
  0x00000246acc7a800 JavaThread "Cache worker for checksums cache (C:\Users\hsibin\AndroidStudioProjects\stage2\.gradle\checksums)" [_thread_blocked, id=12136, stack(0x000000ef35000000,0x000000ef35100000)]
  0x00000246acc79000 JavaThread "Cache worker for cache directory md-supplier (C:\Users\hsibin\.gradle\caches\7.0.2\md-supplier)" [_thread_blocked, id=7232, stack(0x000000ef35100000,0x000000ef35200000)]
  0x00000246ad229800 JavaThread "Cache worker for cache directory md-rule (C:\Users\hsibin\.gradle\caches\7.0.2\md-rule)" [_thread_blocked, id=5180, stack(0x000000ef35200000,0x000000ef35300000)]
  0x00000246ad228000 JavaThread "Cache worker for execution history cache (C:\Users\hsibin\.gradle\caches\7.0.2\executionHistory)" [_thread_blocked, id=5428, stack(0x000000ef35300000,0x000000ef35400000)]
  0x00000246ad225000 JavaThread "jar transforms" [_thread_blocked, id=12020, stack(0x000000ef35400000,0x000000ef35500000)]
  0x00000246ad227800 JavaThread "jar transforms Thread 2" [_thread_blocked, id=9236, stack(0x000000ef35500000,0x000000ef35600000)]
  0x00000246ad22b800 JavaThread "Cache worker for file content cache (C:\Users\hsibin\.gradle\caches\7.0.2\fileContent)" [_thread_blocked, id=1468, stack(0x000000ef35600000,0x000000ef35700000)]
  0x00000246af0a5000 JavaThread "C2 CompilerThread2" daemon [_thread_blocked, id=10476, stack(0x000000ef35700000,0x000000ef35800000)]
  0x00000246af03e000 JavaThread "Cache worker for dependencies-accessors (C:\Users\hsibin\AndroidStudioProjects\stage2\.gradle\7.0.2\dependencies-accessors)" [_thread_blocked, id=6040, stack(0x000000ef35800000,0x000000ef35900000)]
  0x00000246af044000 JavaThread "jar transforms Thread 3" [_thread_blocked, id=6368, stack(0x000000ef35900000,0x000000ef35a00000)]
  0x00000246af042800 JavaThread "Cache worker for Build Output Cleanup Cache (C:\Users\hsibin\AndroidStudioProjects\stage2\.gradle\buildOutputCleanup)" [_thread_blocked, id=6044, stack(0x000000ef35a00000,0x000000ef35b00000)]
  0x00000246af041800 JavaThread "Build operations" [_thread_blocked, id=7316, stack(0x000000ef35b00000,0x000000ef35c00000)]
  0x00000246af043000 JavaThread "Build operations Thread 2" [_thread_blocked, id=8168, stack(0x000000ef35c00000,0x000000ef35d00000)]
  0x00000246af045000 JavaThread "Build operations Thread 3" [_thread_blocked, id=8616, stack(0x000000ef35d00000,0x000000ef35e00000)]
  0x00000246af03f000 JavaThread "Build operations Thread 4" [_thread_blocked, id=8524, stack(0x000000ef35e00000,0x000000ef35f00000)]
  0x00000246af045800 JavaThread "Build operations Thread 5" [_thread_blocked, id=11352, stack(0x000000ef35f00000,0x000000ef36000000)]
  0x00000246af040000 JavaThread "Build operations Thread 6" [_thread_blocked, id=9724, stack(0x000000ef36000000,0x000000ef36100000)]
  0x00000246af046800 JavaThread "Build operations Thread 7" [_thread_blocked, id=10268, stack(0x000000ef36100000,0x000000ef36200000)]
  0x00000246af040800 JavaThread "Build operations Thread 8" [_thread_blocked, id=12820, stack(0x000000ef36200000,0x000000ef36300000)]
  0x00000246af04a800 JavaThread "jar transforms Thread 4" [_thread_blocked, id=12424, stack(0x000000ef36300000,0x000000ef36400000)]
  0x00000246af04d000 JavaThread "jar transforms Thread 5" [_thread_blocked, id=1544, stack(0x000000ef36400000,0x000000ef36500000)]
  0x00000246af047000 JavaThread "jar transforms Thread 6" [_thread_blocked, id=13188, stack(0x000000ef36500000,0x000000ef36600000)]
  0x00000246af04c000 JavaThread "jar transforms Thread 7" [_thread_blocked, id=9696, stack(0x000000ef36600000,0x000000ef36700000)]
  0x00000246af048000 JavaThread "jar transforms Thread 8" [_thread_blocked, id=7976, stack(0x000000ef36700000,0x000000ef36800000)]
  0x00000246af049000 JavaThread "Memory manager" [_thread_blocked, id=11092, stack(0x000000ef36800000,0x000000ef36900000)]
  0x00000246af04b800 JavaThread "build event listener" [_thread_blocked, id=4788, stack(0x000000ef36900000,0x000000ef36a00000)]
  0x00000246aa6f4800 JavaThread "Execution worker for ':'" [_thread_blocked, id=6336, stack(0x000000ef36a00000,0x000000ef36b00000)]
  0x00000246aa6f5800 JavaThread "Execution worker for ':' Thread 2" [_thread_blocked, id=848, stack(0x000000ef36b00000,0x000000ef36c00000)]
  0x00000246aa6f1800 JavaThread "Execution worker for ':' Thread 3" [_thread_blocked, id=11648, stack(0x000000ef36c00000,0x000000ef36d00000)]
  0x00000246aa6f6000 JavaThread "Execution worker for ':' Thread 4" [_thread_blocked, id=2736, stack(0x000000ef36d00000,0x000000ef36e00000)]
  0x00000246aa6f2000 JavaThread "Execution worker for ':' Thread 5" [_thread_blocked, id=3212, stack(0x000000ef36e00000,0x000000ef36f00000)]
  0x00000246aa6f4000 JavaThread "Execution worker for ':' Thread 6" [_thread_blocked, id=6384, stack(0x000000ef36f00000,0x000000ef37000000)]
  0x00000246aa6f0800 JavaThread "Execution worker for ':' Thread 7" [_thread_blocked, id=2608, stack(0x000000ef37000000,0x000000ef37100000)]
  0x00000246aa6f7000 JavaThread "Cache worker for execution history cache (C:\Users\hsibin\AndroidStudioProjects\stage2\.gradle\7.0.2\executionHistory)" [_thread_blocked, id=10064, stack(0x000000ef37100000,0x000000ef37200000)]

Other Threads:
=>0x00000246a9492800 VMThread "VM Thread" [stack: 0x000000ef32c00000,0x000000ef32d00000] [id=13024]
  0x00000246a9e4b000 WatcherThread [stack: 0x000000ef33600000,0x000000ef33700000] [id=10904]
  0x000002468f046800 GCTaskThread "GC Thread#0" [stack: 0x000000ef32700000,0x000000ef32800000] [id=5288]
  0x00000246aaad1800 GCTaskThread "GC Thread#1" [stack: 0x000000ef33800000,0x000000ef33900000] [id=8732]
  0x00000246aaa65800 GCTaskThread "GC Thread#2" [stack: 0x000000ef33900000,0x000000ef33a00000] [id=11272]
  0x00000246ac700000 GCTaskThread "GC Thread#3" [stack: 0x000000ef33e00000,0x000000ef33f00000] [id=5888]
  0x00000246ac700800 GCTaskThread "GC Thread#4" [stack: 0x000000ef33f00000,0x000000ef34000000] [id=10632]
  0x00000246ac698800 GCTaskThread "GC Thread#5" [stack: 0x000000ef34000000,0x000000ef34100000] [id=11700]
  0x00000246ac699800 GCTaskThread "GC Thread#6" [stack: 0x000000ef34100000,0x000000ef34200000] [id=9840]
  0x00000246acc0c800 GCTaskThread "GC Thread#7" [stack: 0x000000ef34200000,0x000000ef34300000] [id=5752]
  0x000002468f077800 ConcurrentGCThread "G1 Main Marker" [stack: 0x000000ef32800000,0x000000ef32900000] [id=2700]
  0x000002468f07a000 ConcurrentGCThread "G1 Conc#0" [stack: 0x000000ef32900000,0x000000ef32a00000] [id=8564]
  0x00000246ac76c800 ConcurrentGCThread "G1 Conc#1" [stack: 0x000000ef34a00000,0x000000ef34b00000] [id=12640]
  0x00000246a92e0800 ConcurrentGCThread "G1 Refine#0" [stack: 0x000000ef32a00000,0x000000ef32b00000] [id=12368]
  0x00000246b97e6800 ConcurrentGCThread "G1 Refine#1" [stack: 0x000000ef37200000,0x000000ef37300000] [id=11544]
  0x00000246a92e1800 ConcurrentGCThread "G1 Young RemSet Sampling" [stack: 0x000000ef32b00000,0x000000ef32c00000] [id=8236]

Threads with active compile tasks:
C2 CompilerThread0  16032 10344       4       com.android.tools.r8.internal.D9::e (297 bytes)
C1 CompilerThread0  16033 10711       2       java.util.HashMap::computeIfAbsent (330 bytes)
C2 CompilerThread1  16033 10168 %     4       com.android.tools.r8.internal.T6::a @ 66 (6044 bytes)
C2 CompilerThread2  16033 10556       4       com.android.tools.r8.internal.Ij::hasNext (217 bytes)

VM state:at safepoint (normal execution)

VM Mutex/Monitor currently owned by a thread:  ([mutex/lock_event])
[0x000002468f02aef0] Threads_lock - owner thread: 0x00000246a9492800
[0x000002468f02a320] Heap_lock - owner thread: 0x00000246af03f000

Heap address: 0x0000000080000000, size: 2048 MB, Compressed Oops mode: 32-bit
Narrow klass base: 0x0000000000000000, Narrow klass shift: 3
Compressed class space size: 1073741824 Address: 0x0000000100000000

Heap:
 garbage-first heap   total 227328K, used 116803K [0x0000000080000000, 0x0000000100000000)
  region size 1024K, 6 young (6144K), 6 survivors (6144K)
 Metaspace       used 89232K, capacity 91925K, committed 92620K, reserved 1128448K
  class space    used 11885K, capacity 12942K, committed 13260K, reserved 1048576K
Heap Regions: E=young(eden), S=young(survivor), O=old, HS=humongous(starts), HC=humongous(continues), CS=collection set, F=free, A=archive, TAMS=top-at-mark-start (previous, next)
|   0|0x0000000080000000, 0x0000000080100000, 0x0000000080100000|100%| O|  |TAMS 0x0000000080100000, 0x0000000080000000| Untracked 
|   1|0x0000000080100000, 0x0000000080200000, 0x0000000080200000|100%| O|  |TAMS 0x0000000080200000, 0x0000000080100000| Untracked 
|   2|0x0000000080200000, 0x0000000080300000, 0x0000000080300000|100%| O|  |TAMS 0x0000000080300000, 0x0000000080200000| Untracked 
|   3|0x0000000080300000, 0x0000000080400000, 0x0000000080400000|100%|HS|  |TAMS 0x0000000080400000, 0x0000000080300000| Complete 
|   4|0x0000000080400000, 0x0000000080500000, 0x0000000080500000|100%|HC|  |TAMS 0x0000000080500000, 0x0000000080400000| Complete 
|   5|0x0000000080500000, 0x0000000080600000, 0x0000000080600000|100%|HC|  |TAMS 0x0000000080600000, 0x0000000080500000| Complete 
|   6|0x0000000080600000, 0x0000000080700000, 0x0000000080700000|100%| O|  |TAMS 0x0000000080700000, 0x0000000080600000| Untracked 
|   7|0x0000000080700000, 0x0000000080800000, 0x0000000080800000|100%| O|  |TAMS 0x0000000080800000, 0x0000000080700000| Untracked 
|   8|0x0000000080800000, 0x0000000080900000, 0x0000000080900000|100%| O|  |TAMS 0x0000000080900000, 0x0000000080800000| Untracked 
|   9|0x0000000080900000, 0x0000000080a00000, 0x0000000080a00000|100%| O|  |TAMS 0x0000000080a00000, 0x0000000080900000| Untracked 
|  10|0x0000000080a00000, 0x0000000080b00000, 0x0000000080b00000|100%| O|  |TAMS 0x0000000080b00000, 0x0000000080a00000| Untracked 
|  11|0x0000000080b00000, 0x0000000080c00000, 0x0000000080c00000|100%| O|  |TAMS 0x0000000080c00000, 0x0000000080b00000| Untracked 
|  12|0x0000000080c00000, 0x0000000080d00000, 0x0000000080d00000|100%| O|  |TAMS 0x0000000080d00000, 0x0000000080c00000| Untracked 
|  13|0x0000000080d00000, 0x0000000080e00000, 0x0000000080e00000|100%| O|  |TAMS 0x0000000080e00000, 0x0000000080d00000| Untracked 
|  14|0x0000000080e00000, 0x0000000080f00000, 0x0000000080f00000|100%| O|  |TAMS 0x0000000080f00000, 0x0000000080e00000| Untracked 
|  15|0x0000000080f00000, 0x0000000081000000, 0x0000000081000000|100%| O|  |TAMS 0x0000000081000000, 0x0000000080f00000| Untracked 
|  16|0x0000000081000000, 0x0000000081100000, 0x0000000081100000|100%|HS|  |TAMS 0x0000000081100000, 0x0000000081000000| Complete 
|  17|0x0000000081100000, 0x0000000081200000, 0x0000000081200000|100%| O|  |TAMS 0x0000000081200000, 0x0000000081100000| Untracked 
|  18|0x0000000081200000, 0x0000000081300000, 0x0000000081300000|100%| O|  |TAMS 0x0000000081300000, 0x0000000081200000| Untracked 
|  19|0x0000000081300000, 0x0000000081400000, 0x0000000081400000|100%| O|  |TAMS 0x0000000081400000, 0x0000000081300000| Untracked 
|  20|0x0000000081400000, 0x0000000081500000, 0x0000000081500000|100%| O|  |TAMS 0x0000000081500000, 0x0000000081400000| Untracked 
|  21|0x0000000081500000, 0x0000000081600000, 0x0000000081600000|100%| O|  |TAMS 0x0000000081600000, 0x0000000081500000| Untracked 
|  22|0x0000000081600000, 0x0000000081700000, 0x0000000081700000|100%| O|  |TAMS 0x0000000081700000, 0x0000000081600000| Untracked 
|  23|0x0000000081700000, 0x0000000081800000, 0x0000000081800000|100%|HS|  |TAMS 0x0000000081800000, 0x0000000081700000| Complete 
|  24|0x0000000081800000, 0x0000000081900000, 0x0000000081900000|100%|HS|  |TAMS 0x0000000081900000, 0x0000000081800000| Complete 
|  25|0x0000000081900000, 0x0000000081a00000, 0x0000000081a00000|100%|HC|  |TAMS 0x0000000081a00000, 0x0000000081900000| Complete 
|  26|0x0000000081a00000, 0x0000000081b00000, 0x0000000081b00000|100%| O|  |TAMS 0x0000000081b00000, 0x0000000081a00000| Untracked 
|  27|0x0000000081b00000, 0x0000000081c00000, 0x0000000081c00000|100%| O|  |TAMS 0x0000000081c00000, 0x0000000081b00000| Untracked 
|  28|0x0000000081c00000, 0x0000000081d00000, 0x0000000081d00000|100%| O|  |TAMS 0x0000000081d00000, 0x0000000081c00000| Untracked 
|  29|0x0000000081d00000, 0x0000000081e00000, 0x0000000081e00000|100%| O|  |TAMS 0x0000000081e00000, 0x0000000081d00000| Untracked 
|  30|0x0000000081e00000, 0x0000000081f00000, 0x0000000081f00000|100%| O|  |TAMS 0x0000000081f00000, 0x0000000081e00000| Untracked 
|  31|0x0000000081f00000, 0x0000000082000000, 0x0000000082000000|100%| O|  |TAMS 0x0000000082000000, 0x0000000081f00000| Untracked 
|  32|0x0000000082000000, 0x0000000082100000, 0x0000000082100000|100%| O|  |TAMS 0x0000000082100000, 0x0000000082000000| Untracked 
|  33|0x0000000082100000, 0x0000000082200000, 0x0000000082200000|100%| O|  |TAMS 0x0000000082200000, 0x0000000082100000| Untracked 
|  34|0x0000000082200000, 0x0000000082300000, 0x0000000082300000|100%| O|  |TAMS 0x0000000082300000, 0x0000000082200000| Untracked 
|  35|0x0000000082300000, 0x0000000082400000, 0x0000000082400000|100%| O|  |TAMS 0x0000000082400000, 0x0000000082300000| Untracked 
|  36|0x0000000082400000, 0x0000000082500000, 0x0000000082500000|100%| O|  |TAMS 0x0000000082500000, 0x0000000082400000| Untracked 
|  37|0x0000000082500000, 0x0000000082600000, 0x0000000082600000|100%| O|  |TAMS 0x0000000082600000, 0x0000000082500000| Untracked 
|  38|0x0000000082600000, 0x0000000082700000, 0x0000000082700000|100%| O|  |TAMS 0x0000000082700000, 0x0000000082600000| Untracked 
|  39|0x0000000082700000, 0x0000000082800000, 0x0000000082800000|100%| O|  |TAMS 0x0000000082800000, 0x0000000082700000| Untracked 
|  40|0x0000000082800000, 0x0000000082900000, 0x0000000082900000|100%| O|  |TAMS 0x0000000082900000, 0x0000000082800000| Untracked 
|  41|0x0000000082900000, 0x0000000082a00000, 0x0000000082a00000|100%| O|  |TAMS 0x0000000082a00000, 0x0000000082900000| Untracked 
|  42|0x0000000082a00000, 0x0000000082b00000, 0x0000000082b00000|100%| O|  |TAMS 0x0000000082b00000, 0x0000000082a00000| Untracked 
|  43|0x0000000082b00000, 0x0000000082c00000, 0x0000000082c00000|100%| O|  |TAMS 0x0000000082c00000, 0x0000000082b00000| Untracked 
|  44|0x0000000082c00000, 0x0000000082d00000, 0x0000000082d00000|100%| O|  |TAMS 0x0000000082d00000, 0x0000000082c00000| Untracked 
|  45|0x0000000082d00000, 0x0000000082e00000, 0x0000000082e00000|100%| O|  |TAMS 0x0000000082e00000, 0x0000000082d00000| Untracked 
|  46|0x0000000082e00000, 0x0000000082f00000, 0x0000000082f00000|100%| O|  |TAMS 0x0000000082f00000, 0x0000000082e00000| Untracked 
|  47|0x0000000082f00000, 0x0000000083000000, 0x0000000083000000|100%| O|  |TAMS 0x0000000083000000, 0x0000000082f00000| Untracked 
|  48|0x0000000083000000, 0x0000000083100000, 0x0000000083100000|100%| O|  |TAMS 0x0000000083100000, 0x0000000083000000| Untracked 
|  49|0x0000000083100000, 0x0000000083200000, 0x0000000083200000|100%| O|  |TAMS 0x0000000083200000, 0x0000000083100000| Untracked 
|  50|0x0000000083200000, 0x0000000083300000, 0x0000000083300000|100%| O|  |TAMS 0x0000000083300000, 0x0000000083200000| Untracked 
|  51|0x0000000083300000, 0x0000000083400000, 0x0000000083400000|100%| O|  |TAMS 0x0000000083400000, 0x0000000083300000| Untracked 
|  52|0x0000000083400000, 0x0000000083500000, 0x0000000083500000|100%| O|  |TAMS 0x0000000083500000, 0x0000000083400000| Untracked 
|  53|0x0000000083500000, 0x0000000083600000, 0x0000000083600000|100%| O|  |TAMS 0x0000000083600000, 0x0000000083500000| Untracked 
|  54|0x0000000083600000, 0x0000000083700000, 0x0000000083700000|100%| O|  |TAMS 0x0000000083700000, 0x0000000083600000| Untracked 
|  55|0x0000000083700000, 0x0000000083800000, 0x0000000083800000|100%| O|  |TAMS 0x0000000083800000, 0x0000000083700000| Untracked 
|  56|0x0000000083800000, 0x0000000083900000, 0x0000000083900000|100%| O|  |TAMS 0x0000000083900000, 0x0000000083800000| Untracked 
|  57|0x0000000083900000, 0x0000000083a00000, 0x0000000083a00000|100%| O|  |TAMS 0x0000000083a00000, 0x0000000083900000| Untracked 
|  58|0x0000000083a00000, 0x0000000083b00000, 0x0000000083b00000|100%| O|  |TAMS 0x0000000083b00000, 0x0000000083a00000| Untracked 
|  59|0x0000000083b00000, 0x0000000083c00000, 0x0000000083c00000|100%| O|  |TAMS 0x0000000083c00000, 0x0000000083b00000| Untracked 
|  60|0x0000000083c00000, 0x0000000083d00000, 0x0000000083d00000|100%| O|  |TAMS 0x0000000083d00000, 0x0000000083c00000| Untracked 
|  61|0x0000000083d00000, 0x0000000083e00000, 0x0000000083e00000|100%| O|  |TAMS 0x0000000083e00000, 0x0000000083d00000| Untracked 
|  62|0x0000000083e00000, 0x0000000083f00000, 0x0000000083f00000|100%| O|  |TAMS 0x0000000083f00000, 0x0000000083e00000| Untracked 
|  63|0x0000000083f00000, 0x0000000084000000, 0x0000000084000000|100%| O|  |TAMS 0x0000000084000000, 0x0000000083f00000| Untracked 
|  64|0x0000000084000000, 0x0000000084100000, 0x0000000084100000|100%| O|  |TAMS 0x0000000084100000, 0x0000000084000000| Untracked 
|  65|0x0000000084100000, 0x0000000084200000, 0x0000000084200000|100%| O|  |TAMS 0x0000000084200000, 0x0000000084100000| Untracked 
|  66|0x0000000084200000, 0x0000000084300000, 0x0000000084300000|100%| O|  |TAMS 0x0000000084300000, 0x0000000084200000| Untracked 
|  67|0x0000000084300000, 0x0000000084400000, 0x0000000084400000|100%| O|  |TAMS 0x0000000084400000, 0x0000000084300000| Untracked 
|  68|0x0000000084400000, 0x0000000084500000, 0x0000000084500000|100%| O|  |TAMS 0x0000000084500000, 0x0000000084400000| Untracked 
|  69|0x0000000084500000, 0x0000000084600000, 0x0000000084600000|100%| O|  |TAMS 0x0000000084600000, 0x0000000084500000| Untracked 
|  70|0x0000000084600000, 0x0000000084700000, 0x0000000084700000|100%| O|  |TAMS 0x0000000084700000, 0x0000000084600000| Untracked 
|  71|0x0000000084700000, 0x0000000084800000, 0x0000000084800000|100%| O|  |TAMS 0x0000000084800000, 0x0000000084700000| Untracked 
|  72|0x0000000084800000, 0x0000000084900000, 0x0000000084900000|100%| O|  |TAMS 0x0000000084900000, 0x0000000084800000| Untracked 
|  73|0x0000000084900000, 0x0000000084a00000, 0x0000000084a00000|100%| O|  |TAMS 0x0000000084a00000, 0x0000000084900000| Untracked 
|  74|0x0000000084a00000, 0x0000000084b00000, 0x0000000084b00000|100%| O|  |TAMS 0x0000000084b00000, 0x0000000084a00000| Untracked 
|  75|0x0000000084b00000, 0x0000000084c00000, 0x0000000084c00000|100%| O|  |TAMS 0x0000000084c00000, 0x0000000084b00000| Untracked 
|  76|0x0000000084c00000, 0x0000000084d00000, 0x0000000084d00000|100%| O|  |TAMS 0x0000000084d00000, 0x0000000084c00000| Untracked 
|  77|0x0000000084d00000, 0x0000000084e00000, 0x0000000084e00000|100%| O|  |TAMS 0x0000000084e00000, 0x0000000084d00000| Untracked 
|  78|0x0000000084e00000, 0x0000000084f00000, 0x0000000084f00000|100%| O|  |TAMS 0x0000000084f00000, 0x0000000084e00000| Untracked 
|  79|0x0000000084f00000, 0x0000000085000000, 0x0000000085000000|100%| O|  |TAMS 0x0000000085000000, 0x0000000084f00000| Untracked 
|  80|0x0000000085000000, 0x0000000085100000, 0x0000000085100000|100%| O|  |TAMS 0x0000000085100000, 0x0000000085000000| Untracked 
|  81|0x0000000085100000, 0x0000000085200000, 0x0000000085200000|100%| O|  |TAMS 0x0000000085200000, 0x0000000085100000| Untracked 
|  82|0x0000000085200000, 0x0000000085300000, 0x0000000085300000|100%| O|  |TAMS 0x0000000085300000, 0x0000000085200000| Untracked 
|  83|0x0000000085300000, 0x0000000085400000, 0x0000000085400000|100%| O|  |TAMS 0x0000000085400000, 0x0000000085300000| Untracked 
|  84|0x0000000085400000, 0x0000000085500000, 0x0000000085500000|100%| O|  |TAMS 0x0000000085500000, 0x0000000085400000| Untracked 
|  85|0x0000000085500000, 0x0000000085600000, 0x0000000085600000|100%| O|  |TAMS 0x0000000085600000, 0x0000000085500000| Untracked 
|  86|0x0000000085600000, 0x0000000085700000, 0x0000000085700000|100%| O|  |TAMS 0x0000000085700000, 0x0000000085600000| Untracked 
|  87|0x0000000085700000, 0x0000000085800000, 0x0000000085800000|100%| O|  |TAMS 0x0000000085800000, 0x0000000085700000| Untracked 
|  88|0x0000000085800000, 0x0000000085900000, 0x0000000085900000|100%| O|  |TAMS 0x0000000085900000, 0x0000000085800000| Untracked 
|  89|0x0000000085900000, 0x0000000085a00000, 0x0000000085a00000|100%| O|  |TAMS 0x0000000085a00000, 0x0000000085900000| Untracked 
|  90|0x0000000085a00000, 0x0000000085b00000, 0x0000000085b00000|100%| O|  |TAMS 0x0000000085b00000, 0x0000000085a00000| Untracked 
|  91|0x0000000085b00000, 0x0000000085c00000, 0x0000000085c00000|100%| O|  |TAMS 0x0000000085c00000, 0x0000000085b00000| Untracked 
|  92|0x0000000085c00000, 0x0000000085d00000, 0x0000000085d00000|100%| O|  |TAMS 0x0000000085d00000, 0x0000000085c00000| Untracked 
|  93|0x0000000085d00000, 0x0000000085e00000, 0x0000000085e00000|100%| O|  |TAMS 0x0000000085e00000, 0x0000000085d00000| Untracked 
|  94|0x0000000085e00000, 0x0000000085f00000, 0x0000000085f00000|100%| O|  |TAMS 0x0000000085f00000, 0x0000000085e00000| Untracked 
|  95|0x0000000085f00000, 0x0000000086000000, 0x0000000086000000|100%| O|  |TAMS 0x0000000086000000, 0x0000000085f00000| Untracked 
|  96|0x0000000086000000, 0x0000000086100000, 0x0000000086100000|100%| O|  |TAMS 0x0000000086100000, 0x0000000086000000| Untracked 
|  97|0x0000000086100000, 0x0000000086200000, 0x0000000086200000|100%| O|  |TAMS 0x0000000086200000, 0x0000000086100000| Untracked 
|  98|0x0000000086200000, 0x0000000086300000, 0x0000000086300000|100%| O|  |TAMS 0x0000000086300000, 0x0000000086200000| Untracked 
|  99|0x0000000086300000, 0x0000000086400000, 0x0000000086400000|100%| O|  |TAMS 0x000000008638a400, 0x0000000086300000| Untracked 
| 100|0x0000000086400000, 0x0000000086500000, 0x0000000086500000|100%| O|  |TAMS 0x0000000086400000, 0x0000000086400000| Untracked 
| 101|0x0000000086500000, 0x0000000086600000, 0x0000000086600000|100%| O|  |TAMS 0x0000000086500000, 0x0000000086500000| Untracked 
| 102|0x0000000086600000, 0x0000000086700000, 0x0000000086700000|100%| O|  |TAMS 0x0000000086600000, 0x0000000086600000| Untracked 
| 103|0x0000000086700000, 0x0000000086800000, 0x0000000086800000|100%| O|  |TAMS 0x0000000086700000, 0x0000000086700000| Untracked 
| 104|0x0000000086800000, 0x0000000086900000, 0x0000000086900000|100%| O|  |TAMS 0x0000000086800000, 0x0000000086800000| Untracked 
| 105|0x0000000086900000, 0x0000000086a00000, 0x0000000086a00000|100%| O|  |TAMS 0x0000000086900000, 0x0000000086900000| Untracked 
| 106|0x0000000086a00000, 0x0000000086b00000, 0x0000000086b00000|100%| O|  |TAMS 0x0000000086a00000, 0x0000000086a00000| Untracked 
| 107|0x0000000086b00000, 0x0000000086c00000, 0x0000000086c00000|100%| O|  |TAMS 0x0000000086b00000, 0x0000000086b00000| Untracked 
| 108|0x0000000086c00000, 0x0000000086c3ea00, 0x0000000086d00000| 24%| O|  |TAMS 0x0000000086c00000, 0x0000000086c00000| Untracked 
| 109|0x0000000086d00000, 0x0000000086d00000, 0x0000000086e00000|  0%| F|  |TAMS 0x0000000086d00000, 0x0000000086d00000| Untracked 
| 110|0x0000000086e00000, 0x0000000086e00000, 0x0000000086f00000|  0%| F|  |TAMS 0x0000000086e00000, 0x0000000086e00000| Untracked 
| 111|0x0000000086f00000, 0x0000000086f00000, 0x0000000087000000|  0%| F|  |TAMS 0x0000000086f00000, 0x0000000086f00000| Untracked 
| 112|0x0000000087000000, 0x0000000087000000, 0x0000000087100000|  0%| F|  |TAMS 0x0000000087000000, 0x0000000087000000| Untracked 
| 113|0x0000000087100000, 0x0000000087100000, 0x0000000087200000|  0%| F|  |TAMS 0x0000000087100000, 0x0000000087100000| Untracked 
| 114|0x0000000087200000, 0x0000000087200000, 0x0000000087300000|  0%| F|  |TAMS 0x0000000087200000, 0x0000000087200000| Untracked 
| 115|0x0000000087300000, 0x0000000087300000, 0x0000000087400000|  0%| F|  |TAMS 0x0000000087300000, 0x0000000087300000| Untracked 
| 116|0x0000000087400000, 0x0000000087400000, 0x0000000087500000|  0%| F|  |TAMS 0x0000000087400000, 0x0000000087400000| Untracked 
| 117|0x0000000087500000, 0x0000000087500000, 0x0000000087600000|  0%| F|  |TAMS 0x0000000087500000, 0x0000000087500000| Untracked 
| 118|0x0000000087600000, 0x0000000087600000, 0x0000000087700000|  0%| F|  |TAMS 0x0000000087600000, 0x0000000087600000| Untracked 
| 119|0x0000000087700000, 0x0000000087700000, 0x0000000087800000|  0%| F|  |TAMS 0x0000000087700000, 0x0000000087700000| Untracked 
| 120|0x0000000087800000, 0x0000000087800000, 0x0000000087900000|  0%| F|  |TAMS 0x0000000087800000, 0x0000000087800000| Untracked 
| 121|0x0000000087900000, 0x0000000087900000, 0x0000000087a00000|  0%| F|  |TAMS 0x0000000087900000, 0x0000000087900000| Untracked 
| 122|0x0000000087a00000, 0x0000000087a00000, 0x0000000087b00000|  0%| F|  |TAMS 0x0000000087a00000, 0x0000000087a00000| Untracked 
| 123|0x0000000087b00000, 0x0000000087b00000, 0x0000000087c00000|  0%| F|  |TAMS 0x0000000087b00000, 0x0000000087b00000| Untracked 
| 124|0x0000000087c00000, 0x0000000087c00000, 0x0000000087d00000|  0%| F|  |TAMS 0x0000000087c00000, 0x0000000087c00000| Untracked 
| 125|0x0000000087d00000, 0x0000000087d00000, 0x0000000087e00000|  0%| F|  |TAMS 0x0000000087d00000, 0x0000000087d00000| Untracked 
| 126|0x0000000087e00000, 0x0000000087e00000, 0x0000000087f00000|  0%| F|  |TAMS 0x0000000087e00000, 0x0000000087e00000| Untracked 
| 127|0x0000000087f00000, 0x0000000087f00000, 0x0000000088000000|  0%| F|  |TAMS 0x0000000087f00000, 0x0000000087f00000| Untracked 
| 128|0x0000000088000000, 0x0000000088000000, 0x0000000088100000|  0%| F|  |TAMS 0x0000000088000000, 0x0000000088000000| Untracked 
| 129|0x0000000088100000, 0x0000000088100000, 0x0000000088200000|  0%| F|  |TAMS 0x0000000088100000, 0x0000000088100000| Untracked 
| 130|0x0000000088200000, 0x0000000088200000, 0x0000000088300000|  0%| F|  |TAMS 0x0000000088200000, 0x0000000088200000| Untracked 
| 131|0x0000000088300000, 0x0000000088300000, 0x0000000088400000|  0%| F|  |TAMS 0x0000000088300000, 0x0000000088300000| Untracked 
| 132|0x0000000088400000, 0x0000000088400000, 0x0000000088500000|  0%| F|  |TAMS 0x0000000088400000, 0x0000000088400000| Untracked 
| 133|0x0000000088500000, 0x0000000088500000, 0x0000000088600000|  0%| F|  |TAMS 0x0000000088500000, 0x0000000088500000| Untracked 
| 134|0x0000000088600000, 0x0000000088600000, 0x0000000088700000|  0%| F|  |TAMS 0x0000000088600000, 0x0000000088600000| Untracked 
| 135|0x0000000088700000, 0x0000000088700000, 0x0000000088800000|  0%| F|  |TAMS 0x0000000088700000, 0x0000000088700000| Untracked 
| 136|0x0000000088800000, 0x0000000088800000, 0x0000000088900000|  0%| F|  |TAMS 0x0000000088800000, 0x0000000088800000| Untracked 
| 137|0x0000000088900000, 0x0000000088900000, 0x0000000088a00000|  0%| F|  |TAMS 0x0000000088900000, 0x0000000088900000| Untracked 
| 138|0x0000000088a00000, 0x0000000088a00000, 0x0000000088b00000|  0%| F|  |TAMS 0x0000000088a00000, 0x0000000088a00000| Untracked 
| 139|0x0000000088b00000, 0x0000000088bd22e0, 0x0000000088c00000| 82%| S|CS|TAMS 0x0000000088b00000, 0x0000000088b00000| Complete 
| 140|0x0000000088c00000, 0x0000000088d00000, 0x0000000088d00000|100%| S|CS|TAMS 0x0000000088c00000, 0x0000000088c00000| Complete 
| 141|0x0000000088d00000, 0x0000000088e00000, 0x0000000088e00000|100%| S|CS|TAMS 0x0000000088d00000, 0x0000000088d00000| Complete 
| 142|0x0000000088e00000, 0x0000000088f00000, 0x0000000088f00000|100%| S|CS|TAMS 0x0000000088e00000, 0x0000000088e00000| Complete 
| 143|0x0000000088f00000, 0x0000000089000000, 0x0000000089000000|100%| S|CS|TAMS 0x0000000088f00000, 0x0000000088f00000| Complete 
| 144|0x0000000089000000, 0x0000000089100000, 0x0000000089100000|100%| S|CS|TAMS 0x0000000089000000, 0x0000000089000000| Complete 
| 145|0x0000000089100000, 0x0000000089100000, 0x0000000089200000|  0%| F|  |TAMS 0x0000000089100000, 0x0000000089100000| Untracked 
| 146|0x0000000089200000, 0x0000000089200000, 0x0000000089300000|  0%| F|  |TAMS 0x0000000089200000, 0x0000000089200000| Untracked 
| 147|0x0000000089300000, 0x0000000089300000, 0x0000000089400000|  0%| F|  |TAMS 0x0000000089300000, 0x0000000089300000| Untracked 
| 148|0x0000000089400000, 0x0000000089400000, 0x0000000089500000|  0%| F|  |TAMS 0x0000000089400000, 0x0000000089400000| Untracked 
| 149|0x0000000089500000, 0x0000000089500000, 0x0000000089600000|  0%| F|  |TAMS 0x0000000089500000, 0x0000000089500000| Untracked 
| 150|0x0000000089600000, 0x0000000089600000, 0x0000000089700000|  0%| F|  |TAMS 0x0000000089600000, 0x0000000089600000| Untracked 
| 151|0x0000000089700000, 0x0000000089700000, 0x0000000089800000|  0%| F|  |TAMS 0x0000000089700000, 0x0000000089700000| Untracked 
| 152|0x0000000089800000, 0x0000000089800000, 0x0000000089900000|  0%| F|  |TAMS 0x0000000089800000, 0x0000000089800000| Untracked 
| 153|0x0000000089900000, 0x0000000089900000, 0x0000000089a00000|  0%| F|  |TAMS 0x0000000089900000, 0x0000000089900000| Untracked 
| 154|0x0000000089a00000, 0x0000000089a00000, 0x0000000089b00000|  0%| F|  |TAMS 0x0000000089a00000, 0x0000000089a00000| Untracked 
| 155|0x0000000089b00000, 0x0000000089b00000, 0x0000000089c00000|  0%| F|  |TAMS 0x0000000089b00000, 0x0000000089b00000| Untracked 
| 156|0x0000000089c00000, 0x0000000089c00000, 0x0000000089d00000|  0%| F|  |TAMS 0x0000000089c00000, 0x0000000089c00000| Untracked 
| 157|0x0000000089d00000, 0x0000000089d00000, 0x0000000089e00000|  0%| F|  |TAMS 0x0000000089d00000, 0x0000000089d00000| Untracked 
| 158|0x0000000089e00000, 0x0000000089e00000, 0x0000000089f00000|  0%| F|  |TAMS 0x0000000089e00000, 0x0000000089e00000| Untracked 
| 159|0x0000000089f00000, 0x0000000089f00000, 0x000000008a000000|  0%| F|  |TAMS 0x0000000089f00000, 0x0000000089f00000| Untracked 
| 160|0x000000008a000000, 0x000000008a000000, 0x000000008a100000|  0%| F|  |TAMS 0x000000008a000000, 0x000000008a000000| Untracked 
| 161|0x000000008a100000, 0x000000008a100000, 0x000000008a200000|  0%| F|  |TAMS 0x000000008a100000, 0x000000008a100000| Untracked 
| 162|0x000000008a200000, 0x000000008a200000, 0x000000008a300000|  0%| F|  |TAMS 0x000000008a200000, 0x000000008a200000| Untracked 
| 163|0x000000008a300000, 0x000000008a300000, 0x000000008a400000|  0%| F|  |TAMS 0x000000008a300000, 0x000000008a300000| Untracked 
| 164|0x000000008a400000, 0x000000008a400000, 0x000000008a500000|  0%| F|  |TAMS 0x000000008a400000, 0x000000008a400000| Untracked 
| 165|0x000000008a500000, 0x000000008a500000, 0x000000008a600000|  0%| F|  |TAMS 0x000000008a500000, 0x000000008a500000| Untracked 
| 166|0x000000008a600000, 0x000000008a600000, 0x000000008a700000|  0%| F|  |TAMS 0x000000008a600000, 0x000000008a600000| Untracked 
| 167|0x000000008a700000, 0x000000008a700000, 0x000000008a800000|  0%| F|  |TAMS 0x000000008a700000, 0x000000008a700000| Untracked 
| 168|0x000000008a800000, 0x000000008a800000, 0x000000008a900000|  0%| F|  |TAMS 0x000000008a800000, 0x000000008a800000| Untracked 
| 169|0x000000008a900000, 0x000000008a900000, 0x000000008aa00000|  0%| F|  |TAMS 0x000000008a900000, 0x000000008a900000| Untracked 
| 170|0x000000008aa00000, 0x000000008aa00000, 0x000000008ab00000|  0%| F|  |TAMS 0x000000008aa00000, 0x000000008aa00000| Untracked 
| 171|0x000000008ab00000, 0x000000008ab00000, 0x000000008ac00000|  0%| F|  |TAMS 0x000000008ab00000, 0x000000008ab00000| Untracked 
| 172|0x000000008ac00000, 0x000000008ac00000, 0x000000008ad00000|  0%| F|  |TAMS 0x000000008ac00000, 0x000000008ac00000| Untracked 
| 173|0x000000008ad00000, 0x000000008ad00000, 0x000000008ae00000|  0%| F|  |TAMS 0x000000008ad00000, 0x000000008ad00000| Untracked 
| 174|0x000000008ae00000, 0x000000008ae00000, 0x000000008af00000|  0%| F|  |TAMS 0x000000008ae00000, 0x000000008ae00000| Untracked 
| 175|0x000000008af00000, 0x000000008af00000, 0x000000008b000000|  0%| F|  |TAMS 0x000000008af00000, 0x000000008af00000| Untracked 
| 176|0x000000008b000000, 0x000000008b000000, 0x000000008b100000|  0%| F|  |TAMS 0x000000008b000000, 0x000000008b000000| Untracked 
| 177|0x000000008b100000, 0x000000008b100000, 0x000000008b200000|  0%| F|  |TAMS 0x000000008b100000, 0x000000008b100000| Untracked 
| 178|0x000000008b200000, 0x000000008b200000, 0x000000008b300000|  0%| F|  |TAMS 0x000000008b200000, 0x000000008b200000| Untracked 
| 179|0x000000008b300000, 0x000000008b300000, 0x000000008b400000|  0%| F|  |TAMS 0x000000008b300000, 0x000000008b300000| Untracked 
| 180|0x000000008b400000, 0x000000008b400000, 0x000000008b500000|  0%| F|  |TAMS 0x000000008b400000, 0x000000008b400000| Untracked 
| 181|0x000000008b500000, 0x000000008b500000, 0x000000008b600000|  0%| F|  |TAMS 0x000000008b500000, 0x000000008b500000| Untracked 
| 182|0x000000008b600000, 0x000000008b600000, 0x000000008b700000|  0%| F|  |TAMS 0x000000008b600000, 0x000000008b600000| Untracked 
| 183|0x000000008b700000, 0x000000008b700000, 0x000000008b800000|  0%| F|  |TAMS 0x000000008b700000, 0x000000008b700000| Untracked 
| 184|0x000000008b800000, 0x000000008b800000, 0x000000008b900000|  0%| F|  |TAMS 0x000000008b800000, 0x000000008b800000| Untracked 

Card table byte_map: [0x00000246a2240000,0x00000246a2640000] _byte_map_base: 0x00000246a1e40000

Marking Bits (Prev, Next): (CMBitMap*) 0x000002468f06eb98, (CMBitMap*) 0x000002468f06ebd0
 Prev Bits: [0x00000246a2a40000, 0x00000246a4a40000)
 Next Bits: [0x00000246a4a40000, 0x00000246a6a40000)

Polling page: 0x000002468e800000

Metaspace:

Usage:
  Non-class:     77.13 MB capacity,    75.53 MB ( 98%) used,     1.32 MB (  2%) free+waste,   279.88 KB ( <1%) overhead. 
      Class:     12.64 MB capacity,    11.61 MB ( 92%) used,   922.53 KB (  7%) free+waste,   133.75 KB (  1%) overhead. 
       Both:     89.77 MB capacity,    87.14 MB ( 97%) used,     2.23 MB (  2%) free+waste,   413.63 KB ( <1%) overhead. 

Virtual space:
  Non-class space:       78.00 MB reserved,      77.50 MB (>99%) committed 
      Class space:        1.00 GB reserved,      12.95 MB (  1%) committed 
             Both:        1.08 GB reserved,      90.45 MB (  8%) committed 

Chunk freelists:
   Non-Class:  377.00 KB
       Class:  210.00 KB
        Both:  587.00 KB

MaxMetaspaceSize: 17179869184.00 GB
CompressedClassSpaceSize: 1.00 GB

CodeHeap 'non-profiled nmethods': size=120000Kb used=6073Kb max_used=6073Kb free=113926Kb
 bounds [0x000002469a5e0000, 0x000002469abd0000, 0x00000246a1b10000]
CodeHeap 'profiled nmethods': size=120000Kb used=22224Kb max_used=22224Kb free=97775Kb
 bounds [0x00000246930b0000, 0x0000024694670000, 0x000002469a5e0000]
CodeHeap 'non-nmethods': size=5760Kb used=2293Kb max_used=2338Kb free=3466Kb
 bounds [0x0000024692b10000, 0x0000024692d80000, 0x00000246930b0000]
 total_blobs=11410 nmethods=10514 adapters=807
 compilation: enabled
              stopped_count=0, restarted_count=0
 full_count=0

Compilation events (20 events):
Event: 15.989 Thread 0x00000246a9d21000 nmethod 10690 0x0000024694661310 code [0x00000246946614e0, 0x0000024694661828]
Event: 15.989 Thread 0x00000246a9d21000 10691       2       com.android.tools.r8.internal.Zc::<init> (11 bytes)
Event: 15.989 Thread 0x00000246a9d21000 nmethod 10691 0x0000024694661990 code [0x0000024694661b40, 0x0000024694661ce8]
Event: 15.989 Thread 0x00000246a9d21000 10692       2       com.android.tools.r8.internal.q::<init> (7 bytes)
Event: 15.990 Thread 0x00000246a9d21000 nmethod 10692 0x0000024694661e10 code [0x0000024694661fe0, 0x00000246946621f8]
Event: 15.990 Thread 0x00000246a9d21000 10693       2       com.android.tools.r8.internal.Ij::<init> (23 bytes)
Event: 15.990 Thread 0x00000246a9d21000 nmethod 10693 0x0000024694662390 code [0x0000024694662540, 0x0000024694662778]
Event: 15.990 Thread 0x00000246a9d21000 10694       2       com.android.tools.r8.internal.Kj::a (4 bytes)
Event: 15.990 Thread 0x00000246a9d21000 nmethod 10694 0x0000024694662890 code [0x0000024694662a40, 0x0000024694662b18]
Event: 15.990 Thread 0x00000246a9d21000 10671       2       com.android.tools.r8.internal.NG::i0 (25 bytes)
Event: 15.991 Thread 0x00000246a9d21000 nmethod 10671 0x0000024694662b90 code [0x0000024694662d40, 0x0000024694662ec8]
Event: 15.991 Thread 0x00000246a9d21000 10696       2       com.android.tools.r8.internal.q::<init> (21 bytes)
Event: 15.991 Thread 0x00000246a9d21000 nmethod 10696 0x0000024694662f90 code [0x0000024694663160, 0x0000024694663378]
Event: 15.991 Thread 0x00000246a9d21000 10697       2       com.android.tools.r8.internal.EG::<init> (5 bytes)
Event: 15.991 Thread 0x00000246a9d21000 nmethod 10697 0x0000024694663510 code [0x00000246946636c0, 0x00000246946637b8]
Event: 15.991 Thread 0x00000246a9d21000 10700       2       java.util.zip.InflaterInputStream::close (34 bytes)
Event: 15.991 Thread 0x00000246a9d21000 nmethod 10700 0x0000024694663890 code [0x0000024694663a60, 0x0000024694663bd8]
Event: 15.991 Thread 0x00000246a9d21000 10673       2       com.android.tools.r8.internal.d5$a::<init> (31 bytes)
Event: 15.992 Thread 0x00000246a9d21000 nmethod 10673 0x0000024694663d10 code [0x0000024694663ee0, 0x0000024694664158]
Event: 15.992 Thread 0x00000246a9d21000 10711       2       java.util.HashMap::computeIfAbsent (330 bytes)

GC Heap History (20 events):
Event: 8.177 GC heap after
{Heap after GC invocations=10 (full 0):
 garbage-first heap   total 157696K, used 42201K [0x0000000080000000, 0x0000000100000000)
  region size 1024K, 12 young (12288K), 12 survivors (12288K)
 Metaspace       used 52124K, capacity 53399K, committed 53580K, reserved 1095680K
  class space    used 6649K, capacity 7109K, committed 7244K, reserved 1048576K
}
Event: 9.218 GC heap before
{Heap before GC invocations=10 (full 0):
 garbage-first heap   total 157696K, used 80089K [0x0000000080000000, 0x0000000100000000)
  region size 1024K, 50 young (51200K), 12 survivors (12288K)
 Metaspace       used 58597K, capacity 60123K, committed 60236K, reserved 1101824K
  class space    used 7438K, capacity 7981K, committed 8012K, reserved 1048576K
}
Event: 9.248 GC heap after
{Heap after GC invocations=11 (full 0):
 garbage-first heap   total 157696K, used 45248K [0x0000000080000000, 0x0000000100000000)
  region size 1024K, 3 young (3072K), 3 survivors (3072K)
 Metaspace       used 58597K, capacity 60123K, committed 60236K, reserved 1101824K
  class space    used 7438K, capacity 7981K, committed 8012K, reserved 1048576K
}
Event: 10.652 GC heap before
{Heap before GC invocations=12 (full 0):
 garbage-first heap   total 157696K, used 116928K [0x0000000080000000, 0x0000000100000000)
  region size 1024K, 73 young (74752K), 3 survivors (3072K)
 Metaspace       used 63251K, capacity 64926K, committed 65100K, reserved 1105920K
  class space    used 8054K, capacity 8652K, committed 8780K, reserved 1048576K
}
Event: 10.662 GC heap after
{Heap after GC invocations=13 (full 0):
 garbage-first heap   total 157696K, used 50804K [0x0000000080000000, 0x0000000100000000)
  region size 1024K, 9 young (9216K), 9 survivors (9216K)
 Metaspace       used 63251K, capacity 64926K, committed 65100K, reserved 1105920K
  class space    used 8054K, capacity 8652K, committed 8780K, reserved 1048576K
}
Event: 11.918 GC heap before
{Heap before GC invocations=13 (full 0):
 garbage-first heap   total 157696K, used 118388K [0x0000000080000000, 0x0000000100000000)
  region size 1024K, 75 young (76800K), 9 survivors (9216K)
 Metaspace       used 69633K, capacity 71513K, committed 71756K, reserved 1112064K
  class space    used 9019K, capacity 9707K, committed 9804K, reserved 1048576K
}
Event: 11.938 GC heap after
{Heap after GC invocations=14 (full 0):
 garbage-first heap   total 157696K, used 58418K [0x0000000080000000, 0x0000000100000000)
  region size 1024K, 8 young (8192K), 8 survivors (8192K)
 Metaspace       used 69633K, capacity 71513K, committed 71756K, reserved 1112064K
  class space    used 9019K, capacity 9707K, committed 9804K, reserved 1048576K
}
Event: 12.912 GC heap before
{Heap before GC invocations=14 (full 0):
 garbage-first heap   total 157696K, used 119858K [0x0000000080000000, 0x0000000100000000)
  region size 1024K, 68 young (69632K), 8 survivors (8192K)
 Metaspace       used 76232K, capacity 78306K, committed 78540K, reserved 1118208K
  class space    used 9932K, capacity 10671K, committed 10700K, reserved 1048576K
}
Event: 12.925 GC heap after
{Heap after GC invocations=15 (full 0):
 garbage-first heap   total 189440K, used 62263K [0x0000000080000000, 0x0000000100000000)
  region size 1024K, 5 young (5120K), 5 survivors (5120K)
 Metaspace       used 76232K, capacity 78306K, committed 78540K, reserved 1118208K
  class space    used 9932K, capacity 10671K, committed 10700K, reserved 1048576K
}
Event: 13.996 GC heap before
{Heap before GC invocations=15 (full 0):
 garbage-first heap   total 189440K, used 142135K [0x0000000080000000, 0x0000000100000000)
  region size 1024K, 84 young (86016K), 5 survivors (5120K)
 Metaspace       used 79377K, capacity 81709K, committed 81740K, reserved 1120256K
  class space    used 10435K, capacity 11315K, committed 11340K, reserved 1048576K
}
Event: 14.005 GC heap after
{Heap after GC invocations=16 (full 0):
 garbage-first heap   total 189440K, used 67319K [0x0000000080000000, 0x0000000100000000)
  region size 1024K, 10 young (10240K), 10 survivors (10240K)
 Metaspace       used 79377K, capacity 81709K, committed 81740K, reserved 1120256K
  class space    used 10435K, capacity 11315K, committed 11340K, reserved 1048576K
}
Event: 14.742 GC heap before
{Heap before GC invocations=16 (full 0):
 garbage-first heap   total 189440K, used 145143K [0x0000000080000000, 0x0000000100000000)
  region size 1024K, 88 young (90112K), 10 survivors (10240K)
 Metaspace       used 81091K, capacity 83577K, committed 83788K, reserved 1122304K
  class space    used 10630K, capacity 11565K, committed 11596K, reserved 1048576K
}
Event: 14.759 GC heap after
{Heap after GC invocations=17 (full 0):
 garbage-first heap   total 189440K, used 73975K [0x0000000080000000, 0x0000000100000000)
  region size 1024K, 11 young (11264K), 11 survivors (11264K)
 Metaspace       used 81091K, capacity 83577K, committed 83788K, reserved 1122304K
  class space    used 10630K, capacity 11565K, committed 11596K, reserved 1048576K
}
Event: 15.115 GC heap before
{Heap before GC invocations=17 (full 0):
 garbage-first heap   total 189440K, used 147703K [0x0000000080000000, 0x0000000100000000)
  region size 1024K, 84 young (86016K), 11 survivors (11264K)
 Metaspace       used 84031K, capacity 86673K, committed 86860K, reserved 1124352K
  class space    used 11047K, capacity 12056K, committed 12108K, reserved 1048576K
}
Event: 15.134 GC heap after
{Heap after GC invocations=18 (full 0):
 garbage-first heap   total 189440K, used 90550K [0x0000000080000000, 0x0000000100000000)
  region size 1024K, 11 young (11264K), 11 survivors (11264K)
 Metaspace       used 84031K, capacity 86673K, committed 86860K, reserved 1124352K
  class space    used 11047K, capacity 12056K, committed 12108K, reserved 1048576K
}
Event: 15.392 GC heap before
{Heap before GC invocations=18 (full 0):
 garbage-first heap   total 189440K, used 146870K [0x0000000080000000, 0x0000000100000000)
  region size 1024K, 67 young (68608K), 11 survivors (11264K)
 Metaspace       used 85176K, capacity 87868K, committed 88140K, reserved 1124352K
  class space    used 11229K, capacity 12264K, committed 12364K, reserved 1048576K
}
Event: 15.416 GC heap after
{Heap after GC invocations=19 (full 0):
 garbage-first heap   total 189440K, used 100352K [0x0000000080000000, 0x0000000100000000)
  region size 1024K, 9 young (9216K), 9 survivors (9216K)
 Metaspace       used 85176K, capacity 87868K, committed 88140K, reserved 1124352K
  class space    used 11229K, capacity 12264K, committed 12364K, reserved 1048576K
}
Event: 15.593 GC heap before
{Heap before GC invocations=19 (full 0):
 garbage-first heap   total 189440K, used 149504K [0x0000000080000000, 0x0000000100000000)
  region size 1024K, 57 young (58368K), 9 survivors (9216K)
 Metaspace       used 86632K, capacity 89459K, committed 89676K, reserved 1126400K
  class space    used 11453K, capacity 12557K, committed 12620K, reserved 1048576K
}
Event: 15.617 GC heap after
{Heap after GC invocations=20 (full 0):
 garbage-first heap   total 189440K, used 110121K [0x0000000080000000, 0x0000000100000000)
  region size 1024K, 8 young (8192K), 8 survivors (8192K)
 Metaspace       used 86632K, capacity 89459K, committed 89676K, reserved 1126400K
  class space    used 11453K, capacity 12557K, committed 12620K, reserved 1048576K
}
Event: 15.993 GC heap before
{Heap before GC invocations=21 (full 0):
 garbage-first heap   total 189440K, used 150057K [0x0000000080000000, 0x0000000100000000)
  region size 1024K, 48 young (49152K), 8 survivors (8192K)
 Metaspace       used 89232K, capacity 91925K, committed 92620K, reserved 1128448K
  class space    used 11885K, capacity 12942K, committed 13260K, reserved 1048576K
}

Deoptimization events (20 events):
Event: 15.934 Thread 0x00000246af045000 Uncommon trap: trap_request=0xffffff4d fr.pc=0x000002469ab886e0 relative=0x0000000000000040
Event: 15.934 Thread 0x00000246af045000 Uncommon trap: reason=unstable_if action=reinterpret pc=0x000002469ab886e0 method=com.android.tools.r8.internal.AA.a(Ljava/lang/Object;[Lcom/android/tools/r8/internal/yf;I)Ljava/lang/Object; @ 5 c2
Event: 15.934 Thread 0x00000246af045000 DEOPT PACKING pc=0x000002469ab886e0 sp=0x000000ef35df9a00
Event: 15.934 Thread 0x00000246af045000 DEOPT UNPACKING pc=0x0000024692b378af sp=0x000000ef35df99b0 mode 2
Event: 15.936 Thread 0x00000246af03f000 Uncommon trap: trap_request=0xffffffde fr.pc=0x000002469ab2d670 relative=0x0000000000000390
Event: 15.937 Thread 0x00000246af03f000 Uncommon trap: reason=class_check action=maybe_recompile pc=0x000002469ab2d670 method=java.util.Spliterators$IteratorSpliterator.tryAdvance(Ljava/util/function/Consumer;)Z @ 68 c2
Event: 15.937 Thread 0x00000246af03f000 DEOPT PACKING pc=0x000002469ab2d670 sp=0x000000ef35ef9960
Event: 15.937 Thread 0x00000246af03f000 DEOPT UNPACKING pc=0x0000024692b378af sp=0x000000ef35ef98f8 mode 2
Event: 15.937 Thread 0x00000246af03f000 Uncommon trap: trap_request=0xffffffde fr.pc=0x000002469ab2d670 relative=0x0000000000000390
Event: 15.937 Thread 0x00000246af03f000 Uncommon trap: reason=class_check action=maybe_recompile pc=0x000002469ab2d670 method=java.util.Spliterators$IteratorSpliterator.tryAdvance(Ljava/util/function/Consumer;)Z @ 68 c2
Event: 15.937 Thread 0x00000246af03f000 DEOPT PACKING pc=0x000002469ab2d670 sp=0x000000ef35ef9960
Event: 15.937 Thread 0x00000246af03f000 DEOPT UNPACKING pc=0x0000024692b378af sp=0x000000ef35ef98f8 mode 2
Event: 15.942 Thread 0x00000246af041800 Uncommon trap: trap_request=0xffffffde fr.pc=0x000002469ab2d670 relative=0x0000000000000390
Event: 15.942 Thread 0x00000246af041800 Uncommon trap: reason=class_check action=maybe_recompile pc=0x000002469ab2d670 method=java.util.Spliterators$IteratorSpliterator.tryAdvance(Ljava/util/function/Consumer;)Z @ 68 c2
Event: 15.942 Thread 0x00000246af041800 DEOPT PACKING pc=0x000002469ab2d670 sp=0x000000ef35bf9910
Event: 15.942 Thread 0x00000246af041800 DEOPT UNPACKING pc=0x0000024692b378af sp=0x000000ef35bf98a8 mode 2
Event: 15.972 Thread 0x00000246af045800 Uncommon trap: trap_request=0xffffff4d fr.pc=0x000002469aa5ebac relative=0x000000000000120c
Event: 15.972 Thread 0x00000246af045800 Uncommon trap: reason=unstable_if action=reinterpret pc=0x000002469aa5ebac method=java.util.HashMap.computeIfAbsent(Ljava/lang/Object;Ljava/util/function/Function;)Ljava/lang/Object; @ 145 c2
Event: 15.972 Thread 0x00000246af045800 DEOPT PACKING pc=0x000002469aa5ebac sp=0x000000ef35ff99a0
Event: 15.972 Thread 0x00000246af045800 DEOPT UNPACKING pc=0x0000024692b378af sp=0x000000ef35ff9980 mode 2

Classes redefined (0 events):
No events

Internal exceptions (20 events):
Event: 15.283 Thread 0x00000246af03f000 Exception <a 'java/lang/NoSuchMethodError'{0x0000000089dff9e0}: 'void java.lang.invoke.DirectMethodHandle$Holder.invokeStatic(java.lang.Object, java.lang.Object, java.lang.Object, int)'> (0x0000000089dff9e0) thrown at [./src/hotspot/share/interpreter/linkResolver.cpp, line 773]
Event: 15.285 Thread 0x00000246af03f000 Exception <a 'java/lang/IncompatibleClassChangeError'{0x000000008992a650}: Found class java.lang.Object, but interface was expected> (0x000000008992a650) thrown at [./src/hotspot/share/interpreter/linkResolver.cpp, line 839]
Event: 15.290 Thread 0x00000246af040000 Exception <a 'java/lang/NoSuchMethodError'{0x000000008980e2b0}: 'int java.lang.invoke.DirectMethodHandle$Holder.invokeVirtual(java.lang.Object, java.lang.Object, java.lang.Object)'> (0x000000008980e2b0) thrown at [./src/hotspot/share/interpreter/linkResolver.cpp, line 773]
Event: 15.578 Thread 0x00000246af045000 Exception <a 'java/lang/NoSuchMethodError'{0x0000000088b367a0}: 'java.lang.Object java.lang.invoke.DirectMethodHandle$Holder.invokeStatic(java.lang.Object, int, java.lang.Object, java.lang.Object)'> (0x0000000088b367a0) thrown at [./src/hotspot/share/interpreter/linkResolver.cpp, line 773]
Event: 15.578 Thread 0x00000246af045800 Exception <a 'java/lang/NoSuchMethodError'{0x0000000088cc7eb8}: 'java.lang.Object java.lang.invoke.DirectMethodHandle$Holder.invokeStatic(java.lang.Object, int, java.lang.Object, java.lang.Object)'> (0x0000000088cc7eb8) thrown at [./src/hotspot/share/interpreter/linkResolver.cpp, line 773]
Event: 15.578 Thread 0x00000246af03f000 Exception <a 'java/lang/NoSuchMethodError'{0x0000000088cea2b0}: 'java.lang.Object java.lang.invoke.DirectMethodHandle$Holder.invokeStatic(java.lang.Object, int, java.lang.Object, java.lang.Object)'> (0x0000000088cea2b0) thrown at [./src/hotspot/share/interpreter/linkResolver.cpp, line 773]
Event: 15.581 Thread 0x00000246af040000 Exception <a 'java/lang/NoSuchMethodError'{0x0000000088b55538}: 'java.lang.Object java.lang.invoke.DirectMethodHandle$Holder.invokeStatic(java.lang.Object, int, java.lang.Object, java.lang.Object)'> (0x0000000088b55538) thrown at [./src/hotspot/share/interpreter/linkResolver.cpp, line 773]
Event: 15.662 Thread 0x00000246af040000 Exception <a 'java/lang/NoSuchMethodError'{0x000000008b241c08}: 'java.lang.Object java.lang.invoke.Invokers$Holder.linkToTargetMethod(java.lang.Object, java.lang.Object, java.lang.Object, java.lang.Object, java.lang.Object, java.lang.Object, java.lang.Object)'> (0x000000008b241c08) thrown at [./src/hotspot/share/interpreter/linkResolver.cpp, line 773]
Event: 15.747 Thread 0x00000246af040000 Exception <a 'java/lang/NoSuchMethodError'{0x000000008ad428e0}: 'java.lang.Object java.lang.invoke.DirectMethodHandle$Holder.invokeVirtual(java.lang.Object, java.lang.Object, int, java.lang.Object)'> (0x000000008ad428e0) thrown at [./src/hotspot/share/interpreter/linkResolver.cpp, line 773]
Event: 15.747 Thread 0x00000246af045800 Exception <a 'java/lang/NoSuchMethodError'{0x000000008afc5ff8}: 'java.lang.Object java.lang.invoke.DirectMethodHandle$Holder.invokeVirtual(java.lang.Object, java.lang.Object, int, java.lang.Object)'> (0x000000008afc5ff8) thrown at [./src/hotspot/share/interpreter/linkResolver.cpp, line 773]
Event: 15.747 Thread 0x00000246af03f000 Exception <a 'java/lang/NoSuchMethodError'{0x000000008a6f11e8}: 'java.lang.Object java.lang.invoke.DirectMethodHandle$Holder.invokeVirtual(java.lang.Object, java.lang.Object, int, java.lang.Object)'> (0x000000008a6f11e8) thrown at [./src/hotspot/share/interpreter/linkResolver.cpp, line 773]
Event: 15.753 Thread 0x00000246af03f000 Exception <a 'java/lang/IncompatibleClassChangeError'{0x000000008a5aabf8}: Found class java.lang.Object, but interface was expected> (0x000000008a5aabf8) thrown at [./src/hotspot/share/interpreter/linkResolver.cpp, line 839]
Event: 15.754 Thread 0x00000246af03f000 Exception <a 'java/lang/IncompatibleClassChangeError'{0x000000008a4039b8}: Found class java.lang.Object, but interface was expected> (0x000000008a4039b8) thrown at [./src/hotspot/share/interpreter/linkResolver.cpp, line 839]
Event: 15.783 Thread 0x00000246af045000 Exception <a 'java/lang/NoSuchMethodError'{0x000000008a1d1ef8}: 'void java.lang.invoke.DirectMethodHandle$Holder.invokeVirtual(java.lang.Object, java.lang.Object, int, java.lang.Object)'> (0x000000008a1d1ef8) thrown at [./src/hotspot/share/interpreter/linkResolver.cpp, line 773]
Event: 15.783 Thread 0x00000246af040000 Exception <a 'java/lang/NoSuchMethodError'{0x000000008a276c40}: 'void java.lang.invoke.DirectMethodHandle$Holder.invokeVirtual(java.lang.Object, java.lang.Object, int, java.lang.Object)'> (0x000000008a276c40) thrown at [./src/hotspot/share/interpreter/linkResolver.cpp, line 773]
Event: 15.897 Thread 0x00000246af03f000 Exception <a 'java/lang/NoSuchMethodError'{0x00000000896332f8}: 'java.lang.Object java.lang.invoke.DirectMethodHandle$Holder.newInvokeSpecial(java.lang.Object, int)'> (0x00000000896332f8) thrown at [./src/hotspot/share/interpreter/linkResolver.cpp, line 773]
Event: 15.897 Thread 0x00000246af045000 Exception <a 'java/lang/NoSuchMethodError'{0x00000000898f28e0}: 'java.lang.Object java.lang.invoke.DirectMethodHandle$Holder.newInvokeSpecial(java.lang.Object, int)'> (0x00000000898f28e0) thrown at [./src/hotspot/share/interpreter/linkResolver.cpp, line 773]
Event: 15.898 Thread 0x00000246af041800 Exception <a 'java/lang/NoSuchMethodError'{0x000000008960afc8}: 'java.lang.Object java.lang.invoke.DirectMethodHandle$Holder.newInvokeSpecial(java.lang.Object, int)'> (0x000000008960afc8) thrown at [./src/hotspot/share/interpreter/linkResolver.cpp, line 773]
Event: 15.898 Thread 0x00000246af045800 Exception <a 'java/lang/NoSuchMethodError'{0x0000000089784968}: 'java.lang.Object java.lang.invoke.DirectMethodHandle$Holder.newInvokeSpecial(java.lang.Object, int)'> (0x0000000089784968) thrown at [./src/hotspot/share/interpreter/linkResolver.cpp, line 773]
Event: 15.900 Thread 0x00000246af040000 Exception <a 'java/lang/NoSuchMethodError'{0x000000008975a620}: 'java.lang.Object java.lang.invoke.DirectMethodHandle$Holder.newInvokeSpecial(java.lang.Object, int)'> (0x000000008975a620) thrown at [./src/hotspot/share/interpreter/linkResolver.cpp, line 773]

Events (20 events):
Event: 15.985 loading class com/android/tools/r8/code/i2 done
Event: 15.985 loading class com/android/tools/r8/code/O0
Event: 15.985 loading class com/android/tools/r8/code/O0 done
Event: 15.986 loading class com/android/tools/r8/code/r2
Event: 15.986 loading class com/android/tools/r8/code/r2 done
Event: 15.987 loading class com/android/tools/r8/code/l2
Event: 15.987 loading class com/android/tools/r8/code/l2 done
Event: 15.987 loading class com/android/tools/r8/code/g2
Event: 15.987 loading class com/android/tools/r8/code/g2 done
Event: 15.988 loading class com/android/tools/r8/code/q2
Event: 15.988 loading class com/android/tools/r8/code/q2 done
Event: 15.988 loading class com/android/tools/r8/code/k2
Event: 15.988 loading class com/android/tools/r8/code/k2 done
Event: 15.992 loading class com/android/tools/r8/code/z1
Event: 15.992 loading class com/android/tools/r8/code/z1 done
Event: 15.992 loading class com/android/tools/r8/internal/Mc
Event: 15.992 loading class com/android/tools/r8/internal/Mc done
Event: 15.992 loading class com/android/tools/r8/code/A1
Event: 15.992 loading class com/android/tools/r8/code/A1 done
Event: 15.993 Executing VM operation: G1CollectForAllocation


Dynamic libraries:
0x00007ff77c400000 - 0x00007ff77c40a000 	C:\Program Files\Android\Android Studio\jre\bin\java.exe
0x00007ffcc8940000 - 0x00007ffcc8b47000 	C:\Windows\SYSTEM32\ntdll.dll
0x00007ffcc71a0000 - 0x00007ffcc725d000 	C:\Windows\System32\KERNEL32.DLL
0x00007ffcc6330000 - 0x00007ffcc66a4000 	C:\Windows\System32\KERNELBASE.dll
0x00007ffcc33d0000 - 0x00007ffcc3461000 	C:\Windows\SYSTEM32\apphelp.dll
0x00007ffcc66b0000 - 0x00007ffcc67c1000 	C:\Windows\System32\ucrtbase.dll
0x00007ffcbd510000 - 0x00007ffcbd527000 	C:\Program Files\Android\Android Studio\jre\bin\VCRUNTIME140.dll
0x00007ffcbd530000 - 0x00007ffcbd549000 	C:\Program Files\Android\Android Studio\jre\bin\jli.dll
0x00007ffcc7d10000 - 0x00007ffcc7ebc000 	C:\Windows\System32\USER32.dll
0x00007ffca8770000 - 0x00007ffca8a15000 	C:\Windows\WinSxS\amd64_microsoft.windows.common-controls_6595b64144ccf1df_6.0.22000.120_none_9d947278b86cc467\COMCTL32.dll
0x00007ffcc6300000 - 0x00007ffcc6326000 	C:\Windows\System32\win32u.dll
0x00007ffcc7540000 - 0x00007ffcc75e3000 	C:\Windows\System32\msvcrt.dll
0x00007ffcc7020000 - 0x00007ffcc7049000 	C:\Windows\System32\GDI32.dll
0x00007ffcc6120000 - 0x00007ffcc6232000 	C:\Windows\System32\gdi32full.dll
0x00007ffcc5f90000 - 0x00007ffcc602d000 	C:\Windows\System32\msvcp_win.dll
0x00007ffcc7260000 - 0x00007ffcc7291000 	C:\Windows\System32\IMM32.DLL
0x00007ffca7b30000 - 0x00007ffca7bcd000 	C:\Program Files\Android\Android Studio\jre\bin\msvcp140.dll
0x00007ffc80200000 - 0x00007ffc80ccf000 	C:\Program Files\Android\Android Studio\jre\bin\server\jvm.dll
0x00007ffcc67d0000 - 0x00007ffcc687c000 	C:\Windows\System32\ADVAPI32.dll
0x00007ffcc6de0000 - 0x00007ffcc6e7d000 	C:\Windows\System32\sechost.dll
0x00007ffcc8720000 - 0x00007ffcc8841000 	C:\Windows\System32\RPCRT4.dll
0x00007ffcc7530000 - 0x00007ffcc7538000 	C:\Windows\System32\PSAPI.DLL
0x00007ffcc02c0000 - 0x00007ffcc02c9000 	C:\Windows\SYSTEM32\WSOCK32.dll
0x00007ffcbe0e0000 - 0x00007ffcbe113000 	C:\Windows\SYSTEM32\WINMM.dll
0x00007ffcbc560000 - 0x00007ffcbc56a000 	C:\Windows\SYSTEM32\VERSION.dll
0x00007ffcc7ca0000 - 0x00007ffcc7d0f000 	C:\Windows\System32\WS2_32.dll
0x00007ffcc4ff0000 - 0x00007ffcc5008000 	C:\Windows\SYSTEM32\kernel.appcore.dll
0x00007ffcb9e80000 - 0x00007ffcb9e91000 	C:\Program Files\Android\Android Studio\jre\bin\verify.dll
0x00007ffcbf790000 - 0x00007ffcbf9b1000 	C:\Windows\SYSTEM32\DBGHELP.DLL
0x00007ffcabf10000 - 0x00007ffcabf41000 	C:\Windows\SYSTEM32\dbgcore.DLL
0x00007ffcc6030000 - 0x00007ffcc60b0000 	C:\Windows\System32\bcryptPrimitives.dll
0x00007ffcb3d60000 - 0x00007ffcb3d89000 	C:\Program Files\Android\Android Studio\jre\bin\java.dll
0x00007ffcc02b0000 - 0x00007ffcc02bb000 	C:\Program Files\Android\Android Studio\jre\bin\jimage.dll
0x00007ffcb4700000 - 0x00007ffcb4718000 	C:\Program Files\Android\Android Studio\jre\bin\zip.dll
0x00007ffcc7f50000 - 0x00007ffcc86f9000 	C:\Windows\System32\SHELL32.dll
0x00007ffcc3fd0000 - 0x00007ffcc4832000 	C:\Windows\SYSTEM32\windows.storage.dll
0x00007ffcc6970000 - 0x00007ffcc6ce8000 	C:\Windows\System32\combase.dll
0x00007ffcc3e60000 - 0x00007ffcc3fc6000 	C:\Windows\SYSTEM32\wintypes.dll
0x00007ffcc70b0000 - 0x00007ffcc719a000 	C:\Windows\System32\SHCORE.dll
0x00007ffcc6880000 - 0x00007ffcc68dd000 	C:\Windows\System32\shlwapi.dll
0x00007ffcc5d50000 - 0x00007ffcc5d71000 	C:\Windows\SYSTEM32\profapi.dll
0x00007ffcac4c0000 - 0x00007ffcac4da000 	C:\Program Files\Android\Android Studio\jre\bin\net.dll
0x00007ffcc07c0000 - 0x00007ffcc08cc000 	C:\Windows\SYSTEM32\WINHTTP.dll
0x00007ffcc5450000 - 0x00007ffcc54b7000 	C:\Windows\system32\mswsock.dll
0x00007ffcac250000 - 0x00007ffcac264000 	C:\Program Files\Android\Android Studio\jre\bin\nio.dll
0x00007ffca62f0000 - 0x00007ffca6317000 	C:\Users\hsibin\.gradle\native\8bec1ad78214c89d9ad589b4d07fe93259594b29d510b10fafb7a158f7737e5d\windows-amd64\native-platform.dll
0x00007ffc8a7d0000 - 0x00007ffc8a90d000 	C:\Users\hsibin\.gradle\native\53dbd7edfb1c66fb8903c78663c9afc45aea4f116125fa6feffd364cf09443e8\windows-amd64\native-platform-file-events.dll
0x00007ffcc0290000 - 0x00007ffcc029a000 	C:\Program Files\Android\Android Studio\jre\bin\management.dll
0x00007ffcbd490000 - 0x00007ffcbd49c000 	C:\Program Files\Android\Android Studio\jre\bin\management_ext.dll
0x00007ffcc5690000 - 0x00007ffcc56a8000 	C:\Windows\SYSTEM32\CRYPTSP.dll
0x00007ffcc4f20000 - 0x00007ffcc4f55000 	C:\Windows\system32\rsaenh.dll
0x00007ffcc5540000 - 0x00007ffcc5569000 	C:\Windows\SYSTEM32\USERENV.dll
0x00007ffcc5810000 - 0x00007ffcc5837000 	C:\Windows\SYSTEM32\bcrypt.dll
0x00007ffcc56b0000 - 0x00007ffcc56bc000 	C:\Windows\SYSTEM32\CRYPTBASE.dll
0x00007ffcc4a80000 - 0x00007ffcc4aad000 	C:\Windows\SYSTEM32\IPHLPAPI.DLL
0x00007ffcc68e0000 - 0x00007ffcc68e9000 	C:\Windows\System32\NSI.dll
0x00007ffcc0680000 - 0x00007ffcc0699000 	C:\Windows\SYSTEM32\dhcpcsvc6.DLL
0x00007ffcc0a10000 - 0x00007ffcc0a2e000 	C:\Windows\SYSTEM32\dhcpcsvc.DLL
0x00007ffcc4ab0000 - 0x00007ffcc4b97000 	C:\Windows\SYSTEM32\DNSAPI.dll

dbghelp: loaded successfully - version: 4.0.5 - missing functions: none
symbol engine: initialized successfully - sym options: 0x614 - pdb path: .;C:\Program Files\Android\Android Studio\jre\bin;C:\Windows\SYSTEM32;C:\Windows\WinSxS\amd64_microsoft.windows.common-controls_6595b64144ccf1df_6.0.22000.120_none_9d947278b86cc467;C:\Program Files\Android\Android Studio\jre\bin\server;C:\Users\hsibin\.gradle\native\8bec1ad78214c89d9ad589b4d07fe93259594b29d510b10fafb7a158f7737e5d\windows-amd64;C:\Users\hsibin\.gradle\native\53dbd7edfb1c66fb8903c78663c9afc45aea4f116125fa6feffd364cf09443e8\windows-amd64

VM Arguments:
jvm_args: --add-opens=java.base/java.util=ALL-UNNAMED --add-opens=java.base/java.lang=ALL-UNNAMED --add-opens=java.base/java.lang.invoke=ALL-UNNAMED --add-opens=java.base/java.util=ALL-UNNAMED --add-opens=java.prefs/java.util.prefs=ALL-UNNAMED --add-opens=java.prefs/java.util.prefs=ALL-UNNAMED --add-opens=java.base/java.nio.charset=ALL-UNNAMED --add-opens=java.base/java.net=ALL-UNNAMED --add-opens=java.base/java.util.concurrent.atomic=ALL-UNNAMED -Xmx2048m -Dfile.encoding=UTF-8 -Duser.country=CN -Duser.language=zh -Duser.variant 
java_command: org.gradle.launcher.daemon.bootstrap.GradleDaemon 7.0.2
java_class_path (initial): C:\Users\hsibin\.gradle\wrapper\dists\gradle-7.0.2-bin\857tjihv64xamwrf0h14cai3r\gradle-7.0.2\lib\gradle-launcher-7.0.2.jar
Launcher Type: SUN_STANDARD

[Global flags]
     intx CICompilerCount                          = 4                                         {product} {ergonomic}
     uint ConcGCThreads                            = 2                                         {product} {ergonomic}
     uint G1ConcRefinementThreads                  = 8                                         {product} {ergonomic}
   size_t G1HeapRegionSize                         = 1048576                                   {product} {ergonomic}
    uintx GCDrainStackTargetSize                   = 64                                        {product} {ergonomic}
   size_t InitialHeapSize                          = 134217728                                 {product} {ergonomic}
   size_t MarkStackSize                            = 4194304                                   {product} {ergonomic}
   size_t MaxHeapSize                              = 2147483648                                {product} {command line}
   size_t MaxNewSize                               = 1287651328                                {product} {ergonomic}
   size_t MinHeapDeltaBytes                        = 1048576                                   {product} {ergonomic}
    uintx NonNMethodCodeHeapSize                   = 5836300                                {pd product} {ergonomic}
    uintx NonProfiledCodeHeapSize                  = 122910970                              {pd product} {ergonomic}
    uintx ProfiledCodeHeapSize                     = 122910970                              {pd product} {ergonomic}
    uintx ReservedCodeCacheSize                    = 251658240                              {pd product} {ergonomic}
     bool SegmentedCodeCache                       = true                                      {product} {ergonomic}
     bool UseCompressedClassPointers               = true                                 {lp64_product} {ergonomic}
     bool UseCompressedOops                        = true                                 {lp64_product} {ergonomic}
     bool UseG1GC                                  = true                                      {product} {ergonomic}
     bool UseLargePagesIndividualAllocation        = false                                  {pd product} {ergonomic}

Logging:
Log output configuration:
 #0: stdout all=warning uptime,level,tags
 #1: stderr all=off uptime,level,tags

Environment Variables:
PATH=C:\Program Files (x86)\Common Files\Oracle\Java\javapath;C:\Windows\system32;C:\Windows;C:\Windows\System32\Wbem;C:\Windows\System32\WindowsPowerShell\v1.0\;C:\Windows\System32\OpenSSH\;C:\Program Files\Git\cmd;C:\Users\hsibin\AppData\Local\Microsoft\WindowsApps;;C:\Program Files\JetBrains\IntelliJ IDEA 2021.2.2\bin;;C:\Program Files\JetBrains\WebStorm 2021.2.2\bin;
USERNAME=hsibin
OS=Windows_NT
PROCESSOR_IDENTIFIER=Intel64 Family 6 Model 142 Stepping 10, GenuineIntel



---------------  S Y S T E M  ---------------

OS: Windows 10 , 64 bit Build 22000 (10.0.22000.120)
OS uptime: 0 days 5:36 hours

CPU:total 8 (initial active 8) (4 cores per cpu, 2 threads per core) family 6 model 142 stepping 10 microcode 0xe8, cmov, cx8, fxsr, mmx, sse, sse2, sse3, ssse3, sse4.1, sse4.2, popcnt, avx, avx2, aes, clmul, erms, 3dnowpref, lzcnt, ht, tsc, tscinvbit, bmi1, bmi2, adx, fma

Memory: 4k page, system-wide physical 8109M (377M free)
TotalPageFile size 12205M (AvailPageFile size 27M)
current process WorkingSet (physical memory assigned to process): 480M, peak: 482M
current process commit charge ("private bytes"): 543M, peak: 580M

vm_info: OpenJDK 64-Bit Server VM (11.0.10+0-b96-7249189) for windows-amd64 JRE (11.0.10+0-b96-7249189), built on Mar 31 2021 21:44:00 by "builder" with MS VC++ 14.0 (VS2015)

END.
