#
# There is insufficient memory for the Java Runtime Environment to continue.
# Native memory allocation (malloc) failed to allocate 1044496 bytes for Chunk::new
# Possible reasons:
#   The system is out of physical RAM or swap space
#   The process is running with CompressedOops enabled, and the Java Heap may be blocking the growth of the native heap
# Possible solutions:
#   Reduce memory load on the system
#   Increase physical memory or swap space
#   Check if swap backing store is full
#   Decrease Java heap size (-Xmx/-Xms)
#   Decrease number of Java threads
#   Decrease Java thread stack sizes (-Xss)
#   Set larger code cache with -XX:ReservedCodeCacheSize=
#   JVM is running with Unscaled Compressed Oops mode in which the Java heap is
#     placed in the first 4GB address space. The Java Heap base address is the
#     maximum limit for the native heap growth. Please use -XX:HeapBaseMinAddress
#     to set the Java Heap base and to place the Java Heap above 4GB virtual address.
# This output file may be truncated or incomplete.
#
#  Out of Memory Error (./src/hotspot/share/memory/arena.cpp:197), pid=6368, tid=2256
#
# JRE version: OpenJDK Runtime Environment (11.0.10) (build 11.0.10+0-b96-7249189)
# Java VM: OpenJDK 64-Bit Server VM (11.0.10+0-b96-7249189, mixed mode, tiered, compressed oops, g1 gc, windows-amd64)
# No core dump will be written. Minidumps are not enabled by default on client versions of Windows
#

---------------  S U M M A R Y ------------

Command Line: --add-opens=java.base/java.util=ALL-UNNAMED --add-opens=java.base/java.lang=ALL-UNNAMED --add-opens=java.base/java.lang.invoke=ALL-UNNAMED --add-opens=java.base/java.util=ALL-UNNAMED --add-opens=java.prefs/java.util.prefs=ALL-UNNAMED --add-opens=java.prefs/java.util.prefs=ALL-UNNAMED --add-opens=java.base/java.nio.charset=ALL-UNNAMED --add-opens=java.base/java.net=ALL-UNNAMED --add-opens=java.base/java.util.concurrent.atomic=ALL-UNNAMED -Xmx2048m -Dfile.encoding=UTF-8 -Duser.country=CN -Duser.language=zh -Duser.variant org.gradle.launcher.daemon.bootstrap.GradleDaemon 7.0.2

Host: Intel(R) Core(TM) i5-8250U CPU @ 1.60GHz, 8 cores, 7G,  Windows 10 , 64 bit Build 22000 (10.0.22000.120)
Time: Thu Oct 14 19:34:09 2021 中国标准时间 elapsed time: 8.249923 seconds (0d 0h 0m 8s)

---------------  T H R E A D  ---------------

Current thread (0x00000217c884b800):  JavaThread "C2 CompilerThread0" daemon [_thread_in_native, id=2256, stack(0x000000b9cc200000,0x000000b9cc300000)]


Current CompileTask:
C2:   8249 3527   !   4       java.net.URLClassLoader$1::run (63 bytes)

Stack: [0x000000b9cc200000,0x000000b9cc300000]
Native frames: (J=compiled Java code, j=interpreted, Vv=VM code, C=native code)
V  [jvm.dll+0x5ecfaa]
V  [jvm.dll+0x722bd5]
V  [jvm.dll+0x72412d]
V  [jvm.dll+0x7247e3]
V  [jvm.dll+0x242928]
V  [jvm.dll+0xbc4fc]
V  [jvm.dll+0xbca0c]
V  [jvm.dll+0x2b4fd4]
V  [jvm.dll+0x506028]
V  [jvm.dll+0x203253]
V  [jvm.dll+0x1fd07c]
V  [jvm.dll+0x1fa77f]
V  [jvm.dll+0x18354c]
V  [jvm.dll+0x208ee7]
V  [jvm.dll+0x207731]
V  [jvm.dll+0x6eb1cf]
V  [jvm.dll+0x6e3d45]
V  [jvm.dll+0x5ebe96]
C  [ucrtbase.dll+0x26c0c]
C  [KERNEL32.DLL+0x154e0]
C  [ntdll.dll+0x485b]


---------------  P R O C E S S  ---------------

Threads class SMR info:
_java_thread_list=0x00000217cdb37f90, length=35, elements={
0x00000217ac40d000, 0x00000217c8824000, 0x00000217c882f000, 0x00000217c8840800,
0x00000217c8841800, 0x00000217c8842800, 0x00000217c884b800, 0x00000217c8854000,
0x00000217c8858800, 0x00000217c92af800, 0x00000217ca6aa000, 0x00000217cb7e9800,
0x00000217c9d1a000, 0x00000217cb2d9000, 0x00000217c9e51800, 0x00000217c9e52000,
0x00000217ca028800, 0x00000217ca029800, 0x00000217c9e45800, 0x00000217cb1ed000,
0x00000217cb1e8000, 0x00000217cb1eb000, 0x00000217cb1ea800, 0x00000217cb1e7000,
0x00000217cb1e8800, 0x00000217cb1e9800, 0x00000217cb1ec000, 0x00000217cb1ed800,
0x00000217cd31e800, 0x00000217cd31d000, 0x00000217cd31a000, 0x00000217cd31e000,
0x00000217cd31a800, 0x00000217cd31f800, 0x00000217cd320800
}

Java Threads: ( => current thread )
  0x00000217ac40d000 JavaThread "main" [_thread_blocked, id=2456, stack(0x000000b9cb600000,0x000000b9cb700000)]
  0x00000217c8824000 JavaThread "Reference Handler" daemon [_thread_blocked, id=5016, stack(0x000000b9cbd00000,0x000000b9cbe00000)]
  0x00000217c882f000 JavaThread "Finalizer" daemon [_thread_blocked, id=4900, stack(0x000000b9cbe00000,0x000000b9cbf00000)]
  0x00000217c8840800 JavaThread "Signal Dispatcher" daemon [_thread_blocked, id=6788, stack(0x000000b9cbf00000,0x000000b9cc000000)]
  0x00000217c8841800 JavaThread "Attach Listener" daemon [_thread_blocked, id=2296, stack(0x000000b9cc000000,0x000000b9cc100000)]
  0x00000217c8842800 JavaThread "Service Thread" daemon [_thread_blocked, id=5152, stack(0x000000b9cc100000,0x000000b9cc200000)]
=>0x00000217c884b800 JavaThread "C2 CompilerThread0" daemon [_thread_in_native, id=2256, stack(0x000000b9cc200000,0x000000b9cc300000)]
  0x00000217c8854000 JavaThread "C1 CompilerThread0" daemon [_thread_blocked, id=6528, stack(0x000000b9cc300000,0x000000b9cc400000)]
  0x00000217c8858800 JavaThread "Sweeper thread" daemon [_thread_blocked, id=5932, stack(0x000000b9cc400000,0x000000b9cc500000)]
  0x00000217c92af800 JavaThread "Common-Cleaner" daemon [_thread_blocked, id=3776, stack(0x000000b9cc500000,0x000000b9cc600000)]
  0x00000217ca6aa000 JavaThread "Daemon health stats" [_thread_blocked, id=9244, stack(0x000000b9cc700000,0x000000b9cc800000)]
  0x00000217cb7e9800 JavaThread "Incoming local TCP Connector on port 60450" [_thread_in_native, id=9248, stack(0x000000b9cc800000,0x000000b9cc900000)]
  0x00000217c9d1a000 JavaThread "Daemon periodic checks" [_thread_blocked, id=9256, stack(0x000000b9ccb00000,0x000000b9ccc00000)]
  0x00000217cb2d9000 JavaThread "Daemon" [_thread_blocked, id=9260, stack(0x000000b9ccc00000,0x000000b9ccd00000)]
  0x00000217c9e51800 JavaThread "Handler for socket connection from /127.0.0.1:60450 to /127.0.0.1:60452" [_thread_in_native, id=9264, stack(0x000000b9ccd00000,0x000000b9cce00000)]
  0x00000217c9e52000 JavaThread "Cancel handler" [_thread_blocked, id=9268, stack(0x000000b9cce00000,0x000000b9ccf00000)]
  0x00000217ca028800 JavaThread "Daemon worker" [_thread_in_vm, id=9272, stack(0x000000b9ccf00000,0x000000b9cd000000)]
  0x00000217ca029800 JavaThread "Asynchronous log dispatcher for DefaultDaemonConnection: socket connection from /127.0.0.1:60450 to /127.0.0.1:60452" [_thread_blocked, id=9284, stack(0x000000b9cd000000,0x000000b9cd100000)]
  0x00000217c9e45800 JavaThread "Stdin handler" [_thread_blocked, id=9288, stack(0x000000b9cd100000,0x000000b9cd200000)]
  0x00000217cb1ed000 JavaThread "Daemon client event forwarder" [_thread_blocked, id=9292, stack(0x000000b9cd200000,0x000000b9cd300000)]
  0x00000217cb1e8000 JavaThread "Cache worker for file hash cache (C:\Users\hsibin\.gradle\caches\7.0.2\fileHashes)" [_thread_blocked, id=9320, stack(0x000000b9cd800000,0x000000b9cd900000)]
  0x00000217cb1eb000 JavaThread "File lock request listener" [_thread_in_native, id=9324, stack(0x000000b9cd900000,0x000000b9cda00000)]
  0x00000217cb1ea800 JavaThread "Cache worker for journal cache (C:\Users\hsibin\.gradle\caches\journal-1)" [_thread_blocked, id=9332, stack(0x000000b9cdb00000,0x000000b9cdc00000)]
  0x00000217cb1e7000 JavaThread "Cache worker for file hash cache (C:\Users\hsibin\AndroidStudioProjects\stage2\.gradle\7.0.2\fileHashes)" [_thread_blocked, id=9336, stack(0x000000b9cdc00000,0x000000b9cdd00000)]
  0x00000217cb1e8800 JavaThread "File watcher server" daemon [_thread_in_native, id=9340, stack(0x000000b9cdd00000,0x000000b9cde00000)]
  0x00000217cb1e9800 JavaThread "File watcher consumer" daemon [_thread_blocked, id=9344, stack(0x000000b9cde00000,0x000000b9cdf00000)]
  0x00000217cb1ec000 JavaThread "Cache worker for checksums cache (C:\Users\hsibin\AndroidStudioProjects\stage2\.gradle\checksums)" [_thread_blocked, id=9348, stack(0x000000b9cdf00000,0x000000b9ce000000)]
  0x00000217cb1ed800 JavaThread "Cache worker for cache directory md-supplier (C:\Users\hsibin\.gradle\caches\7.0.2\md-supplier)" [_thread_blocked, id=9352, stack(0x000000b9ce000000,0x000000b9ce100000)]
  0x00000217cd31e800 JavaThread "Cache worker for cache directory md-rule (C:\Users\hsibin\.gradle\caches\7.0.2\md-rule)" [_thread_blocked, id=9356, stack(0x000000b9ce100000,0x000000b9ce200000)]
  0x00000217cd31d000 JavaThread "Cache worker for execution history cache (C:\Users\hsibin\.gradle\caches\7.0.2\executionHistory)" [_thread_blocked, id=9360, stack(0x000000b9ce200000,0x000000b9ce300000)]
  0x00000217cd31a000 JavaThread "jar transforms" [_thread_blocked, id=9380, stack(0x000000b9ce300000,0x000000b9ce400000)]
  0x00000217cd31e000 JavaThread "jar transforms Thread 2" [_thread_blocked, id=9384, stack(0x000000b9ce400000,0x000000b9ce500000)]
  0x00000217cd31a800 JavaThread "Cache worker for file content cache (C:\Users\hsibin\.gradle\caches\7.0.2\fileContent)" [_thread_blocked, id=9388, stack(0x000000b9ce500000,0x000000b9ce600000)]
  0x00000217cd31f800 JavaThread "Cache worker for dependencies-accessors (C:\Users\hsibin\AndroidStudioProjects\stage2\.gradle\7.0.2\dependencies-accessors)" [_thread_blocked, id=9392, stack(0x000000b9ce600000,0x000000b9ce700000)]
  0x00000217cd320800 JavaThread "jar transforms Thread 3" [_thread_blocked, id=9396, stack(0x000000b9ce700000,0x000000b9ce800000)]

Other Threads:
  0x00000217c8821000 VMThread "VM Thread" [stack: 0x000000b9cbc00000,0x000000b9cbd00000] [id=7912]
  0x00000217c92b4800 WatcherThread [stack: 0x000000b9cc600000,0x000000b9cc700000] [id=916]
  0x00000217ac425000 GCTaskThread "GC Thread#0" [stack: 0x000000b9cb700000,0x000000b9cb800000] [id=7232]
  0x00000217c9ed2000 GCTaskThread "GC Thread#1" [stack: 0x000000b9cc900000,0x000000b9cca00000] [id=2568]
  0x00000217c9db6000 GCTaskThread "GC Thread#2" [stack: 0x000000b9cca00000,0x000000b9ccb00000] [id=9220]
  0x00000217ca775800 GCTaskThread "GC Thread#3" [stack: 0x000000b9cd300000,0x000000b9cd400000] [id=9300]
  0x00000217c9899000 GCTaskThread "GC Thread#4" [stack: 0x000000b9cd400000,0x000000b9cd500000] [id=9304]
  0x00000217ca27b800 GCTaskThread "GC Thread#5" [stack: 0x000000b9cd500000,0x000000b9cd600000] [id=9308]
  0x00000217ca53f000 GCTaskThread "GC Thread#6" [stack: 0x000000b9cd600000,0x000000b9cd700000] [id=9312]
  0x00000217ca53f800 GCTaskThread "GC Thread#7" [stack: 0x000000b9cd700000,0x000000b9cd800000] [id=9316]
  0x00000217ac459800 ConcurrentGCThread "G1 Main Marker" [stack: 0x000000b9cb800000,0x000000b9cb900000] [id=4588]
  0x00000217ac45a800 ConcurrentGCThread "G1 Conc#0" [stack: 0x000000b9cb900000,0x000000b9cba00000] [id=3652]
  0x00000217ca1c5800 ConcurrentGCThread "G1 Conc#1" [stack: 0x000000b9cda00000,0x000000b9cdb00000] [id=9328]
  0x00000217ac4ee000 ConcurrentGCThread "G1 Refine#0" [stack: 0x000000b9cba00000,0x000000b9cbb00000] [id=6724]
  0x00000217c8670800 ConcurrentGCThread "G1 Young RemSet Sampling" [stack: 0x000000b9cbb00000,0x000000b9cbc00000] [id=6056]

Threads with active compile tasks:
C2 CompilerThread0   8290 3527   !   4       java.net.URLClassLoader$1::run (63 bytes)

VM state:not at safepoint (normal execution)

VM Mutex/Monitor currently owned by a thread: None

Heap address: 0x0000000080000000, size: 2048 MB, Compressed Oops mode: 32-bit
Narrow klass base: 0x0000000000000000, Narrow klass shift: 3
Compressed class space size: 1073741824 Address: 0x0000000100000000

Heap:
 garbage-first heap   total 131072K, used 74391K [0x0000000080000000, 0x0000000100000000)
  region size 1024K, 55 young (56320K), 9 survivors (9216K)
 Metaspace       used 43869K, capacity 44878K, committed 45004K, reserved 1087488K
  class space    used 5625K, capacity 5970K, committed 6092K, reserved 1048576K
Heap Regions: E=young(eden), S=young(survivor), O=old, HS=humongous(starts), HC=humongous(continues), CS=collection set, F=free, A=archive, TAMS=top-at-mark-start (previous, next)
|   0|0x0000000080000000, 0x0000000080100000, 0x0000000080100000|100%| O|  |TAMS 0x0000000080100000, 0x0000000080000000| Untracked 
|   1|0x0000000080100000, 0x0000000080200000, 0x0000000080200000|100%| O|  |TAMS 0x0000000080200000, 0x0000000080100000| Untracked 
|   2|0x0000000080200000, 0x0000000080300000, 0x0000000080300000|100%| O|  |TAMS 0x0000000080300000, 0x0000000080200000| Untracked 
|   3|0x0000000080300000, 0x0000000080400000, 0x0000000080400000|100%|HS|  |TAMS 0x0000000080400000, 0x0000000080300000| Complete 
|   4|0x0000000080400000, 0x0000000080500000, 0x0000000080500000|100%|HC|  |TAMS 0x0000000080500000, 0x0000000080400000| Complete 
|   5|0x0000000080500000, 0x0000000080600000, 0x0000000080600000|100%|HC|  |TAMS 0x0000000080600000, 0x0000000080500000| Complete 
|   6|0x0000000080600000, 0x0000000080700000, 0x0000000080700000|100%| O|  |TAMS 0x0000000080700000, 0x0000000080600000| Untracked 
|   7|0x0000000080700000, 0x0000000080800000, 0x0000000080800000|100%| O|  |TAMS 0x0000000080800000, 0x0000000080700000| Untracked 
|   8|0x0000000080800000, 0x0000000080900000, 0x0000000080900000|100%| O|  |TAMS 0x0000000080900000, 0x0000000080800000| Untracked 
|   9|0x0000000080900000, 0x0000000080a00000, 0x0000000080a00000|100%| O|  |TAMS 0x0000000080a00000, 0x0000000080900000| Untracked 
|  10|0x0000000080a00000, 0x0000000080b00000, 0x0000000080b00000|100%| O|  |TAMS 0x0000000080b00000, 0x0000000080a00000| Untracked 
|  11|0x0000000080b00000, 0x0000000080c00000, 0x0000000080c00000|100%| O|  |TAMS 0x0000000080c00000, 0x0000000080b00000| Untracked 
|  12|0x0000000080c00000, 0x0000000080d00000, 0x0000000080d00000|100%| O|  |TAMS 0x0000000080d00000, 0x0000000080c00000| Untracked 
|  13|0x0000000080d00000, 0x0000000080e00000, 0x0000000080e00000|100%| O|  |TAMS 0x0000000080e00000, 0x0000000080d00000| Untracked 
|  14|0x0000000080e00000, 0x0000000080f00000, 0x0000000080f00000|100%| O|  |TAMS 0x0000000080f00000, 0x0000000080e00000| Untracked 
|  15|0x0000000080f00000, 0x0000000081000000, 0x0000000081000000|100%| O|  |TAMS 0x0000000080f96600, 0x0000000080f00000| Untracked 
|  16|0x0000000081000000, 0x0000000081100000, 0x0000000081100000|100%|HS|  |TAMS 0x0000000081000000, 0x0000000081000000| Complete 
|  17|0x0000000081100000, 0x0000000081100000, 0x0000000081200000|  0%| F|  |TAMS 0x0000000081100000, 0x0000000081100000| Untracked 
|  18|0x0000000081200000, 0x0000000081200000, 0x0000000081300000|  0%| F|  |TAMS 0x0000000081200000, 0x0000000081200000| Untracked 
|  19|0x0000000081300000, 0x0000000081400000, 0x0000000081400000|100%| O|  |TAMS 0x0000000081300000, 0x0000000081300000| Untracked 
|  20|0x0000000081400000, 0x0000000081500000, 0x0000000081500000|100%| O|  |TAMS 0x0000000081400000, 0x0000000081400000| Untracked 
|  21|0x0000000081500000, 0x0000000081531200, 0x0000000081600000| 19%| O|  |TAMS 0x0000000081500000, 0x0000000081500000| Untracked 
|  22|0x0000000081600000, 0x0000000081600000, 0x0000000081700000|  0%| F|  |TAMS 0x0000000081600000, 0x0000000081600000| Untracked 
|  23|0x0000000081700000, 0x0000000081700000, 0x0000000081800000|  0%| F|  |TAMS 0x0000000081700000, 0x0000000081700000| Untracked 
|  24|0x0000000081800000, 0x0000000081800000, 0x0000000081900000|  0%| F|  |TAMS 0x0000000081800000, 0x0000000081800000| Untracked 
|  25|0x0000000081900000, 0x0000000081900000, 0x0000000081a00000|  0%| F|  |TAMS 0x0000000081900000, 0x0000000081900000| Untracked 
|  26|0x0000000081a00000, 0x0000000081a00000, 0x0000000081b00000|  0%| F|  |TAMS 0x0000000081a00000, 0x0000000081a00000| Untracked 
|  27|0x0000000081b00000, 0x0000000081b00000, 0x0000000081c00000|  0%| F|  |TAMS 0x0000000081b00000, 0x0000000081b00000| Untracked 
|  28|0x0000000081c00000, 0x0000000081c00000, 0x0000000081d00000|  0%| F|  |TAMS 0x0000000081c00000, 0x0000000081c00000| Untracked 
|  29|0x0000000081d00000, 0x0000000081d00000, 0x0000000081e00000|  0%| F|  |TAMS 0x0000000081d00000, 0x0000000081d00000| Untracked 
|  30|0x0000000081e00000, 0x0000000081e00000, 0x0000000081f00000|  0%| F|  |TAMS 0x0000000081e00000, 0x0000000081e00000| Untracked 
|  31|0x0000000081f00000, 0x0000000081f00000, 0x0000000082000000|  0%| F|  |TAMS 0x0000000081f00000, 0x0000000081f00000| Untracked 
|  32|0x0000000082000000, 0x0000000082000000, 0x0000000082100000|  0%| F|  |TAMS 0x0000000082000000, 0x0000000082000000| Untracked 
|  33|0x0000000082100000, 0x0000000082100000, 0x0000000082200000|  0%| F|  |TAMS 0x0000000082100000, 0x0000000082100000| Untracked 
|  34|0x0000000082200000, 0x0000000082200000, 0x0000000082300000|  0%| F|  |TAMS 0x0000000082200000, 0x0000000082200000| Untracked 
|  35|0x0000000082300000, 0x0000000082300000, 0x0000000082400000|  0%| F|  |TAMS 0x0000000082300000, 0x0000000082300000| Untracked 
|  36|0x0000000082400000, 0x0000000082400000, 0x0000000082500000|  0%| F|  |TAMS 0x0000000082400000, 0x0000000082400000| Untracked 
|  37|0x0000000082500000, 0x0000000082500000, 0x0000000082600000|  0%| F|  |TAMS 0x0000000082500000, 0x0000000082500000| Untracked 
|  38|0x0000000082600000, 0x0000000082600000, 0x0000000082700000|  0%| F|  |TAMS 0x0000000082600000, 0x0000000082600000| Untracked 
|  39|0x0000000082700000, 0x0000000082700000, 0x0000000082800000|  0%| F|  |TAMS 0x0000000082700000, 0x0000000082700000| Untracked 
|  40|0x0000000082800000, 0x0000000082800000, 0x0000000082900000|  0%| F|  |TAMS 0x0000000082800000, 0x0000000082800000| Untracked 
|  41|0x0000000082900000, 0x0000000082900000, 0x0000000082a00000|  0%| F|  |TAMS 0x0000000082900000, 0x0000000082900000| Untracked 
|  42|0x0000000082a00000, 0x0000000082a00000, 0x0000000082b00000|  0%| F|  |TAMS 0x0000000082a00000, 0x0000000082a00000| Untracked 
|  43|0x0000000082b00000, 0x0000000082b00000, 0x0000000082c00000|  0%| F|  |TAMS 0x0000000082b00000, 0x0000000082b00000| Untracked 
|  44|0x0000000082c00000, 0x0000000082c00000, 0x0000000082d00000|  0%| F|  |TAMS 0x0000000082c00000, 0x0000000082c00000| Untracked 
|  45|0x0000000082d00000, 0x0000000082d00000, 0x0000000082e00000|  0%| F|  |TAMS 0x0000000082d00000, 0x0000000082d00000| Untracked 
|  46|0x0000000082e00000, 0x0000000082e00000, 0x0000000082f00000|  0%| F|  |TAMS 0x0000000082e00000, 0x0000000082e00000| Untracked 
|  47|0x0000000082f00000, 0x0000000082f00000, 0x0000000083000000|  0%| F|  |TAMS 0x0000000082f00000, 0x0000000082f00000| Untracked 
|  48|0x0000000083000000, 0x0000000083000000, 0x0000000083100000|  0%| F|  |TAMS 0x0000000083000000, 0x0000000083000000| Untracked 
|  49|0x0000000083100000, 0x0000000083100000, 0x0000000083200000|  0%| F|  |TAMS 0x0000000083100000, 0x0000000083100000| Untracked 
|  50|0x0000000083200000, 0x0000000083274c88, 0x0000000083300000| 45%| S|CS|TAMS 0x0000000083200000, 0x0000000083200000| Complete 
|  51|0x0000000083300000, 0x0000000083400000, 0x0000000083400000|100%| S|CS|TAMS 0x0000000083300000, 0x0000000083300000| Complete 
|  52|0x0000000083400000, 0x0000000083500000, 0x0000000083500000|100%| S|CS|TAMS 0x0000000083400000, 0x0000000083400000| Complete 
|  53|0x0000000083500000, 0x0000000083600000, 0x0000000083600000|100%| S|CS|TAMS 0x0000000083500000, 0x0000000083500000| Complete 
|  54|0x0000000083600000, 0x0000000083700000, 0x0000000083700000|100%| S|CS|TAMS 0x0000000083600000, 0x0000000083600000| Complete 
|  55|0x0000000083700000, 0x0000000083800000, 0x0000000083800000|100%| S|CS|TAMS 0x0000000083700000, 0x0000000083700000| Complete 
|  56|0x0000000083800000, 0x0000000083900000, 0x0000000083900000|100%| S|CS|TAMS 0x0000000083800000, 0x0000000083800000| Complete 
|  57|0x0000000083900000, 0x0000000083a00000, 0x0000000083a00000|100%| S|CS|TAMS 0x0000000083900000, 0x0000000083900000| Complete 
|  58|0x0000000083a00000, 0x0000000083b00000, 0x0000000083b00000|100%| S|CS|TAMS 0x0000000083a00000, 0x0000000083a00000| Complete 
|  59|0x0000000083b00000, 0x0000000083b00000, 0x0000000083c00000|  0%| F|  |TAMS 0x0000000083b00000, 0x0000000083b00000| Untracked 
|  60|0x0000000083c00000, 0x0000000083c00000, 0x0000000083d00000|  0%| F|  |TAMS 0x0000000083c00000, 0x0000000083c00000| Untracked 
|  61|0x0000000083d00000, 0x0000000083d00000, 0x0000000083e00000|  0%| F|  |TAMS 0x0000000083d00000, 0x0000000083d00000| Untracked 
|  62|0x0000000083e00000, 0x0000000083e00000, 0x0000000083f00000|  0%| F|  |TAMS 0x0000000083e00000, 0x0000000083e00000| Untracked 
|  63|0x0000000083f00000, 0x0000000083f00000, 0x0000000084000000|  0%| F|  |TAMS 0x0000000083f00000, 0x0000000083f00000| Untracked 
|  64|0x0000000084000000, 0x0000000084000000, 0x0000000084100000|  0%| F|  |TAMS 0x0000000084000000, 0x0000000084000000| Untracked 
|  65|0x0000000084100000, 0x0000000084100000, 0x0000000084200000|  0%| F|  |TAMS 0x0000000084100000, 0x0000000084100000| Untracked 
|  66|0x0000000084200000, 0x0000000084200000, 0x0000000084300000|  0%| F|  |TAMS 0x0000000084200000, 0x0000000084200000| Untracked 
|  67|0x0000000084300000, 0x0000000084300000, 0x0000000084400000|  0%| F|  |TAMS 0x0000000084300000, 0x0000000084300000| Untracked 
|  68|0x0000000084400000, 0x0000000084400000, 0x0000000084500000|  0%| F|  |TAMS 0x0000000084400000, 0x0000000084400000| Untracked 
|  69|0x0000000084500000, 0x0000000084500000, 0x0000000084600000|  0%| F|  |TAMS 0x0000000084500000, 0x0000000084500000| Untracked 
|  70|0x0000000084600000, 0x0000000084600000, 0x0000000084700000|  0%| F|  |TAMS 0x0000000084600000, 0x0000000084600000| Untracked 
|  71|0x0000000084700000, 0x0000000084700000, 0x0000000084800000|  0%| F|  |TAMS 0x0000000084700000, 0x0000000084700000| Untracked 
|  72|0x0000000084800000, 0x0000000084800000, 0x0000000084900000|  0%| F|  |TAMS 0x0000000084800000, 0x0000000084800000| Untracked 
|  73|0x0000000084900000, 0x0000000084900000, 0x0000000084a00000|  0%| F|  |TAMS 0x0000000084900000, 0x0000000084900000| Untracked 
|  74|0x0000000084a00000, 0x0000000084a00000, 0x0000000084b00000|  0%| F|  |TAMS 0x0000000084a00000, 0x0000000084a00000| Untracked 
|  75|0x0000000084b00000, 0x0000000084b00000, 0x0000000084c00000|  0%| F|  |TAMS 0x0000000084b00000, 0x0000000084b00000| Untracked 
|  76|0x0000000084c00000, 0x0000000084c00000, 0x0000000084d00000|  0%| F|  |TAMS 0x0000000084c00000, 0x0000000084c00000| Untracked 
|  77|0x0000000084d00000, 0x0000000084d00000, 0x0000000084e00000|  0%| F|  |TAMS 0x0000000084d00000, 0x0000000084d00000| Untracked 
|  78|0x0000000084e00000, 0x0000000084e00000, 0x0000000084f00000|  0%| F|  |TAMS 0x0000000084e00000, 0x0000000084e00000| Untracked 
|  79|0x0000000084f00000, 0x0000000084f00000, 0x0000000085000000|  0%| F|  |TAMS 0x0000000084f00000, 0x0000000084f00000| Untracked 
|  80|0x0000000085000000, 0x0000000085000000, 0x0000000085100000|  0%| F|  |TAMS 0x0000000085000000, 0x0000000085000000| Untracked 
|  81|0x0000000085100000, 0x0000000085100000, 0x0000000085200000|  0%| F|  |TAMS 0x0000000085100000, 0x0000000085100000| Untracked 
|  82|0x0000000085200000, 0x0000000085300000, 0x0000000085300000|100%| E|  |TAMS 0x0000000085200000, 0x0000000085200000| Complete 
|  83|0x0000000085300000, 0x0000000085400000, 0x0000000085400000|100%| E|CS|TAMS 0x0000000085300000, 0x0000000085300000| Complete 
|  84|0x0000000085400000, 0x0000000085500000, 0x0000000085500000|100%| E|CS|TAMS 0x0000000085400000, 0x0000000085400000| Complete 
|  85|0x0000000085500000, 0x0000000085600000, 0x0000000085600000|100%| E|CS|TAMS 0x0000000085500000, 0x0000000085500000| Complete 
|  86|0x0000000085600000, 0x0000000085700000, 0x0000000085700000|100%| E|CS|TAMS 0x0000000085600000, 0x0000000085600000| Complete 
|  87|0x0000000085700000, 0x0000000085800000, 0x0000000085800000|100%| E|CS|TAMS 0x0000000085700000, 0x0000000085700000| Complete 
|  88|0x0000000085800000, 0x0000000085900000, 0x0000000085900000|100%| E|CS|TAMS 0x0000000085800000, 0x0000000085800000| Complete 
|  89|0x0000000085900000, 0x0000000085a00000, 0x0000000085a00000|100%| E|CS|TAMS 0x0000000085900000, 0x0000000085900000| Complete 
|  90|0x0000000085a00000, 0x0000000085b00000, 0x0000000085b00000|100%| E|CS|TAMS 0x0000000085a00000, 0x0000000085a00000| Complete 
|  91|0x0000000085b00000, 0x0000000085c00000, 0x0000000085c00000|100%| E|CS|TAMS 0x0000000085b00000, 0x0000000085b00000| Complete 
|  92|0x0000000085c00000, 0x0000000085d00000, 0x0000000085d00000|100%| E|CS|TAMS 0x0000000085c00000, 0x0000000085c00000| Complete 
|  93|0x0000000085d00000, 0x0000000085e00000, 0x0000000085e00000|100%| E|CS|TAMS 0x0000000085d00000, 0x0000000085d00000| Complete 
|  94|0x0000000085e00000, 0x0000000085f00000, 0x0000000085f00000|100%| E|CS|TAMS 0x0000000085e00000, 0x0000000085e00000| Complete 
|  95|0x0000000085f00000, 0x0000000086000000, 0x0000000086000000|100%| E|CS|TAMS 0x0000000085f00000, 0x0000000085f00000| Complete 
|  96|0x0000000086000000, 0x0000000086100000, 0x0000000086100000|100%| E|CS|TAMS 0x0000000086000000, 0x0000000086000000| Complete 
|  97|0x0000000086100000, 0x0000000086200000, 0x0000000086200000|100%| E|CS|TAMS 0x0000000086100000, 0x0000000086100000| Complete 
|  98|0x0000000086200000, 0x0000000086300000, 0x0000000086300000|100%| E|CS|TAMS 0x0000000086200000, 0x0000000086200000| Complete 
|  99|0x0000000086300000, 0x0000000086400000, 0x0000000086400000|100%| E|CS|TAMS 0x0000000086300000, 0x0000000086300000| Complete 
| 100|0x0000000086400000, 0x0000000086500000, 0x0000000086500000|100%| E|CS|TAMS 0x0000000086400000, 0x0000000086400000| Complete 
| 101|0x0000000086500000, 0x0000000086600000, 0x0000000086600000|100%| E|CS|TAMS 0x0000000086500000, 0x0000000086500000| Complete 
| 102|0x0000000086600000, 0x0000000086700000, 0x0000000086700000|100%| E|CS|TAMS 0x0000000086600000, 0x0000000086600000| Complete 
| 103|0x0000000086700000, 0x0000000086800000, 0x0000000086800000|100%| E|CS|TAMS 0x0000000086700000, 0x0000000086700000| Complete 
| 104|0x0000000086800000, 0x0000000086900000, 0x0000000086900000|100%| E|CS|TAMS 0x0000000086800000, 0x0000000086800000| Complete 
| 105|0x0000000086900000, 0x0000000086a00000, 0x0000000086a00000|100%| E|CS|TAMS 0x0000000086900000, 0x0000000086900000| Complete 
| 106|0x0000000086a00000, 0x0000000086b00000, 0x0000000086b00000|100%| E|CS|TAMS 0x0000000086a00000, 0x0000000086a00000| Complete 
| 107|0x0000000086b00000, 0x0000000086c00000, 0x0000000086c00000|100%| E|CS|TAMS 0x0000000086b00000, 0x0000000086b00000| Complete 
| 108|0x0000000086c00000, 0x0000000086d00000, 0x0000000086d00000|100%| E|CS|TAMS 0x0000000086c00000, 0x0000000086c00000| Complete 
| 109|0x0000000086d00000, 0x0000000086e00000, 0x0000000086e00000|100%| E|CS|TAMS 0x0000000086d00000, 0x0000000086d00000| Complete 
| 110|0x0000000086e00000, 0x0000000086f00000, 0x0000000086f00000|100%| E|CS|TAMS 0x0000000086e00000, 0x0000000086e00000| Complete 
| 111|0x0000000086f00000, 0x0000000087000000, 0x0000000087000000|100%| E|CS|TAMS 0x0000000086f00000, 0x0000000086f00000| Complete 
| 112|0x0000000087000000, 0x0000000087100000, 0x0000000087100000|100%| E|CS|TAMS 0x0000000087000000, 0x0000000087000000| Complete 
| 113|0x0000000087100000, 0x0000000087200000, 0x0000000087200000|100%| E|CS|TAMS 0x0000000087100000, 0x0000000087100000| Complete 
| 114|0x0000000087200000, 0x0000000087300000, 0x0000000087300000|100%| E|CS|TAMS 0x0000000087200000, 0x0000000087200000| Complete 
| 115|0x0000000087300000, 0x0000000087400000, 0x0000000087400000|100%| E|CS|TAMS 0x0000000087300000, 0x0000000087300000| Complete 
| 116|0x0000000087400000, 0x0000000087500000, 0x0000000087500000|100%| E|CS|TAMS 0x0000000087400000, 0x0000000087400000| Complete 
| 117|0x0000000087500000, 0x0000000087600000, 0x0000000087600000|100%| E|CS|TAMS 0x0000000087500000, 0x0000000087500000| Complete 
| 118|0x0000000087600000, 0x0000000087700000, 0x0000000087700000|100%| E|CS|TAMS 0x0000000087600000, 0x0000000087600000| Complete 
| 119|0x0000000087700000, 0x0000000087800000, 0x0000000087800000|100%| E|CS|TAMS 0x0000000087700000, 0x0000000087700000| Complete 
| 120|0x0000000087800000, 0x0000000087900000, 0x0000000087900000|100%| E|CS|TAMS 0x0000000087800000, 0x0000000087800000| Complete 
| 121|0x0000000087900000, 0x0000000087a00000, 0x0000000087a00000|100%| E|CS|TAMS 0x0000000087900000, 0x0000000087900000| Complete 
| 122|0x0000000087a00000, 0x0000000087b00000, 0x0000000087b00000|100%| E|CS|TAMS 0x0000000087a00000, 0x0000000087a00000| Complete 
| 123|0x0000000087b00000, 0x0000000087c00000, 0x0000000087c00000|100%| E|CS|TAMS 0x0000000087b00000, 0x0000000087b00000| Complete 
| 124|0x0000000087c00000, 0x0000000087d00000, 0x0000000087d00000|100%| E|CS|TAMS 0x0000000087c00000, 0x0000000087c00000| Complete 
| 125|0x0000000087d00000, 0x0000000087e00000, 0x0000000087e00000|100%| E|CS|TAMS 0x0000000087d00000, 0x0000000087d00000| Complete 
| 126|0x0000000087e00000, 0x0000000087f00000, 0x0000000087f00000|100%| E|CS|TAMS 0x0000000087e00000, 0x0000000087e00000| Complete 
| 127|0x0000000087f00000, 0x0000000088000000, 0x0000000088000000|100%| E|CS|TAMS 0x0000000087f00000, 0x0000000087f00000| Complete 

Card table byte_map: [0x00000217c1540000,0x00000217c1940000] _byte_map_base: 0x00000217c1140000

Marking Bits (Prev, Next): (CMBitMap*) 0x00000217ac450d98, (CMBitMap*) 0x00000217ac450dd0
 Prev Bits: [0x00000217c1d40000, 0x00000217c3d40000)
 Next Bits: [0x00000217c3d40000, 0x00000217c5d40000)

Polling page: 0x00000217ac4f0000

Metaspace:

Usage:
  Non-class:     38.00 MB capacity,    37.36 MB ( 98%) used,   550.34 KB (  1%) free+waste,   101.88 KB ( <1%) overhead. 
      Class:      5.83 MB capacity,     5.50 MB ( 94%) used,   291.44 KB (  5%) free+waste,    48.75 KB ( <1%) overhead. 
       Both:     43.83 MB capacity,    42.86 MB ( 98%) used,   841.78 KB (  2%) free+waste,   150.63 KB ( <1%) overhead. 

Virtual space:
  Non-class space:       38.00 MB reserved,      38.00 MB (100%) committed 
      Class space:        1.00 GB reserved,       5.95 MB ( <1%) committed 
             Both:        1.04 GB reserved,      43.95 MB (  4%) committed 

Chunk freelists:
   Non-Class:  4.00 KB
       Class:  14.00 KB
        Both:  18.00 KB

MaxMetaspaceSize: 17179869184.00 GB
CompressedClassSpaceSize: 1.00 GB

CodeHeap 'non-profiled nmethods': size=120000Kb used=1537Kb max_used=1537Kb free=118462Kb
 bounds [0x00000217b91a0000, 0x00000217b9410000, 0x00000217c06d0000]
CodeHeap 'profiled nmethods': size=120000Kb used=7771Kb max_used=7771Kb free=112228Kb
 bounds [0x00000217b1c70000, 0x00000217b2410000, 0x00000217b91a0000]
CodeHeap 'non-nmethods': size=5760Kb used=2205Kb max_used=2245Kb free=3554Kb
 bounds [0x00000217b16d0000, 0x00000217b1940000, 0x00000217b1c70000]
 total_blobs=4405 nmethods=3634 adapters=682
 compilation: enabled
              stopped_count=0, restarted_count=0
 full_count=0

Compilation events (20 events):
Event: 8.230 Thread 0x00000217c8854000 3682       3       org.gradle.internal.instantiation.generator.AbstractClassGenerator$ClassGenerationHandler::<init> (5 bytes)
Event: 8.230 Thread 0x00000217c8854000 nmethod 3682 0x00000217b2401390 code [0x00000217b2401540, 0x00000217b2401698]
Event: 8.235 Thread 0x00000217c8854000 3683       3       org.gradle.internal.instantiation.generator.AbstractClassGenerator$MethodMetadata::isAbstract (11 bytes)
Event: 8.235 Thread 0x00000217c8854000 nmethod 3683 0x00000217b2401790 code [0x00000217b2401940, 0x00000217b2401b18]
Event: 8.235 Thread 0x00000217c8854000 3684       3       org.objectweb.asm.FieldVisitor::<init> (7 bytes)
Event: 8.235 Thread 0x00000217c8854000 nmethod 3684 0x00000217b2401c10 code [0x00000217b2401dc0, 0x00000217b2401ee8]
Event: 8.235 Thread 0x00000217c8854000 3685       3       org.objectweb.asm.FieldVisitor::<init> (94 bytes)
Event: 8.236 Thread 0x00000217c8854000 nmethod 3685 0x00000217b2401f90 code [0x00000217b2402220, 0x00000217b2402d48]
Event: 8.236 Thread 0x00000217c8854000 3686       3       org.gradle.internal.instantiation.generator.AsmBackedClassGenerator$ClassBuilderImpl::addGetter (56 bytes)
Event: 8.236 Thread 0x00000217c8854000 nmethod 3686 0x00000217b2403090 code [0x00000217b24032c0, 0x00000217b2403828]
Event: 8.237 Thread 0x00000217c8854000 3687       3       com.google.common.collect.ImmutableCollection$ArrayBasedBuilder::<init> (25 bytes)
Event: 8.237 Thread 0x00000217c8854000 nmethod 3687 0x00000217b2403a90 code [0x00000217b2403c60, 0x00000217b2403f68]
Event: 8.237 Thread 0x00000217c8854000 3688       3       com.google.common.collect.ImmutableCollection$Builder::<init> (5 bytes)
Event: 8.237 Thread 0x00000217c8854000 nmethod 3688 0x00000217b2404090 code [0x00000217b2404240, 0x00000217b2404398]
Event: 8.237 Thread 0x00000217c8854000 3689       1       org.gradle.internal.instantiation.generator.AbstractClassGenerator$GeneratedClassImpl::getOuterType (5 bytes)
Event: 8.237 Thread 0x00000217c8854000 nmethod 3689 0x00000217b931fd10 code [0x00000217b931fec0, 0x00000217b931ff78]
Event: 8.238 Thread 0x00000217c8854000 3690       3       java.lang.invoke.MemberName::equals (69 bytes)
Event: 8.239 Thread 0x00000217c8854000 nmethod 3690 0x00000217b2404490 code [0x00000217b2404740, 0x00000217b2405438]
Event: 8.241 Thread 0x00000217c8854000 3694       3       java.lang.invoke.InnerClassLambdaMetafactory::generateFactory (136 bytes)
Event: 8.243 Thread 0x00000217c8854000 nmethod 3694 0x00000217b2405790 code [0x00000217b2405a80, 0x00000217b24067a8]

GC Heap History (12 events):
Event: 1.260 GC heap before
{Heap before GC invocations=0 (full 0):
 garbage-first heap   total 131072K, used 29696K [0x0000000080000000, 0x0000000100000000)
  region size 1024K, 24 young (24576K), 0 survivors (0K)
 Metaspace       used 10164K, capacity 10403K, committed 10624K, reserved 1058816K
  class space    used 1060K, capacity 1106K, committed 1152K, reserved 1048576K
}
Event: 1.271 GC heap after
{Heap after GC invocations=1 (full 0):
 garbage-first heap   total 131072K, used 9407K [0x0000000080000000, 0x0000000100000000)
  region size 1024K, 3 young (3072K), 3 survivors (3072K)
 Metaspace       used 10164K, capacity 10403K, committed 10624K, reserved 1058816K
  class space    used 1060K, capacity 1106K, committed 1152K, reserved 1048576K
}
Event: 4.062 GC heap before
{Heap before GC invocations=1 (full 0):
 garbage-first heap   total 131072K, used 84159K [0x0000000080000000, 0x0000000100000000)
  region size 1024K, 76 young (77824K), 3 survivors (3072K)
 Metaspace       used 17786K, capacity 18301K, committed 18432K, reserved 1064960K
  class space    used 2108K, capacity 2240K, committed 2304K, reserved 1048576K
}
Event: 4.073 GC heap after
{Heap after GC invocations=2 (full 0):
 garbage-first heap   total 131072K, used 15880K [0x0000000080000000, 0x0000000100000000)
  region size 1024K, 10 young (10240K), 10 survivors (10240K)
 Metaspace       used 17786K, capacity 18301K, committed 18432K, reserved 1064960K
  class space    used 2108K, capacity 2240K, committed 2304K, reserved 1048576K
}
Event: 4.572 GC heap before
{Heap before GC invocations=2 (full 0):
 garbage-first heap   total 131072K, used 37384K [0x0000000080000000, 0x0000000100000000)
  region size 1024K, 32 young (32768K), 10 survivors (10240K)
 Metaspace       used 20565K, capacity 21104K, committed 21248K, reserved 1067008K
  class space    used 2509K, capacity 2690K, committed 2816K, reserved 1048576K
}
Event: 4.582 GC heap after
{Heap after GC invocations=3 (full 0):
 garbage-first heap   total 131072K, used 16985K [0x0000000080000000, 0x0000000100000000)
  region size 1024K, 1 young (1024K), 1 survivors (1024K)
 Metaspace       used 20565K, capacity 21104K, committed 21248K, reserved 1067008K
  class space    used 2509K, capacity 2690K, committed 2816K, reserved 1048576K
}
Event: 5.464 GC heap before
{Heap before GC invocations=4 (full 0):
 garbage-first heap   total 131072K, used 82521K [0x0000000080000000, 0x0000000100000000)
  region size 1024K, 65 young (66560K), 1 survivors (1024K)
 Metaspace       used 26633K, capacity 27345K, committed 27648K, reserved 1073152K
  class space    used 3513K, capacity 3757K, committed 3840K, reserved 1048576K
}
Event: 5.469 GC heap after
{Heap after GC invocations=5 (full 0):
 garbage-first heap   total 131072K, used 18803K [0x0000000080000000, 0x0000000100000000)
  region size 1024K, 3 young (3072K), 3 survivors (3072K)
 Metaspace       used 26633K, capacity 27345K, committed 27648K, reserved 1073152K
  class space    used 3513K, capacity 3757K, committed 3840K, reserved 1048576K
}
Event: 6.974 GC heap before
{Heap before GC invocations=5 (full 0):
 garbage-first heap   total 131072K, used 64883K [0x0000000080000000, 0x0000000100000000)
  region size 1024K, 50 young (51200K), 3 survivors (3072K)
 Metaspace       used 35019K, capacity 35838K, committed 35840K, reserved 1081344K
  class space    used 4540K, capacity 4864K, committed 4864K, reserved 1048576K
}
Event: 6.985 GC heap after
{Heap after GC invocations=6 (full 0):
 garbage-first heap   total 131072K, used 22073K [0x0000000080000000, 0x0000000100000000)
  region size 1024K, 6 young (6144K), 6 survivors (6144K)
 Metaspace       used 35019K, capacity 35838K, committed 35840K, reserved 1081344K
  class space    used 4540K, capacity 4864K, committed 4864K, reserved 1048576K
}
Event: 7.716 GC heap before
{Heap before GC invocations=7 (full 0):
 garbage-first heap   total 131072K, used 89657K [0x0000000080000000, 0x0000000100000000)
  region size 1024K, 69 young (70656K), 6 survivors (6144K)
 Metaspace       used 39571K, capacity 40534K, committed 40780K, reserved 1085440K
  class space    used 5065K, capacity 5422K, committed 5452K, reserved 1048576K
}
Event: 7.727 GC heap after
{Heap after GC invocations=8 (full 0):
 garbage-first heap   total 131072K, used 27287K [0x0000000080000000, 0x0000000100000000)
  region size 1024K, 9 young (9216K), 9 survivors (9216K)
 Metaspace       used 39571K, capacity 40534K, committed 40780K, reserved 1085440K
  class space    used 5065K, capacity 5422K, committed 5452K, reserved 1048576K
}

Deoptimization events (20 events):
Event: 7.913 Thread 0x00000217ca028800 Uncommon trap: trap_request=0xffffff4d fr.pc=0x00000217b9301cf8 relative=0x0000000000000318
Event: 7.913 Thread 0x00000217ca028800 Uncommon trap: reason=unstable_if action=reinterpret pc=0x00000217b9301cf8 method=org.gradle.internal.reflect.PropertyAccessorType.isGetGetterName(Ljava/lang/String;)Z @ 14 c2
Event: 7.913 Thread 0x00000217ca028800 DEOPT PACKING pc=0x00000217b9301cf8 sp=0x000000b9ccff9980
Event: 7.913 Thread 0x00000217ca028800 DEOPT UNPACKING pc=0x00000217b16f78af sp=0x000000b9ccff98d8 mode 2
Event: 7.938 Thread 0x00000217ca028800 Uncommon trap: trap_request=0xffffff4d fr.pc=0x00000217b92b4c08 relative=0x00000000000000e8
Event: 7.938 Thread 0x00000217ca028800 Uncommon trap: reason=unstable_if action=reinterpret pc=0x00000217b92b4c08 method=org.objectweb.asm.ByteVector.putShort(I)Lorg/objectweb/asm/ByteVector; @ 13 c2
Event: 7.938 Thread 0x00000217ca028800 DEOPT PACKING pc=0x00000217b92b4c08 sp=0x000000b9ccff9540
Event: 7.938 Thread 0x00000217ca028800 DEOPT UNPACKING pc=0x00000217b16f78af sp=0x000000b9ccff94d8 mode 2
Event: 8.189 Thread 0x00000217ca028800 Uncommon trap: trap_request=0xffffff4d fr.pc=0x00000217b91f7a8c relative=0x00000000000001cc
Event: 8.189 Thread 0x00000217ca028800 Uncommon trap: reason=unstable_if action=reinterpret pc=0x00000217b91f7a8c method=java.net.URI$Parser.scan(IILjava/lang/String;)I @ 26 c2
Event: 8.189 Thread 0x00000217ca028800 DEOPT PACKING pc=0x00000217b91f7a8c sp=0x000000b9ccff8e80
Event: 8.189 Thread 0x00000217ca028800 DEOPT UNPACKING pc=0x00000217b16f78af sp=0x000000b9ccff8e10 mode 2
Event: 8.190 Thread 0x00000217ca028800 Uncommon trap: trap_request=0xffffff4d fr.pc=0x00000217b91f00d4 relative=0x0000000000000114
Event: 8.190 Thread 0x00000217ca028800 Uncommon trap: reason=unstable_if action=reinterpret pc=0x00000217b91f00d4 method=java.net.URI.match(CJJ)Z @ 45 c2
Event: 8.190 Thread 0x00000217ca028800 DEOPT PACKING pc=0x00000217b91f00d4 sp=0x000000b9ccff8bf0
Event: 8.190 Thread 0x00000217ca028800 DEOPT UNPACKING pc=0x00000217b16f78af sp=0x000000b9ccff8b28 mode 2
Event: 8.190 Thread 0x00000217ca028800 Uncommon trap: trap_request=0xffffff4d fr.pc=0x00000217b91bca68 relative=0x0000000000000048
Event: 8.190 Thread 0x00000217ca028800 Uncommon trap: reason=unstable_if action=reinterpret pc=0x00000217b91bca68 method=java.net.URI.match(CJJ)Z @ 19 c2
Event: 8.190 Thread 0x00000217ca028800 DEOPT PACKING pc=0x00000217b91bca68 sp=0x000000b9ccff8c00
Event: 8.190 Thread 0x00000217ca028800 DEOPT UNPACKING pc=0x00000217b16f78af sp=0x000000b9ccff8bb0 mode 2

Classes redefined (0 events):
No events

Internal exceptions (20 events):
Event: 7.640 Thread 0x00000217ca028800 Implicit null exception at 0x00000217b92d066f to 0x00000217b92d0718
Event: 7.797 Thread 0x00000217cb1ed000 Exception <a 'java/lang/NoSuchMethodError'{0x0000000087f8dd48}: <clinit>> (0x0000000087f8dd48) thrown at [./src/hotspot/share/prims/jni.cpp, line 1362]
Event: 7.797 Thread 0x00000217cb1ed000 Exception <a 'java/lang/NoSuchMethodError'{0x0000000087f8f338}: <clinit>> (0x0000000087f8f338) thrown at [./src/hotspot/share/prims/jni.cpp, line 1362]
Event: 7.799 Thread 0x00000217cb1ed000 Exception <a 'java/lang/NoSuchMethodError'{0x0000000087a0ec58}: <clinit>> (0x0000000087a0ec58) thrown at [./src/hotspot/share/prims/jni.cpp, line 1362]
Event: 7.799 Thread 0x00000217cb1ed000 Exception <a 'java/lang/NoSuchMethodError'{0x0000000087a90dd8}: <clinit>> (0x0000000087a90dd8) thrown at [./src/hotspot/share/prims/jni.cpp, line 1362]
Event: 7.801 Thread 0x00000217cb1ed000 Exception <a 'java/lang/NoSuchMethodError'{0x0000000087aa01b8}: <clinit>> (0x0000000087aa01b8) thrown at [./src/hotspot/share/prims/jni.cpp, line 1362]
Event: 7.910 Thread 0x00000217ca028800 Implicit null exception at 0x00000217b9281574 to 0x00000217b9281784
Event: 7.910 Thread 0x00000217ca028800 Implicit null exception at 0x00000217b91e0bf8 to 0x00000217b91e0c8a
Event: 8.059 Thread 0x00000217ca028800 Exception <a 'java/lang/ClassNotFoundException'{0x0000000086797510}: build_1too6mq0gvxw1mf586ctcsqpzBeanInfo> (0x0000000086797510) thrown at [./src/hotspot/share/classfile/systemDictionary.cpp, line 231]
Event: 8.059 Thread 0x00000217ca028800 Exception <a 'java/lang/ClassNotFoundException'{0x00000000867ad358}: org/gradle/api/internal/project/ProjectScriptBeanInfo> (0x00000000867ad358) thrown at [./src/hotspot/share/classfile/systemDictionary.cpp, line 231]
Event: 8.060 Thread 0x00000217ca028800 Exception <a 'java/lang/ClassNotFoundException'{0x00000000867c3370}: org/gradle/api/internal/project/ProjectScriptCustomizer> (0x00000000867c3370) thrown at [./src/hotspot/share/classfile/systemDictionary.cpp, line 231]
Event: 8.061 Thread 0x00000217ca028800 Exception <a 'java/lang/ClassNotFoundException'{0x00000000867de590}: build_1too6mq0gvxw1mf586ctcsqpzCustomizer> (0x00000000867de590) thrown at [./src/hotspot/share/classfile/systemDictionary.cpp, line 231]
Event: 8.069 Thread 0x00000217ca028800 Exception <a 'java/lang/ClassNotFoundException'{0x0000000086670be8}: org/gradle/api/internal/initialization/DefaultScriptHandlerBeanInfo> (0x0000000086670be8) thrown at [./src/hotspot/share/classfile/systemDictionary.cpp, line 231]
Event: 8.069 Thread 0x00000217ca028800 Exception <a 'java/lang/ClassNotFoundException'{0x0000000086699de8}: org/gradle/api/internal/initialization/DefaultScriptHandlerCustomizer> (0x0000000086699de8) thrown at [./src/hotspot/share/classfile/systemDictionary.cpp, line 231]
Event: 8.157 Thread 0x00000217ca028800 Exception <a 'java/lang/ClassNotFoundException'{0x0000000085e98800}: org/gradle/api/internal/artifacts/dsl/dependencies/DefaultDependencyHandler_DecoratedBeanInfo> (0x0000000085e98800) thrown at [./src/hotspot/share/classfile/systemDictionary.cpp, line 231]
Event: 8.158 Thread 0x00000217ca028800 Exception <a 'java/lang/ClassNotFoundException'{0x0000000085ed6960}: org/gradle/api/internal/artifacts/dsl/dependencies/DefaultDependencyHandlerBeanInfo> (0x0000000085ed6960) thrown at [./src/hotspot/share/classfile/systemDictionary.cpp, line 231]
Event: 8.160 Thread 0x00000217ca028800 Exception <a 'java/lang/ClassNotFoundException'{0x0000000085d15300}: org/gradle/api/internal/artifacts/dsl/dependencies/DefaultDependencyHandlerCustomizer> (0x0000000085d15300) thrown at [./src/hotspot/share/classfile/systemDictionary.cpp, line 231]
Event: 8.163 Thread 0x00000217ca028800 Exception <a 'java/lang/ClassNotFoundException'{0x0000000085d7cad0}: org/gradle/api/internal/artifacts/dsl/dependencies/DefaultDependencyHandler_DecoratedCustomizer> (0x0000000085d7cad0) thrown at [./src/hotspot/share/classfile/systemDictionary.cpp, line 231]
Event: 8.179 Thread 0x00000217ca028800 Exception <a 'java/lang/NoSuchMethodError'{0x0000000085c8f0d0}: 'java.lang.Object java.lang.invoke.DirectMethodHandle$Holder.invokeStatic(java.lang.Object, java.lang.Object, int, java.lang.Object)'> (0x0000000085c8f0d0) thrown at [./src/hotspot/share/interpreter/linkResolver.cpp, line 773]
Event: 8.180 Thread 0x00000217ca028800 Exception <a 'java/lang/NoSuchMethodError'{0x0000000085c96368}: 'java.lang.Object java.lang.invoke.Invokers$Holder.linkToTargetMethod(java.lang.Object, int, java.lang.Object, java.lang.Object)'> (0x0000000085c96368) thrown at [./src/hotspot/share/interpreter/linkResolver.cpp, line 773]

Events (20 events):
Event: 8.243 loading class org/gradle/api/internal/artifacts/ivyservice/dependencysubstitution/DefaultDependencySubstitutions
Event: 8.243 loading class org/gradle/api/internal/artifacts/ivyservice/dependencysubstitution/DefaultDependencySubstitutions done
Event: 8.245 loading class org/gradle/api/artifacts/DependencySubstitutions$Substitution
Event: 8.245 loading class org/gradle/api/artifacts/DependencySubstitutions$Substitution done
Event: 8.245 loading class org/gradle/api/internal/artifacts/ivyservice/dependencysubstitution/DefaultDependencySubstitutions$ProjectPathConverter
Event: 8.245 loading class org/gradle/api/internal/artifacts/ivyservice/dependencysubstitution/DefaultDependencySubstitutions$ProjectPathConverter done
Event: 8.246 loading class org/gradle/api/internal/artifacts/ivyservice/resolveengine/result/ComponentSelectionReasons
Event: 8.246 loading class org/gradle/api/internal/artifacts/ivyservice/resolveengine/result/ComponentSelectionReasons done
Event: 8.246 loading class org/gradle/api/internal/artifacts/ivyservice/resolveengine/result/ComponentSelectionDescriptorInternal
Event: 8.246 loading class org/gradle/api/internal/artifacts/ivyservice/resolveengine/result/ComponentSelectionDescriptorInternal done
Event: 8.247 loading class org/gradle/api/internal/artifacts/ivyservice/resolveengine/result/ComponentSelectionReasonInternal
Event: 8.247 loading class org/gradle/api/internal/artifacts/ivyservice/resolveengine/result/ComponentSelectionReasonInternal done
Event: 8.247 loading class org/gradle/api/artifacts/result/ComponentSelectionReason
Event: 8.247 loading class org/gradle/api/artifacts/result/ComponentSelectionReason done
Event: 8.247 loading class org/gradle/api/internal/artifacts/ivyservice/resolveengine/result/DefaultComponentSelectionDescriptor
Event: 8.247 loading class org/gradle/api/internal/artifacts/ivyservice/resolveengine/result/DefaultComponentSelectionDescriptor done
Event: 8.248 loading class org/gradle/api/artifacts/result/ComponentSelectionCause
Event: 8.248 loading class org/gradle/api/artifacts/result/ComponentSelectionCause done
Event: 8.248 loading class org/gradle/internal/build/IncludedBuildState
Event: 8.248 loading class org/gradle/internal/build/IncludedBuildState done


Dynamic libraries:
0x00007ff6d7b40000 - 0x00007ff6d7b4a000 	C:\Program Files\Android\Android Studio\jre\bin\java.exe
0x00007ffd9a560000 - 0x00007ffd9a767000 	C:\Windows\SYSTEM32\ntdll.dll
0x00007ffd99520000 - 0x00007ffd995dd000 	C:\Windows\System32\KERNEL32.DLL
0x00007ffd97d90000 - 0x00007ffd98104000 	C:\Windows\System32\KERNELBASE.dll
0x00007ffd97c70000 - 0x00007ffd97d81000 	C:\Windows\System32\ucrtbase.dll
0x00007ffd78230000 - 0x00007ffd78247000 	C:\Program Files\Android\Android Studio\jre\bin\VCRUNTIME140.dll
0x00007ffd76e30000 - 0x00007ffd76e49000 	C:\Program Files\Android\Android Studio\jre\bin\jli.dll
0x00007ffd98590000 - 0x00007ffd9873c000 	C:\Windows\System32\USER32.dll
0x00007ffd85150000 - 0x00007ffd853f5000 	C:\Windows\WinSxS\amd64_microsoft.windows.common-controls_6595b64144ccf1df_6.0.22000.120_none_9d947278b86cc467\COMCTL32.dll
0x00007ffd98280000 - 0x00007ffd982a6000 	C:\Windows\System32\win32u.dll
0x00007ffd9a2a0000 - 0x00007ffd9a343000 	C:\Windows\System32\msvcrt.dll
0x00007ffd995e0000 - 0x00007ffd99609000 	C:\Windows\System32\GDI32.dll
0x00007ffd97b50000 - 0x00007ffd97c62000 	C:\Windows\System32\gdi32full.dll
0x00007ffd97ab0000 - 0x00007ffd97b4d000 	C:\Windows\System32\msvcp_win.dll
0x00007ffd99610000 - 0x00007ffd99641000 	C:\Windows\System32\IMM32.DLL
0x00007ffd60680000 - 0x00007ffd6071d000 	C:\Program Files\Android\Android Studio\jre\bin\msvcp140.dll
0x00007ffd69830000 - 0x00007ffd6a2ff000 	C:\Program Files\Android\Android Studio\jre\bin\server\jvm.dll
0x00007ffd98d20000 - 0x00007ffd98dcc000 	C:\Windows\System32\ADVAPI32.dll
0x00007ffd98dd0000 - 0x00007ffd98e6d000 	C:\Windows\System32\sechost.dll
0x00007ffd99f40000 - 0x00007ffd9a061000 	C:\Windows\System32\RPCRT4.dll
0x00007ffd983f0000 - 0x00007ffd983f8000 	C:\Windows\System32\PSAPI.DLL
0x00007ffd8e7b0000 - 0x00007ffd8e7b9000 	C:\Windows\SYSTEM32\WSOCK32.dll
0x00007ffd8e270000 - 0x00007ffd8e2a3000 	C:\Windows\SYSTEM32\WINMM.dll
0x00007ffd88580000 - 0x00007ffd8858a000 	C:\Windows\SYSTEM32\VERSION.dll
0x00007ffd99650000 - 0x00007ffd996bf000 	C:\Windows\System32\WS2_32.dll
0x00007ffd96b70000 - 0x00007ffd96b88000 	C:\Windows\SYSTEM32\kernel.appcore.dll
0x00007ffd80fb0000 - 0x00007ffd80fc1000 	C:\Program Files\Android\Android Studio\jre\bin\verify.dll
0x00007ffd95400000 - 0x00007ffd95621000 	C:\Windows\SYSTEM32\DBGHELP.DLL
0x00007ffd8b7e0000 - 0x00007ffd8b811000 	C:\Windows\SYSTEM32\dbgcore.DLL
0x00007ffd982b0000 - 0x00007ffd98330000 	C:\Windows\System32\bcryptPrimitives.dll
0x00007ffd804d0000 - 0x00007ffd804f9000 	C:\Program Files\Android\Android Studio\jre\bin\java.dll
0x00007ffd8e8a0000 - 0x00007ffd8e8ab000 	C:\Program Files\Android\Android Studio\jre\bin\jimage.dll
0x00007ffd804b0000 - 0x00007ffd804c8000 	C:\Program Files\Android\Android Studio\jre\bin\zip.dll
0x00007ffd996d0000 - 0x00007ffd99e79000 	C:\Windows\System32\SHELL32.dll
0x00007ffd95bf0000 - 0x00007ffd96452000 	C:\Windows\SYSTEM32\windows.storage.dll
0x00007ffd99120000 - 0x00007ffd99498000 	C:\Windows\System32\combase.dll
0x00007ffd95a80000 - 0x00007ffd95be6000 	C:\Windows\SYSTEM32\wintypes.dll
0x00007ffd984a0000 - 0x00007ffd9858a000 	C:\Windows\System32\SHCORE.dll
0x00007ffd98ca0000 - 0x00007ffd98cfd000 	C:\Windows\System32\shlwapi.dll
0x00007ffd97970000 - 0x00007ffd97991000 	C:\Windows\SYSTEM32\profapi.dll
0x00007ffd7fea0000 - 0x00007ffd7feba000 	C:\Program Files\Android\Android Studio\jre\bin\net.dll
0x00007ffd8f2b0000 - 0x00007ffd8f3bc000 	C:\Windows\SYSTEM32\WINHTTP.dll
0x00007ffd96ff0000 - 0x00007ffd97057000 	C:\Windows\system32\mswsock.dll
0x00007ffd7fe80000 - 0x00007ffd7fe94000 	C:\Program Files\Android\Android Studio\jre\bin\nio.dll
0x00007ffd77880000 - 0x00007ffd778a7000 	C:\Users\hsibin\.gradle\native\8bec1ad78214c89d9ad589b4d07fe93259594b29d510b10fafb7a158f7737e5d\windows-amd64\native-platform.dll
0x00007ffd62dd0000 - 0x00007ffd62f0d000 	C:\Users\hsibin\.gradle\native\53dbd7edfb1c66fb8903c78663c9afc45aea4f116125fa6feffd364cf09443e8\windows-amd64\native-platform-file-events.dll
0x00007ffd89b80000 - 0x00007ffd89b8a000 	C:\Program Files\Android\Android Studio\jre\bin\management.dll
0x00007ffd89b10000 - 0x00007ffd89b1c000 	C:\Program Files\Android\Android Studio\jre\bin\management_ext.dll
0x00007ffd972b0000 - 0x00007ffd972c8000 	C:\Windows\SYSTEM32\CRYPTSP.dll
0x00007ffd96ad0000 - 0x00007ffd96b05000 	C:\Windows\system32\rsaenh.dll
0x00007ffd97110000 - 0x00007ffd97139000 	C:\Windows\SYSTEM32\USERENV.dll
0x00007ffd97430000 - 0x00007ffd97457000 	C:\Windows\SYSTEM32\bcrypt.dll
0x00007ffd972d0000 - 0x00007ffd972dc000 	C:\Windows\SYSTEM32\CRYPTBASE.dll
0x00007ffd966b0000 - 0x00007ffd966dd000 	C:\Windows\SYSTEM32\IPHLPAPI.DLL
0x00007ffd98470000 - 0x00007ffd98479000 	C:\Windows\System32\NSI.dll
0x00007ffd8d720000 - 0x00007ffd8d739000 	C:\Windows\SYSTEM32\dhcpcsvc6.DLL
0x00007ffd8e350000 - 0x00007ffd8e36e000 	C:\Windows\SYSTEM32\dhcpcsvc.DLL
0x00007ffd96720000 - 0x00007ffd96807000 	C:\Windows\SYSTEM32\DNSAPI.dll

dbghelp: loaded successfully - version: 4.0.5 - missing functions: none
symbol engine: initialized successfully - sym options: 0x614 - pdb path: .;C:\Program Files\Android\Android Studio\jre\bin;C:\Windows\SYSTEM32;C:\Windows\WinSxS\amd64_microsoft.windows.common-controls_6595b64144ccf1df_6.0.22000.120_none_9d947278b86cc467;C:\Program Files\Android\Android Studio\jre\bin\server;C:\Users\hsibin\.gradle\native\8bec1ad78214c89d9ad589b4d07fe93259594b29d510b10fafb7a158f7737e5d\windows-amd64;C:\Users\hsibin\.gradle\native\53dbd7edfb1c66fb8903c78663c9afc45aea4f116125fa6feffd364cf09443e8\windows-amd64

VM Arguments:
jvm_args: --add-opens=java.base/java.util=ALL-UNNAMED --add-opens=java.base/java.lang=ALL-UNNAMED --add-opens=java.base/java.lang.invoke=ALL-UNNAMED --add-opens=java.base/java.util=ALL-UNNAMED --add-opens=java.prefs/java.util.prefs=ALL-UNNAMED --add-opens=java.prefs/java.util.prefs=ALL-UNNAMED --add-opens=java.base/java.nio.charset=ALL-UNNAMED --add-opens=java.base/java.net=ALL-UNNAMED --add-opens=java.base/java.util.concurrent.atomic=ALL-UNNAMED -Xmx2048m -Dfile.encoding=UTF-8 -Duser.country=CN -Duser.language=zh -Duser.variant 
java_command: org.gradle.launcher.daemon.bootstrap.GradleDaemon 7.0.2
java_class_path (initial): C:\Users\hsibin\.gradle\wrapper\dists\gradle-7.0.2-bin\857tjihv64xamwrf0h14cai3r\gradle-7.0.2\lib\gradle-launcher-7.0.2.jar
Launcher Type: SUN_STANDARD

[Global flags]
     intx CICompilerCount                          = 4                                         {product} {ergonomic}
     uint ConcGCThreads                            = 2                                         {product} {ergonomic}
     uint G1ConcRefinementThreads                  = 8                                         {product} {ergonomic}
   size_t G1HeapRegionSize                         = 1048576                                   {product} {ergonomic}
    uintx GCDrainStackTargetSize                   = 64                                        {product} {ergonomic}
   size_t InitialHeapSize                          = 134217728                                 {product} {ergonomic}
   size_t MarkStackSize                            = 4194304                                   {product} {ergonomic}
   size_t MaxHeapSize                              = 2147483648                                {product} {command line}
   size_t MaxNewSize                               = 1287651328                                {product} {ergonomic}
   size_t MinHeapDeltaBytes                        = 1048576                                   {product} {ergonomic}
    uintx NonNMethodCodeHeapSize                   = 5836300                                {pd product} {ergonomic}
    uintx NonProfiledCodeHeapSize                  = 122910970                              {pd product} {ergonomic}
    uintx ProfiledCodeHeapSize                     = 122910970                              {pd product} {ergonomic}
    uintx ReservedCodeCacheSize                    = 251658240                              {pd product} {ergonomic}
     bool SegmentedCodeCache                       = true                                      {product} {ergonomic}
     bool UseCompressedClassPointers               = true                                 {lp64_product} {ergonomic}
     bool UseCompressedOops                        = true                                 {lp64_product} {ergonomic}
     bool UseG1GC                                  = true                                      {product} {ergonomic}
     bool UseLargePagesIndividualAllocation        = false                                  {pd product} {ergonomic}

Logging:
Log output configuration:
 #0: stdout all=warning uptime,level,tags
 #1: stderr all=off uptime,level,tags

Environment Variables:
PATH=C:\Windows\system32;C:\Windows;C:\Windows\System32\Wbem;C:\Windows\System32\WindowsPowerShell\v1.0\;C:\Program Files\Git\cmd;C:\Users\hsibin\AppData\Local\Microsoft\WindowsApps;;C:\Program Files\JetBrains\IntelliJ IDEA 2021.2.2\bin;;C:\Program Files\JetBrains\WebStorm 2021.2.2\bin;
USERNAME=hsibin
OS=Windows_NT
PROCESSOR_IDENTIFIER=Intel64 Family 6 Model 142 Stepping 10, GenuineIntel



---------------  S Y S T E M  ---------------

OS: Windows 10 , 64 bit Build 22000 (10.0.22000.120)
OS uptime: 0 days 2:44 hours

CPU:total 8 (initial active 8) (4 cores per cpu, 2 threads per core) family 6 model 142 stepping 10 microcode 0xe8, cmov, cx8, fxsr, mmx, sse, sse2, sse3, ssse3, sse4.1, sse4.2, popcnt, avx, avx2, aes, clmul, erms, 3dnowpref, lzcnt, ht, tsc, tscinvbit, bmi1, bmi2, adx, fma

Memory: 4k page, system-wide physical 8109M (138M free)
TotalPageFile size 12205M (AvailPageFile size 5M)
current process WorkingSet (physical memory assigned to process): 252M, peak: 252M
current process commit charge ("private bytes"): 308M, peak: 309M

vm_info: OpenJDK 64-Bit Server VM (11.0.10+0-b96-7249189) for windows-amd64 JRE (11.0.10+0-b96-7249189), built on Mar 31 2021 21:44:00 by "builder" with MS VC++ 14.0 (VS2015)

END.
