#
# There is insufficient memory for the Java Runtime Environment to continue.
# Native memory allocation (malloc) failed to allocate 1183536 bytes for Chunk::new
# Possible reasons:
#   The system is out of physical RAM or swap space
#   The process is running with CompressedOops enabled, and the Java Heap may be blocking the growth of the native heap
# Possible solutions:
#   Reduce memory load on the system
#   Increase physical memory or swap space
#   Check if swap backing store is full
#   Decrease Java heap size (-Xmx/-Xms)
#   Decrease number of Java threads
#   Decrease Java thread stack sizes (-Xss)
#   Set larger code cache with -XX:ReservedCodeCacheSize=
#   JVM is running with Unscaled Compressed Oops mode in which the Java heap is
#     placed in the first 4GB address space. The Java Heap base address is the
#     maximum limit for the native heap growth. Please use -XX:HeapBaseMinAddress
#     to set the Java Heap base and to place the Java Heap above 4GB virtual address.
# This output file may be truncated or incomplete.
#
#  Out of Memory Error (./src/hotspot/share/memory/arena.cpp:197), pid=10636, tid=1328
#
# JRE version: OpenJDK Runtime Environment (11.0.10) (build 11.0.10+0-b96-7249189)
# Java VM: OpenJDK 64-Bit Server VM (11.0.10+0-b96-7249189, mixed mode, tiered, compressed oops, g1 gc, windows-amd64)
# No core dump will be written. Minidumps are not enabled by default on client versions of Windows
#

---------------  S U M M A R Y ------------

Command Line: --add-opens=java.base/java.util=ALL-UNNAMED --add-opens=java.base/java.lang=ALL-UNNAMED --add-opens=java.base/java.lang.invoke=ALL-UNNAMED --add-opens=java.base/java.util=ALL-UNNAMED --add-opens=java.prefs/java.util.prefs=ALL-UNNAMED --add-opens=java.prefs/java.util.prefs=ALL-UNNAMED --add-opens=java.base/java.nio.charset=ALL-UNNAMED --add-opens=java.base/java.net=ALL-UNNAMED --add-opens=java.base/java.util.concurrent.atomic=ALL-UNNAMED -Xmx2048m -Dfile.encoding=UTF-8 -Duser.country=CN -Duser.language=zh -Duser.variant org.gradle.launcher.daemon.bootstrap.GradleDaemon 7.0.2

Host: Intel(R) Core(TM) i5-8250U CPU @ 1.60GHz, 8 cores, 7G,  Windows 10 , 64 bit Build 22000 (10.0.22000.120)
Time: Sat Oct 16 19:44:25 2021 中国标准时间 elapsed time: 17.177300 seconds (0d 0h 0m 17s)

---------------  T H R E A D  ---------------

Current thread (0x000001d5df838000):  JavaThread "C2 CompilerThread0" daemon [_thread_in_native, id=1328, stack(0x000000a3ec600000,0x000000a3ec700000)]


Current CompileTask:
C2:  17177 13654       4       com.android.tools.r8.internal.W4::a (268 bytes)

Stack: [0x000000a3ec600000,0x000000a3ec700000]
Native frames: (J=compiled Java code, j=interpreted, Vv=VM code, C=native code)
V  [jvm.dll+0x5ecfaa]
V  [jvm.dll+0x722bd5]
V  [jvm.dll+0x72412d]
V  [jvm.dll+0x7247e3]
V  [jvm.dll+0x242928]
V  [jvm.dll+0xbc4fc]
V  [jvm.dll+0xbca0c]
V  [jvm.dll+0x352d3b]
V  [jvm.dll+0x320ad3]
V  [jvm.dll+0x31ffca]
V  [jvm.dll+0x1fb602]
V  [jvm.dll+0x1fa7f4]
V  [jvm.dll+0x18354c]
V  [jvm.dll+0x208ee7]
V  [jvm.dll+0x207731]
V  [jvm.dll+0x6eb1cf]
V  [jvm.dll+0x6e3d45]
V  [jvm.dll+0x5ebe96]
C  [ucrtbase.dll+0x26c0c]
C  [KERNEL32.DLL+0x154e0]
C  [ntdll.dll+0x485b]


---------------  P R O C E S S  ---------------

Threads class SMR info:
_java_thread_list=0x000001d5e692bae0, length=61, elements={
0x000001d5c2afe800, 0x000001d5def55000, 0x000001d5def56800, 0x000001d5df82b000,
0x000001d5df82c000, 0x000001d5df82d000, 0x000001d5df838000, 0x000001d5df83c800,
0x000001d5df83e800, 0x000001d5df8a9800, 0x000001d5e0c3b000, 0x000001d5dfe0d000,
0x000001d5e0e2b000, 0x000001d5e10c1800, 0x000001d5e162d000, 0x000001d5e2300000,
0x000001d5e212b000, 0x000001d5e23a1800, 0x000001d5e103d800, 0x000001d5e164b000,
0x000001d5e10b4000, 0x000001d5e10b2800, 0x000001d5e10b3000, 0x000001d5e10b4800,
0x000001d5e24a8800, 0x000001d5e24a5800, 0x000001d5e24a9800, 0x000001d5e24a6800,
0x000001d5e24a7000, 0x000001d5e24a8000, 0x000001d5e2afa000, 0x000001d5e24aa800,
0x000001d5e24ab000, 0x000001d5e4800000, 0x000001d5e4805000, 0x000001d5e4801000,
0x000001d5e4804000, 0x000001d5e4802000, 0x000001d5e4806000, 0x000001d5e4802800,
0x000001d5e4803800, 0x000001d5e0ac4800, 0x000001d5e0ac3800, 0x000001d5e0ac6000,
0x000001d5e0ac0800, 0x000001d5e0ac7000, 0x000001d5e0ac1000, 0x000001d5e0ac5800,
0x000001d5e0ac7800, 0x000001d5e0ac2000, 0x000001d5e0ac8800, 0x000001d5e0ac3000,
0x000001d5e0acb000, 0x000001d5e0acc000, 0x000001d5e0acc800, 0x000001d5e0ace800,
0x000001d5e0ac9800, 0x000001d5e0acd800, 0x000001d5e0aca000, 0x000001d5e2067800,
0x000001d5e2066000
}

Java Threads: ( => current thread )
  0x000001d5c2afe800 JavaThread "main" [_thread_blocked, id=7500, stack(0x000000a3eba00000,0x000000a3ebb00000)]
  0x000001d5def55000 JavaThread "Reference Handler" daemon [_thread_blocked, id=7744, stack(0x000000a3ec100000,0x000000a3ec200000)]
  0x000001d5def56800 JavaThread "Finalizer" daemon [_thread_blocked, id=9188, stack(0x000000a3ec200000,0x000000a3ec300000)]
  0x000001d5df82b000 JavaThread "Signal Dispatcher" daemon [_thread_blocked, id=1452, stack(0x000000a3ec300000,0x000000a3ec400000)]
  0x000001d5df82c000 JavaThread "Attach Listener" daemon [_thread_blocked, id=12880, stack(0x000000a3ec400000,0x000000a3ec500000)]
  0x000001d5df82d000 JavaThread "Service Thread" daemon [_thread_blocked, id=7424, stack(0x000000a3ec500000,0x000000a3ec600000)]
=>0x000001d5df838000 JavaThread "C2 CompilerThread0" daemon [_thread_in_native, id=1328, stack(0x000000a3ec600000,0x000000a3ec700000)]
  0x000001d5df83c800 JavaThread "C1 CompilerThread0" daemon [_thread_in_vm, id=5188, stack(0x000000a3ec700000,0x000000a3ec800000)]
  0x000001d5df83e800 JavaThread "Sweeper thread" daemon [_thread_blocked, id=180, stack(0x000000a3ec800000,0x000000a3ec900000)]
  0x000001d5df8a9800 JavaThread "Common-Cleaner" daemon [_thread_blocked, id=9716, stack(0x000000a3ec900000,0x000000a3eca00000)]
  0x000001d5e0c3b000 JavaThread "Daemon health stats" [_thread_blocked, id=12008, stack(0x000000a3ecf00000,0x000000a3ed000000)]
  0x000001d5dfe0d000 JavaThread "Incoming local TCP Connector on port 49340" [_thread_in_native, id=1560, stack(0x000000a3ecb00000,0x000000a3ecc00000)]
  0x000001d5e0e2b000 JavaThread "Daemon periodic checks" [_thread_blocked, id=4168, stack(0x000000a3ecc00000,0x000000a3ecd00000)]
  0x000001d5e10c1800 JavaThread "Daemon" [_thread_blocked, id=4528, stack(0x000000a3ed000000,0x000000a3ed100000)]
  0x000001d5e162d000 JavaThread "Handler for socket connection from /127.0.0.1:49340 to /127.0.0.1:49341" [_thread_in_native, id=4772, stack(0x000000a3ed100000,0x000000a3ed200000)]
  0x000001d5e2300000 JavaThread "Cancel handler" [_thread_blocked, id=2308, stack(0x000000a3ed200000,0x000000a3ed300000)]
  0x000001d5e212b000 JavaThread "Daemon worker" [_thread_blocked, id=9620, stack(0x000000a3ed300000,0x000000a3ed400000)]
  0x000001d5e23a1800 JavaThread "C2 CompilerThread1" daemon [_thread_in_native, id=11608, stack(0x000000a3ed400000,0x000000a3ed500000)]
  0x000001d5e103d800 JavaThread "Asynchronous log dispatcher for DefaultDaemonConnection: socket connection from /127.0.0.1:49340 to /127.0.0.1:49341" [_thread_blocked, id=1036, stack(0x000000a3ed500000,0x000000a3ed600000)]
  0x000001d5e164b000 JavaThread "Stdin handler" [_thread_blocked, id=3136, stack(0x000000a3ed600000,0x000000a3ed700000)]
  0x000001d5e10b4000 JavaThread "Daemon client event forwarder" [_thread_blocked, id=4400, stack(0x000000a3ed700000,0x000000a3ed800000)]
  0x000001d5e10b2800 JavaThread "Cache worker for file hash cache (C:\Users\hsibin\.gradle\caches\7.0.2\fileHashes)" [_thread_blocked, id=5952, stack(0x000000a3edd00000,0x000000a3ede00000)]
  0x000001d5e10b3000 JavaThread "File lock request listener" [_thread_in_native, id=2844, stack(0x000000a3ede00000,0x000000a3edf00000)]
  0x000001d5e10b4800 JavaThread "Cache worker for journal cache (C:\Users\hsibin\.gradle\caches\journal-1)" [_thread_blocked, id=1448, stack(0x000000a3ee000000,0x000000a3ee100000)]
  0x000001d5e24a8800 JavaThread "Cache worker for file hash cache (C:\Users\hsibin\AndroidStudioProjects\stage2\.gradle\7.0.2\fileHashes)" [_thread_blocked, id=1732, stack(0x000000a3ee100000,0x000000a3ee200000)]
  0x000001d5e24a5800 JavaThread "File watcher server" daemon [_thread_in_native, id=11668, stack(0x000000a3ee200000,0x000000a3ee300000)]
  0x000001d5e24a9800 JavaThread "File watcher consumer" daemon [_thread_blocked, id=8724, stack(0x000000a3ee300000,0x000000a3ee400000)]
  0x000001d5e24a6800 JavaThread "Cache worker for checksums cache (C:\Users\hsibin\AndroidStudioProjects\stage2\.gradle\checksums)" [_thread_blocked, id=10520, stack(0x000000a3ee400000,0x000000a3ee500000)]
  0x000001d5e24a7000 JavaThread "Cache worker for cache directory md-supplier (C:\Users\hsibin\.gradle\caches\7.0.2\md-supplier)" [_thread_blocked, id=12116, stack(0x000000a3ee500000,0x000000a3ee600000)]
  0x000001d5e24a8000 JavaThread "Cache worker for cache directory md-rule (C:\Users\hsibin\.gradle\caches\7.0.2\md-rule)" [_thread_blocked, id=8684, stack(0x000000a3ee600000,0x000000a3ee700000)]
  0x000001d5e2afa000 JavaThread "C2 CompilerThread2" daemon [_thread_in_native, id=10344, stack(0x000000a3ee700000,0x000000a3ee800000)]
  0x000001d5e24aa800 JavaThread "Cache worker for execution history cache (C:\Users\hsibin\.gradle\caches\7.0.2\executionHistory)" [_thread_blocked, id=9140, stack(0x000000a3ee800000,0x000000a3ee900000)]
  0x000001d5e24ab000 JavaThread "jar transforms" [_thread_blocked, id=9908, stack(0x000000a3ee900000,0x000000a3eea00000)]
  0x000001d5e4800000 JavaThread "jar transforms Thread 2" [_thread_blocked, id=1472, stack(0x000000a3eea00000,0x000000a3eeb00000)]
  0x000001d5e4805000 JavaThread "Cache worker for file content cache (C:\Users\hsibin\.gradle\caches\7.0.2\fileContent)" [_thread_blocked, id=6404, stack(0x000000a3eeb00000,0x000000a3eec00000)]
  0x000001d5e4801000 JavaThread "Cache worker for dependencies-accessors (C:\Users\hsibin\AndroidStudioProjects\stage2\.gradle\7.0.2\dependencies-accessors)" [_thread_blocked, id=10560, stack(0x000000a3eec00000,0x000000a3eed00000)]
  0x000001d5e4804000 JavaThread "jar transforms Thread 3" [_thread_blocked, id=13020, stack(0x000000a3eed00000,0x000000a3eee00000)]
  0x000001d5e4802000 JavaThread "Cache worker for Build Output Cleanup Cache (C:\Users\hsibin\AndroidStudioProjects\stage2\.gradle\buildOutputCleanup)" [_thread_blocked, id=12328, stack(0x000000a3eee00000,0x000000a3eef00000)]
  0x000001d5e4806000 JavaThread "Build operations" [_thread_blocked, id=4408, stack(0x000000a3eef00000,0x000000a3ef000000)]
  0x000001d5e4802800 JavaThread "Build operations Thread 2" [_thread_blocked, id=12708, stack(0x000000a3ef000000,0x000000a3ef100000)]
  0x000001d5e4803800 JavaThread "Build operations Thread 3" [_thread_blocked, id=7508, stack(0x000000a3ef100000,0x000000a3ef200000)]
  0x000001d5e0ac4800 JavaThread "Build operations Thread 4" [_thread_in_Java, id=10160, stack(0x000000a3ef200000,0x000000a3ef300000)]
  0x000001d5e0ac3800 JavaThread "Build operations Thread 5" [_thread_in_Java, id=2648, stack(0x000000a3ef300000,0x000000a3ef400000)]
  0x000001d5e0ac6000 JavaThread "Build operations Thread 6" [_thread_in_Java, id=7060, stack(0x000000a3ef400000,0x000000a3ef500000)]
  0x000001d5e0ac0800 JavaThread "Build operations Thread 7" [_thread_in_Java, id=6968, stack(0x000000a3ef500000,0x000000a3ef600000)]
  0x000001d5e0ac7000 JavaThread "Build operations Thread 8" [_thread_in_vm, id=2548, stack(0x000000a3ef600000,0x000000a3ef700000)]
  0x000001d5e0ac1000 JavaThread "jar transforms Thread 4" [_thread_blocked, id=7940, stack(0x000000a3ef700000,0x000000a3ef800000)]
  0x000001d5e0ac5800 JavaThread "jar transforms Thread 5" [_thread_blocked, id=7600, stack(0x000000a3ef800000,0x000000a3ef900000)]
  0x000001d5e0ac7800 JavaThread "jar transforms Thread 6" [_thread_blocked, id=8764, stack(0x000000a3ef900000,0x000000a3efa00000)]
  0x000001d5e0ac2000 JavaThread "jar transforms Thread 7" [_thread_blocked, id=2040, stack(0x000000a3efa00000,0x000000a3efb00000)]
  0x000001d5e0ac8800 JavaThread "jar transforms Thread 8" [_thread_blocked, id=6432, stack(0x000000a3efb00000,0x000000a3efc00000)]
  0x000001d5e0ac3000 JavaThread "Memory manager" [_thread_blocked, id=11152, stack(0x000000a3efc00000,0x000000a3efd00000)]
  0x000001d5e0acb000 JavaThread "build event listener" [_thread_blocked, id=12364, stack(0x000000a3efd00000,0x000000a3efe00000)]
  0x000001d5e0acc000 JavaThread "Execution worker for ':'" [_thread_blocked, id=11744, stack(0x000000a3efe00000,0x000000a3eff00000)]
  0x000001d5e0acc800 JavaThread "Execution worker for ':' Thread 2" [_thread_blocked, id=12816, stack(0x000000a3eff00000,0x000000a3f0000000)]
  0x000001d5e0ace800 JavaThread "Execution worker for ':' Thread 3" [_thread_blocked, id=12336, stack(0x000000a3f0000000,0x000000a3f0100000)]
  0x000001d5e0ac9800 JavaThread "Execution worker for ':' Thread 4" [_thread_blocked, id=3728, stack(0x000000a3f0100000,0x000000a3f0200000)]
  0x000001d5e0acd800 JavaThread "Execution worker for ':' Thread 5" [_thread_blocked, id=13088, stack(0x000000a3f0200000,0x000000a3f0300000)]
  0x000001d5e0aca000 JavaThread "Execution worker for ':' Thread 6" [_thread_blocked, id=3680, stack(0x000000a3f0300000,0x000000a3f0400000)]
  0x000001d5e2067800 JavaThread "Execution worker for ':' Thread 7" [_thread_blocked, id=11028, stack(0x000000a3f0400000,0x000000a3f0500000)]
  0x000001d5e2066000 JavaThread "Cache worker for execution history cache (C:\Users\hsibin\AndroidStudioProjects\stage2\.gradle\7.0.2\executionHistory)" [_thread_blocked, id=6692, stack(0x000000a3f0500000,0x000000a3f0600000)]

Other Threads:
  0x000001d5def50800 VMThread "VM Thread" [stack: 0x000000a3ec000000,0x000000a3ec100000] [id=7280]
  0x000001d5df8b8800 WatcherThread [stack: 0x000000a3eca00000,0x000000a3ecb00000] [id=8496]
  0x000001d5c2b16800 GCTaskThread "GC Thread#0" [stack: 0x000000a3ebb00000,0x000000a3ebc00000] [id=8156]
  0x000001d5e0625000 GCTaskThread "GC Thread#1" [stack: 0x000000a3ecd00000,0x000000a3ece00000] [id=11976]
  0x000001d5e071f800 GCTaskThread "GC Thread#2" [stack: 0x000000a3ece00000,0x000000a3ecf00000] [id=2704]
  0x000001d5e2127800 GCTaskThread "GC Thread#3" [stack: 0x000000a3ed800000,0x000000a3ed900000] [id=12296]
  0x000001d5e23eb800 GCTaskThread "GC Thread#4" [stack: 0x000000a3ed900000,0x000000a3eda00000] [id=3724]
  0x000001d5e1e3a800 GCTaskThread "GC Thread#5" [stack: 0x000000a3eda00000,0x000000a3edb00000] [id=11484]
  0x000001d5e1e3b800 GCTaskThread "GC Thread#6" [stack: 0x000000a3edb00000,0x000000a3edc00000] [id=7448]
  0x000001d5e1913000 GCTaskThread "GC Thread#7" [stack: 0x000000a3edc00000,0x000000a3edd00000] [id=6156]
  0x000001d5c2b47800 ConcurrentGCThread "G1 Main Marker" [stack: 0x000000a3ebc00000,0x000000a3ebd00000] [id=6656]
  0x000001d5c2b49000 ConcurrentGCThread "G1 Conc#0" [stack: 0x000000a3ebd00000,0x000000a3ebe00000] [id=11472]
  0x000001d5e0182800 ConcurrentGCThread "G1 Conc#1" [stack: 0x000000a3edf00000,0x000000a3ee000000] [id=7536]
  0x000001d5deda0800 ConcurrentGCThread "G1 Refine#0" [stack: 0x000000a3ebe00000,0x000000a3ebf00000] [id=2440]
  0x000001d5deda1800 ConcurrentGCThread "G1 Young RemSet Sampling" [stack: 0x000000a3ebf00000,0x000000a3ec000000] [id=10544]

Threads with active compile tasks:
C2 CompilerThread0  17225 13654       4       com.android.tools.r8.internal.W4::a (268 bytes)
C1 CompilerThread0  17225 13965       3       java.util.IdentityHashMap::closeDeletion (107 bytes)
C2 CompilerThread1  17226 13773       4       com.android.tools.r8.internal.Le::a (1137 bytes)
C2 CompilerThread2  17226 13898       4       java.util.TreeMap::put (247 bytes)

VM state:not at safepoint (normal execution)

VM Mutex/Monitor currently owned by a thread: None

Heap address: 0x0000000080000000, size: 2048 MB, Compressed Oops mode: 32-bit
Narrow klass base: 0x0000000000000000, Narrow klass shift: 3
Compressed class space size: 1073741824 Address: 0x0000000100000000

Heap:
 garbage-first heap   total 339968K, used 191135K [0x0000000080000000, 0x0000000100000000)
  region size 1024K, 74 young (75776K), 10 survivors (10240K)
 Metaspace       used 93489K, capacity 96225K, committed 96716K, reserved 1132544K
  class space    used 12215K, capacity 13249K, committed 13516K, reserved 1048576K
Heap Regions: E=young(eden), S=young(survivor), O=old, HS=humongous(starts), HC=humongous(continues), CS=collection set, F=free, A=archive, TAMS=top-at-mark-start (previous, next)
|   0|0x0000000080000000, 0x0000000080100000, 0x0000000080100000|100%| O|  |TAMS 0x0000000080100000, 0x0000000080000000| Untracked 
|   1|0x0000000080100000, 0x0000000080200000, 0x0000000080200000|100%| O|  |TAMS 0x0000000080200000, 0x0000000080100000| Untracked 
|   2|0x0000000080200000, 0x0000000080300000, 0x0000000080300000|100%| O|  |TAMS 0x0000000080300000, 0x0000000080200000| Untracked 
|   3|0x0000000080300000, 0x0000000080400000, 0x0000000080400000|100%|HS|  |TAMS 0x0000000080400000, 0x0000000080300000| Complete 
|   4|0x0000000080400000, 0x0000000080500000, 0x0000000080500000|100%|HC|  |TAMS 0x0000000080500000, 0x0000000080400000| Complete 
|   5|0x0000000080500000, 0x0000000080600000, 0x0000000080600000|100%|HC|  |TAMS 0x0000000080600000, 0x0000000080500000| Complete 
|   6|0x0000000080600000, 0x0000000080700000, 0x0000000080700000|100%| O|  |TAMS 0x0000000080700000, 0x0000000080600000| Untracked 
|   7|0x0000000080700000, 0x0000000080800000, 0x0000000080800000|100%| O|  |TAMS 0x0000000080800000, 0x0000000080700000| Untracked 
|   8|0x0000000080800000, 0x0000000080900000, 0x0000000080900000|100%| O|  |TAMS 0x0000000080900000, 0x0000000080800000| Untracked 
|   9|0x0000000080900000, 0x0000000080a00000, 0x0000000080a00000|100%| O|  |TAMS 0x0000000080a00000, 0x0000000080900000| Untracked 
|  10|0x0000000080a00000, 0x0000000080b00000, 0x0000000080b00000|100%| O|  |TAMS 0x0000000080b00000, 0x0000000080a00000| Untracked 
|  11|0x0000000080b00000, 0x0000000080c00000, 0x0000000080c00000|100%| O|  |TAMS 0x0000000080c00000, 0x0000000080b00000| Untracked 
|  12|0x0000000080c00000, 0x0000000080d00000, 0x0000000080d00000|100%| O|  |TAMS 0x0000000080d00000, 0x0000000080c00000| Untracked 
|  13|0x0000000080d00000, 0x0000000080e00000, 0x0000000080e00000|100%| O|  |TAMS 0x0000000080e00000, 0x0000000080d00000| Untracked 
|  14|0x0000000080e00000, 0x0000000080f00000, 0x0000000080f00000|100%| O|  |TAMS 0x0000000080f00000, 0x0000000080e00000| Untracked 
|  15|0x0000000080f00000, 0x0000000081000000, 0x0000000081000000|100%| O|  |TAMS 0x0000000081000000, 0x0000000080f00000| Untracked 
|  16|0x0000000081000000, 0x0000000081100000, 0x0000000081100000|100%|HS|  |TAMS 0x0000000081100000, 0x0000000081000000| Complete 
|  17|0x0000000081100000, 0x0000000081200000, 0x0000000081200000|100%| O|  |TAMS 0x0000000081200000, 0x0000000081100000| Untracked 
|  18|0x0000000081200000, 0x0000000081300000, 0x0000000081300000|100%| O|  |TAMS 0x0000000081300000, 0x0000000081200000| Untracked 
|  19|0x0000000081300000, 0x0000000081400000, 0x0000000081400000|100%| O|  |TAMS 0x0000000081400000, 0x0000000081300000| Untracked 
|  20|0x0000000081400000, 0x0000000081500000, 0x0000000081500000|100%| O|  |TAMS 0x0000000081500000, 0x0000000081400000| Untracked 
|  21|0x0000000081500000, 0x0000000081600000, 0x0000000081600000|100%| O|  |TAMS 0x0000000081600000, 0x0000000081500000| Untracked 
|  22|0x0000000081600000, 0x0000000081700000, 0x0000000081700000|100%| O|  |TAMS 0x0000000081700000, 0x0000000081600000| Untracked 
|  23|0x0000000081700000, 0x0000000081800000, 0x0000000081800000|100%| O|  |TAMS 0x0000000081800000, 0x0000000081700000| Untracked 
|  24|0x0000000081800000, 0x0000000081900000, 0x0000000081900000|100%| O|  |TAMS 0x0000000081900000, 0x0000000081800000| Untracked 
|  25|0x0000000081900000, 0x0000000081a00000, 0x0000000081a00000|100%| O|  |TAMS 0x0000000081a00000, 0x0000000081900000| Untracked 
|  26|0x0000000081a00000, 0x0000000081b00000, 0x0000000081b00000|100%| O|  |TAMS 0x0000000081b00000, 0x0000000081a00000| Untracked 
|  27|0x0000000081b00000, 0x0000000081c00000, 0x0000000081c00000|100%|HS|  |TAMS 0x0000000081c00000, 0x0000000081b00000| Complete 
|  28|0x0000000081c00000, 0x0000000081d00000, 0x0000000081d00000|100%|HS|  |TAMS 0x0000000081d00000, 0x0000000081c00000| Complete 
|  29|0x0000000081d00000, 0x0000000081e00000, 0x0000000081e00000|100%|HC|  |TAMS 0x0000000081e00000, 0x0000000081d00000| Complete 
|  30|0x0000000081e00000, 0x0000000081f00000, 0x0000000081f00000|100%| O|  |TAMS 0x0000000081f00000, 0x0000000081e00000| Untracked 
|  31|0x0000000081f00000, 0x0000000082000000, 0x0000000082000000|100%| O|  |TAMS 0x0000000082000000, 0x0000000081f00000| Untracked 
|  32|0x0000000082000000, 0x0000000082100000, 0x0000000082100000|100%| O|  |TAMS 0x0000000082100000, 0x0000000082000000| Untracked 
|  33|0x0000000082100000, 0x0000000082200000, 0x0000000082200000|100%| O|  |TAMS 0x0000000082200000, 0x0000000082100000| Untracked 
|  34|0x0000000082200000, 0x0000000082300000, 0x0000000082300000|100%| O|  |TAMS 0x0000000082300000, 0x0000000082200000| Untracked 
|  35|0x0000000082300000, 0x0000000082400000, 0x0000000082400000|100%| O|  |TAMS 0x0000000082400000, 0x0000000082300000| Untracked 
|  36|0x0000000082400000, 0x0000000082500000, 0x0000000082500000|100%| O|  |TAMS 0x0000000082500000, 0x0000000082400000| Untracked 
|  37|0x0000000082500000, 0x0000000082600000, 0x0000000082600000|100%| O|  |TAMS 0x0000000082600000, 0x0000000082500000| Untracked 
|  38|0x0000000082600000, 0x0000000082700000, 0x0000000082700000|100%| O|  |TAMS 0x0000000082700000, 0x0000000082600000| Untracked 
|  39|0x0000000082700000, 0x0000000082800000, 0x0000000082800000|100%| O|  |TAMS 0x0000000082800000, 0x0000000082700000| Untracked 
|  40|0x0000000082800000, 0x0000000082900000, 0x0000000082900000|100%| O|  |TAMS 0x0000000082900000, 0x0000000082800000| Untracked 
|  41|0x0000000082900000, 0x0000000082a00000, 0x0000000082a00000|100%| O|  |TAMS 0x0000000082a00000, 0x0000000082900000| Untracked 
|  42|0x0000000082a00000, 0x0000000082b00000, 0x0000000082b00000|100%| O|  |TAMS 0x0000000082b00000, 0x0000000082a00000| Untracked 
|  43|0x0000000082b00000, 0x0000000082c00000, 0x0000000082c00000|100%| O|  |TAMS 0x0000000082c00000, 0x0000000082b00000| Untracked 
|  44|0x0000000082c00000, 0x0000000082d00000, 0x0000000082d00000|100%| O|  |TAMS 0x0000000082d00000, 0x0000000082c00000| Untracked 
|  45|0x0000000082d00000, 0x0000000082e00000, 0x0000000082e00000|100%| O|  |TAMS 0x0000000082e00000, 0x0000000082d00000| Untracked 
|  46|0x0000000082e00000, 0x0000000082f00000, 0x0000000082f00000|100%| O|  |TAMS 0x0000000082f00000, 0x0000000082e00000| Untracked 
|  47|0x0000000082f00000, 0x0000000083000000, 0x0000000083000000|100%| O|  |TAMS 0x0000000083000000, 0x0000000082f00000| Untracked 
|  48|0x0000000083000000, 0x0000000083100000, 0x0000000083100000|100%| O|  |TAMS 0x0000000083100000, 0x0000000083000000| Untracked 
|  49|0x0000000083100000, 0x0000000083200000, 0x0000000083200000|100%| O|  |TAMS 0x0000000083200000, 0x0000000083100000| Untracked 
|  50|0x0000000083200000, 0x0000000083300000, 0x0000000083300000|100%| O|  |TAMS 0x0000000083300000, 0x0000000083200000| Untracked 
|  51|0x0000000083300000, 0x0000000083400000, 0x0000000083400000|100%| O|  |TAMS 0x0000000083400000, 0x0000000083300000| Untracked 
|  52|0x0000000083400000, 0x0000000083500000, 0x0000000083500000|100%| O|  |TAMS 0x0000000083500000, 0x0000000083400000| Untracked 
|  53|0x0000000083500000, 0x0000000083600000, 0x0000000083600000|100%| O|  |TAMS 0x0000000083600000, 0x0000000083500000| Untracked 
|  54|0x0000000083600000, 0x0000000083700000, 0x0000000083700000|100%| O|  |TAMS 0x0000000083700000, 0x0000000083600000| Untracked 
|  55|0x0000000083700000, 0x0000000083800000, 0x0000000083800000|100%| O|  |TAMS 0x0000000083800000, 0x0000000083700000| Untracked 
|  56|0x0000000083800000, 0x0000000083900000, 0x0000000083900000|100%| O|  |TAMS 0x0000000083900000, 0x0000000083800000| Untracked 
|  57|0x0000000083900000, 0x0000000083a00000, 0x0000000083a00000|100%| O|  |TAMS 0x0000000083a00000, 0x0000000083900000| Untracked 
|  58|0x0000000083a00000, 0x0000000083b00000, 0x0000000083b00000|100%| O|  |TAMS 0x0000000083b00000, 0x0000000083a00000| Untracked 
|  59|0x0000000083b00000, 0x0000000083c00000, 0x0000000083c00000|100%| O|  |TAMS 0x0000000083c00000, 0x0000000083b00000| Untracked 
|  60|0x0000000083c00000, 0x0000000083d00000, 0x0000000083d00000|100%| O|  |TAMS 0x0000000083d00000, 0x0000000083c00000| Untracked 
|  61|0x0000000083d00000, 0x0000000083e00000, 0x0000000083e00000|100%| O|  |TAMS 0x0000000083e00000, 0x0000000083d00000| Untracked 
|  62|0x0000000083e00000, 0x0000000083f00000, 0x0000000083f00000|100%| O|  |TAMS 0x0000000083f00000, 0x0000000083e00000| Untracked 
|  63|0x0000000083f00000, 0x0000000084000000, 0x0000000084000000|100%| O|  |TAMS 0x0000000084000000, 0x0000000083f00000| Untracked 
|  64|0x0000000084000000, 0x0000000084100000, 0x0000000084100000|100%| O|  |TAMS 0x0000000084100000, 0x0000000084000000| Untracked 
|  65|0x0000000084100000, 0x0000000084200000, 0x0000000084200000|100%| O|  |TAMS 0x0000000084200000, 0x0000000084100000| Untracked 
|  66|0x0000000084200000, 0x0000000084300000, 0x0000000084300000|100%| O|  |TAMS 0x0000000084300000, 0x0000000084200000| Untracked 
|  67|0x0000000084300000, 0x0000000084400000, 0x0000000084400000|100%| O|  |TAMS 0x0000000084400000, 0x0000000084300000| Untracked 
|  68|0x0000000084400000, 0x0000000084500000, 0x0000000084500000|100%| O|  |TAMS 0x0000000084500000, 0x0000000084400000| Untracked 
|  69|0x0000000084500000, 0x0000000084600000, 0x0000000084600000|100%| O|  |TAMS 0x0000000084600000, 0x0000000084500000| Untracked 
|  70|0x0000000084600000, 0x0000000084700000, 0x0000000084700000|100%| O|  |TAMS 0x0000000084700000, 0x0000000084600000| Untracked 
|  71|0x0000000084700000, 0x0000000084800000, 0x0000000084800000|100%| O|  |TAMS 0x0000000084800000, 0x0000000084700000| Untracked 
|  72|0x0000000084800000, 0x0000000084900000, 0x0000000084900000|100%| O|  |TAMS 0x0000000084900000, 0x0000000084800000| Untracked 
|  73|0x0000000084900000, 0x0000000084a00000, 0x0000000084a00000|100%| O|  |TAMS 0x0000000084a00000, 0x0000000084900000| Untracked 
|  74|0x0000000084a00000, 0x0000000084b00000, 0x0000000084b00000|100%| O|  |TAMS 0x0000000084b00000, 0x0000000084a00000| Untracked 
|  75|0x0000000084b00000, 0x0000000084c00000, 0x0000000084c00000|100%| O|  |TAMS 0x0000000084c00000, 0x0000000084b00000| Untracked 
|  76|0x0000000084c00000, 0x0000000084d00000, 0x0000000084d00000|100%| O|  |TAMS 0x0000000084d00000, 0x0000000084c00000| Untracked 
|  77|0x0000000084d00000, 0x0000000084e00000, 0x0000000084e00000|100%| O|  |TAMS 0x0000000084e00000, 0x0000000084d00000| Untracked 
|  78|0x0000000084e00000, 0x0000000084f00000, 0x0000000084f00000|100%| O|  |TAMS 0x0000000084f00000, 0x0000000084e00000| Untracked 
|  79|0x0000000084f00000, 0x0000000085000000, 0x0000000085000000|100%| O|  |TAMS 0x0000000085000000, 0x0000000084f00000| Untracked 
|  80|0x0000000085000000, 0x0000000085100000, 0x0000000085100000|100%| O|  |TAMS 0x0000000085100000, 0x0000000085000000| Untracked 
|  81|0x0000000085100000, 0x0000000085200000, 0x0000000085200000|100%| O|  |TAMS 0x0000000085200000, 0x0000000085100000| Untracked 
|  82|0x0000000085200000, 0x0000000085300000, 0x0000000085300000|100%| O|  |TAMS 0x0000000085300000, 0x0000000085200000| Untracked 
|  83|0x0000000085300000, 0x0000000085400000, 0x0000000085400000|100%| O|  |TAMS 0x0000000085400000, 0x0000000085300000| Untracked 
|  84|0x0000000085400000, 0x0000000085500000, 0x0000000085500000|100%| O|  |TAMS 0x0000000085500000, 0x0000000085400000| Untracked 
|  85|0x0000000085500000, 0x0000000085600000, 0x0000000085600000|100%| O|  |TAMS 0x0000000085600000, 0x0000000085500000| Untracked 
|  86|0x0000000085600000, 0x0000000085700000, 0x0000000085700000|100%| O|  |TAMS 0x0000000085700000, 0x0000000085600000| Untracked 
|  87|0x0000000085700000, 0x0000000085800000, 0x0000000085800000|100%| O|  |TAMS 0x0000000085800000, 0x0000000085700000| Untracked 
|  88|0x0000000085800000, 0x0000000085900000, 0x0000000085900000|100%| O|  |TAMS 0x0000000085900000, 0x0000000085800000| Untracked 
|  89|0x0000000085900000, 0x0000000085a00000, 0x0000000085a00000|100%| O|  |TAMS 0x0000000085a00000, 0x0000000085900000| Untracked 
|  90|0x0000000085a00000, 0x0000000085b00000, 0x0000000085b00000|100%| O|  |TAMS 0x0000000085b00000, 0x0000000085a00000| Untracked 
|  91|0x0000000085b00000, 0x0000000085c00000, 0x0000000085c00000|100%| O|  |TAMS 0x0000000085c00000, 0x0000000085b00000| Untracked 
|  92|0x0000000085c00000, 0x0000000085d00000, 0x0000000085d00000|100%| O|  |TAMS 0x0000000085d00000, 0x0000000085c00000| Untracked 
|  93|0x0000000085d00000, 0x0000000085e00000, 0x0000000085e00000|100%| O|  |TAMS 0x0000000085e00000, 0x0000000085d00000| Untracked 
|  94|0x0000000085e00000, 0x0000000085f00000, 0x0000000085f00000|100%| O|  |TAMS 0x0000000085f00000, 0x0000000085e00000| Untracked 
|  95|0x0000000085f00000, 0x0000000086000000, 0x0000000086000000|100%| O|  |TAMS 0x0000000086000000, 0x0000000085f00000| Untracked 
|  96|0x0000000086000000, 0x0000000086100000, 0x0000000086100000|100%| O|  |TAMS 0x0000000086100000, 0x0000000086000000| Untracked 
|  97|0x0000000086100000, 0x0000000086200000, 0x0000000086200000|100%| O|  |TAMS 0x0000000086200000, 0x0000000086100000| Untracked 
|  98|0x0000000086200000, 0x0000000086300000, 0x0000000086300000|100%| O|  |TAMS 0x0000000086300000, 0x0000000086200000| Untracked 
|  99|0x0000000086300000, 0x0000000086400000, 0x0000000086400000|100%| O|  |TAMS 0x0000000086400000, 0x0000000086300000| Untracked 
| 100|0x0000000086400000, 0x0000000086500000, 0x0000000086500000|100%| O|  |TAMS 0x0000000086500000, 0x0000000086400000| Untracked 
| 101|0x0000000086500000, 0x0000000086600000, 0x0000000086600000|100%| O|  |TAMS 0x0000000086600000, 0x0000000086500000| Untracked 
| 102|0x0000000086600000, 0x0000000086700000, 0x0000000086700000|100%| O|  |TAMS 0x0000000086700000, 0x0000000086600000| Untracked 
| 103|0x0000000086700000, 0x0000000086800000, 0x0000000086800000|100%| O|  |TAMS 0x0000000086800000, 0x0000000086700000| Untracked 
| 104|0x0000000086800000, 0x0000000086900000, 0x0000000086900000|100%| O|  |TAMS 0x0000000086900000, 0x0000000086800000| Untracked 
| 105|0x0000000086900000, 0x0000000086a00000, 0x0000000086a00000|100%| O|  |TAMS 0x0000000086a00000, 0x0000000086900000| Untracked 
| 106|0x0000000086a00000, 0x0000000086b00000, 0x0000000086b00000|100%| O|  |TAMS 0x0000000086b00000, 0x0000000086a00000| Untracked 
| 107|0x0000000086b00000, 0x0000000086c00000, 0x0000000086c00000|100%| O|  |TAMS 0x0000000086c00000, 0x0000000086b00000| Untracked 
| 108|0x0000000086c00000, 0x0000000086d00000, 0x0000000086d00000|100%| O|  |TAMS 0x0000000086d00000, 0x0000000086c00000| Untracked 
| 109|0x0000000086d00000, 0x0000000086e00000, 0x0000000086e00000|100%| O|  |TAMS 0x0000000086d00000, 0x0000000086d00000| Untracked 
| 110|0x0000000086e00000, 0x0000000086f00000, 0x0000000086f00000|100%| O|  |TAMS 0x0000000086e00000, 0x0000000086e00000| Untracked 
| 111|0x0000000086f00000, 0x0000000087000000, 0x0000000087000000|100%| O|  |TAMS 0x0000000086f00000, 0x0000000086f00000| Untracked 
| 112|0x0000000087000000, 0x0000000087100000, 0x0000000087100000|100%| O|  |TAMS 0x0000000087000000, 0x0000000087000000| Untracked 
| 113|0x0000000087100000, 0x00000000871ae200, 0x0000000087200000| 68%| O|  |TAMS 0x0000000087100000, 0x0000000087100000| Untracked 
| 114|0x0000000087200000, 0x0000000087200000, 0x0000000087300000|  0%| F|  |TAMS 0x0000000087200000, 0x0000000087200000| Untracked 
| 115|0x0000000087300000, 0x0000000087300000, 0x0000000087400000|  0%| F|  |TAMS 0x0000000087300000, 0x0000000087300000| Untracked 
| 116|0x0000000087400000, 0x0000000087400000, 0x0000000087500000|  0%| F|  |TAMS 0x0000000087400000, 0x0000000087400000| Untracked 
| 117|0x0000000087500000, 0x0000000087500000, 0x0000000087600000|  0%| F|  |TAMS 0x0000000087500000, 0x0000000087500000| Untracked 
| 118|0x0000000087600000, 0x0000000087600000, 0x0000000087700000|  0%| F|  |TAMS 0x0000000087600000, 0x0000000087600000| Untracked 
| 119|0x0000000087700000, 0x0000000087700000, 0x0000000087800000|  0%| F|  |TAMS 0x0000000087700000, 0x0000000087700000| Untracked 
| 120|0x0000000087800000, 0x0000000087800000, 0x0000000087900000|  0%| F|  |TAMS 0x0000000087800000, 0x0000000087800000| Untracked 
| 121|0x0000000087900000, 0x0000000087900000, 0x0000000087a00000|  0%| F|  |TAMS 0x0000000087900000, 0x0000000087900000| Untracked 
| 122|0x0000000087a00000, 0x0000000087a00000, 0x0000000087b00000|  0%| F|  |TAMS 0x0000000087a00000, 0x0000000087a00000| Untracked 
| 123|0x0000000087b00000, 0x0000000087b00000, 0x0000000087c00000|  0%| F|  |TAMS 0x0000000087b00000, 0x0000000087b00000| Untracked 
| 124|0x0000000087c00000, 0x0000000087c00000, 0x0000000087d00000|  0%| F|  |TAMS 0x0000000087c00000, 0x0000000087c00000| Untracked 
| 125|0x0000000087d00000, 0x0000000087d00000, 0x0000000087e00000|  0%| F|  |TAMS 0x0000000087d00000, 0x0000000087d00000| Untracked 
| 126|0x0000000087e00000, 0x0000000087e00000, 0x0000000087f00000|  0%| F|  |TAMS 0x0000000087e00000, 0x0000000087e00000| Untracked 
| 127|0x0000000087f00000, 0x0000000087f00000, 0x0000000088000000|  0%| F|  |TAMS 0x0000000087f00000, 0x0000000087f00000| Untracked 
| 128|0x0000000088000000, 0x0000000088000000, 0x0000000088100000|  0%| F|  |TAMS 0x0000000088000000, 0x0000000088000000| Untracked 
| 129|0x0000000088100000, 0x0000000088100000, 0x0000000088200000|  0%| F|  |TAMS 0x0000000088100000, 0x0000000088100000| Untracked 
| 130|0x0000000088200000, 0x0000000088200000, 0x0000000088300000|  0%| F|  |TAMS 0x0000000088200000, 0x0000000088200000| Untracked 
| 131|0x0000000088300000, 0x0000000088300000, 0x0000000088400000|  0%| F|  |TAMS 0x0000000088300000, 0x0000000088300000| Untracked 
| 132|0x0000000088400000, 0x0000000088400000, 0x0000000088500000|  0%| F|  |TAMS 0x0000000088400000, 0x0000000088400000| Untracked 
| 133|0x0000000088500000, 0x0000000088500000, 0x0000000088600000|  0%| F|  |TAMS 0x0000000088500000, 0x0000000088500000| Untracked 
| 134|0x0000000088600000, 0x0000000088600000, 0x0000000088700000|  0%| F|  |TAMS 0x0000000088600000, 0x0000000088600000| Untracked 
| 135|0x0000000088700000, 0x0000000088700000, 0x0000000088800000|  0%| F|  |TAMS 0x0000000088700000, 0x0000000088700000| Untracked 
| 136|0x0000000088800000, 0x0000000088800000, 0x0000000088900000|  0%| F|  |TAMS 0x0000000088800000, 0x0000000088800000| Untracked 
| 137|0x0000000088900000, 0x0000000088900000, 0x0000000088a00000|  0%| F|  |TAMS 0x0000000088900000, 0x0000000088900000| Untracked 
| 138|0x0000000088a00000, 0x0000000088a00000, 0x0000000088b00000|  0%| F|  |TAMS 0x0000000088a00000, 0x0000000088a00000| Untracked 
| 139|0x0000000088b00000, 0x0000000088b00000, 0x0000000088c00000|  0%| F|  |TAMS 0x0000000088b00000, 0x0000000088b00000| Untracked 
| 140|0x0000000088c00000, 0x0000000088c00000, 0x0000000088d00000|  0%| F|  |TAMS 0x0000000088c00000, 0x0000000088c00000| Untracked 
| 141|0x0000000088d00000, 0x0000000088d00000, 0x0000000088e00000|  0%| F|  |TAMS 0x0000000088d00000, 0x0000000088d00000| Untracked 
| 142|0x0000000088e00000, 0x0000000088e00000, 0x0000000088f00000|  0%| F|  |TAMS 0x0000000088e00000, 0x0000000088e00000| Untracked 
| 143|0x0000000088f00000, 0x0000000088f00000, 0x0000000089000000|  0%| F|  |TAMS 0x0000000088f00000, 0x0000000088f00000| Untracked 
| 144|0x0000000089000000, 0x0000000089000000, 0x0000000089100000|  0%| F|  |TAMS 0x0000000089000000, 0x0000000089000000| Untracked 
| 145|0x0000000089100000, 0x0000000089100000, 0x0000000089200000|  0%| F|  |TAMS 0x0000000089100000, 0x0000000089100000| Untracked 
| 146|0x0000000089200000, 0x0000000089200000, 0x0000000089300000|  0%| F|  |TAMS 0x0000000089200000, 0x0000000089200000| Untracked 
| 147|0x0000000089300000, 0x00000000893f9c20, 0x0000000089400000| 97%| S|CS|TAMS 0x0000000089300000, 0x0000000089300000| Complete 
| 148|0x0000000089400000, 0x0000000089500000, 0x0000000089500000|100%| S|CS|TAMS 0x0000000089400000, 0x0000000089400000| Complete 
| 149|0x0000000089500000, 0x0000000089600000, 0x0000000089600000|100%| S|CS|TAMS 0x0000000089500000, 0x0000000089500000| Complete 
| 150|0x0000000089600000, 0x0000000089700000, 0x0000000089700000|100%| S|CS|TAMS 0x0000000089600000, 0x0000000089600000| Complete 
| 151|0x0000000089700000, 0x0000000089800000, 0x0000000089800000|100%| S|CS|TAMS 0x0000000089700000, 0x0000000089700000| Complete 
| 152|0x0000000089800000, 0x0000000089900000, 0x0000000089900000|100%| S|CS|TAMS 0x0000000089800000, 0x0000000089800000| Complete 
| 153|0x0000000089900000, 0x0000000089a00000, 0x0000000089a00000|100%| S|CS|TAMS 0x0000000089900000, 0x0000000089900000| Complete 
| 154|0x0000000089a00000, 0x0000000089b00000, 0x0000000089b00000|100%| S|CS|TAMS 0x0000000089a00000, 0x0000000089a00000| Complete 
| 155|0x0000000089b00000, 0x0000000089b00000, 0x0000000089c00000|  0%| F|  |TAMS 0x0000000089b00000, 0x0000000089b00000| Untracked 
| 156|0x0000000089c00000, 0x0000000089c00000, 0x0000000089d00000|  0%| F|  |TAMS 0x0000000089c00000, 0x0000000089c00000| Untracked 
| 157|0x0000000089d00000, 0x0000000089d00000, 0x0000000089e00000|  0%| F|  |TAMS 0x0000000089d00000, 0x0000000089d00000| Untracked 
| 158|0x0000000089e00000, 0x0000000089e00000, 0x0000000089f00000|  0%| F|  |TAMS 0x0000000089e00000, 0x0000000089e00000| Untracked 
| 159|0x0000000089f00000, 0x0000000089f00000, 0x000000008a000000|  0%| F|  |TAMS 0x0000000089f00000, 0x0000000089f00000| Untracked 
| 160|0x000000008a000000, 0x000000008a000000, 0x000000008a100000|  0%| F|  |TAMS 0x000000008a000000, 0x000000008a000000| Untracked 
| 161|0x000000008a100000, 0x000000008a100000, 0x000000008a200000|  0%| F|  |TAMS 0x000000008a100000, 0x000000008a100000| Untracked 
| 162|0x000000008a200000, 0x000000008a200000, 0x000000008a300000|  0%| F|  |TAMS 0x000000008a200000, 0x000000008a200000| Untracked 
| 163|0x000000008a300000, 0x000000008a300000, 0x000000008a400000|  0%| F|  |TAMS 0x000000008a300000, 0x000000008a300000| Untracked 
| 164|0x000000008a400000, 0x000000008a500000, 0x000000008a500000|100%| S|CS|TAMS 0x000000008a400000, 0x000000008a400000| Complete 
| 165|0x000000008a500000, 0x000000008a600000, 0x000000008a600000|100%| S|CS|TAMS 0x000000008a500000, 0x000000008a500000| Complete 
| 166|0x000000008a600000, 0x000000008a600000, 0x000000008a700000|  0%| F|  |TAMS 0x000000008a600000, 0x000000008a600000| Untracked 
| 167|0x000000008a700000, 0x000000008a700000, 0x000000008a800000|  0%| F|  |TAMS 0x000000008a700000, 0x000000008a700000| Untracked 
| 168|0x000000008a800000, 0x000000008a800000, 0x000000008a900000|  0%| F|  |TAMS 0x000000008a800000, 0x000000008a800000| Untracked 
| 169|0x000000008a900000, 0x000000008a900000, 0x000000008aa00000|  0%| F|  |TAMS 0x000000008a900000, 0x000000008a900000| Untracked 
| 170|0x000000008aa00000, 0x000000008aa00000, 0x000000008ab00000|  0%| F|  |TAMS 0x000000008aa00000, 0x000000008aa00000| Untracked 
| 171|0x000000008ab00000, 0x000000008ab00000, 0x000000008ac00000|  0%| F|  |TAMS 0x000000008ab00000, 0x000000008ab00000| Untracked 
| 172|0x000000008ac00000, 0x000000008ac00000, 0x000000008ad00000|  0%| F|  |TAMS 0x000000008ac00000, 0x000000008ac00000| Untracked 
| 173|0x000000008ad00000, 0x000000008ad00000, 0x000000008ae00000|  0%| F|  |TAMS 0x000000008ad00000, 0x000000008ad00000| Untracked 
| 174|0x000000008ae00000, 0x000000008ae00000, 0x000000008af00000|  0%| F|  |TAMS 0x000000008ae00000, 0x000000008ae00000| Untracked 
| 175|0x000000008af00000, 0x000000008af00000, 0x000000008b000000|  0%| F|  |TAMS 0x000000008af00000, 0x000000008af00000| Untracked 
| 176|0x000000008b000000, 0x000000008b000000, 0x000000008b100000|  0%| F|  |TAMS 0x000000008b000000, 0x000000008b000000| Untracked 
| 177|0x000000008b100000, 0x000000008b100000, 0x000000008b200000|  0%| F|  |TAMS 0x000000008b100000, 0x000000008b100000| Untracked 
| 178|0x000000008b200000, 0x000000008b200000, 0x000000008b300000|  0%| F|  |TAMS 0x000000008b200000, 0x000000008b200000| Untracked 
| 179|0x000000008b300000, 0x000000008b300000, 0x000000008b400000|  0%| F|  |TAMS 0x000000008b300000, 0x000000008b300000| Untracked 
| 180|0x000000008b400000, 0x000000008b400000, 0x000000008b500000|  0%| F|  |TAMS 0x000000008b400000, 0x000000008b400000| Untracked 
| 181|0x000000008b500000, 0x000000008b500000, 0x000000008b600000|  0%| F|  |TAMS 0x000000008b500000, 0x000000008b500000| Untracked 
| 182|0x000000008b600000, 0x000000008b600000, 0x000000008b700000|  0%| F|  |TAMS 0x000000008b600000, 0x000000008b600000| Untracked 
| 183|0x000000008b700000, 0x000000008b700000, 0x000000008b800000|  0%| F|  |TAMS 0x000000008b700000, 0x000000008b700000| Untracked 
| 184|0x000000008b800000, 0x000000008b800000, 0x000000008b900000|  0%| F|  |TAMS 0x000000008b800000, 0x000000008b800000| Untracked 
| 185|0x000000008b900000, 0x000000008b900000, 0x000000008ba00000|  0%| F|  |TAMS 0x000000008b900000, 0x000000008b900000| Untracked 
| 186|0x000000008ba00000, 0x000000008ba00000, 0x000000008bb00000|  0%| F|  |TAMS 0x000000008ba00000, 0x000000008ba00000| Untracked 
| 187|0x000000008bb00000, 0x000000008bb00000, 0x000000008bc00000|  0%| F|  |TAMS 0x000000008bb00000, 0x000000008bb00000| Untracked 
| 188|0x000000008bc00000, 0x000000008bc00000, 0x000000008bd00000|  0%| F|  |TAMS 0x000000008bc00000, 0x000000008bc00000| Untracked 
| 189|0x000000008bd00000, 0x000000008bd00000, 0x000000008be00000|  0%| F|  |TAMS 0x000000008bd00000, 0x000000008bd00000| Untracked 
| 190|0x000000008be00000, 0x000000008be00000, 0x000000008bf00000|  0%| F|  |TAMS 0x000000008be00000, 0x000000008be00000| Untracked 
| 191|0x000000008bf00000, 0x000000008bf00000, 0x000000008c000000|  0%| F|  |TAMS 0x000000008bf00000, 0x000000008bf00000| Untracked 
| 192|0x000000008c000000, 0x000000008c000000, 0x000000008c100000|  0%| F|  |TAMS 0x000000008c000000, 0x000000008c000000| Untracked 
| 193|0x000000008c100000, 0x000000008c100000, 0x000000008c200000|  0%| F|  |TAMS 0x000000008c100000, 0x000000008c100000| Untracked 
| 194|0x000000008c200000, 0x000000008c200000, 0x000000008c300000|  0%| F|  |TAMS 0x000000008c200000, 0x000000008c200000| Untracked 
| 195|0x000000008c300000, 0x000000008c300000, 0x000000008c400000|  0%| F|  |TAMS 0x000000008c300000, 0x000000008c300000| Untracked 
| 196|0x000000008c400000, 0x000000008c400000, 0x000000008c500000|  0%| F|  |TAMS 0x000000008c400000, 0x000000008c400000| Untracked 
| 197|0x000000008c500000, 0x000000008c500000, 0x000000008c600000|  0%| F|  |TAMS 0x000000008c500000, 0x000000008c500000| Untracked 
| 198|0x000000008c600000, 0x000000008c600000, 0x000000008c700000|  0%| F|  |TAMS 0x000000008c600000, 0x000000008c600000| Untracked 
| 199|0x000000008c700000, 0x000000008c700000, 0x000000008c800000|  0%| F|  |TAMS 0x000000008c700000, 0x000000008c700000| Untracked 
| 200|0x000000008c800000, 0x000000008c800000, 0x000000008c900000|  0%| F|  |TAMS 0x000000008c800000, 0x000000008c800000| Untracked 
| 201|0x000000008c900000, 0x000000008c900000, 0x000000008ca00000|  0%| F|  |TAMS 0x000000008c900000, 0x000000008c900000| Untracked 
| 202|0x000000008ca00000, 0x000000008ca00000, 0x000000008cb00000|  0%| F|  |TAMS 0x000000008ca00000, 0x000000008ca00000| Untracked 
| 203|0x000000008cb00000, 0x000000008cb00000, 0x000000008cc00000|  0%| F|  |TAMS 0x000000008cb00000, 0x000000008cb00000| Untracked 
| 204|0x000000008cc00000, 0x000000008cc00000, 0x000000008cd00000|  0%| F|  |TAMS 0x000000008cc00000, 0x000000008cc00000| Untracked 
| 205|0x000000008cd00000, 0x000000008cd00000, 0x000000008ce00000|  0%| F|  |TAMS 0x000000008cd00000, 0x000000008cd00000| Untracked 
| 206|0x000000008ce00000, 0x000000008ce00000, 0x000000008cf00000|  0%| F|  |TAMS 0x000000008ce00000, 0x000000008ce00000| Untracked 
| 207|0x000000008cf00000, 0x000000008cf00000, 0x000000008d000000|  0%| F|  |TAMS 0x000000008cf00000, 0x000000008cf00000| Untracked 
| 208|0x000000008d000000, 0x000000008d000000, 0x000000008d100000|  0%| F|  |TAMS 0x000000008d000000, 0x000000008d000000| Untracked 
| 209|0x000000008d100000, 0x000000008d100000, 0x000000008d200000|  0%| F|  |TAMS 0x000000008d100000, 0x000000008d100000| Untracked 
| 210|0x000000008d200000, 0x000000008d200000, 0x000000008d300000|  0%| F|  |TAMS 0x000000008d200000, 0x000000008d200000| Untracked 
| 211|0x000000008d300000, 0x000000008d300000, 0x000000008d400000|  0%| F|  |TAMS 0x000000008d300000, 0x000000008d300000| Untracked 
| 212|0x000000008d400000, 0x000000008d400000, 0x000000008d500000|  0%| F|  |TAMS 0x000000008d400000, 0x000000008d400000| Untracked 
| 213|0x000000008d500000, 0x000000008d500000, 0x000000008d600000|  0%| F|  |TAMS 0x000000008d500000, 0x000000008d500000| Untracked 
| 214|0x000000008d600000, 0x000000008d600000, 0x000000008d700000|  0%| F|  |TAMS 0x000000008d600000, 0x000000008d600000| Untracked 
| 215|0x000000008d700000, 0x000000008d700000, 0x000000008d800000|  0%| F|  |TAMS 0x000000008d700000, 0x000000008d700000| Untracked 
| 216|0x000000008d800000, 0x000000008d800000, 0x000000008d900000|  0%| F|  |TAMS 0x000000008d800000, 0x000000008d800000| Untracked 
| 217|0x000000008d900000, 0x000000008d900000, 0x000000008da00000|  0%| F|  |TAMS 0x000000008d900000, 0x000000008d900000| Untracked 
| 218|0x000000008da00000, 0x000000008da00000, 0x000000008db00000|  0%| F|  |TAMS 0x000000008da00000, 0x000000008da00000| Untracked 
| 219|0x000000008db00000, 0x000000008db00000, 0x000000008dc00000|  0%| F|  |TAMS 0x000000008db00000, 0x000000008db00000| Untracked 
| 220|0x000000008dc00000, 0x000000008dc00000, 0x000000008dd00000|  0%| F|  |TAMS 0x000000008dc00000, 0x000000008dc00000| Untracked 
| 221|0x000000008dd00000, 0x000000008dd00000, 0x000000008de00000|  0%| F|  |TAMS 0x000000008dd00000, 0x000000008dd00000| Untracked 
| 222|0x000000008de00000, 0x000000008de00000, 0x000000008df00000|  0%| F|  |TAMS 0x000000008de00000, 0x000000008de00000| Untracked 
| 223|0x000000008df00000, 0x000000008df00000, 0x000000008e000000|  0%| F|  |TAMS 0x000000008df00000, 0x000000008df00000| Untracked 
| 224|0x000000008e000000, 0x000000008e000000, 0x000000008e100000|  0%| F|  |TAMS 0x000000008e000000, 0x000000008e000000| Untracked 
| 225|0x000000008e100000, 0x000000008e100000, 0x000000008e200000|  0%| F|  |TAMS 0x000000008e100000, 0x000000008e100000| Untracked 
| 226|0x000000008e200000, 0x000000008e200000, 0x000000008e300000|  0%| F|  |TAMS 0x000000008e200000, 0x000000008e200000| Untracked 
| 227|0x000000008e300000, 0x000000008e300000, 0x000000008e400000|  0%| F|  |TAMS 0x000000008e300000, 0x000000008e300000| Untracked 
| 228|0x000000008e400000, 0x000000008e400000, 0x000000008e500000|  0%| F|  |TAMS 0x000000008e400000, 0x000000008e400000| Untracked 
| 229|0x000000008e500000, 0x000000008e500000, 0x000000008e600000|  0%| F|  |TAMS 0x000000008e500000, 0x000000008e500000| Untracked 
| 230|0x000000008e600000, 0x000000008e600000, 0x000000008e700000|  0%| F|  |TAMS 0x000000008e600000, 0x000000008e600000| Untracked 
| 231|0x000000008e700000, 0x000000008e700000, 0x000000008e800000|  0%| F|  |TAMS 0x000000008e700000, 0x000000008e700000| Untracked 
| 232|0x000000008e800000, 0x000000008e800000, 0x000000008e900000|  0%| F|  |TAMS 0x000000008e800000, 0x000000008e800000| Untracked 
| 233|0x000000008e900000, 0x000000008e900000, 0x000000008ea00000|  0%| F|  |TAMS 0x000000008e900000, 0x000000008e900000| Untracked 
| 234|0x000000008ea00000, 0x000000008ea00000, 0x000000008eb00000|  0%| F|  |TAMS 0x000000008ea00000, 0x000000008ea00000| Untracked 
| 235|0x000000008eb00000, 0x000000008eb00000, 0x000000008ec00000|  0%| F|  |TAMS 0x000000008eb00000, 0x000000008eb00000| Untracked 
| 236|0x000000008ec00000, 0x000000008ec00000, 0x000000008ed00000|  0%| F|  |TAMS 0x000000008ec00000, 0x000000008ec00000| Untracked 
| 237|0x000000008ed00000, 0x000000008ed00000, 0x000000008ee00000|  0%| F|  |TAMS 0x000000008ed00000, 0x000000008ed00000| Untracked 
| 238|0x000000008ee00000, 0x000000008ee00000, 0x000000008ef00000|  0%| F|  |TAMS 0x000000008ee00000, 0x000000008ee00000| Untracked 
| 239|0x000000008ef00000, 0x000000008ef00000, 0x000000008f000000|  0%| F|  |TAMS 0x000000008ef00000, 0x000000008ef00000| Untracked 
| 240|0x000000008f000000, 0x000000008f000000, 0x000000008f100000|  0%| F|  |TAMS 0x000000008f000000, 0x000000008f000000| Untracked 
| 241|0x000000008f100000, 0x000000008f100000, 0x000000008f200000|  0%| F|  |TAMS 0x000000008f100000, 0x000000008f100000| Untracked 
| 242|0x000000008f200000, 0x000000008f200000, 0x000000008f300000|  0%| F|  |TAMS 0x000000008f200000, 0x000000008f200000| Untracked 
| 243|0x000000008f300000, 0x000000008f300000, 0x000000008f400000|  0%| F|  |TAMS 0x000000008f300000, 0x000000008f300000| Untracked 
| 244|0x000000008f400000, 0x000000008f400000, 0x000000008f500000|  0%| F|  |TAMS 0x000000008f400000, 0x000000008f400000| Untracked 
| 245|0x000000008f500000, 0x000000008f500000, 0x000000008f600000|  0%| F|  |TAMS 0x000000008f500000, 0x000000008f500000| Untracked 
| 246|0x000000008f600000, 0x000000008f600000, 0x000000008f700000|  0%| F|  |TAMS 0x000000008f600000, 0x000000008f600000| Untracked 
| 247|0x000000008f700000, 0x000000008f700000, 0x000000008f800000|  0%| F|  |TAMS 0x000000008f700000, 0x000000008f700000| Untracked 
| 248|0x000000008f800000, 0x000000008f800000, 0x000000008f900000|  0%| F|  |TAMS 0x000000008f800000, 0x000000008f800000| Untracked 
| 249|0x000000008f900000, 0x000000008f900000, 0x000000008fa00000|  0%| F|  |TAMS 0x000000008f900000, 0x000000008f900000| Untracked 
| 250|0x000000008fa00000, 0x000000008fa00000, 0x000000008fb00000|  0%| F|  |TAMS 0x000000008fa00000, 0x000000008fa00000| Untracked 
| 251|0x000000008fb00000, 0x000000008fb00000, 0x000000008fc00000|  0%| F|  |TAMS 0x000000008fb00000, 0x000000008fb00000| Untracked 
| 252|0x000000008fc00000, 0x000000008fc00000, 0x000000008fd00000|  0%| F|  |TAMS 0x000000008fc00000, 0x000000008fc00000| Untracked 
| 253|0x000000008fd00000, 0x000000008fd00000, 0x000000008fe00000|  0%| F|  |TAMS 0x000000008fd00000, 0x000000008fd00000| Untracked 
| 254|0x000000008fe00000, 0x000000008fe00000, 0x000000008ff00000|  0%| F|  |TAMS 0x000000008fe00000, 0x000000008fe00000| Untracked 
| 255|0x000000008ff00000, 0x000000008ff00000, 0x0000000090000000|  0%| F|  |TAMS 0x000000008ff00000, 0x000000008ff00000| Untracked 
| 256|0x0000000090000000, 0x0000000090000000, 0x0000000090100000|  0%| F|  |TAMS 0x0000000090000000, 0x0000000090000000| Untracked 
| 257|0x0000000090100000, 0x0000000090100000, 0x0000000090200000|  0%| F|  |TAMS 0x0000000090100000, 0x0000000090100000| Untracked 
| 258|0x0000000090200000, 0x0000000090200000, 0x0000000090300000|  0%| F|  |TAMS 0x0000000090200000, 0x0000000090200000| Untracked 
| 259|0x0000000090300000, 0x0000000090300000, 0x0000000090400000|  0%| F|  |TAMS 0x0000000090300000, 0x0000000090300000| Untracked 
| 260|0x0000000090400000, 0x0000000090400000, 0x0000000090500000|  0%| F|  |TAMS 0x0000000090400000, 0x0000000090400000| Untracked 
| 261|0x0000000090500000, 0x0000000090500000, 0x0000000090600000|  0%| F|  |TAMS 0x0000000090500000, 0x0000000090500000| Untracked 
| 262|0x0000000090600000, 0x0000000090600000, 0x0000000090700000|  0%| F|  |TAMS 0x0000000090600000, 0x0000000090600000| Untracked 
| 263|0x0000000090700000, 0x0000000090700000, 0x0000000090800000|  0%| F|  |TAMS 0x0000000090700000, 0x0000000090700000| Untracked 
| 264|0x0000000090800000, 0x00000000908a3830, 0x0000000090900000|100%| E|  |TAMS 0x0000000090800000, 0x0000000090800000| Complete 
| 265|0x0000000090900000, 0x0000000090a00000, 0x0000000090a00000|100%| E|CS|TAMS 0x0000000090900000, 0x0000000090900000| Complete 
| 266|0x0000000090a00000, 0x0000000090b00000, 0x0000000090b00000|100%| E|CS|TAMS 0x0000000090a00000, 0x0000000090a00000| Complete 
| 267|0x0000000090b00000, 0x0000000090c00000, 0x0000000090c00000|100%| E|CS|TAMS 0x0000000090b00000, 0x0000000090b00000| Complete 
| 268|0x0000000090c00000, 0x0000000090d00000, 0x0000000090d00000|100%| E|CS|TAMS 0x0000000090c00000, 0x0000000090c00000| Complete 
| 269|0x0000000090d00000, 0x0000000090e00000, 0x0000000090e00000|100%| E|CS|TAMS 0x0000000090d00000, 0x0000000090d00000| Complete 
| 270|0x0000000090e00000, 0x0000000090f00000, 0x0000000090f00000|100%| E|CS|TAMS 0x0000000090e00000, 0x0000000090e00000| Complete 
| 271|0x0000000090f00000, 0x0000000091000000, 0x0000000091000000|100%| E|CS|TAMS 0x0000000090f00000, 0x0000000090f00000| Complete 
| 272|0x0000000091000000, 0x0000000091100000, 0x0000000091100000|100%| E|CS|TAMS 0x0000000091000000, 0x0000000091000000| Complete 
| 273|0x0000000091100000, 0x0000000091200000, 0x0000000091200000|100%| E|CS|TAMS 0x0000000091100000, 0x0000000091100000| Complete 
| 274|0x0000000091200000, 0x0000000091300000, 0x0000000091300000|100%| E|CS|TAMS 0x0000000091200000, 0x0000000091200000| Complete 
| 275|0x0000000091300000, 0x0000000091400000, 0x0000000091400000|100%| E|CS|TAMS 0x0000000091300000, 0x0000000091300000| Complete 
| 276|0x0000000091400000, 0x0000000091500000, 0x0000000091500000|100%| E|CS|TAMS 0x0000000091400000, 0x0000000091400000| Complete 
| 277|0x0000000091500000, 0x0000000091600000, 0x0000000091600000|100%| E|CS|TAMS 0x0000000091500000, 0x0000000091500000| Complete 
| 278|0x0000000091600000, 0x0000000091700000, 0x0000000091700000|100%| E|CS|TAMS 0x0000000091600000, 0x0000000091600000| Complete 
| 279|0x0000000091700000, 0x0000000091800000, 0x0000000091800000|100%| E|CS|TAMS 0x0000000091700000, 0x0000000091700000| Complete 
| 280|0x0000000091800000, 0x0000000091900000, 0x0000000091900000|100%| E|CS|TAMS 0x0000000091800000, 0x0000000091800000| Complete 
| 281|0x0000000091900000, 0x0000000091a00000, 0x0000000091a00000|100%| E|CS|TAMS 0x0000000091900000, 0x0000000091900000| Complete 
| 282|0x0000000091a00000, 0x0000000091b00000, 0x0000000091b00000|100%| E|CS|TAMS 0x0000000091a00000, 0x0000000091a00000| Complete 
| 283|0x0000000091b00000, 0x0000000091c00000, 0x0000000091c00000|100%| E|CS|TAMS 0x0000000091b00000, 0x0000000091b00000| Complete 
| 284|0x0000000091c00000, 0x0000000091d00000, 0x0000000091d00000|100%| E|CS|TAMS 0x0000000091c00000, 0x0000000091c00000| Complete 
| 285|0x0000000091d00000, 0x0000000091e00000, 0x0000000091e00000|100%| E|CS|TAMS 0x0000000091d00000, 0x0000000091d00000| Complete 
| 286|0x0000000091e00000, 0x0000000091f00000, 0x0000000091f00000|100%| E|CS|TAMS 0x0000000091e00000, 0x0000000091e00000| Complete 
| 287|0x0000000091f00000, 0x0000000092000000, 0x0000000092000000|100%| E|CS|TAMS 0x0000000091f00000, 0x0000000091f00000| Complete 
| 288|0x0000000092000000, 0x0000000092100000, 0x0000000092100000|100%| E|CS|TAMS 0x0000000092000000, 0x0000000092000000| Complete 
| 289|0x0000000092100000, 0x0000000092200000, 0x0000000092200000|100%| E|CS|TAMS 0x0000000092100000, 0x0000000092100000| Complete 
| 290|0x0000000092200000, 0x0000000092300000, 0x0000000092300000|100%| E|CS|TAMS 0x0000000092200000, 0x0000000092200000| Complete 
| 291|0x0000000092300000, 0x0000000092400000, 0x0000000092400000|100%| E|CS|TAMS 0x0000000092300000, 0x0000000092300000| Complete 
| 292|0x0000000092400000, 0x0000000092500000, 0x0000000092500000|100%| E|CS|TAMS 0x0000000092400000, 0x0000000092400000| Complete 
| 293|0x0000000092500000, 0x0000000092600000, 0x0000000092600000|100%| E|CS|TAMS 0x0000000092500000, 0x0000000092500000| Complete 
| 294|0x0000000092600000, 0x0000000092700000, 0x0000000092700000|100%| E|CS|TAMS 0x0000000092600000, 0x0000000092600000| Complete 
| 295|0x0000000092700000, 0x0000000092800000, 0x0000000092800000|100%| E|CS|TAMS 0x0000000092700000, 0x0000000092700000| Complete 
| 296|0x0000000092800000, 0x0000000092900000, 0x0000000092900000|100%| E|CS|TAMS 0x0000000092800000, 0x0000000092800000| Complete 
| 297|0x0000000092900000, 0x0000000092a00000, 0x0000000092a00000|100%| E|CS|TAMS 0x0000000092900000, 0x0000000092900000| Complete 
| 298|0x0000000092a00000, 0x0000000092b00000, 0x0000000092b00000|100%| E|CS|TAMS 0x0000000092a00000, 0x0000000092a00000| Complete 
| 299|0x0000000092b00000, 0x0000000092c00000, 0x0000000092c00000|100%| E|CS|TAMS 0x0000000092b00000, 0x0000000092b00000| Complete 
| 300|0x0000000092c00000, 0x0000000092d00000, 0x0000000092d00000|100%| E|CS|TAMS 0x0000000092c00000, 0x0000000092c00000| Complete 
| 301|0x0000000092d00000, 0x0000000092e00000, 0x0000000092e00000|100%| E|CS|TAMS 0x0000000092d00000, 0x0000000092d00000| Complete 
| 302|0x0000000092e00000, 0x0000000092f00000, 0x0000000092f00000|100%| E|CS|TAMS 0x0000000092e00000, 0x0000000092e00000| Complete 
| 303|0x0000000092f00000, 0x0000000093000000, 0x0000000093000000|100%| E|CS|TAMS 0x0000000092f00000, 0x0000000092f00000| Complete 
| 304|0x0000000093000000, 0x0000000093100000, 0x0000000093100000|100%| E|CS|TAMS 0x0000000093000000, 0x0000000093000000| Complete 
| 305|0x0000000093100000, 0x0000000093200000, 0x0000000093200000|100%| E|CS|TAMS 0x0000000093100000, 0x0000000093100000| Complete 
| 306|0x0000000093200000, 0x0000000093300000, 0x0000000093300000|100%| E|CS|TAMS 0x0000000093200000, 0x0000000093200000| Complete 
| 307|0x0000000093300000, 0x0000000093400000, 0x0000000093400000|100%| E|CS|TAMS 0x0000000093300000, 0x0000000093300000| Complete 
| 308|0x0000000093400000, 0x0000000093500000, 0x0000000093500000|100%| E|CS|TAMS 0x0000000093400000, 0x0000000093400000| Complete 
| 309|0x0000000093500000, 0x0000000093600000, 0x0000000093600000|100%| E|CS|TAMS 0x0000000093500000, 0x0000000093500000| Complete 
| 310|0x0000000093600000, 0x0000000093700000, 0x0000000093700000|100%| E|CS|TAMS 0x0000000093600000, 0x0000000093600000| Complete 
| 311|0x0000000093700000, 0x0000000093800000, 0x0000000093800000|100%| E|CS|TAMS 0x0000000093700000, 0x0000000093700000| Complete 
| 312|0x0000000093800000, 0x0000000093900000, 0x0000000093900000|100%| E|CS|TAMS 0x0000000093800000, 0x0000000093800000| Complete 
| 313|0x0000000093900000, 0x0000000093a00000, 0x0000000093a00000|100%| E|CS|TAMS 0x0000000093900000, 0x0000000093900000| Complete 
| 314|0x0000000093a00000, 0x0000000093b00000, 0x0000000093b00000|100%| E|CS|TAMS 0x0000000093a00000, 0x0000000093a00000| Complete 
| 315|0x0000000093b00000, 0x0000000093c00000, 0x0000000093c00000|100%| E|CS|TAMS 0x0000000093b00000, 0x0000000093b00000| Complete 
| 316|0x0000000093c00000, 0x0000000093d00000, 0x0000000093d00000|100%| E|CS|TAMS 0x0000000093c00000, 0x0000000093c00000| Complete 
| 317|0x0000000093d00000, 0x0000000093e00000, 0x0000000093e00000|100%| E|CS|TAMS 0x0000000093d00000, 0x0000000093d00000| Complete 
| 318|0x0000000093e00000, 0x0000000093f00000, 0x0000000093f00000|100%| E|CS|TAMS 0x0000000093e00000, 0x0000000093e00000| Complete 
| 319|0x0000000093f00000, 0x0000000094000000, 0x0000000094000000|100%| E|CS|TAMS 0x0000000093f00000, 0x0000000093f00000| Complete 
| 320|0x0000000094000000, 0x0000000094100000, 0x0000000094100000|100%| E|CS|TAMS 0x0000000094000000, 0x0000000094000000| Complete 
| 321|0x0000000094100000, 0x0000000094200000, 0x0000000094200000|100%| E|CS|TAMS 0x0000000094100000, 0x0000000094100000| Complete 
| 322|0x0000000094200000, 0x0000000094300000, 0x0000000094300000|100%| E|CS|TAMS 0x0000000094200000, 0x0000000094200000| Complete 
| 323|0x0000000094300000, 0x0000000094400000, 0x0000000094400000|100%| E|CS|TAMS 0x0000000094300000, 0x0000000094300000| Complete 
| 324|0x0000000094400000, 0x0000000094500000, 0x0000000094500000|100%| E|CS|TAMS 0x0000000094400000, 0x0000000094400000| Complete 
| 325|0x0000000094500000, 0x0000000094600000, 0x0000000094600000|100%| E|CS|TAMS 0x0000000094500000, 0x0000000094500000| Complete 
| 326|0x0000000094600000, 0x0000000094700000, 0x0000000094700000|100%| E|CS|TAMS 0x0000000094600000, 0x0000000094600000| Complete 
| 327|0x0000000094700000, 0x0000000094800000, 0x0000000094800000|100%| E|CS|TAMS 0x0000000094700000, 0x0000000094700000| Complete 
| 328|0x0000000094800000, 0x0000000094900000, 0x0000000094900000|100%| E|CS|TAMS 0x0000000094800000, 0x0000000094800000| Complete 
| 329|0x0000000094900000, 0x0000000094a00000, 0x0000000094a00000|100%| E|CS|TAMS 0x0000000094900000, 0x0000000094900000| Complete 
| 330|0x0000000094a00000, 0x0000000094b00000, 0x0000000094b00000|100%| E|CS|TAMS 0x0000000094a00000, 0x0000000094a00000| Complete 
| 331|0x0000000094b00000, 0x0000000094c00000, 0x0000000094c00000|100%| E|CS|TAMS 0x0000000094b00000, 0x0000000094b00000| Complete 

Card table byte_map: [0x000001d5d7c60000,0x000001d5d8060000] _byte_map_base: 0x000001d5d7860000

Marking Bits (Prev, Next): (CMBitMap*) 0x000001d5c2b3eba8, (CMBitMap*) 0x000001d5c2b3ebe0
 Prev Bits: [0x000001d5d8460000, 0x000001d5da460000)
 Next Bits: [0x000001d5da460000, 0x000001d5dc460000)

Polling page: 0x000001d5c2bd0000

Metaspace:

Usage:
  Non-class:     81.03 MB capacity,    79.37 MB ( 98%) used,     1.36 MB (  2%) free+waste,   304.44 KB ( <1%) overhead. 
      Class:     12.94 MB capacity,    11.93 MB ( 92%) used,   896.34 KB (  7%) free+waste,   137.44 KB (  1%) overhead. 
       Both:     93.97 MB capacity,    91.30 MB ( 97%) used,     2.24 MB (  2%) free+waste,   441.88 KB ( <1%) overhead. 

Virtual space:
  Non-class space:       82.00 MB reserved,      81.25 MB (>99%) committed 
      Class space:        1.00 GB reserved,      13.20 MB (  1%) committed 
             Both:        1.08 GB reserved,      94.45 MB (  9%) committed 

Chunk freelists:
   Non-Class:  32.00 KB
       Class:  159.00 KB
        Both:  191.00 KB

MaxMetaspaceSize: 17179869184.00 GB
CompressedClassSpaceSize: 1.00 GB

CodeHeap 'non-profiled nmethods': size=120000Kb used=7249Kb max_used=7249Kb free=112750Kb
 bounds [0x000001d5cf8c0000, 0x000001d5cffe0000, 0x000001d5d6df0000]
CodeHeap 'profiled nmethods': size=120000Kb used=29757Kb max_used=29757Kb free=90242Kb
 bounds [0x000001d5c8390000, 0x000001d5ca0a0000, 0x000001d5cf8c0000]
CodeHeap 'non-nmethods': size=5760Kb used=2295Kb max_used=2355Kb free=3464Kb
 bounds [0x000001d5c7df0000, 0x000001d5c8060000, 0x000001d5c8390000]
 total_blobs=14468 nmethods=13568 adapters=810
 compilation: enabled
              stopped_count=0, restarted_count=0
 full_count=0

Compilation events (20 events):
Event: 17.141 Thread 0x000001d5df83c800 13934       2       org.gradle.cache.internal.btree.ByteOutput::start (42 bytes)
Event: 17.142 Thread 0x000001d5df83c800 nmethod 13934 0x000001d5ca07db90 code [0x000001d5ca07dda0, 0x000001d5ca07e4a8]
Event: 17.142 Thread 0x000001d5df83c800 13935       2       org.gradle.cache.internal.btree.ByteOutput$ResettableBufferedOutputStream::clear (6 bytes)
Event: 17.142 Thread 0x000001d5df83c800 nmethod 13935 0x000001d5ca07e710 code [0x000001d5ca07e8c0, 0x000001d5ca07e9b8]
Event: 17.142 Thread 0x000001d5df83c800 13936       2       com.google.common.io.CountingOutputStream::<init> (12 bytes)
Event: 17.142 Thread 0x000001d5df83c800 nmethod 13936 0x000001d5ca07ea90 code [0x000001d5ca07ec60, 0x000001d5ca07ef28]
Event: 17.142 Thread 0x000001d5df83c800 13937       2       org.gradle.cache.internal.btree.ByteOutput::getBytesWritten (8 bytes)
Event: 17.142 Thread 0x000001d5df83c800 nmethod 13937 0x000001d5ca07f090 code [0x000001d5ca07f240, 0x000001d5ca07f338]
Event: 17.150 Thread 0x000001d5df83c800 13939       1       com.android.tools.r8.ir.optimize.info.b::A (2 bytes)
Event: 17.150 Thread 0x000001d5df83c800 nmethod 13939 0x000001d5cffd3d90 code [0x000001d5cffd3f40, 0x000001d5cffd3ff8]
Event: 17.163 Thread 0x000001d5df83c800 13941       3       com.android.tools.r8.internal.Q3::a (29 bytes)
Event: 17.164 Thread 0x000001d5df83c800 nmethod 13941 0x000001d5ca07f410 code [0x000001d5ca07f6a0, 0x000001d5ca0801e8]
Event: 17.169 Thread 0x000001d5df83c800 13942       2       com.android.tools.r8.internal.I4::a (56 bytes)
Event: 17.170 Thread 0x000001d5df83c800 nmethod 13942 0x000001d5ca080690 code [0x000001d5ca0808a0, 0x000001d5ca080da8]
Event: 17.171 Thread 0x000001d5df83c800 13943       2       com.android.tools.r8.internal.I4::a (33 bytes)
Event: 17.172 Thread 0x000001d5df83c800 nmethod 13943 0x000001d5ca081110 code [0x000001d5ca081380, 0x000001d5ca081c08]
Event: 17.172 Thread 0x000001d5df83c800 13944       2       com.android.tools.r8.internal.Le::b (95 bytes)
Event: 17.173 Thread 0x000001d5df83c800 nmethod 13944 0x000001d5ca082090 code [0x000001d5ca0822a0, 0x000001d5ca082598]
Event: 17.173 Thread 0x000001d5df83c800 13945       2       com.android.tools.r8.internal.Ms::<init> (12 bytes)
Event: 17.173 Thread 0x000001d5df83c800 nmethod 13945 0x000001d5ca082790 code [0x000001d5ca082940, 0x000001d5ca082aa8]

GC Heap History (20 events):
Event: 14.506 GC heap before
{Heap before GC invocations=23 (full 0):
 garbage-first heap   total 227328K, used 172383K [0x0000000080000000, 0x0000000100000000)
  region size 1024K, 66 young (67584K), 7 survivors (7168K)
 Metaspace       used 91128K, capacity 93981K, committed 94284K, reserved 1130496K
  class space    used 12109K, capacity 13237K, committed 13388K, reserved 1048576K
}
Event: 14.518 GC heap after
{Heap after GC invocations=24 (full 0):
 garbage-first heap   total 227328K, used 113577K [0x0000000080000000, 0x0000000100000000)
  region size 1024K, 2 young (2048K), 2 survivors (2048K)
 Metaspace       used 91128K, capacity 93981K, committed 94284K, reserved 1130496K
  class space    used 12109K, capacity 13237K, committed 13388K, reserved 1048576K
}
Event: 14.764 GC heap before
{Heap before GC invocations=24 (full 0):
 garbage-first heap   total 227328K, used 175017K [0x0000000080000000, 0x0000000100000000)
  region size 1024K, 63 young (64512K), 2 survivors (2048K)
 Metaspace       used 91173K, capacity 94064K, committed 94284K, reserved 1130496K
  class space    used 12122K, capacity 13244K, committed 13388K, reserved 1048576K
}
Event: 14.771 GC heap after
{Heap after GC invocations=25 (full 0):
 garbage-first heap   total 227328K, used 113853K [0x0000000080000000, 0x0000000100000000)
  region size 1024K, 3 young (3072K), 3 survivors (3072K)
 Metaspace       used 91173K, capacity 94064K, committed 94284K, reserved 1130496K
  class space    used 12122K, capacity 13244K, committed 13388K, reserved 1048576K
}
Event: 15.111 GC heap before
{Heap before GC invocations=26 (full 0):
 garbage-first heap   total 227328K, used 178365K [0x0000000080000000, 0x0000000100000000)
  region size 1024K, 66 young (67584K), 3 survivors (3072K)
 Metaspace       used 91287K, capacity 93978K, committed 94796K, reserved 1130496K
  class space    used 12060K, capacity 13090K, committed 13388K, reserved 1048576K
}
Event: 15.117 GC heap after
{Heap after GC invocations=27 (full 0):
 garbage-first heap   total 227328K, used 113925K [0x0000000080000000, 0x0000000100000000)
  region size 1024K, 3 young (3072K), 3 survivors (3072K)
 Metaspace       used 91287K, capacity 93978K, committed 94796K, reserved 1130496K
  class space    used 12060K, capacity 13090K, committed 13388K, reserved 1048576K
}
Event: 15.427 GC heap before
{Heap before GC invocations=27 (full 0):
 garbage-first heap   total 227328K, used 180485K [0x0000000080000000, 0x0000000100000000)
  region size 1024K, 68 young (69632K), 3 survivors (3072K)
 Metaspace       used 91913K, capacity 94647K, committed 95180K, reserved 1130496K
  class space    used 12138K, capacity 13204K, committed 13516K, reserved 1048576K
}
Event: 15.433 GC heap after
{Heap after GC invocations=28 (full 0):
 garbage-first heap   total 227328K, used 114675K [0x0000000080000000, 0x0000000100000000)
  region size 1024K, 3 young (3072K), 3 survivors (3072K)
 Metaspace       used 91913K, capacity 94647K, committed 95180K, reserved 1130496K
  class space    used 12138K, capacity 13204K, committed 13516K, reserved 1048576K
}
Event: 15.824 GC heap before
{Heap before GC invocations=29 (full 0):
 garbage-first heap   total 227328K, used 183283K [0x0000000080000000, 0x0000000100000000)
  region size 1024K, 70 young (71680K), 3 survivors (3072K)
 Metaspace       used 92639K, capacity 95384K, committed 95948K, reserved 1132544K
  class space    used 12178K, capacity 13226K, committed 13516K, reserved 1048576K
}
Event: 15.832 GC heap after
{Heap after GC invocations=30 (full 0):
 garbage-first heap   total 227328K, used 114382K [0x0000000080000000, 0x0000000100000000)
  region size 1024K, 3 young (3072K), 3 survivors (3072K)
 Metaspace       used 92639K, capacity 95384K, committed 95948K, reserved 1132544K
  class space    used 12178K, capacity 13226K, committed 13516K, reserved 1048576K
}
Event: 16.008 GC heap before
{Heap before GC invocations=30 (full 0):
 garbage-first heap   total 227328K, used 185038K [0x0000000080000000, 0x0000000100000000)
  region size 1024K, 72 young (73728K), 3 survivors (3072K)
 Metaspace       used 92953K, capacity 95690K, committed 96204K, reserved 1132544K
  class space    used 12210K, capacity 13241K, committed 13516K, reserved 1048576K
}
Event: 16.022 GC heap after
{Heap after GC invocations=31 (full 0):
 garbage-first heap   total 273408K, used 115770K [0x0000000080000000, 0x0000000100000000)
  region size 1024K, 5 young (5120K), 5 survivors (5120K)
 Metaspace       used 92953K, capacity 95690K, committed 96204K, reserved 1132544K
  class space    used 12210K, capacity 13241K, committed 13516K, reserved 1048576K
}
Event: 16.365 GC heap before
{Heap before GC invocations=31 (full 0):
 garbage-first heap   total 273408K, used 208954K [0x0000000080000000, 0x0000000100000000)
  region size 1024K, 97 young (99328K), 5 survivors (5120K)
 Metaspace       used 93138K, capacity 95833K, committed 96204K, reserved 1132544K
  class space    used 12210K, capacity 13241K, committed 13516K, reserved 1048576K
}
Event: 16.379 GC heap after
{Heap after GC invocations=32 (full 0):
 garbage-first heap   total 273408K, used 118454K [0x0000000080000000, 0x0000000100000000)
  region size 1024K, 7 young (7168K), 7 survivors (7168K)
 Metaspace       used 93138K, capacity 95833K, committed 96204K, reserved 1132544K
  class space    used 12210K, capacity 13241K, committed 13516K, reserved 1048576K
}
Event: 16.630 GC heap before
{Heap before GC invocations=33 (full 0):
 garbage-first heap   total 273408K, used 225974K [0x0000000080000000, 0x0000000100000000)
  region size 1024K, 112 young (114688K), 7 survivors (7168K)
 Metaspace       used 93205K, capacity 95984K, committed 96460K, reserved 1132544K
  class space    used 12212K, capacity 13244K, committed 13516K, reserved 1048576K
}
Event: 16.642 GC heap after
{Heap after GC invocations=34 (full 0):
 garbage-first heap   total 273408K, used 121246K [0x0000000080000000, 0x0000000100000000)
  region size 1024K, 10 young (10240K), 10 survivors (10240K)
 Metaspace       used 93205K, capacity 95984K, committed 96460K, reserved 1132544K
  class space    used 12212K, capacity 13244K, committed 13516K, reserved 1048576K
}
Event: 16.817 GC heap before
{Heap before GC invocations=34 (full 0):
 garbage-first heap   total 273408K, used 226718K [0x0000000080000000, 0x0000000100000000)
  region size 1024K, 113 young (115712K), 10 survivors (10240K)
 Metaspace       used 93267K, capacity 95987K, committed 96460K, reserved 1132544K
  class space    used 12212K, capacity 13244K, committed 13516K, reserved 1048576K
}
Event: 16.829 GC heap after
{Heap after GC invocations=35 (full 0):
 garbage-first heap   total 273408K, used 125035K [0x0000000080000000, 0x0000000100000000)
  region size 1024K, 12 young (12288K), 12 survivors (12288K)
 Metaspace       used 93267K, capacity 95987K, committed 96460K, reserved 1132544K
  class space    used 12212K, capacity 13244K, committed 13516K, reserved 1048576K
}
Event: 17.046 GC heap before
{Heap before GC invocations=35 (full 0):
 garbage-first heap   total 273408K, used 227435K [0x0000000080000000, 0x0000000100000000)
  region size 1024K, 113 young (115712K), 12 survivors (12288K)
 Metaspace       used 93401K, capacity 96140K, committed 96460K, reserved 1132544K
  class space    used 12212K, capacity 13244K, committed 13516K, reserved 1048576K
}
Event: 17.064 GC heap after
{Heap after GC invocations=36 (full 0):
 garbage-first heap   total 339968K, used 126623K [0x0000000080000000, 0x0000000100000000)
  region size 1024K, 10 young (10240K), 10 survivors (10240K)
 Metaspace       used 93401K, capacity 96140K, committed 96460K, reserved 1132544K
  class space    used 12212K, capacity 13244K, committed 13516K, reserved 1048576K
}

Deoptimization events (20 events):
Event: 17.006 Thread 0x000001d5e4803800 DEOPT PACKING pc=0x000001d5cff5fd4c sp=0x000000a3ef1f9270
Event: 17.006 Thread 0x000001d5e4803800 DEOPT UNPACKING pc=0x000001d5c7e178af sp=0x000000a3ef1f9130 mode 2
Event: 17.007 Thread 0x000001d5e4803800 Uncommon trap: trap_request=0xffffffbe fr.pc=0x000001d5cff5fc38 relative=0x0000000000000ab8
Event: 17.009 Thread 0x000001d5e4803800 Uncommon trap: reason=profile_predicate action=maybe_recompile pc=0x000001d5cff5fc38 method=com.android.tools.r8.internal.h8.a(Ljava/util/Iterator;Ljava/util/Iterator;Lcom/android/tools/r8/internal/BE$a;)I @ 5 c2
Event: 17.009 Thread 0x000001d5e4803800 DEOPT PACKING pc=0x000001d5cff5fc38 sp=0x000000a3ef1f9290
Event: 17.009 Thread 0x000001d5e4803800 DEOPT UNPACKING pc=0x000001d5c7e178af sp=0x000000a3ef1f91e8 mode 2
Event: 17.009 Thread 0x000001d5e4803800 Uncommon trap: trap_request=0xffffffde fr.pc=0x000001d5cff5fd4c relative=0x0000000000000bcc
Event: 17.009 Thread 0x000001d5e4803800 Uncommon trap: reason=class_check action=maybe_recompile pc=0x000001d5cff5fd4c method=com.android.tools.r8.internal.DE$$Lambda$1499/0x0000000100c59840.a(Ljava/lang/Object;Ljava/lang/Object;Lcom/android/tools/r8/internal/e8;)I @ 1 c2
Event: 17.009 Thread 0x000001d5e4803800 DEOPT PACKING pc=0x000001d5cff5fd4c sp=0x000000a3ef1f9270
Event: 17.009 Thread 0x000001d5e4803800 DEOPT UNPACKING pc=0x000001d5c7e178af sp=0x000000a3ef1f9130 mode 2
Event: 17.009 Thread 0x000001d5e4803800 Uncommon trap: trap_request=0xffffffbe fr.pc=0x000001d5cff5fc38 relative=0x0000000000000ab8
Event: 17.009 Thread 0x000001d5e4803800 Uncommon trap: reason=profile_predicate action=maybe_recompile pc=0x000001d5cff5fc38 method=com.android.tools.r8.internal.h8.a(Ljava/util/Iterator;Ljava/util/Iterator;Lcom/android/tools/r8/internal/BE$a;)I @ 5 c2
Event: 17.009 Thread 0x000001d5e4803800 DEOPT PACKING pc=0x000001d5cff5fc38 sp=0x000000a3ef1f9290
Event: 17.009 Thread 0x000001d5e4803800 DEOPT UNPACKING pc=0x000001d5c7e178af sp=0x000000a3ef1f91e8 mode 2
Event: 17.015 Thread 0x000001d5e4803800 Uncommon trap: trap_request=0xffffff4d fr.pc=0x000001d5cfeee050 relative=0x0000000000000290
Event: 17.015 Thread 0x000001d5e4803800 Uncommon trap: reason=unstable_if action=reinterpret pc=0x000001d5cfeee050 method=com.android.tools.r8.graph.c0.a(Lcom/android/tools/r8/graph/c0;)I @ 39 c2
Event: 17.015 Thread 0x000001d5e4803800 DEOPT PACKING pc=0x000001d5cfeee050 sp=0x000000a3ef1f91d0
Event: 17.015 Thread 0x000001d5e4803800 DEOPT UNPACKING pc=0x000001d5c7e178af sp=0x000000a3ef1f9088 mode 2
Event: 17.163 Thread 0x000001d5e0ac0800 DEOPT PACKING pc=0x000001d5c9fb2145 sp=0x000000a3ef5f9570
Event: 17.163 Thread 0x000001d5e0ac0800 DEOPT UNPACKING pc=0x000001d5c7e176ce sp=0x000000a3ef5f8a88 mode 0

Classes redefined (0 events):
No events

Internal exceptions (20 events):
Event: 13.607 Thread 0x000001d5e0ac4800 Exception <a 'java/lang/NoSuchMethodError'{0x000000008cbb1440}: 'java.lang.Object java.lang.invoke.DirectMethodHandle$Holder.invokeVirtual(java.lang.Object, java.lang.Object, int, java.lang.Object)'> (0x000000008cbb1440) thrown at [./src/hotspot/share/interpreter/linkResolver.cpp, line 773]
Event: 13.614 Thread 0x000001d5e0ac0800 Exception <a 'java/lang/IncompatibleClassChangeError'{0x000000008ca0b0f0}: Found class java.lang.Object, but interface was expected> (0x000000008ca0b0f0) thrown at [./src/hotspot/share/interpreter/linkResolver.cpp, line 839]
Event: 13.616 Thread 0x000001d5e0ac0800 Exception <a 'java/lang/IncompatibleClassChangeError'{0x000000008ca15a48}: Found class java.lang.Object, but interface was expected> (0x000000008ca15a48) thrown at [./src/hotspot/share/interpreter/linkResolver.cpp, line 839]
Event: 13.641 Thread 0x000001d5e0ac4800 Exception <a 'java/lang/NoSuchMethodError'{0x000000008c5b7258}: 'void java.lang.invoke.DirectMethodHandle$Holder.invokeVirtual(java.lang.Object, java.lang.Object, int, java.lang.Object)'> (0x000000008c5b7258) thrown at [./src/hotspot/share/interpreter/linkResolver.cpp, line 773]
Event: 13.786 Thread 0x000001d5e0ac0800 Exception <a 'java/lang/NoSuchMethodError'{0x000000008ba5b878}: 'java.lang.Object java.lang.invoke.DirectMethodHandle$Holder.newInvokeSpecial(java.lang.Object, int)'> (0x000000008ba5b878) thrown at [./src/hotspot/share/interpreter/linkResolver.cpp, line 773]
Event: 13.786 Thread 0x000001d5e4803800 Exception <a 'java/lang/NoSuchMethodError'{0x000000008bbf6798}: 'java.lang.Object java.lang.invoke.DirectMethodHandle$Holder.newInvokeSpecial(java.lang.Object, int)'> (0x000000008bbf6798) thrown at [./src/hotspot/share/interpreter/linkResolver.cpp, line 773]
Event: 13.786 Thread 0x000001d5e0ac7000 Exception <a 'java/lang/NoSuchMethodError'{0x000000008bb67e38}: 'java.lang.Object java.lang.invoke.DirectMethodHandle$Holder.newInvokeSpecial(java.lang.Object, int)'> (0x000000008bb67e38) thrown at [./src/hotspot/share/interpreter/linkResolver.cpp, line 773]
Event: 13.792 Thread 0x000001d5e0ac3800 Exception <a 'java/lang/NoSuchMethodError'{0x000000008bdf2038}: 'java.lang.Object java.lang.invoke.DirectMethodHandle$Holder.newInvokeSpecial(java.lang.Object, int)'> (0x000000008bdf2038) thrown at [./src/hotspot/share/interpreter/linkResolver.cpp, line 773]
Event: 13.958 Thread 0x000001d5e0ac6000 Exception <a 'java/lang/NoSuchMethodError'{0x000000008ad733f0}: 'java.lang.Object java.lang.invoke.DirectMethodHandle$Holder.invokeInterface(java.lang.Object, java.lang.Object, int)'> (0x000000008ad733f0) thrown at [./src/hotspot/share/interpreter/linkResolver.cpp, line 773]
Event: 15.067 Thread 0x000001d5e0ac6000 Exception <a 'java/lang/NoSuchMethodError'{0x000000008a9c4600}: 'int java.lang.invoke.DirectMethodHandle$Holder.invokeInterface(java.lang.Object, java.lang.Object, int)'> (0x000000008a9c4600) thrown at [./src/hotspot/share/interpreter/linkResolver.cpp, line 773]
Event: 15.101 Thread 0x000001d5e0ac4800 Exception <a 'java/lang/NoSuchMethodError'{0x000000008a2c2fc8}: 'void java.lang.invoke.DirectMethodHandle$Holder.invokeSpecial(java.lang.Object, java.lang.Object, int, java.lang.Object, java.lang.Object, java.lang.Object, java.lang.Object)'> (0x000000008a2c2fc8) thrown at [./src/hotspot/share/interpreter/linkResolver.cpp, line 773]
Event: 15.102 Thread 0x000001d5e0ac4800 Exception <a 'java/lang/NoSuchMethodError'{0x000000008a2cebc8}: 'java.lang.Object java.lang.invoke.Invokers$Holder.linkToTargetMethod(java.lang.Object, int, java.lang.Object, java.lang.Object, java.lang.Object, java.lang.Object)'> (0x000000008a2cebc8) thrown at [./src/hotspot/share/interpreter/linkResolver.cpp, line 773]
Event: 15.102 Thread 0x000001d5e0ac4800 Exception <a 'java/lang/NoSuchMethodError'{0x000000008a2d3078}: 'void java.lang.invoke.DirectMethodHandle$Holder.invokeSpecial(java.lang.Object, java.lang.Object, java.lang.Object, java.lang.Object, java.lang.Object, java.lang.Object, java.lang.Object, java.lang.Object, java.lang.Object)'> (0x000000008a2d3078) thrown at [./src/hotspot/share/interpreter/linkResolver.cpp, line 773]
Event: 15.106 Thread 0x000001d5e0ac4800 Exception <a 'java/lang/NoSuchMethodError'{0x000000008a019040}: 'void java.lang.invoke.DirectMethodHandle$Holder.invokeStatic(java.lang.Object, java.lang.Object, java.lang.Object, java.lang.Object, java.lang.Object, java.lang.Object, java.lang.Object, java.lang.Object)'> (0x000000008a019040) thrown at [./src/hotspot/share/interpreter/linkResolver.cpp, line 773]
Event: 15.272 Thread 0x000001d5e0ac4800 Exception <a 'java/lang/IncompatibleClassChangeError'{0x000000008b7e22e0}: Found class java.lang.Object, but interface was expected> (0x000000008b7e22e0) thrown at [./src/hotspot/share/interpreter/linkResolver.cpp, line 839]
Event: 15.756 Thread 0x000001d5e0ac4800 Exception <a 'java/lang/NoSuchMethodError'{0x000000008af7c0f8}: 'void java.lang.invoke.DirectMethodHandle$Holder.invokeVirtual(java.lang.Object, java.lang.Object, int)'> (0x000000008af7c0f8) thrown at [./src/hotspot/share/interpreter/linkResolver.cpp, line 773]
Event: 15.806 Thread 0x000001d5e0ac4800 Exception <a 'sun/nio/fs/WindowsException'{0x000000008a47fda0}> (0x000000008a47fda0) thrown at [./src/hotspot/share/prims/jni.cpp, line 615]
Event: 15.875 Thread 0x000001d5e0ac4800 Exception <a 'java/lang/NoSuchMethodError'{0x000000008ca4fe00}: 'void java.lang.invoke.DirectMethodHandle$Holder.invokeStatic(java.lang.Object, java.lang.Object, java.lang.Object, java.lang.Object, java.lang.Object, java.lang.Object, java.lang.Object)'> (0x000000008ca4fe00) thrown at [./src/hotspot/share/interpreter/linkResolver.cpp, line 773]
Event: 16.356 Thread 0x000001d5e0ac4800 Exception <a 'sun/nio/fs/WindowsException'{0x000000008b1815e8}> (0x000000008b1815e8) thrown at [./src/hotspot/share/prims/jni.cpp, line 615]
Event: 17.122 Thread 0x000001d5e4803800 Exception <a 'sun/nio/fs/WindowsException'{0x00000000938f04c8}> (0x00000000938f04c8) thrown at [./src/hotspot/share/prims/jni.cpp, line 615]

Events (20 events):
Event: 17.064 Executing VM operation: G1CollectForAllocation done
Event: 17.127 Loaded shared library C:\Program Files\Android\Android Studio\jre\bin\zip.dll
Event: 17.161 loading class com/android/tools/r8/internal/cj
Event: 17.161 loading class com/android/tools/r8/internal/cj done
Event: 17.161 loading class com/android/tools/r8/internal/cj
Event: 17.161 loading class com/android/tools/r8/internal/cj done
Event: 17.162 loading class com/android/tools/r8/internal/gu
Event: 17.162 loading class com/android/tools/r8/internal/gu done
Event: 17.162 loading class com/android/tools/r8/internal/gu
Event: 17.162 loading class com/android/tools/r8/internal/gu done
Event: 17.162 loading class com/android/tools/r8/internal/gu
Event: 17.162 loading class com/android/tools/r8/internal/gu done
Event: 17.163 loading class com/android/tools/r8/internal/gu
Event: 17.163 loading class com/android/tools/r8/internal/gu done
Event: 17.163 loading class com/android/tools/r8/internal/Me
Event: 17.163 loading class com/android/tools/r8/internal/Me done
Event: 17.163 loading class com/android/tools/r8/internal/gu
Event: 17.163 loading class com/android/tools/r8/internal/gu done
Event: 17.163 loading class com/android/tools/r8/internal/Te
Event: 17.163 loading class com/android/tools/r8/internal/Te done


Dynamic libraries:
0x00007ff77c400000 - 0x00007ff77c40a000 	C:\Program Files\Android\Android Studio\jre\bin\java.exe
0x00007ffcc8940000 - 0x00007ffcc8b47000 	C:\Windows\SYSTEM32\ntdll.dll
0x00007ffcc71a0000 - 0x00007ffcc725d000 	C:\Windows\System32\KERNEL32.DLL
0x00007ffcc6330000 - 0x00007ffcc66a4000 	C:\Windows\System32\KERNELBASE.dll
0x00007ffcc33d0000 - 0x00007ffcc3461000 	C:\Windows\SYSTEM32\apphelp.dll
0x00007ffcc66b0000 - 0x00007ffcc67c1000 	C:\Windows\System32\ucrtbase.dll
0x00007ffcbd5e0000 - 0x00007ffcbd5f9000 	C:\Program Files\Android\Android Studio\jre\bin\jli.dll
0x00007ffcbd5c0000 - 0x00007ffcbd5d7000 	C:\Program Files\Android\Android Studio\jre\bin\VCRUNTIME140.dll
0x00007ffcc7d10000 - 0x00007ffcc7ebc000 	C:\Windows\System32\USER32.dll
0x00007ffca8770000 - 0x00007ffca8a15000 	C:\Windows\WinSxS\amd64_microsoft.windows.common-controls_6595b64144ccf1df_6.0.22000.120_none_9d947278b86cc467\COMCTL32.dll
0x00007ffcc6300000 - 0x00007ffcc6326000 	C:\Windows\System32\win32u.dll
0x00007ffcc7020000 - 0x00007ffcc7049000 	C:\Windows\System32\GDI32.dll
0x00007ffcc7540000 - 0x00007ffcc75e3000 	C:\Windows\System32\msvcrt.dll
0x00007ffcc6120000 - 0x00007ffcc6232000 	C:\Windows\System32\gdi32full.dll
0x00007ffcc5f90000 - 0x00007ffcc602d000 	C:\Windows\System32\msvcp_win.dll
0x00007ffcc7260000 - 0x00007ffcc7291000 	C:\Windows\System32\IMM32.DLL
0x00007ffca7b30000 - 0x00007ffca7bcd000 	C:\Program Files\Android\Android Studio\jre\bin\msvcp140.dll
0x00007ffc80200000 - 0x00007ffc80ccf000 	C:\Program Files\Android\Android Studio\jre\bin\server\jvm.dll
0x00007ffcc67d0000 - 0x00007ffcc687c000 	C:\Windows\System32\ADVAPI32.dll
0x00007ffcc6de0000 - 0x00007ffcc6e7d000 	C:\Windows\System32\sechost.dll
0x00007ffcc8720000 - 0x00007ffcc8841000 	C:\Windows\System32\RPCRT4.dll
0x00007ffcc7530000 - 0x00007ffcc7538000 	C:\Windows\System32\PSAPI.DLL
0x00007ffcc02c0000 - 0x00007ffcc02c9000 	C:\Windows\SYSTEM32\WSOCK32.dll
0x00007ffcbe0e0000 - 0x00007ffcbe113000 	C:\Windows\SYSTEM32\WINMM.dll
0x00007ffcc7ca0000 - 0x00007ffcc7d0f000 	C:\Windows\System32\WS2_32.dll
0x00007ffcbc560000 - 0x00007ffcbc56a000 	C:\Windows\SYSTEM32\VERSION.dll
0x00007ffcc4ff0000 - 0x00007ffcc5008000 	C:\Windows\SYSTEM32\kernel.appcore.dll
0x00007ffcb9e80000 - 0x00007ffcb9e91000 	C:\Program Files\Android\Android Studio\jre\bin\verify.dll
0x00007ffcbf790000 - 0x00007ffcbf9b1000 	C:\Windows\SYSTEM32\DBGHELP.DLL
0x00007ffcabf10000 - 0x00007ffcabf41000 	C:\Windows\SYSTEM32\dbgcore.DLL
0x00007ffcc6030000 - 0x00007ffcc60b0000 	C:\Windows\System32\bcryptPrimitives.dll
0x00007ffcb3d60000 - 0x00007ffcb3d89000 	C:\Program Files\Android\Android Studio\jre\bin\java.dll
0x00007ffcc02b0000 - 0x00007ffcc02bb000 	C:\Program Files\Android\Android Studio\jre\bin\jimage.dll
0x00007ffcb4700000 - 0x00007ffcb4718000 	C:\Program Files\Android\Android Studio\jre\bin\zip.dll
0x00007ffcc7f50000 - 0x00007ffcc86f9000 	C:\Windows\System32\SHELL32.dll
0x00007ffcc3fd0000 - 0x00007ffcc4832000 	C:\Windows\SYSTEM32\windows.storage.dll
0x00007ffcc6970000 - 0x00007ffcc6ce8000 	C:\Windows\System32\combase.dll
0x00007ffcc3e60000 - 0x00007ffcc3fc6000 	C:\Windows\SYSTEM32\wintypes.dll
0x00007ffcc70b0000 - 0x00007ffcc719a000 	C:\Windows\System32\SHCORE.dll
0x00007ffcc6880000 - 0x00007ffcc68dd000 	C:\Windows\System32\shlwapi.dll
0x00007ffcc5d50000 - 0x00007ffcc5d71000 	C:\Windows\SYSTEM32\profapi.dll
0x00007ffcac4c0000 - 0x00007ffcac4da000 	C:\Program Files\Android\Android Studio\jre\bin\net.dll
0x00007ffcc07c0000 - 0x00007ffcc08cc000 	C:\Windows\SYSTEM32\WINHTTP.dll
0x00007ffcc5450000 - 0x00007ffcc54b7000 	C:\Windows\system32\mswsock.dll
0x00007ffcac250000 - 0x00007ffcac264000 	C:\Program Files\Android\Android Studio\jre\bin\nio.dll
0x00007ffca62f0000 - 0x00007ffca6317000 	C:\Users\hsibin\.gradle\native\8bec1ad78214c89d9ad589b4d07fe93259594b29d510b10fafb7a158f7737e5d\windows-amd64\native-platform.dll
0x00007ffc8a7d0000 - 0x00007ffc8a90d000 	C:\Users\hsibin\.gradle\native\53dbd7edfb1c66fb8903c78663c9afc45aea4f116125fa6feffd364cf09443e8\windows-amd64\native-platform-file-events.dll
0x00007ffcc0290000 - 0x00007ffcc029a000 	C:\Program Files\Android\Android Studio\jre\bin\management.dll
0x00007ffcbd490000 - 0x00007ffcbd49c000 	C:\Program Files\Android\Android Studio\jre\bin\management_ext.dll
0x00007ffcc5690000 - 0x00007ffcc56a8000 	C:\Windows\SYSTEM32\CRYPTSP.dll
0x00007ffcc4f20000 - 0x00007ffcc4f55000 	C:\Windows\system32\rsaenh.dll
0x00007ffcc5540000 - 0x00007ffcc5569000 	C:\Windows\SYSTEM32\USERENV.dll
0x00007ffcc5810000 - 0x00007ffcc5837000 	C:\Windows\SYSTEM32\bcrypt.dll
0x00007ffcc56b0000 - 0x00007ffcc56bc000 	C:\Windows\SYSTEM32\CRYPTBASE.dll
0x00007ffcc4a80000 - 0x00007ffcc4aad000 	C:\Windows\SYSTEM32\IPHLPAPI.DLL
0x00007ffcc68e0000 - 0x00007ffcc68e9000 	C:\Windows\System32\NSI.dll
0x00007ffcc0680000 - 0x00007ffcc0699000 	C:\Windows\SYSTEM32\dhcpcsvc6.DLL
0x00007ffcc0a10000 - 0x00007ffcc0a2e000 	C:\Windows\SYSTEM32\dhcpcsvc.DLL
0x00007ffcc4ab0000 - 0x00007ffcc4b97000 	C:\Windows\SYSTEM32\DNSAPI.dll

dbghelp: loaded successfully - version: 4.0.5 - missing functions: none
symbol engine: initialized successfully - sym options: 0x614 - pdb path: .;C:\Program Files\Android\Android Studio\jre\bin;C:\Windows\SYSTEM32;C:\Windows\WinSxS\amd64_microsoft.windows.common-controls_6595b64144ccf1df_6.0.22000.120_none_9d947278b86cc467;C:\Program Files\Android\Android Studio\jre\bin\server;C:\Users\hsibin\.gradle\native\8bec1ad78214c89d9ad589b4d07fe93259594b29d510b10fafb7a158f7737e5d\windows-amd64;C:\Users\hsibin\.gradle\native\53dbd7edfb1c66fb8903c78663c9afc45aea4f116125fa6feffd364cf09443e8\windows-amd64

VM Arguments:
jvm_args: --add-opens=java.base/java.util=ALL-UNNAMED --add-opens=java.base/java.lang=ALL-UNNAMED --add-opens=java.base/java.lang.invoke=ALL-UNNAMED --add-opens=java.base/java.util=ALL-UNNAMED --add-opens=java.prefs/java.util.prefs=ALL-UNNAMED --add-opens=java.prefs/java.util.prefs=ALL-UNNAMED --add-opens=java.base/java.nio.charset=ALL-UNNAMED --add-opens=java.base/java.net=ALL-UNNAMED --add-opens=java.base/java.util.concurrent.atomic=ALL-UNNAMED -Xmx2048m -Dfile.encoding=UTF-8 -Duser.country=CN -Duser.language=zh -Duser.variant 
java_command: org.gradle.launcher.daemon.bootstrap.GradleDaemon 7.0.2
java_class_path (initial): C:\Users\hsibin\.gradle\wrapper\dists\gradle-7.0.2-bin\857tjihv64xamwrf0h14cai3r\gradle-7.0.2\lib\gradle-launcher-7.0.2.jar
Launcher Type: SUN_STANDARD

[Global flags]
     intx CICompilerCount                          = 4                                         {product} {ergonomic}
     uint ConcGCThreads                            = 2                                         {product} {ergonomic}
     uint G1ConcRefinementThreads                  = 8                                         {product} {ergonomic}
   size_t G1HeapRegionSize                         = 1048576                                   {product} {ergonomic}
    uintx GCDrainStackTargetSize                   = 64                                        {product} {ergonomic}
   size_t InitialHeapSize                          = 134217728                                 {product} {ergonomic}
   size_t MarkStackSize                            = 4194304                                   {product} {ergonomic}
   size_t MaxHeapSize                              = 2147483648                                {product} {command line}
   size_t MaxNewSize                               = 1287651328                                {product} {ergonomic}
   size_t MinHeapDeltaBytes                        = 1048576                                   {product} {ergonomic}
    uintx NonNMethodCodeHeapSize                   = 5836300                                {pd product} {ergonomic}
    uintx NonProfiledCodeHeapSize                  = 122910970                              {pd product} {ergonomic}
    uintx ProfiledCodeHeapSize                     = 122910970                              {pd product} {ergonomic}
    uintx ReservedCodeCacheSize                    = 251658240                              {pd product} {ergonomic}
     bool SegmentedCodeCache                       = true                                      {product} {ergonomic}
     bool UseCompressedClassPointers               = true                                 {lp64_product} {ergonomic}
     bool UseCompressedOops                        = true                                 {lp64_product} {ergonomic}
     bool UseG1GC                                  = true                                      {product} {ergonomic}
     bool UseLargePagesIndividualAllocation        = false                                  {pd product} {ergonomic}

Logging:
Log output configuration:
 #0: stdout all=warning uptime,level,tags
 #1: stderr all=off uptime,level,tags

Environment Variables:
PATH=C:\Program Files (x86)\Common Files\Oracle\Java\javapath;C:\Windows\system32;C:\Windows;C:\Windows\System32\Wbem;C:\Windows\System32\WindowsPowerShell\v1.0\;C:\Windows\System32\OpenSSH\;C:\Program Files\Git\cmd;C:\Users\hsibin\AppData\Local\Microsoft\WindowsApps;;C:\Program Files\JetBrains\IntelliJ IDEA 2021.2.2\bin;;C:\Program Files\JetBrains\WebStorm 2021.2.2\bin;
USERNAME=hsibin
OS=Windows_NT
PROCESSOR_IDENTIFIER=Intel64 Family 6 Model 142 Stepping 10, GenuineIntel



---------------  S Y S T E M  ---------------

OS: Windows 10 , 64 bit Build 22000 (10.0.22000.120)
OS uptime: 0 days 5:35 hours

CPU:total 8 (initial active 8) (4 cores per cpu, 2 threads per core) family 6 model 142 stepping 10 microcode 0xe8, cmov, cx8, fxsr, mmx, sse, sse2, sse3, ssse3, sse4.1, sse4.2, popcnt, avx, avx2, aes, clmul, erms, 3dnowpref, lzcnt, ht, tsc, tscinvbit, bmi1, bmi2, adx, fma

Memory: 4k page, system-wide physical 8109M (363M free)
TotalPageFile size 12205M (AvailPageFile size 5M)
current process WorkingSet (physical memory assigned to process): 672M, peak: 672M
current process commit charge ("private bytes"): 742M, peak: 743M

vm_info: OpenJDK 64-Bit Server VM (11.0.10+0-b96-7249189) for windows-amd64 JRE (11.0.10+0-b96-7249189), built on Mar 31 2021 21:44:00 by "builder" with MS VC++ 14.0 (VS2015)

END.
