#
# There is insufficient memory for the Java Runtime Environment to continue.
# Native memory allocation (malloc) failed to allocate 1889456 bytes for Chunk::new
# Possible reasons:
#   The system is out of physical RAM or swap space
#   The process is running with CompressedOops enabled, and the Java Heap may be blocking the growth of the native heap
# Possible solutions:
#   Reduce memory load on the system
#   Increase physical memory or swap space
#   Check if swap backing store is full
#   Decrease Java heap size (-Xmx/-Xms)
#   Decrease number of Java threads
#   Decrease Java thread stack sizes (-Xss)
#   Set larger code cache with -XX:ReservedCodeCacheSize=
#   JVM is running with Unscaled Compressed Oops mode in which the Java heap is
#     placed in the first 4GB address space. The Java Heap base address is the
#     maximum limit for the native heap growth. Please use -XX:HeapBaseMinAddress
#     to set the Java Heap base and to place the Java Heap above 4GB virtual address.
# This output file may be truncated or incomplete.
#
#  Out of Memory Error (./src/hotspot/share/memory/arena.cpp:197), pid=9904, tid=11776
#
# JRE version: OpenJDK Runtime Environment (11.0.10) (build 11.0.10+0-b96-7249189)
# Java VM: OpenJDK 64-Bit Server VM (11.0.10+0-b96-7249189, mixed mode, tiered, compressed oops, g1 gc, windows-amd64)
# No core dump will be written. Minidumps are not enabled by default on client versions of Windows
#

---------------  S U M M A R Y ------------

Command Line: --add-opens=java.base/java.util=ALL-UNNAMED --add-opens=java.base/java.lang=ALL-UNNAMED --add-opens=java.base/java.lang.invoke=ALL-UNNAMED --add-opens=java.base/java.util=ALL-UNNAMED --add-opens=java.prefs/java.util.prefs=ALL-UNNAMED --add-opens=java.prefs/java.util.prefs=ALL-UNNAMED --add-opens=java.base/java.nio.charset=ALL-UNNAMED --add-opens=java.base/java.net=ALL-UNNAMED --add-opens=java.base/java.util.concurrent.atomic=ALL-UNNAMED -Xmx2048m -Dfile.encoding=UTF-8 -Duser.country=CN -Duser.language=zh -Duser.variant org.gradle.launcher.daemon.bootstrap.GradleDaemon 7.0.2

Host: Intel(R) Core(TM) i5-8250U CPU @ 1.60GHz, 8 cores, 7G,  Windows 10 , 64 bit Build 22000 (10.0.22000.120)
Time: Sat Oct 16 19:41:48 2021 中国标准时间 elapsed time: 14.962545 seconds (0d 0h 0m 14s)

---------------  T H R E A D  ---------------

Current thread (0x0000020af5e90800):  JavaThread "C2 CompilerThread0" daemon [_thread_in_native, id=11776, stack(0x000000537e500000,0x000000537e600000)]


Current CompileTask:
C2:  14962 11846       4       com.android.tools.r8.internal.Lv::a (455 bytes)

Stack: [0x000000537e500000,0x000000537e600000]
Native frames: (J=compiled Java code, j=interpreted, Vv=VM code, C=native code)
V  [jvm.dll+0x5ecfaa]
V  [jvm.dll+0x722bd5]
V  [jvm.dll+0x72412d]
V  [jvm.dll+0x7247e3]
V  [jvm.dll+0x242928]
V  [jvm.dll+0xbc4fc]
V  [jvm.dll+0xbca0c]
V  [jvm.dll+0x352d7d]
V  [jvm.dll+0x320ad3]
V  [jvm.dll+0x31ffca]
V  [jvm.dll+0x1fb602]
V  [jvm.dll+0x1fa7f4]
V  [jvm.dll+0x18354c]
V  [jvm.dll+0x208ee7]
V  [jvm.dll+0x207731]
V  [jvm.dll+0x6eb1cf]
V  [jvm.dll+0x6e3d45]
V  [jvm.dll+0x5ebe96]
C  [ucrtbase.dll+0x26c0c]
C  [KERNEL32.DLL+0x154e0]
C  [ntdll.dll+0x485b]


---------------  P R O C E S S  ---------------

Threads class SMR info:
_java_thread_list=0x0000020afd1578d0, length=60, elements={
0x0000020ad914c800, 0x0000020af55a6800, 0x0000020af55af800, 0x0000020af55cd800,
0x0000020af5e8c800, 0x0000020af5e8d800, 0x0000020af5e90800, 0x0000020af5e95800,
0x0000020af5e97000, 0x0000020af601b800, 0x0000020af7912000, 0x0000020af60e8000,
0x0000020af83b9000, 0x0000020af808d800, 0x0000020af813e000, 0x0000020af7d9b800,
0x0000020af83f5800, 0x0000020af856a000, 0x0000020af8175800, 0x0000020af75a1800,
0x0000020af8123000, 0x0000020af8125800, 0x0000020af8121800, 0x0000020af8122000,
0x0000020af8127000, 0x0000020af8126000, 0x0000020af8123800, 0x0000020af8128000,
0x0000020af8124800, 0x0000020afa1ca800, 0x0000020afa1cc000, 0x0000020afa1cd000,
0x0000020afa1c9800, 0x0000020afa1cf800, 0x0000020afa1d1000, 0x0000020afa1d2000,
0x0000020afa1d3800, 0x0000020afa1d2800, 0x0000020afa1cd800, 0x0000020afa1d4000,
0x0000020afa1ce800, 0x0000020afa1d8800, 0x0000020afa1d5000, 0x0000020afa1d7800,
0x0000020afa1d6000, 0x0000020afa1d6800, 0x0000020af6549000, 0x0000020af6545800,
0x0000020af6544000, 0x0000020af6543000, 0x0000020af6546800, 0x0000020af6549800,
0x0000020af6548000, 0x0000020af654a800, 0x0000020af6544800, 0x0000020af654c000,
0x0000020af6550000, 0x0000020af6551000, 0x0000020af654f800, 0x0000020af654b800
}

Java Threads: ( => current thread )
  0x0000020ad914c800 JavaThread "main" [_thread_blocked, id=5948, stack(0x000000537d900000,0x000000537da00000)]
  0x0000020af55a6800 JavaThread "Reference Handler" daemon [_thread_blocked, id=10552, stack(0x000000537e000000,0x000000537e100000)]
  0x0000020af55af800 JavaThread "Finalizer" daemon [_thread_blocked, id=9504, stack(0x000000537e100000,0x000000537e200000)]
  0x0000020af55cd800 JavaThread "Signal Dispatcher" daemon [_thread_blocked, id=12092, stack(0x000000537e200000,0x000000537e300000)]
  0x0000020af5e8c800 JavaThread "Attach Listener" daemon [_thread_blocked, id=6944, stack(0x000000537e300000,0x000000537e400000)]
  0x0000020af5e8d800 JavaThread "Service Thread" daemon [_thread_blocked, id=12912, stack(0x000000537e400000,0x000000537e500000)]
=>0x0000020af5e90800 JavaThread "C2 CompilerThread0" daemon [_thread_in_native, id=11776, stack(0x000000537e500000,0x000000537e600000)]
  0x0000020af5e95800 JavaThread "C1 CompilerThread0" daemon [_thread_in_vm, id=1816, stack(0x000000537e600000,0x000000537e700000)]
  0x0000020af5e97000 JavaThread "Sweeper thread" daemon [_thread_blocked, id=6364, stack(0x000000537e700000,0x000000537e800000)]
  0x0000020af601b800 JavaThread "Common-Cleaner" daemon [_thread_blocked, id=4360, stack(0x000000537e800000,0x000000537e900000)]
  0x0000020af7912000 JavaThread "Daemon health stats" [_thread_blocked, id=4104, stack(0x000000537ed00000,0x000000537ee00000)]
  0x0000020af60e8000 JavaThread "Incoming local TCP Connector on port 58934" [_thread_in_native, id=3840, stack(0x000000537ea00000,0x000000537eb00000)]
  0x0000020af83b9000 JavaThread "Daemon periodic checks" [_thread_blocked, id=13212, stack(0x000000537ee00000,0x000000537ef00000)]
  0x0000020af808d800 JavaThread "Daemon" [_thread_blocked, id=8876, stack(0x000000537ef00000,0x000000537f000000)]
  0x0000020af813e000 JavaThread "Handler for socket connection from /127.0.0.1:58934 to /127.0.0.1:58935" [_thread_in_native, id=8372, stack(0x000000537f000000,0x000000537f100000)]
  0x0000020af7d9b800 JavaThread "Cancel handler" [_thread_blocked, id=9940, stack(0x000000537f100000,0x000000537f200000)]
  0x0000020af83f5800 JavaThread "Daemon worker" [_thread_blocked, id=4028, stack(0x000000537f200000,0x000000537f300000)]
  0x0000020af856a000 JavaThread "C2 CompilerThread1" daemon [_thread_in_native, id=11960, stack(0x000000537f300000,0x000000537f400000)]
  0x0000020af8175800 JavaThread "Asynchronous log dispatcher for DefaultDaemonConnection: socket connection from /127.0.0.1:58934 to /127.0.0.1:58935" [_thread_blocked, id=10792, stack(0x000000537f400000,0x000000537f500000)]
  0x0000020af75a1800 JavaThread "Stdin handler" [_thread_blocked, id=756, stack(0x000000537f500000,0x000000537f600000)]
  0x0000020af8123000 JavaThread "Daemon client event forwarder" [_thread_blocked, id=11436, stack(0x000000537f600000,0x000000537f700000)]
  0x0000020af8125800 JavaThread "Cache worker for file hash cache (C:\Users\hsibin\.gradle\caches\7.0.2\fileHashes)" [_thread_blocked, id=13108, stack(0x000000537fc00000,0x000000537fd00000)]
  0x0000020af8121800 JavaThread "File lock request listener" [_thread_in_native, id=11992, stack(0x000000537fd00000,0x000000537fe00000)]
  0x0000020af8122000 JavaThread "Cache worker for journal cache (C:\Users\hsibin\.gradle\caches\journal-1)" [_thread_blocked, id=10468, stack(0x000000537ff00000,0x0000005380000000)]
  0x0000020af8127000 JavaThread "Cache worker for file hash cache (C:\Users\hsibin\AndroidStudioProjects\stage2\.gradle\7.0.2\fileHashes)" [_thread_blocked, id=9668, stack(0x0000005300000000,0x0000005300100000)]
  0x0000020af8126000 JavaThread "File watcher server" daemon [_thread_in_native, id=10988, stack(0x0000005300100000,0x0000005300200000)]
  0x0000020af8123800 JavaThread "File watcher consumer" daemon [_thread_blocked, id=6908, stack(0x0000005300200000,0x0000005300300000)]
  0x0000020af8128000 JavaThread "Cache worker for checksums cache (C:\Users\hsibin\AndroidStudioProjects\stage2\.gradle\checksums)" [_thread_blocked, id=8096, stack(0x0000005300300000,0x0000005300400000)]
  0x0000020af8124800 JavaThread "Cache worker for cache directory md-supplier (C:\Users\hsibin\.gradle\caches\7.0.2\md-supplier)" [_thread_blocked, id=6504, stack(0x0000005300400000,0x0000005300500000)]
  0x0000020afa1ca800 JavaThread "Cache worker for cache directory md-rule (C:\Users\hsibin\.gradle\caches\7.0.2\md-rule)" [_thread_blocked, id=7296, stack(0x0000005300500000,0x0000005300600000)]
  0x0000020afa1cc000 JavaThread "Cache worker for execution history cache (C:\Users\hsibin\.gradle\caches\7.0.2\executionHistory)" [_thread_blocked, id=6508, stack(0x0000005300600000,0x0000005300700000)]
  0x0000020afa1cd000 JavaThread "jar transforms" [_thread_blocked, id=7400, stack(0x0000005300700000,0x0000005300800000)]
  0x0000020afa1c9800 JavaThread "jar transforms Thread 2" [_thread_blocked, id=3292, stack(0x0000005300800000,0x0000005300900000)]
  0x0000020afa1cf800 JavaThread "Cache worker for file content cache (C:\Users\hsibin\.gradle\caches\7.0.2\fileContent)" [_thread_blocked, id=2524, stack(0x0000005300900000,0x0000005300a00000)]
  0x0000020afa1d1000 JavaThread "Cache worker for dependencies-accessors (C:\Users\hsibin\AndroidStudioProjects\stage2\.gradle\7.0.2\dependencies-accessors)" [_thread_blocked, id=11796, stack(0x0000005300a00000,0x0000005300b00000)]
  0x0000020afa1d2000 JavaThread "jar transforms Thread 3" [_thread_blocked, id=4140, stack(0x0000005300b00000,0x0000005300c00000)]
  0x0000020afa1d3800 JavaThread "Cache worker for Build Output Cleanup Cache (C:\Users\hsibin\AndroidStudioProjects\stage2\.gradle\buildOutputCleanup)" [_thread_blocked, id=12416, stack(0x0000005300c00000,0x0000005300d00000)]
  0x0000020afa1d2800 JavaThread "Build operations" [_thread_in_Java, id=3304, stack(0x0000005300d00000,0x0000005300e00000)]
  0x0000020afa1cd800 JavaThread "Build operations Thread 2" [_thread_in_vm, id=6664, stack(0x0000005300e00000,0x0000005300f00000)]
  0x0000020afa1d4000 JavaThread "Build operations Thread 3" [_thread_blocked, id=11664, stack(0x0000005300f00000,0x0000005301000000)]
  0x0000020afa1ce800 JavaThread "Build operations Thread 4" [_thread_in_Java, id=5668, stack(0x0000005301000000,0x0000005301100000)]
  0x0000020afa1d8800 JavaThread "Build operations Thread 5" [_thread_in_Java, id=6496, stack(0x0000005301100000,0x0000005301200000)]
  0x0000020afa1d5000 JavaThread "Build operations Thread 6" [_thread_in_Java, id=5364, stack(0x0000005301200000,0x0000005301300000)]
  0x0000020afa1d7800 JavaThread "Build operations Thread 7" [_thread_in_Java, id=12216, stack(0x0000005301300000,0x0000005301400000)]
  0x0000020afa1d6000 JavaThread "Build operations Thread 8" [_thread_blocked, id=11764, stack(0x0000005301400000,0x0000005301500000)]
  0x0000020afa1d6800 JavaThread "jar transforms Thread 4" [_thread_blocked, id=1676, stack(0x0000005301500000,0x0000005301600000)]
  0x0000020af6549000 JavaThread "jar transforms Thread 5" [_thread_blocked, id=8444, stack(0x0000005301600000,0x0000005301700000)]
  0x0000020af6545800 JavaThread "jar transforms Thread 6" [_thread_blocked, id=12580, stack(0x0000005301700000,0x0000005301800000)]
  0x0000020af6544000 JavaThread "jar transforms Thread 7" [_thread_blocked, id=12464, stack(0x0000005301800000,0x0000005301900000)]
  0x0000020af6543000 JavaThread "jar transforms Thread 8" [_thread_blocked, id=12220, stack(0x0000005301900000,0x0000005301a00000)]
  0x0000020af6546800 JavaThread "Memory manager" [_thread_blocked, id=9068, stack(0x0000005301a00000,0x0000005301b00000)]
  0x0000020af6549800 JavaThread "build event listener" [_thread_blocked, id=12768, stack(0x0000005301b00000,0x0000005301c00000)]
  0x0000020af6548000 JavaThread "Execution worker for ':'" [_thread_blocked, id=1532, stack(0x0000005301c00000,0x0000005301d00000)]
  0x0000020af654a800 JavaThread "Execution worker for ':' Thread 2" [_thread_blocked, id=5956, stack(0x0000005301d00000,0x0000005301e00000)]
  0x0000020af6544800 JavaThread "Execution worker for ':' Thread 3" [_thread_blocked, id=13040, stack(0x0000005301e00000,0x0000005301f00000)]
  0x0000020af654c000 JavaThread "Execution worker for ':' Thread 4" [_thread_blocked, id=10888, stack(0x0000005301f00000,0x0000005302000000)]
  0x0000020af6550000 JavaThread "Execution worker for ':' Thread 5" [_thread_blocked, id=4984, stack(0x0000005302000000,0x0000005302100000)]
  0x0000020af6551000 JavaThread "Execution worker for ':' Thread 6" [_thread_blocked, id=12196, stack(0x0000005302100000,0x0000005302200000)]
  0x0000020af654f800 JavaThread "Execution worker for ':' Thread 7" [_thread_blocked, id=11712, stack(0x0000005302200000,0x0000005302300000)]
  0x0000020af654b800 JavaThread "Cache worker for execution history cache (C:\Users\hsibin\AndroidStudioProjects\stage2\.gradle\7.0.2\executionHistory)" [_thread_blocked, id=6448, stack(0x0000005302300000,0x0000005302400000)]

Other Threads:
  0x0000020af559f800 VMThread "VM Thread" [stack: 0x000000537df00000,0x000000537e000000] [id=2504]
  0x0000020af6046000 WatcherThread [stack: 0x000000537e900000,0x000000537ea00000] [id=12544]
  0x0000020ad9196800 GCTaskThread "GC Thread#0" [stack: 0x000000537da00000,0x000000537db00000] [id=8456]
  0x0000020af6fd8800 GCTaskThread "GC Thread#1" [stack: 0x000000537eb00000,0x000000537ec00000] [id=4412]
  0x0000020af6e83000 GCTaskThread "GC Thread#2" [stack: 0x000000537ec00000,0x000000537ed00000] [id=2772]
  0x0000020af75a2000 GCTaskThread "GC Thread#3" [stack: 0x000000537f700000,0x000000537f800000] [id=8576]
  0x0000020af8382800 GCTaskThread "GC Thread#4" [stack: 0x000000537f800000,0x000000537f900000] [id=11236]
  0x0000020af7dae800 GCTaskThread "GC Thread#5" [stack: 0x000000537f900000,0x000000537fa00000] [id=10184]
  0x0000020af7daf000 GCTaskThread "GC Thread#6" [stack: 0x000000537fa00000,0x000000537fb00000] [id=8960]
  0x0000020af6c4d800 GCTaskThread "GC Thread#7" [stack: 0x000000537fb00000,0x000000537fc00000] [id=8104]
  0x0000020ad91c7800 ConcurrentGCThread "G1 Main Marker" [stack: 0x000000537db00000,0x000000537dc00000] [id=12548]
  0x0000020ad91c9000 ConcurrentGCThread "G1 Conc#0" [stack: 0x000000537dc00000,0x000000537dd00000] [id=5100]
  0x0000020af9e12000 ConcurrentGCThread "G1 Conc#1" [stack: 0x000000537fe00000,0x000000537ff00000] [id=7380]
  0x0000020af53f0800 ConcurrentGCThread "G1 Refine#0" [stack: 0x000000537dd00000,0x000000537de00000] [id=6772]
  0x0000020af53f1800 ConcurrentGCThread "G1 Young RemSet Sampling" [stack: 0x000000537de00000,0x000000537df00000] [id=632]

Threads with active compile tasks:
C2 CompilerThread0  15015 11846       4       com.android.tools.r8.internal.Lv::a (455 bytes)
C1 CompilerThread0  15015 12225 %     3       com.android.tools.r8.internal.UC::b @ 627 (682 bytes)
C2 CompilerThread1  15015 11395 %     4       com.android.tools.r8.internal.T6::a @ 2560 (6044 bytes)

VM state:not at safepoint (normal execution)

VM Mutex/Monitor currently owned by a thread: None

Heap address: 0x0000000080000000, size: 2048 MB, Compressed Oops mode: 32-bit
Narrow klass base: 0x0000000000000000, Narrow klass shift: 3
Compressed class space size: 1073741824 Address: 0x0000000100000000

Heap:
 garbage-first heap   total 273408K, used 147783K [0x0000000080000000, 0x0000000100000000)
  region size 1024K, 41 young (41984K), 4 survivors (4096K)
 Metaspace       used 91731K, capacity 94542K, committed 95872K, reserved 1132544K
  class space    used 12129K, capacity 13198K, committed 13696K, reserved 1048576K
Heap Regions: E=young(eden), S=young(survivor), O=old, HS=humongous(starts), HC=humongous(continues), CS=collection set, F=free, A=archive, TAMS=top-at-mark-start (previous, next)
|   0|0x0000000080000000, 0x0000000080100000, 0x0000000080100000|100%| O|  |TAMS 0x0000000080100000, 0x0000000080000000| Untracked 
|   1|0x0000000080100000, 0x0000000080200000, 0x0000000080200000|100%| O|  |TAMS 0x0000000080200000, 0x0000000080100000| Untracked 
|   2|0x0000000080200000, 0x0000000080300000, 0x0000000080300000|100%| O|  |TAMS 0x0000000080300000, 0x0000000080200000| Untracked 
|   3|0x0000000080300000, 0x0000000080400000, 0x0000000080400000|100%|HS|  |TAMS 0x0000000080400000, 0x0000000080300000| Complete 
|   4|0x0000000080400000, 0x0000000080500000, 0x0000000080500000|100%|HC|  |TAMS 0x0000000080500000, 0x0000000080400000| Complete 
|   5|0x0000000080500000, 0x0000000080600000, 0x0000000080600000|100%|HC|  |TAMS 0x0000000080600000, 0x0000000080500000| Complete 
|   6|0x0000000080600000, 0x0000000080700000, 0x0000000080700000|100%| O|  |TAMS 0x0000000080700000, 0x0000000080600000| Untracked 
|   7|0x0000000080700000, 0x0000000080800000, 0x0000000080800000|100%| O|  |TAMS 0x0000000080800000, 0x0000000080700000| Untracked 
|   8|0x0000000080800000, 0x0000000080900000, 0x0000000080900000|100%| O|  |TAMS 0x0000000080900000, 0x0000000080800000| Untracked 
|   9|0x0000000080900000, 0x0000000080a00000, 0x0000000080a00000|100%| O|  |TAMS 0x0000000080a00000, 0x0000000080900000| Untracked 
|  10|0x0000000080a00000, 0x0000000080b00000, 0x0000000080b00000|100%| O|  |TAMS 0x0000000080b00000, 0x0000000080a00000| Untracked 
|  11|0x0000000080b00000, 0x0000000080c00000, 0x0000000080c00000|100%| O|  |TAMS 0x0000000080c00000, 0x0000000080b00000| Untracked 
|  12|0x0000000080c00000, 0x0000000080d00000, 0x0000000080d00000|100%| O|  |TAMS 0x0000000080d00000, 0x0000000080c00000| Untracked 
|  13|0x0000000080d00000, 0x0000000080e00000, 0x0000000080e00000|100%| O|  |TAMS 0x0000000080e00000, 0x0000000080d00000| Untracked 
|  14|0x0000000080e00000, 0x0000000080f00000, 0x0000000080f00000|100%| O|  |TAMS 0x0000000080f00000, 0x0000000080e00000| Untracked 
|  15|0x0000000080f00000, 0x0000000081000000, 0x0000000081000000|100%| O|  |TAMS 0x0000000081000000, 0x0000000080f00000| Untracked 
|  16|0x0000000081000000, 0x0000000081100000, 0x0000000081100000|100%| O|  |TAMS 0x0000000081100000, 0x0000000081000000| Untracked 
|  17|0x0000000081100000, 0x0000000081200000, 0x0000000081200000|100%| O|  |TAMS 0x0000000081200000, 0x0000000081100000| Untracked 
|  18|0x0000000081200000, 0x0000000081300000, 0x0000000081300000|100%| O|  |TAMS 0x0000000081300000, 0x0000000081200000| Untracked 
|  19|0x0000000081300000, 0x0000000081400000, 0x0000000081400000|100%| O|  |TAMS 0x0000000081400000, 0x0000000081300000| Untracked 
|  20|0x0000000081400000, 0x0000000081500000, 0x0000000081500000|100%| O|  |TAMS 0x0000000081500000, 0x0000000081400000| Untracked 
|  21|0x0000000081500000, 0x0000000081600000, 0x0000000081600000|100%| O|  |TAMS 0x0000000081600000, 0x0000000081500000| Untracked 
|  22|0x0000000081600000, 0x0000000081700000, 0x0000000081700000|100%| O|  |TAMS 0x0000000081700000, 0x0000000081600000| Untracked 
|  23|0x0000000081700000, 0x0000000081800000, 0x0000000081800000|100%| O|  |TAMS 0x0000000081800000, 0x0000000081700000| Untracked 
|  24|0x0000000081800000, 0x0000000081900000, 0x0000000081900000|100%| O|  |TAMS 0x0000000081900000, 0x0000000081800000| Untracked 
|  25|0x0000000081900000, 0x0000000081a00000, 0x0000000081a00000|100%| O|  |TAMS 0x0000000081a00000, 0x0000000081900000| Untracked 
|  26|0x0000000081a00000, 0x0000000081b00000, 0x0000000081b00000|100%| O|  |TAMS 0x0000000081b00000, 0x0000000081a00000| Untracked 
|  27|0x0000000081b00000, 0x0000000081c00000, 0x0000000081c00000|100%|HS|  |TAMS 0x0000000081c00000, 0x0000000081b00000| Complete 
|  28|0x0000000081c00000, 0x0000000081d00000, 0x0000000081d00000|100%|HS|  |TAMS 0x0000000081d00000, 0x0000000081c00000| Complete 
|  29|0x0000000081d00000, 0x0000000081e00000, 0x0000000081e00000|100%|HS|  |TAMS 0x0000000081e00000, 0x0000000081d00000| Complete 
|  30|0x0000000081e00000, 0x0000000081f00000, 0x0000000081f00000|100%|HC|  |TAMS 0x0000000081f00000, 0x0000000081e00000| Complete 
|  31|0x0000000081f00000, 0x0000000082000000, 0x0000000082000000|100%| O|  |TAMS 0x0000000082000000, 0x0000000081f00000| Untracked 
|  32|0x0000000082000000, 0x0000000082100000, 0x0000000082100000|100%| O|  |TAMS 0x0000000082100000, 0x0000000082000000| Untracked 
|  33|0x0000000082100000, 0x0000000082200000, 0x0000000082200000|100%| O|  |TAMS 0x0000000082200000, 0x0000000082100000| Untracked 
|  34|0x0000000082200000, 0x0000000082300000, 0x0000000082300000|100%| O|  |TAMS 0x0000000082300000, 0x0000000082200000| Untracked 
|  35|0x0000000082300000, 0x0000000082400000, 0x0000000082400000|100%| O|  |TAMS 0x0000000082400000, 0x0000000082300000| Untracked 
|  36|0x0000000082400000, 0x0000000082500000, 0x0000000082500000|100%| O|  |TAMS 0x0000000082500000, 0x0000000082400000| Untracked 
|  37|0x0000000082500000, 0x0000000082600000, 0x0000000082600000|100%| O|  |TAMS 0x0000000082600000, 0x0000000082500000| Untracked 
|  38|0x0000000082600000, 0x0000000082700000, 0x0000000082700000|100%| O|  |TAMS 0x0000000082700000, 0x0000000082600000| Untracked 
|  39|0x0000000082700000, 0x0000000082800000, 0x0000000082800000|100%| O|  |TAMS 0x0000000082800000, 0x0000000082700000| Untracked 
|  40|0x0000000082800000, 0x0000000082900000, 0x0000000082900000|100%| O|  |TAMS 0x0000000082900000, 0x0000000082800000| Untracked 
|  41|0x0000000082900000, 0x0000000082a00000, 0x0000000082a00000|100%| O|  |TAMS 0x0000000082a00000, 0x0000000082900000| Untracked 
|  42|0x0000000082a00000, 0x0000000082b00000, 0x0000000082b00000|100%| O|  |TAMS 0x0000000082b00000, 0x0000000082a00000| Untracked 
|  43|0x0000000082b00000, 0x0000000082c00000, 0x0000000082c00000|100%| O|  |TAMS 0x0000000082c00000, 0x0000000082b00000| Untracked 
|  44|0x0000000082c00000, 0x0000000082d00000, 0x0000000082d00000|100%| O|  |TAMS 0x0000000082d00000, 0x0000000082c00000| Untracked 
|  45|0x0000000082d00000, 0x0000000082e00000, 0x0000000082e00000|100%| O|  |TAMS 0x0000000082e00000, 0x0000000082d00000| Untracked 
|  46|0x0000000082e00000, 0x0000000082f00000, 0x0000000082f00000|100%| O|  |TAMS 0x0000000082f00000, 0x0000000082e00000| Untracked 
|  47|0x0000000082f00000, 0x0000000083000000, 0x0000000083000000|100%| O|  |TAMS 0x0000000083000000, 0x0000000082f00000| Untracked 
|  48|0x0000000083000000, 0x0000000083100000, 0x0000000083100000|100%| O|  |TAMS 0x0000000083100000, 0x0000000083000000| Untracked 
|  49|0x0000000083100000, 0x0000000083200000, 0x0000000083200000|100%| O|  |TAMS 0x0000000083200000, 0x0000000083100000| Untracked 
|  50|0x0000000083200000, 0x0000000083300000, 0x0000000083300000|100%| O|  |TAMS 0x0000000083300000, 0x0000000083200000| Untracked 
|  51|0x0000000083300000, 0x0000000083400000, 0x0000000083400000|100%| O|  |TAMS 0x0000000083400000, 0x0000000083300000| Untracked 
|  52|0x0000000083400000, 0x0000000083500000, 0x0000000083500000|100%| O|  |TAMS 0x0000000083500000, 0x0000000083400000| Untracked 
|  53|0x0000000083500000, 0x0000000083600000, 0x0000000083600000|100%| O|  |TAMS 0x0000000083600000, 0x0000000083500000| Untracked 
|  54|0x0000000083600000, 0x0000000083700000, 0x0000000083700000|100%| O|  |TAMS 0x0000000083700000, 0x0000000083600000| Untracked 
|  55|0x0000000083700000, 0x0000000083800000, 0x0000000083800000|100%| O|  |TAMS 0x0000000083800000, 0x0000000083700000| Untracked 
|  56|0x0000000083800000, 0x0000000083900000, 0x0000000083900000|100%| O|  |TAMS 0x0000000083900000, 0x0000000083800000| Untracked 
|  57|0x0000000083900000, 0x0000000083a00000, 0x0000000083a00000|100%| O|  |TAMS 0x0000000083a00000, 0x0000000083900000| Untracked 
|  58|0x0000000083a00000, 0x0000000083b00000, 0x0000000083b00000|100%| O|  |TAMS 0x0000000083b00000, 0x0000000083a00000| Untracked 
|  59|0x0000000083b00000, 0x0000000083c00000, 0x0000000083c00000|100%| O|  |TAMS 0x0000000083c00000, 0x0000000083b00000| Untracked 
|  60|0x0000000083c00000, 0x0000000083d00000, 0x0000000083d00000|100%| O|  |TAMS 0x0000000083d00000, 0x0000000083c00000| Untracked 
|  61|0x0000000083d00000, 0x0000000083e00000, 0x0000000083e00000|100%| O|  |TAMS 0x0000000083e00000, 0x0000000083d00000| Untracked 
|  62|0x0000000083e00000, 0x0000000083f00000, 0x0000000083f00000|100%| O|  |TAMS 0x0000000083f00000, 0x0000000083e00000| Untracked 
|  63|0x0000000083f00000, 0x0000000084000000, 0x0000000084000000|100%| O|  |TAMS 0x0000000084000000, 0x0000000083f00000| Untracked 
|  64|0x0000000084000000, 0x0000000084100000, 0x0000000084100000|100%| O|  |TAMS 0x0000000084100000, 0x0000000084000000| Untracked 
|  65|0x0000000084100000, 0x0000000084200000, 0x0000000084200000|100%| O|  |TAMS 0x0000000084200000, 0x0000000084100000| Untracked 
|  66|0x0000000084200000, 0x0000000084300000, 0x0000000084300000|100%| O|  |TAMS 0x0000000084300000, 0x0000000084200000| Untracked 
|  67|0x0000000084300000, 0x0000000084400000, 0x0000000084400000|100%| O|  |TAMS 0x0000000084400000, 0x0000000084300000| Untracked 
|  68|0x0000000084400000, 0x0000000084500000, 0x0000000084500000|100%| O|  |TAMS 0x0000000084500000, 0x0000000084400000| Untracked 
|  69|0x0000000084500000, 0x0000000084600000, 0x0000000084600000|100%| O|  |TAMS 0x0000000084600000, 0x0000000084500000| Untracked 
|  70|0x0000000084600000, 0x0000000084700000, 0x0000000084700000|100%| O|  |TAMS 0x0000000084700000, 0x0000000084600000| Untracked 
|  71|0x0000000084700000, 0x0000000084800000, 0x0000000084800000|100%| O|  |TAMS 0x0000000084800000, 0x0000000084700000| Untracked 
|  72|0x0000000084800000, 0x0000000084900000, 0x0000000084900000|100%| O|  |TAMS 0x0000000084900000, 0x0000000084800000| Untracked 
|  73|0x0000000084900000, 0x0000000084a00000, 0x0000000084a00000|100%| O|  |TAMS 0x0000000084a00000, 0x0000000084900000| Untracked 
|  74|0x0000000084a00000, 0x0000000084b00000, 0x0000000084b00000|100%| O|  |TAMS 0x0000000084b00000, 0x0000000084a00000| Untracked 
|  75|0x0000000084b00000, 0x0000000084c00000, 0x0000000084c00000|100%| O|  |TAMS 0x0000000084c00000, 0x0000000084b00000| Untracked 
|  76|0x0000000084c00000, 0x0000000084d00000, 0x0000000084d00000|100%| O|  |TAMS 0x0000000084d00000, 0x0000000084c00000| Untracked 
|  77|0x0000000084d00000, 0x0000000084e00000, 0x0000000084e00000|100%| O|  |TAMS 0x0000000084e00000, 0x0000000084d00000| Untracked 
|  78|0x0000000084e00000, 0x0000000084f00000, 0x0000000084f00000|100%| O|  |TAMS 0x0000000084f00000, 0x0000000084e00000| Untracked 
|  79|0x0000000084f00000, 0x0000000085000000, 0x0000000085000000|100%| O|  |TAMS 0x0000000085000000, 0x0000000084f00000| Untracked 
|  80|0x0000000085000000, 0x0000000085100000, 0x0000000085100000|100%| O|  |TAMS 0x0000000085100000, 0x0000000085000000| Untracked 
|  81|0x0000000085100000, 0x0000000085200000, 0x0000000085200000|100%| O|  |TAMS 0x0000000085200000, 0x0000000085100000| Untracked 
|  82|0x0000000085200000, 0x0000000085300000, 0x0000000085300000|100%| O|  |TAMS 0x0000000085300000, 0x0000000085200000| Untracked 
|  83|0x0000000085300000, 0x0000000085400000, 0x0000000085400000|100%| O|  |TAMS 0x0000000085400000, 0x0000000085300000| Untracked 
|  84|0x0000000085400000, 0x0000000085500000, 0x0000000085500000|100%| O|  |TAMS 0x0000000085500000, 0x0000000085400000| Untracked 
|  85|0x0000000085500000, 0x0000000085600000, 0x0000000085600000|100%| O|  |TAMS 0x0000000085600000, 0x0000000085500000| Untracked 
|  86|0x0000000085600000, 0x0000000085700000, 0x0000000085700000|100%| O|  |TAMS 0x0000000085700000, 0x0000000085600000| Untracked 
|  87|0x0000000085700000, 0x0000000085800000, 0x0000000085800000|100%| O|  |TAMS 0x0000000085800000, 0x0000000085700000| Untracked 
|  88|0x0000000085800000, 0x0000000085900000, 0x0000000085900000|100%| O|  |TAMS 0x0000000085900000, 0x0000000085800000| Untracked 
|  89|0x0000000085900000, 0x0000000085a00000, 0x0000000085a00000|100%| O|  |TAMS 0x0000000085a00000, 0x0000000085900000| Untracked 
|  90|0x0000000085a00000, 0x0000000085b00000, 0x0000000085b00000|100%| O|  |TAMS 0x0000000085b00000, 0x0000000085a00000| Untracked 
|  91|0x0000000085b00000, 0x0000000085c00000, 0x0000000085c00000|100%| O|  |TAMS 0x0000000085c00000, 0x0000000085b00000| Untracked 
|  92|0x0000000085c00000, 0x0000000085d00000, 0x0000000085d00000|100%| O|  |TAMS 0x0000000085d00000, 0x0000000085c00000| Untracked 
|  93|0x0000000085d00000, 0x0000000085e00000, 0x0000000085e00000|100%| O|  |TAMS 0x0000000085e00000, 0x0000000085d00000| Untracked 
|  94|0x0000000085e00000, 0x0000000085f00000, 0x0000000085f00000|100%| O|  |TAMS 0x0000000085f00000, 0x0000000085e00000| Untracked 
|  95|0x0000000085f00000, 0x0000000086000000, 0x0000000086000000|100%| O|  |TAMS 0x0000000086000000, 0x0000000085f00000| Untracked 
|  96|0x0000000086000000, 0x0000000086100000, 0x0000000086100000|100%| O|  |TAMS 0x0000000086100000, 0x0000000086000000| Untracked 
|  97|0x0000000086100000, 0x0000000086200000, 0x0000000086200000|100%| O|  |TAMS 0x0000000086200000, 0x0000000086100000| Untracked 
|  98|0x0000000086200000, 0x0000000086300000, 0x0000000086300000|100%| O|  |TAMS 0x0000000086300000, 0x0000000086200000| Untracked 
|  99|0x0000000086300000, 0x0000000086400000, 0x0000000086400000|100%| O|  |TAMS 0x0000000086400000, 0x0000000086300000| Untracked 
| 100|0x0000000086400000, 0x0000000086500000, 0x0000000086500000|100%| O|  |TAMS 0x0000000086500000, 0x0000000086400000| Untracked 
| 101|0x0000000086500000, 0x0000000086600000, 0x0000000086600000|100%| O|  |TAMS 0x0000000086600000, 0x0000000086500000| Untracked 
| 102|0x0000000086600000, 0x0000000086700000, 0x0000000086700000|100%| O|  |TAMS 0x0000000086700000, 0x0000000086600000| Untracked 
| 103|0x0000000086700000, 0x0000000086800000, 0x0000000086800000|100%| O|  |TAMS 0x0000000086800000, 0x0000000086700000| Untracked 
| 104|0x0000000086800000, 0x0000000086900000, 0x0000000086900000|100%| O|  |TAMS 0x0000000086900000, 0x0000000086800000| Untracked 
| 105|0x0000000086900000, 0x0000000086941400, 0x0000000086a00000| 25%| O|  |TAMS 0x0000000086941400, 0x0000000086900000| Untracked 
| 106|0x0000000086a00000, 0x0000000086a00000, 0x0000000086b00000|  0%| F|  |TAMS 0x0000000086a00000, 0x0000000086a00000| Untracked 
| 107|0x0000000086b00000, 0x0000000086b00000, 0x0000000086c00000|  0%| F|  |TAMS 0x0000000086b00000, 0x0000000086b00000| Untracked 
| 108|0x0000000086c00000, 0x0000000086c00000, 0x0000000086d00000|  0%| F|  |TAMS 0x0000000086c00000, 0x0000000086c00000| Untracked 
| 109|0x0000000086d00000, 0x0000000086d00000, 0x0000000086e00000|  0%| F|  |TAMS 0x0000000086d00000, 0x0000000086d00000| Untracked 
| 110|0x0000000086e00000, 0x0000000086e00000, 0x0000000086f00000|  0%| F|  |TAMS 0x0000000086e00000, 0x0000000086e00000| Untracked 
| 111|0x0000000086f00000, 0x0000000086f00000, 0x0000000087000000|  0%| F|  |TAMS 0x0000000086f00000, 0x0000000086f00000| Untracked 
| 112|0x0000000087000000, 0x0000000087000000, 0x0000000087100000|  0%| F|  |TAMS 0x0000000087000000, 0x0000000087000000| Untracked 
| 113|0x0000000087100000, 0x0000000087100000, 0x0000000087200000|  0%| F|  |TAMS 0x0000000087100000, 0x0000000087100000| Untracked 
| 114|0x0000000087200000, 0x0000000087200000, 0x0000000087300000|  0%| F|  |TAMS 0x0000000087200000, 0x0000000087200000| Untracked 
| 115|0x0000000087300000, 0x0000000087300000, 0x0000000087400000|  0%| F|  |TAMS 0x0000000087300000, 0x0000000087300000| Untracked 
| 116|0x0000000087400000, 0x0000000087400000, 0x0000000087500000|  0%| F|  |TAMS 0x0000000087400000, 0x0000000087400000| Untracked 
| 117|0x0000000087500000, 0x0000000087500000, 0x0000000087600000|  0%| F|  |TAMS 0x0000000087500000, 0x0000000087500000| Untracked 
| 118|0x0000000087600000, 0x0000000087600000, 0x0000000087700000|  0%| F|  |TAMS 0x0000000087600000, 0x0000000087600000| Untracked 
| 119|0x0000000087700000, 0x0000000087700000, 0x0000000087800000|  0%| F|  |TAMS 0x0000000087700000, 0x0000000087700000| Untracked 
| 120|0x0000000087800000, 0x0000000087800000, 0x0000000087900000|  0%| F|  |TAMS 0x0000000087800000, 0x0000000087800000| Untracked 
| 121|0x0000000087900000, 0x0000000087900000, 0x0000000087a00000|  0%| F|  |TAMS 0x0000000087900000, 0x0000000087900000| Untracked 
| 122|0x0000000087a00000, 0x0000000087a00000, 0x0000000087b00000|  0%| F|  |TAMS 0x0000000087a00000, 0x0000000087a00000| Untracked 
| 123|0x0000000087b00000, 0x0000000087b00000, 0x0000000087c00000|  0%| F|  |TAMS 0x0000000087b00000, 0x0000000087b00000| Untracked 
| 124|0x0000000087c00000, 0x0000000087c00000, 0x0000000087d00000|  0%| F|  |TAMS 0x0000000087c00000, 0x0000000087c00000| Untracked 
| 125|0x0000000087d00000, 0x0000000087d00000, 0x0000000087e00000|  0%| F|  |TAMS 0x0000000087d00000, 0x0000000087d00000| Untracked 
| 126|0x0000000087e00000, 0x0000000087e00000, 0x0000000087f00000|  0%| F|  |TAMS 0x0000000087e00000, 0x0000000087e00000| Untracked 
| 127|0x0000000087f00000, 0x0000000087f00000, 0x0000000088000000|  0%| F|  |TAMS 0x0000000087f00000, 0x0000000087f00000| Untracked 
| 128|0x0000000088000000, 0x0000000088000000, 0x0000000088100000|  0%| F|  |TAMS 0x0000000088000000, 0x0000000088000000| Untracked 
| 129|0x0000000088100000, 0x0000000088100000, 0x0000000088200000|  0%| F|  |TAMS 0x0000000088100000, 0x0000000088100000| Untracked 
| 130|0x0000000088200000, 0x0000000088200000, 0x0000000088300000|  0%| F|  |TAMS 0x0000000088200000, 0x0000000088200000| Untracked 
| 131|0x0000000088300000, 0x0000000088300000, 0x0000000088400000|  0%| F|  |TAMS 0x0000000088300000, 0x0000000088300000| Untracked 
| 132|0x0000000088400000, 0x0000000088400000, 0x0000000088500000|  0%| F|  |TAMS 0x0000000088400000, 0x0000000088400000| Untracked 
| 133|0x0000000088500000, 0x0000000088500000, 0x0000000088600000|  0%| F|  |TAMS 0x0000000088500000, 0x0000000088500000| Untracked 
| 134|0x0000000088600000, 0x0000000088600000, 0x0000000088700000|  0%| F|  |TAMS 0x0000000088600000, 0x0000000088600000| Untracked 
| 135|0x0000000088700000, 0x0000000088700000, 0x0000000088800000|  0%| F|  |TAMS 0x0000000088700000, 0x0000000088700000| Untracked 
| 136|0x0000000088800000, 0x0000000088800000, 0x0000000088900000|  0%| F|  |TAMS 0x0000000088800000, 0x0000000088800000| Untracked 
| 137|0x0000000088900000, 0x0000000088900000, 0x0000000088a00000|  0%| F|  |TAMS 0x0000000088900000, 0x0000000088900000| Untracked 
| 138|0x0000000088a00000, 0x0000000088a00000, 0x0000000088b00000|  0%| F|  |TAMS 0x0000000088a00000, 0x0000000088a00000| Untracked 
| 139|0x0000000088b00000, 0x0000000088b00000, 0x0000000088c00000|  0%| F|  |TAMS 0x0000000088b00000, 0x0000000088b00000| Untracked 
| 140|0x0000000088c00000, 0x0000000088c00000, 0x0000000088d00000|  0%| F|  |TAMS 0x0000000088c00000, 0x0000000088c00000| Untracked 
| 141|0x0000000088d00000, 0x0000000088d00000, 0x0000000088e00000|  0%| F|  |TAMS 0x0000000088d00000, 0x0000000088d00000| Untracked 
| 142|0x0000000088e00000, 0x0000000088e00000, 0x0000000088f00000|  0%| F|  |TAMS 0x0000000088e00000, 0x0000000088e00000| Untracked 
| 143|0x0000000088f00000, 0x0000000088f00000, 0x0000000089000000|  0%| F|  |TAMS 0x0000000088f00000, 0x0000000088f00000| Untracked 
| 144|0x0000000089000000, 0x0000000089000000, 0x0000000089100000|  0%| F|  |TAMS 0x0000000089000000, 0x0000000089000000| Untracked 
| 145|0x0000000089100000, 0x0000000089100000, 0x0000000089200000|  0%| F|  |TAMS 0x0000000089100000, 0x0000000089100000| Untracked 
| 146|0x0000000089200000, 0x0000000089200000, 0x0000000089300000|  0%| F|  |TAMS 0x0000000089200000, 0x0000000089200000| Untracked 
| 147|0x0000000089300000, 0x0000000089300000, 0x0000000089400000|  0%| F|  |TAMS 0x0000000089300000, 0x0000000089300000| Untracked 
| 148|0x0000000089400000, 0x0000000089400000, 0x0000000089500000|  0%| F|  |TAMS 0x0000000089400000, 0x0000000089400000| Untracked 
| 149|0x0000000089500000, 0x0000000089500000, 0x0000000089600000|  0%| F|  |TAMS 0x0000000089500000, 0x0000000089500000| Untracked 
| 150|0x0000000089600000, 0x0000000089600000, 0x0000000089700000|  0%| F|  |TAMS 0x0000000089600000, 0x0000000089600000| Untracked 
| 151|0x0000000089700000, 0x0000000089700000, 0x0000000089800000|  0%| F|  |TAMS 0x0000000089700000, 0x0000000089700000| Untracked 
| 152|0x0000000089800000, 0x0000000089800000, 0x0000000089900000|  0%| F|  |TAMS 0x0000000089800000, 0x0000000089800000| Untracked 
| 153|0x0000000089900000, 0x0000000089900000, 0x0000000089a00000|  0%| F|  |TAMS 0x0000000089900000, 0x0000000089900000| Untracked 
| 154|0x0000000089a00000, 0x0000000089a00000, 0x0000000089b00000|  0%| F|  |TAMS 0x0000000089a00000, 0x0000000089a00000| Untracked 
| 155|0x0000000089b00000, 0x0000000089b00000, 0x0000000089c00000|  0%| F|  |TAMS 0x0000000089b00000, 0x0000000089b00000| Untracked 
| 156|0x0000000089c00000, 0x0000000089c00000, 0x0000000089d00000|  0%| F|  |TAMS 0x0000000089c00000, 0x0000000089c00000| Untracked 
| 157|0x0000000089d00000, 0x0000000089d00000, 0x0000000089e00000|  0%| F|  |TAMS 0x0000000089d00000, 0x0000000089d00000| Untracked 
| 158|0x0000000089e00000, 0x0000000089e00000, 0x0000000089f00000|  0%| F|  |TAMS 0x0000000089e00000, 0x0000000089e00000| Untracked 
| 159|0x0000000089f00000, 0x0000000089f00000, 0x000000008a000000|  0%| F|  |TAMS 0x0000000089f00000, 0x0000000089f00000| Untracked 
| 160|0x000000008a000000, 0x000000008a000000, 0x000000008a100000|  0%| F|  |TAMS 0x000000008a000000, 0x000000008a000000| Untracked 
| 161|0x000000008a100000, 0x000000008a100000, 0x000000008a200000|  0%| F|  |TAMS 0x000000008a100000, 0x000000008a100000| Untracked 
| 162|0x000000008a200000, 0x000000008a210ae8, 0x000000008a300000|  6%| S|CS|TAMS 0x000000008a200000, 0x000000008a200000| Complete 
| 163|0x000000008a300000, 0x000000008a400000, 0x000000008a400000|100%| S|CS|TAMS 0x000000008a300000, 0x000000008a300000| Complete 
| 164|0x000000008a400000, 0x000000008a500000, 0x000000008a500000|100%| S|CS|TAMS 0x000000008a400000, 0x000000008a400000| Complete 
| 165|0x000000008a500000, 0x000000008a600000, 0x000000008a600000|100%| S|CS|TAMS 0x000000008a500000, 0x000000008a500000| Complete 
| 166|0x000000008a600000, 0x000000008a600000, 0x000000008a700000|  0%| F|  |TAMS 0x000000008a600000, 0x000000008a600000| Untracked 
| 167|0x000000008a700000, 0x000000008a700000, 0x000000008a800000|  0%| F|  |TAMS 0x000000008a700000, 0x000000008a700000| Untracked 
| 168|0x000000008a800000, 0x000000008a800000, 0x000000008a900000|  0%| F|  |TAMS 0x000000008a800000, 0x000000008a800000| Untracked 
| 169|0x000000008a900000, 0x000000008a900000, 0x000000008aa00000|  0%| F|  |TAMS 0x000000008a900000, 0x000000008a900000| Untracked 
| 170|0x000000008aa00000, 0x000000008aa00000, 0x000000008ab00000|  0%| F|  |TAMS 0x000000008aa00000, 0x000000008aa00000| Untracked 
| 171|0x000000008ab00000, 0x000000008ab00000, 0x000000008ac00000|  0%| F|  |TAMS 0x000000008ab00000, 0x000000008ab00000| Untracked 
| 172|0x000000008ac00000, 0x000000008ac00000, 0x000000008ad00000|  0%| F|  |TAMS 0x000000008ac00000, 0x000000008ac00000| Untracked 
| 173|0x000000008ad00000, 0x000000008ad00000, 0x000000008ae00000|  0%| F|  |TAMS 0x000000008ad00000, 0x000000008ad00000| Untracked 
| 174|0x000000008ae00000, 0x000000008ae00000, 0x000000008af00000|  0%| F|  |TAMS 0x000000008ae00000, 0x000000008ae00000| Untracked 
| 175|0x000000008af00000, 0x000000008af00000, 0x000000008b000000|  0%| F|  |TAMS 0x000000008af00000, 0x000000008af00000| Untracked 
| 176|0x000000008b000000, 0x000000008b000000, 0x000000008b100000|  0%| F|  |TAMS 0x000000008b000000, 0x000000008b000000| Untracked 
| 177|0x000000008b100000, 0x000000008b100000, 0x000000008b200000|  0%| F|  |TAMS 0x000000008b100000, 0x000000008b100000| Untracked 
| 178|0x000000008b200000, 0x000000008b200000, 0x000000008b300000|  0%| F|  |TAMS 0x000000008b200000, 0x000000008b200000| Untracked 
| 179|0x000000008b300000, 0x000000008b300000, 0x000000008b400000|  0%| F|  |TAMS 0x000000008b300000, 0x000000008b300000| Untracked 
| 180|0x000000008b400000, 0x000000008b400000, 0x000000008b500000|  0%| F|  |TAMS 0x000000008b400000, 0x000000008b400000| Untracked 
| 181|0x000000008b500000, 0x000000008b500000, 0x000000008b600000|  0%| F|  |TAMS 0x000000008b500000, 0x000000008b500000| Untracked 
| 182|0x000000008b600000, 0x000000008b600000, 0x000000008b700000|  0%| F|  |TAMS 0x000000008b600000, 0x000000008b600000| Untracked 
| 183|0x000000008b700000, 0x000000008b700000, 0x000000008b800000|  0%| F|  |TAMS 0x000000008b700000, 0x000000008b700000| Untracked 
| 184|0x000000008b800000, 0x000000008b800000, 0x000000008b900000|  0%| F|  |TAMS 0x000000008b800000, 0x000000008b800000| Untracked 
| 185|0x000000008b900000, 0x000000008b900000, 0x000000008ba00000|  0%| F|  |TAMS 0x000000008b900000, 0x000000008b900000| Untracked 
| 186|0x000000008ba00000, 0x000000008ba00000, 0x000000008bb00000|  0%| F|  |TAMS 0x000000008ba00000, 0x000000008ba00000| Untracked 
| 187|0x000000008bb00000, 0x000000008bb00000, 0x000000008bc00000|  0%| F|  |TAMS 0x000000008bb00000, 0x000000008bb00000| Untracked 
| 188|0x000000008bc00000, 0x000000008bc00000, 0x000000008bd00000|  0%| F|  |TAMS 0x000000008bc00000, 0x000000008bc00000| Untracked 
| 189|0x000000008bd00000, 0x000000008bd00000, 0x000000008be00000|  0%| F|  |TAMS 0x000000008bd00000, 0x000000008bd00000| Untracked 
| 190|0x000000008be00000, 0x000000008be00000, 0x000000008bf00000|  0%| F|  |TAMS 0x000000008be00000, 0x000000008be00000| Untracked 
| 191|0x000000008bf00000, 0x000000008bf00000, 0x000000008c000000|  0%| F|  |TAMS 0x000000008bf00000, 0x000000008bf00000| Untracked 
| 192|0x000000008c000000, 0x000000008c000000, 0x000000008c100000|  0%| F|  |TAMS 0x000000008c000000, 0x000000008c000000| Untracked 
| 193|0x000000008c100000, 0x000000008c100000, 0x000000008c200000|  0%| F|  |TAMS 0x000000008c100000, 0x000000008c100000| Untracked 
| 194|0x000000008c200000, 0x000000008c200000, 0x000000008c300000|  0%| F|  |TAMS 0x000000008c200000, 0x000000008c200000| Untracked 
| 195|0x000000008c300000, 0x000000008c300000, 0x000000008c400000|  0%| F|  |TAMS 0x000000008c300000, 0x000000008c300000| Untracked 
| 196|0x000000008c400000, 0x000000008c400000, 0x000000008c500000|  0%| F|  |TAMS 0x000000008c400000, 0x000000008c400000| Untracked 
| 197|0x000000008c500000, 0x000000008c500000, 0x000000008c600000|  0%| F|  |TAMS 0x000000008c500000, 0x000000008c500000| Untracked 
| 198|0x000000008c600000, 0x000000008c600000, 0x000000008c700000|  0%| F|  |TAMS 0x000000008c600000, 0x000000008c600000| Untracked 
| 199|0x000000008c700000, 0x000000008c700000, 0x000000008c800000|  0%| F|  |TAMS 0x000000008c700000, 0x000000008c700000| Untracked 
| 200|0x000000008c800000, 0x000000008c800000, 0x000000008c900000|  0%| F|  |TAMS 0x000000008c800000, 0x000000008c800000| Untracked 
| 201|0x000000008c900000, 0x000000008c900000, 0x000000008ca00000|  0%| F|  |TAMS 0x000000008c900000, 0x000000008c900000| Untracked 
| 202|0x000000008ca00000, 0x000000008ca00000, 0x000000008cb00000|  0%| F|  |TAMS 0x000000008ca00000, 0x000000008ca00000| Untracked 
| 203|0x000000008cb00000, 0x000000008cb00000, 0x000000008cc00000|  0%| F|  |TAMS 0x000000008cb00000, 0x000000008cb00000| Untracked 
| 204|0x000000008cc00000, 0x000000008cc00000, 0x000000008cd00000|  0%| F|  |TAMS 0x000000008cc00000, 0x000000008cc00000| Untracked 
| 205|0x000000008cd00000, 0x000000008cd00000, 0x000000008ce00000|  0%| F|  |TAMS 0x000000008cd00000, 0x000000008cd00000| Untracked 
| 206|0x000000008ce00000, 0x000000008ce00000, 0x000000008cf00000|  0%| F|  |TAMS 0x000000008ce00000, 0x000000008ce00000| Untracked 
| 207|0x000000008cf00000, 0x000000008cf00000, 0x000000008d000000|  0%| F|  |TAMS 0x000000008cf00000, 0x000000008cf00000| Untracked 
| 208|0x000000008d000000, 0x000000008d000000, 0x000000008d100000|  0%| F|  |TAMS 0x000000008d000000, 0x000000008d000000| Untracked 
| 209|0x000000008d100000, 0x000000008d100000, 0x000000008d200000|  0%| F|  |TAMS 0x000000008d100000, 0x000000008d100000| Untracked 
| 210|0x000000008d200000, 0x000000008d200000, 0x000000008d300000|  0%| F|  |TAMS 0x000000008d200000, 0x000000008d200000| Untracked 
| 211|0x000000008d300000, 0x000000008d300000, 0x000000008d400000|  0%| F|  |TAMS 0x000000008d300000, 0x000000008d300000| Untracked 
| 212|0x000000008d400000, 0x000000008d400000, 0x000000008d500000|  0%| F|  |TAMS 0x000000008d400000, 0x000000008d400000| Untracked 
| 213|0x000000008d500000, 0x000000008d500000, 0x000000008d600000|  0%| F|  |TAMS 0x000000008d500000, 0x000000008d500000| Untracked 
| 214|0x000000008d600000, 0x000000008d600000, 0x000000008d700000|  0%| F|  |TAMS 0x000000008d600000, 0x000000008d600000| Untracked 
| 215|0x000000008d700000, 0x000000008d700000, 0x000000008d800000|  0%| F|  |TAMS 0x000000008d700000, 0x000000008d700000| Untracked 
| 216|0x000000008d800000, 0x000000008d800000, 0x000000008d900000|  0%| F|  |TAMS 0x000000008d800000, 0x000000008d800000| Untracked 
| 217|0x000000008d900000, 0x000000008d900000, 0x000000008da00000|  0%| F|  |TAMS 0x000000008d900000, 0x000000008d900000| Untracked 
| 218|0x000000008da00000, 0x000000008da00000, 0x000000008db00000|  0%| F|  |TAMS 0x000000008da00000, 0x000000008da00000| Untracked 
| 219|0x000000008db00000, 0x000000008db00000, 0x000000008dc00000|  0%| F|  |TAMS 0x000000008db00000, 0x000000008db00000| Untracked 
| 220|0x000000008dc00000, 0x000000008dc00000, 0x000000008dd00000|  0%| F|  |TAMS 0x000000008dc00000, 0x000000008dc00000| Untracked 
| 221|0x000000008dd00000, 0x000000008dd00000, 0x000000008de00000|  0%| F|  |TAMS 0x000000008dd00000, 0x000000008dd00000| Untracked 
| 222|0x000000008de00000, 0x000000008de00000, 0x000000008df00000|  0%| F|  |TAMS 0x000000008de00000, 0x000000008de00000| Untracked 
| 223|0x000000008df00000, 0x000000008df00000, 0x000000008e000000|  0%| F|  |TAMS 0x000000008df00000, 0x000000008df00000| Untracked 
| 224|0x000000008e000000, 0x000000008e000000, 0x000000008e100000|  0%| F|  |TAMS 0x000000008e000000, 0x000000008e000000| Untracked 
| 225|0x000000008e100000, 0x000000008e100000, 0x000000008e200000|  0%| F|  |TAMS 0x000000008e100000, 0x000000008e100000| Untracked 
| 226|0x000000008e200000, 0x000000008e200000, 0x000000008e300000|  0%| F|  |TAMS 0x000000008e200000, 0x000000008e200000| Untracked 
| 227|0x000000008e300000, 0x000000008e3547b0, 0x000000008e400000| 33%| E|  |TAMS 0x000000008e300000, 0x000000008e300000| Complete 
| 228|0x000000008e400000, 0x000000008e500000, 0x000000008e500000|100%| E|CS|TAMS 0x000000008e400000, 0x000000008e400000| Complete 
| 229|0x000000008e500000, 0x000000008e600000, 0x000000008e600000|100%| E|CS|TAMS 0x000000008e500000, 0x000000008e500000| Complete 
| 230|0x000000008e600000, 0x000000008e700000, 0x000000008e700000|100%| E|CS|TAMS 0x000000008e600000, 0x000000008e600000| Complete 
| 231|0x000000008e700000, 0x000000008e800000, 0x000000008e800000|100%| E|CS|TAMS 0x000000008e700000, 0x000000008e700000| Complete 
| 232|0x000000008e800000, 0x000000008e900000, 0x000000008e900000|100%| E|CS|TAMS 0x000000008e800000, 0x000000008e800000| Complete 
| 233|0x000000008e900000, 0x000000008ea00000, 0x000000008ea00000|100%| E|CS|TAMS 0x000000008e900000, 0x000000008e900000| Complete 
| 234|0x000000008ea00000, 0x000000008eb00000, 0x000000008eb00000|100%| E|CS|TAMS 0x000000008ea00000, 0x000000008ea00000| Complete 
| 235|0x000000008eb00000, 0x000000008ec00000, 0x000000008ec00000|100%| E|CS|TAMS 0x000000008eb00000, 0x000000008eb00000| Complete 
| 236|0x000000008ec00000, 0x000000008ed00000, 0x000000008ed00000|100%| E|CS|TAMS 0x000000008ec00000, 0x000000008ec00000| Complete 
| 237|0x000000008ed00000, 0x000000008ee00000, 0x000000008ee00000|100%| E|CS|TAMS 0x000000008ed00000, 0x000000008ed00000| Complete 
| 238|0x000000008ee00000, 0x000000008ef00000, 0x000000008ef00000|100%| E|CS|TAMS 0x000000008ee00000, 0x000000008ee00000| Complete 
| 239|0x000000008ef00000, 0x000000008f000000, 0x000000008f000000|100%| E|CS|TAMS 0x000000008ef00000, 0x000000008ef00000| Complete 
| 240|0x000000008f000000, 0x000000008f100000, 0x000000008f100000|100%| E|CS|TAMS 0x000000008f000000, 0x000000008f000000| Complete 
| 241|0x000000008f100000, 0x000000008f200000, 0x000000008f200000|100%| E|CS|TAMS 0x000000008f100000, 0x000000008f100000| Complete 
| 242|0x000000008f200000, 0x000000008f300000, 0x000000008f300000|100%| E|CS|TAMS 0x000000008f200000, 0x000000008f200000| Complete 
| 243|0x000000008f300000, 0x000000008f400000, 0x000000008f400000|100%| E|CS|TAMS 0x000000008f300000, 0x000000008f300000| Complete 
| 244|0x000000008f400000, 0x000000008f500000, 0x000000008f500000|100%| E|CS|TAMS 0x000000008f400000, 0x000000008f400000| Complete 
| 245|0x000000008f500000, 0x000000008f600000, 0x000000008f600000|100%| E|CS|TAMS 0x000000008f500000, 0x000000008f500000| Complete 
| 246|0x000000008f600000, 0x000000008f700000, 0x000000008f700000|100%| E|CS|TAMS 0x000000008f600000, 0x000000008f600000| Complete 
| 247|0x000000008f700000, 0x000000008f800000, 0x000000008f800000|100%| E|CS|TAMS 0x000000008f700000, 0x000000008f700000| Complete 
| 248|0x000000008f800000, 0x000000008f900000, 0x000000008f900000|100%| E|CS|TAMS 0x000000008f800000, 0x000000008f800000| Complete 
| 249|0x000000008f900000, 0x000000008fa00000, 0x000000008fa00000|100%| E|CS|TAMS 0x000000008f900000, 0x000000008f900000| Complete 
| 250|0x000000008fa00000, 0x000000008fb00000, 0x000000008fb00000|100%| E|CS|TAMS 0x000000008fa00000, 0x000000008fa00000| Complete 
| 251|0x000000008fb00000, 0x000000008fc00000, 0x000000008fc00000|100%| E|CS|TAMS 0x000000008fb00000, 0x000000008fb00000| Complete 
| 252|0x000000008fc00000, 0x000000008fd00000, 0x000000008fd00000|100%| E|CS|TAMS 0x000000008fc00000, 0x000000008fc00000| Complete 
| 253|0x000000008fd00000, 0x000000008fe00000, 0x000000008fe00000|100%| E|CS|TAMS 0x000000008fd00000, 0x000000008fd00000| Complete 
| 254|0x000000008fe00000, 0x000000008ff00000, 0x000000008ff00000|100%| E|CS|TAMS 0x000000008fe00000, 0x000000008fe00000| Complete 
| 255|0x000000008ff00000, 0x0000000090000000, 0x0000000090000000|100%| E|CS|TAMS 0x000000008ff00000, 0x000000008ff00000| Complete 
| 256|0x0000000090000000, 0x0000000090100000, 0x0000000090100000|100%| E|CS|TAMS 0x0000000090000000, 0x0000000090000000| Complete 
| 257|0x0000000090100000, 0x0000000090200000, 0x0000000090200000|100%| E|CS|TAMS 0x0000000090100000, 0x0000000090100000| Complete 
| 258|0x0000000090200000, 0x0000000090300000, 0x0000000090300000|100%| E|CS|TAMS 0x0000000090200000, 0x0000000090200000| Complete 
| 259|0x0000000090300000, 0x0000000090400000, 0x0000000090400000|100%| E|CS|TAMS 0x0000000090300000, 0x0000000090300000| Complete 
| 260|0x0000000090400000, 0x0000000090500000, 0x0000000090500000|100%| E|CS|TAMS 0x0000000090400000, 0x0000000090400000| Complete 
| 261|0x0000000090500000, 0x0000000090600000, 0x0000000090600000|100%| E|CS|TAMS 0x0000000090500000, 0x0000000090500000| Complete 
| 262|0x0000000090600000, 0x0000000090700000, 0x0000000090700000|100%| E|CS|TAMS 0x0000000090600000, 0x0000000090600000| Complete 
| 263|0x0000000090700000, 0x0000000090800000, 0x0000000090800000|100%| E|CS|TAMS 0x0000000090700000, 0x0000000090700000| Complete 
| 264|0x0000000090800000, 0x0000000090900000, 0x0000000090900000|100%| E|CS|TAMS 0x0000000090800000, 0x0000000090800000| Complete 
| 265|0x0000000090900000, 0x0000000090a00000, 0x0000000090a00000|100%| E|CS|TAMS 0x0000000090900000, 0x0000000090900000| Complete 
| 266|0x0000000090a00000, 0x0000000090b00000, 0x0000000090b00000|100%| E|CS|TAMS 0x0000000090a00000, 0x0000000090a00000| Complete 

Card table byte_map: [0x0000020aee2c0000,0x0000020aee6c0000] _byte_map_base: 0x0000020aedec0000

Marking Bits (Prev, Next): (CMBitMap*) 0x0000020ad91be9f0, (CMBitMap*) 0x0000020ad91be9b8
 Prev Bits: [0x0000020af0ac0000, 0x0000020af2ac0000)
 Next Bits: [0x0000020aeeac0000, 0x0000020af0ac0000)

Polling page: 0x0000020ad9250000

Metaspace:

Usage:
  Non-class:     79.52 MB capacity,    77.79 MB ( 98%) used,     1.43 MB (  2%) free+waste,   298.38 KB ( <1%) overhead. 
      Class:     12.90 MB capacity,    11.85 MB ( 92%) used,   928.37 KB (  7%) free+waste,   138.63 KB (  1%) overhead. 
       Both:     92.41 MB capacity,    89.64 MB ( 97%) used,     2.34 MB (  3%) free+waste,   437.00 KB ( <1%) overhead. 

Virtual space:
  Non-class space:       82.00 MB reserved,      80.25 MB ( 98%) committed 
      Class space:        1.00 GB reserved,      13.38 MB (  1%) committed 
             Both:        1.08 GB reserved,      93.63 MB (  8%) committed 

Chunk freelists:
   Non-Class:  751.00 KB
       Class:  458.00 KB
        Both:  1.18 MB

MaxMetaspaceSize: 17179869184.00 GB
CompressedClassSpaceSize: 1.00 GB

CodeHeap 'non-profiled nmethods': size=120000Kb used=5565Kb max_used=5565Kb free=114434Kb
 bounds [0x0000020ae5f30000, 0x0000020ae64a0000, 0x0000020aed460000]
CodeHeap 'profiled nmethods': size=120000Kb used=25872Kb max_used=25872Kb free=94127Kb
 bounds [0x0000020adea00000, 0x0000020ae0350000, 0x0000020ae5f30000]
CodeHeap 'non-nmethods': size=5760Kb used=2296Kb max_used=2334Kb free=3463Kb
 bounds [0x0000020ade460000, 0x0000020ade6d0000, 0x0000020adea00000]
 total_blobs=12747 nmethods=11850 adapters=807
 compilation: enabled
              stopped_count=0, restarted_count=0
 full_count=0

Compilation events (20 events):
Event: 14.956 Thread 0x0000020af5e95800 12096       2       com.android.tools.r8.internal.yg::a (243 bytes)
Event: 14.958 Thread 0x0000020af5e95800 nmethod 12096 0x0000020ae0310f90 code [0x0000020ae0311280, 0x0000020ae0311da8]
Event: 14.958 Thread 0x0000020af5e95800 12108       2       java.util.stream.SortedOps$AbstractRefSortingSink::cancellationRequested (7 bytes)
Event: 14.958 Thread 0x0000020af5e95800 nmethod 12108 0x0000020ae0312510 code [0x0000020ae03126c0, 0x0000020ae03127b8]
Event: 14.958 Thread 0x0000020af5e95800 12102       2       com.android.tools.r8.internal.l4::a (18 bytes)
Event: 14.958 Thread 0x0000020af5e95800 nmethod 12102 0x0000020ae0312890 code [0x0000020ae0312a60, 0x0000020ae0312bd8]
Event: 14.958 Thread 0x0000020af5e95800 12129       2       com.android.tools.r8.graph.U0::<init> (7 bytes)
Event: 14.958 Thread 0x0000020af5e95800 nmethod 12129 0x0000020ae0312d10 code [0x0000020ae0312ec0, 0x0000020ae0312fc8]
Event: 14.959 Thread 0x0000020af5e95800 12130       2       com.android.tools.r8.graph.A::<init> (89 bytes)
Event: 14.959 Thread 0x0000020af5e95800 nmethod 12130 0x0000020ae0313090 code [0x0000020ae0313240, 0x0000020ae0313368]
Event: 14.959 Thread 0x0000020af5e95800 12131       2       com.android.tools.r8.graph.O::k0 (13 bytes)
Event: 14.959 Thread 0x0000020af5e95800 nmethod 12131 0x0000020ae0313410 code [0x0000020ae03135c0, 0x0000020ae03136d8]
Event: 14.959 Thread 0x0000020af5e95800 12101       2       com.android.tools.r8.internal.C2::r (2 bytes)
Event: 14.959 Thread 0x0000020af5e95800 nmethod 12101 0x0000020ae0313790 code [0x0000020ae0313940, 0x0000020ae0313a38]
Event: 14.959 Thread 0x0000020af5e95800 12037       2       com.android.tools.r8.internal.p1::a (6 bytes)
Event: 14.960 Thread 0x0000020af5e95800 nmethod 12037 0x0000020ae0313b10 code [0x0000020ae0313ce0, 0x0000020ae0313ee8]
Event: 14.960 Thread 0x0000020af5e95800 12038       2       com.android.tools.r8.internal.ja::a (32 bytes)
Event: 14.960 Thread 0x0000020af5e95800 nmethod 12038 0x0000020ae0314090 code [0x0000020ae0314260, 0x0000020ae0314448]
Event: 14.960 Thread 0x0000020af5e95800 12132       2       com.android.tools.r8.internal.E7$b::a (26 bytes)
Event: 14.960 Thread 0x0000020af5e95800 nmethod 12132 0x0000020ae0314610 code [0x0000020ae0314800, 0x0000020ae03149d8]

GC Heap History (20 events):
Event: 11.513 GC heap before
{Heap before GC invocations=18 (full 0):
 garbage-first heap   total 189440K, used 127847K [0x0000000080000000, 0x0000000100000000)
  region size 1024K, 75 young (76800K), 9 survivors (9216K)
 Metaspace       used 78915K, capacity 81244K, committed 81408K, reserved 1120256K
  class space    used 10375K, capacity 11229K, committed 11264K, reserved 1048576K
}
Event: 11.534 GC heap after
{Heap after GC invocations=19 (full 0):
 garbage-first heap   total 189440K, used 67229K [0x0000000080000000, 0x0000000100000000)
  region size 1024K, 6 young (6144K), 6 survivors (6144K)
 Metaspace       used 78915K, capacity 81244K, committed 81408K, reserved 1120256K
  class space    used 10375K, capacity 11229K, committed 11264K, reserved 1048576K
}
Event: 12.304 GC heap before
{Heap before GC invocations=19 (full 0):
 garbage-first heap   total 189440K, used 132765K [0x0000000080000000, 0x0000000100000000)
  region size 1024K, 71 young (72704K), 6 survivors (6144K)
 Metaspace       used 79877K, capacity 82248K, committed 82304K, reserved 1120256K
  class space    used 10446K, capacity 11364K, committed 11392K, reserved 1048576K
}
Event: 12.312 GC heap after
{Heap after GC invocations=20 (full 0):
 garbage-first heap   total 189440K, used 70646K [0x0000000080000000, 0x0000000100000000)
  region size 1024K, 9 young (9216K), 9 survivors (9216K)
 Metaspace       used 79877K, capacity 82248K, committed 82304K, reserved 1120256K
  class space    used 10446K, capacity 11364K, committed 11392K, reserved 1048576K
}
Event: 12.648 GC heap before
{Heap before GC invocations=20 (full 0):
 garbage-first heap   total 189440K, used 137206K [0x0000000080000000, 0x0000000100000000)
  region size 1024K, 75 young (76800K), 9 survivors (9216K)
 Metaspace       used 81444K, capacity 83964K, committed 84096K, reserved 1122304K
  class space    used 10669K, capacity 11609K, committed 11648K, reserved 1048576K
}
Event: 12.661 GC heap after
{Heap after GC invocations=21 (full 0):
 garbage-first heap   total 189440K, used 80769K [0x0000000080000000, 0x0000000100000000)
  region size 1024K, 10 young (10240K), 10 survivors (10240K)
 Metaspace       used 81444K, capacity 83964K, committed 84096K, reserved 1122304K
  class space    used 10669K, capacity 11609K, committed 11648K, reserved 1048576K
}
Event: 13.016 GC heap before
{Heap before GC invocations=21 (full 0):
 garbage-first heap   total 189440K, used 141185K [0x0000000080000000, 0x0000000100000000)
  region size 1024K, 70 young (71680K), 10 survivors (10240K)
 Metaspace       used 85275K, capacity 88141K, committed 88448K, reserved 1126400K
  class space    used 11280K, capacity 12364K, committed 12416K, reserved 1048576K
}
Event: 13.036 GC heap after
{Heap after GC invocations=22 (full 0):
 garbage-first heap   total 227328K, used 88814K [0x0000000080000000, 0x0000000100000000)
  region size 1024K, 9 young (9216K), 9 survivors (9216K)
 Metaspace       used 85275K, capacity 88141K, committed 88448K, reserved 1126400K
  class space    used 11280K, capacity 12364K, committed 12416K, reserved 1048576K
}
Event: 13.322 GC heap before
{Heap before GC invocations=22 (full 0):
 garbage-first heap   total 227328K, used 161518K [0x0000000080000000, 0x0000000100000000)
  region size 1024K, 81 young (82944K), 9 survivors (9216K)
 Metaspace       used 87779K, capacity 90757K, committed 91008K, reserved 1128448K
  class space    used 11692K, capacity 12846K, committed 12928K, reserved 1048576K
}
Event: 13.343 GC heap after
{Heap after GC invocations=23 (full 0):
 garbage-first heap   total 227328K, used 100924K [0x0000000080000000, 0x0000000100000000)
  region size 1024K, 11 young (11264K), 11 survivors (11264K)
 Metaspace       used 87779K, capacity 90757K, committed 91008K, reserved 1128448K
  class space    used 11692K, capacity 12846K, committed 12928K, reserved 1048576K
}
Event: 13.684 GC heap before
{Heap before GC invocations=23 (full 0):
 garbage-first heap   total 227328K, used 169532K [0x0000000080000000, 0x0000000100000000)
  region size 1024K, 78 young (79872K), 11 survivors (11264K)
 Metaspace       used 90719K, capacity 94038K, committed 94208K, reserved 1130496K
  class space    used 12255K, capacity 13540K, committed 13568K, reserved 1048576K
}
Event: 13.703 GC heap after
{Heap after GC invocations=24 (full 0):
 garbage-first heap   total 227328K, used 108219K [0x0000000080000000, 0x0000000100000000)
  region size 1024K, 7 young (7168K), 7 survivors (7168K)
 Metaspace       used 90719K, capacity 94038K, committed 94208K, reserved 1130496K
  class space    used 12255K, capacity 13540K, committed 13568K, reserved 1048576K
}
Event: 13.985 GC heap before
{Heap before GC invocations=24 (full 0):
 garbage-first heap   total 227328K, used 174779K [0x0000000080000000, 0x0000000100000000)
  region size 1024K, 72 young (73728K), 7 survivors (7168K)
 Metaspace       used 91729K, capacity 95018K, committed 95360K, reserved 1130496K
  class space    used 12296K, capacity 13576K, committed 13696K, reserved 1048576K
}
Event: 13.996 GC heap after
{Heap after GC invocations=25 (full 0):
 garbage-first heap   total 227328K, used 109808K [0x0000000080000000, 0x0000000100000000)
  region size 1024K, 2 young (2048K), 2 survivors (2048K)
 Metaspace       used 91729K, capacity 95018K, committed 95360K, reserved 1130496K
  class space    used 12296K, capacity 13576K, committed 13696K, reserved 1048576K
}
Event: 14.355 GC heap before
{Heap before GC invocations=26 (full 0):
 garbage-first heap   total 227328K, used 177392K [0x0000000080000000, 0x0000000100000000)
  region size 1024K, 69 young (70656K), 2 survivors (2048K)
 Metaspace       used 91050K, capacity 93787K, committed 95360K, reserved 1130496K
  class space    used 12019K, capacity 13050K, committed 13696K, reserved 1048576K
}
Event: 14.364 GC heap after
{Heap after GC invocations=27 (full 0):
 garbage-first heap   total 273408K, used 109398K [0x0000000080000000, 0x0000000100000000)
  region size 1024K, 2 young (2048K), 2 survivors (2048K)
 Metaspace       used 91050K, capacity 93787K, committed 95360K, reserved 1130496K
  class space    used 12019K, capacity 13050K, committed 13696K, reserved 1048576K
}
Event: 14.651 GC heap before
{Heap before GC invocations=27 (full 0):
 garbage-first heap   total 273408K, used 198486K [0x0000000080000000, 0x0000000100000000)
  region size 1024K, 89 young (91136K), 2 survivors (2048K)
 Metaspace       used 91112K, capacity 93834K, committed 95360K, reserved 1130496K
  class space    used 12030K, capacity 13066K, committed 13696K, reserved 1048576K
}
Event: 14.657 GC heap after
{Heap after GC invocations=28 (full 0):
 garbage-first heap   total 273408K, used 110978K [0x0000000080000000, 0x0000000100000000)
  region size 1024K, 4 young (4096K), 4 survivors (4096K)
 Metaspace       used 91112K, capacity 93834K, committed 95360K, reserved 1130496K
  class space    used 12030K, capacity 13066K, committed 13696K, reserved 1048576K
}
Event: 14.904 GC heap before
{Heap before GC invocations=28 (full 0):
 garbage-first heap   total 273408K, used 209282K [0x0000000080000000, 0x0000000100000000)
  region size 1024K, 101 young (103424K), 4 survivors (4096K)
 Metaspace       used 91249K, capacity 94038K, committed 95616K, reserved 1130496K
  class space    used 12053K, capacity 13112K, committed 13696K, reserved 1048576K
}
Event: 14.910 GC heap after
{Heap after GC invocations=29 (full 0):
 garbage-first heap   total 273408K, used 110919K [0x0000000080000000, 0x0000000100000000)
  region size 1024K, 4 young (4096K), 4 survivors (4096K)
 Metaspace       used 91249K, capacity 94038K, committed 95616K, reserved 1130496K
  class space    used 12053K, capacity 13112K, committed 13696K, reserved 1048576K
}

Deoptimization events (20 events):
Event: 14.924 Thread 0x0000020afa1d2800 DEOPT PACKING pc=0x0000020ae6468930 sp=0x0000005300df9be0
Event: 14.924 Thread 0x0000020afa1d2800 DEOPT UNPACKING pc=0x0000020ade4878af sp=0x0000005300df9b68 mode 2
Event: 14.927 Thread 0x0000020afa1d2800 Uncommon trap: trap_request=0xffffffbe fr.pc=0x0000020ae6468930 relative=0x0000000000000210
Event: 14.927 Thread 0x0000020afa1d2800 Uncommon trap: reason=profile_predicate action=maybe_recompile pc=0x0000020ae6468930 method=com.android.tools.r8.graph.c0.a([C)I @ 8 c2
Event: 14.927 Thread 0x0000020afa1d2800 DEOPT PACKING pc=0x0000020ae6468930 sp=0x0000005300df9be0
Event: 14.927 Thread 0x0000020afa1d2800 DEOPT UNPACKING pc=0x0000020ade4878af sp=0x0000005300df9b68 mode 2
Event: 14.927 Thread 0x0000020afa1d2800 Uncommon trap: trap_request=0xffffffbe fr.pc=0x0000020ae6468930 relative=0x0000000000000210
Event: 14.927 Thread 0x0000020afa1d2800 Uncommon trap: reason=profile_predicate action=maybe_recompile pc=0x0000020ae6468930 method=com.android.tools.r8.graph.c0.a([C)I @ 8 c2
Event: 14.927 Thread 0x0000020afa1d2800 DEOPT PACKING pc=0x0000020ae6468930 sp=0x0000005300df9be0
Event: 14.927 Thread 0x0000020afa1d2800 DEOPT UNPACKING pc=0x0000020ade4878af sp=0x0000005300df9b68 mode 2
Event: 14.927 Thread 0x0000020afa1d2800 Uncommon trap: trap_request=0xffffffbe fr.pc=0x0000020ae6468930 relative=0x0000000000000210
Event: 14.927 Thread 0x0000020afa1d2800 Uncommon trap: reason=profile_predicate action=maybe_recompile pc=0x0000020ae6468930 method=com.android.tools.r8.graph.c0.a([C)I @ 8 c2
Event: 14.927 Thread 0x0000020afa1d2800 DEOPT PACKING pc=0x0000020ae6468930 sp=0x0000005300df9be0
Event: 14.927 Thread 0x0000020afa1d2800 DEOPT UNPACKING pc=0x0000020ade4878af sp=0x0000005300df9b68 mode 2
Event: 14.948 Thread 0x0000020afa1d5000 Uncommon trap: trap_request=0xffffffc6 fr.pc=0x0000020ae5f76c78 relative=0x0000000000002818
Event: 14.948 Thread 0x0000020afa1d5000 Uncommon trap: reason=bimorphic_or_optimized_type_check action=maybe_recompile pc=0x0000020ae5f76c78 method=java.util.HashMap.putVal(ILjava/lang/Object;Ljava/lang/Object;ZZ)Ljava/lang/Object; @ 203 c2
Event: 14.948 Thread 0x0000020afa1d5000 DEOPT PACKING pc=0x0000020ae5f76c78 sp=0x00000053012f8a00
Event: 14.948 Thread 0x0000020afa1d5000 DEOPT UNPACKING pc=0x0000020ade4878af sp=0x00000053012f88c8 mode 2
Event: 14.960 Thread 0x0000020afa1d5000 DEOPT PACKING pc=0x0000020ae00f6776 sp=0x00000053012f9960
Event: 14.960 Thread 0x0000020afa1d5000 DEOPT UNPACKING pc=0x0000020ade4876ce sp=0x00000053012f8f00 mode 0

Classes redefined (0 events):
No events

Internal exceptions (20 events):
Event: 13.346 Thread 0x0000020afa1d7800 Exception <a 'java/lang/NoSuchMethodError'{0x000000008dd062b8}: 'java.lang.Object java.lang.invoke.DirectMethodHandle$Holder.invokeVirtual(java.lang.Object, java.lang.Object, int, java.lang.Object)'> (0x000000008dd062b8) thrown at [./src/hotspot/share/interpreter/linkResolver.cpp, line 773]
Event: 13.346 Thread 0x0000020afa1ce800 Exception <a 'java/lang/NoSuchMethodError'{0x000000008ddc2700}: 'java.lang.Object java.lang.invoke.DirectMethodHandle$Holder.invokeVirtual(java.lang.Object, java.lang.Object, int, java.lang.Object)'> (0x000000008ddc2700) thrown at [./src/hotspot/share/interpreter/linkResolver.cpp, line 773]
Event: 13.346 Thread 0x0000020afa1d8800 Exception <a 'java/lang/NoSuchMethodError'{0x000000008dd96d38}: 'java.lang.Object java.lang.invoke.DirectMethodHandle$Holder.invokeVirtual(java.lang.Object, java.lang.Object, int, java.lang.Object)'> (0x000000008dd96d38) thrown at [./src/hotspot/share/interpreter/linkResolver.cpp, line 773]
Event: 13.346 Thread 0x0000020afa1d6000 Exception <a 'java/lang/NoSuchMethodError'{0x000000008ddf3dd8}: 'java.lang.Object java.lang.invoke.DirectMethodHandle$Holder.invokeVirtual(java.lang.Object, java.lang.Object, int, java.lang.Object)'> (0x000000008ddf3dd8) thrown at [./src/hotspot/share/interpreter/linkResolver.cpp, line 773]
Event: 13.346 Thread 0x0000020afa1d5000 Exception <a 'java/lang/NoSuchMethodError'{0x000000008dd9dcd0}: 'java.lang.Object java.lang.invoke.DirectMethodHandle$Holder.invokeVirtual(java.lang.Object, java.lang.Object, int, java.lang.Object)'> (0x000000008dd9dcd0) thrown at [./src/hotspot/share/interpreter/linkResolver.cpp, line 773]
Event: 13.346 Thread 0x0000020afa1cd800 Exception <a 'java/lang/NoSuchMethodError'{0x000000008dde21a8}: 'java.lang.Object java.lang.invoke.DirectMethodHandle$Holder.invokeVirtual(java.lang.Object, java.lang.Object, int, java.lang.Object)'> (0x000000008dde21a8) thrown at [./src/hotspot/share/interpreter/linkResolver.cpp, line 773]
Event: 13.350 Thread 0x0000020afa1cd800 Exception <a 'java/lang/IncompatibleClassChangeError'{0x000000008dcc9838}: Found class java.lang.Object, but interface was expected> (0x000000008dcc9838) thrown at [./src/hotspot/share/interpreter/linkResolver.cpp, line 839]
Event: 13.351 Thread 0x0000020afa1cd800 Exception <a 'java/lang/IncompatibleClassChangeError'{0x000000008db57af0}: Found class java.lang.Object, but interface was expected> (0x000000008db57af0) thrown at [./src/hotspot/share/interpreter/linkResolver.cpp, line 839]
Event: 13.374 Thread 0x0000020afa1d5000 Exception <a 'java/lang/NoSuchMethodError'{0x000000008d56fb88}: 'void java.lang.invoke.DirectMethodHandle$Holder.invokeVirtual(java.lang.Object, java.lang.Object, int, java.lang.Object)'> (0x000000008d56fb88) thrown at [./src/hotspot/share/interpreter/linkResolver.cpp, line 773]
Event: 13.374 Thread 0x0000020afa1d6000 Exception <a 'java/lang/NoSuchMethodError'{0x000000008dbc91e8}: 'void java.lang.invoke.DirectMethodHandle$Holder.invokeVirtual(java.lang.Object, java.lang.Object, int, java.lang.Object)'> (0x000000008dbc91e8) thrown at [./src/hotspot/share/interpreter/linkResolver.cpp, line 773]
Event: 13.374 Thread 0x0000020afa1d8800 Exception <a 'java/lang/NoSuchMethodError'{0x000000008dc65a08}: 'void java.lang.invoke.DirectMethodHandle$Holder.invokeVirtual(java.lang.Object, java.lang.Object, int, java.lang.Object)'> (0x000000008dc65a08) thrown at [./src/hotspot/share/interpreter/linkResolver.cpp, line 773]
Event: 13.435 Thread 0x0000020afa1d5000 Exception <a 'java/lang/NoSuchMethodError'{0x000000008c5ea868}: 'int java.lang.invoke.DirectMethodHandle$Holder.invokeSpecial(java.lang.Object, java.lang.Object, java.lang.Object, int, java.lang.Object)'> (0x000000008c5ea868) thrown at [./src/hotspot/share/interpreter/linkResolver.cpp, line 773]
Event: 13.448 Thread 0x0000020afa1ce800 Exception <a 'java/lang/NoSuchMethodError'{0x000000008c5b1830}: 'java.lang.Object java.lang.invoke.DirectMethodHandle$Holder.newInvokeSpecial(java.lang.Object, int)'> (0x000000008c5b1830) thrown at [./src/hotspot/share/interpreter/linkResolver.cpp, line 773]
Event: 13.448 Thread 0x0000020afa1d6000 Exception <a 'java/lang/NoSuchMethodError'{0x000000008c5e06b8}: 'java.lang.Object java.lang.invoke.DirectMethodHandle$Holder.newInvokeSpecial(java.lang.Object, int)'> (0x000000008c5e06b8) thrown at [./src/hotspot/share/interpreter/linkResolver.cpp, line 773]
Event: 13.448 Thread 0x0000020afa1d5000 Exception <a 'java/lang/NoSuchMethodError'{0x000000008c059558}: 'java.lang.Object java.lang.invoke.DirectMethodHandle$Holder.newInvokeSpecial(java.lang.Object, int)'> (0x000000008c059558) thrown at [./src/hotspot/share/interpreter/linkResolver.cpp, line 773]
Event: 13.448 Thread 0x0000020afa1d7800 Exception <a 'java/lang/NoSuchMethodError'{0x000000008c584630}: 'java.lang.Object java.lang.invoke.DirectMethodHandle$Holder.newInvokeSpecial(java.lang.Object, int)'> (0x000000008c584630) thrown at [./src/hotspot/share/interpreter/linkResolver.cpp, line 773]
Event: 13.448 Thread 0x0000020afa1d8800 Exception <a 'java/lang/NoSuchMethodError'{0x000000008c40bce8}: 'java.lang.Object java.lang.invoke.DirectMethodHandle$Holder.newInvokeSpecial(java.lang.Object, int)'> (0x000000008c40bce8) thrown at [./src/hotspot/share/interpreter/linkResolver.cpp, line 773]
Event: 13.449 Thread 0x0000020afa1cd800 Exception <a 'java/lang/NoSuchMethodError'{0x000000008c160bf8}: 'java.lang.Object java.lang.invoke.DirectMethodHandle$Holder.newInvokeSpecial(java.lang.Object, int)'> (0x000000008c160bf8) thrown at [./src/hotspot/share/interpreter/linkResolver.cpp, line 773]
Event: 13.473 Thread 0x0000020afa1d8800 Exception <a 'java/lang/NoSuchMethodError'{0x000000008bc7d7e0}: 'java.lang.Object java.lang.invoke.DirectMethodHandle$Holder.invokeInterface(java.lang.Object, java.lang.Object, int)'> (0x000000008bc7d7e0) thrown at [./src/hotspot/share/interpreter/linkResolver.cpp, line 773]
Event: 14.333 Thread 0x0000020afa1d5000 Exception <a 'java/lang/NoSuchMethodError'{0x000000008a35afd8}: 'int java.lang.invoke.DirectMethodHandle$Holder.invokeInterface(java.lang.Object, java.lang.Object, int)'> (0x000000008a35afd8) thrown at [./src/hotspot/share/interpreter/linkResolver.cpp, line 773]

Events (20 events):
Event: 14.949 loading class com/android/tools/r8/naming/K$b
Event: 14.949 loading class com/android/tools/r8/naming/K$b done
Event: 14.950 loading class com/android/tools/r8/internal/de
Event: 14.950 loading class com/android/tools/r8/internal/de done
Event: 14.951 loading class com/android/tools/r8/internal/Kn
Event: 14.951 loading class com/android/tools/r8/internal/Kn done
Event: 14.953 loading class com/android/tools/r8/synthesis/p
Event: 14.953 loading class com/android/tools/r8/synthesis/p done
Event: 14.955 loading class com/android/tools/r8/synthesis/v
Event: 14.955 loading class com/android/tools/r8/synthesis/v done
Event: 14.956 loading class com/android/tools/r8/synthesis/o
Event: 14.956 loading class com/android/tools/r8/synthesis/o done
Event: 14.956 loading class com/android/tools/r8/graph/S0
Event: 14.956 loading class com/android/tools/r8/graph/S0 done
Event: 14.958 loading class com/android/tools/r8/graph/Z0
Event: 14.958 loading class com/android/tools/r8/graph/Z0 done
Event: 14.959 loading class com/android/tools/r8/synthesis/l
Event: 14.959 loading class com/android/tools/r8/synthesis/l done
Event: 14.960 loading class com/android/tools/r8/synthesis/m
Event: 14.960 loading class com/android/tools/r8/synthesis/m done


Dynamic libraries:
0x00007ff77c400000 - 0x00007ff77c40a000 	C:\Program Files\Android\Android Studio\jre\bin\java.exe
0x00007ffcc8940000 - 0x00007ffcc8b47000 	C:\Windows\SYSTEM32\ntdll.dll
0x00007ffcc71a0000 - 0x00007ffcc725d000 	C:\Windows\System32\KERNEL32.DLL
0x00007ffcc6330000 - 0x00007ffcc66a4000 	C:\Windows\System32\KERNELBASE.dll
0x00007ffcc33d0000 - 0x00007ffcc3461000 	C:\Windows\SYSTEM32\apphelp.dll
0x00007ffcc66b0000 - 0x00007ffcc67c1000 	C:\Windows\System32\ucrtbase.dll
0x00007ffcc15d0000 - 0x00007ffcc15e9000 	C:\Program Files\Android\Android Studio\jre\bin\jli.dll
0x00007ffcc22a0000 - 0x00007ffcc22b7000 	C:\Program Files\Android\Android Studio\jre\bin\VCRUNTIME140.dll
0x00007ffcc7d10000 - 0x00007ffcc7ebc000 	C:\Windows\System32\USER32.dll
0x00007ffca8770000 - 0x00007ffca8a15000 	C:\Windows\WinSxS\amd64_microsoft.windows.common-controls_6595b64144ccf1df_6.0.22000.120_none_9d947278b86cc467\COMCTL32.dll
0x00007ffcc6300000 - 0x00007ffcc6326000 	C:\Windows\System32\win32u.dll
0x00007ffcc7540000 - 0x00007ffcc75e3000 	C:\Windows\System32\msvcrt.dll
0x00007ffcc7020000 - 0x00007ffcc7049000 	C:\Windows\System32\GDI32.dll
0x00007ffcc6120000 - 0x00007ffcc6232000 	C:\Windows\System32\gdi32full.dll
0x00007ffcc5f90000 - 0x00007ffcc602d000 	C:\Windows\System32\msvcp_win.dll
0x00007ffcc7260000 - 0x00007ffcc7291000 	C:\Windows\System32\IMM32.DLL
0x00007ffcbde10000 - 0x00007ffcbdead000 	C:\Program Files\Android\Android Studio\jre\bin\msvcp140.dll
0x00007ffc80200000 - 0x00007ffc80ccf000 	C:\Program Files\Android\Android Studio\jre\bin\server\jvm.dll
0x00007ffcc67d0000 - 0x00007ffcc687c000 	C:\Windows\System32\ADVAPI32.dll
0x00007ffcc6de0000 - 0x00007ffcc6e7d000 	C:\Windows\System32\sechost.dll
0x00007ffcc8720000 - 0x00007ffcc8841000 	C:\Windows\System32\RPCRT4.dll
0x00007ffcc7530000 - 0x00007ffcc7538000 	C:\Windows\System32\PSAPI.DLL
0x00007ffcc02c0000 - 0x00007ffcc02c9000 	C:\Windows\SYSTEM32\WSOCK32.dll
0x00007ffcbe0e0000 - 0x00007ffcbe113000 	C:\Windows\SYSTEM32\WINMM.dll
0x00007ffcbc560000 - 0x00007ffcbc56a000 	C:\Windows\SYSTEM32\VERSION.dll
0x00007ffcc7ca0000 - 0x00007ffcc7d0f000 	C:\Windows\System32\WS2_32.dll
0x00007ffcc4ff0000 - 0x00007ffcc5008000 	C:\Windows\SYSTEM32\kernel.appcore.dll
0x00007ffcb9e80000 - 0x00007ffcb9e91000 	C:\Program Files\Android\Android Studio\jre\bin\verify.dll
0x00007ffcbf790000 - 0x00007ffcbf9b1000 	C:\Windows\SYSTEM32\DBGHELP.DLL
0x00007ffcabf10000 - 0x00007ffcabf41000 	C:\Windows\SYSTEM32\dbgcore.DLL
0x00007ffcc6030000 - 0x00007ffcc60b0000 	C:\Windows\System32\bcryptPrimitives.dll
0x00007ffcb3d60000 - 0x00007ffcb3d89000 	C:\Program Files\Android\Android Studio\jre\bin\java.dll
0x00007ffcc02b0000 - 0x00007ffcc02bb000 	C:\Program Files\Android\Android Studio\jre\bin\jimage.dll
0x00007ffcb4700000 - 0x00007ffcb4718000 	C:\Program Files\Android\Android Studio\jre\bin\zip.dll
0x00007ffcc7f50000 - 0x00007ffcc86f9000 	C:\Windows\System32\SHELL32.dll
0x00007ffcc3fd0000 - 0x00007ffcc4832000 	C:\Windows\SYSTEM32\windows.storage.dll
0x00007ffcc6970000 - 0x00007ffcc6ce8000 	C:\Windows\System32\combase.dll
0x00007ffcc3e60000 - 0x00007ffcc3fc6000 	C:\Windows\SYSTEM32\wintypes.dll
0x00007ffcc70b0000 - 0x00007ffcc719a000 	C:\Windows\System32\SHCORE.dll
0x00007ffcc6880000 - 0x00007ffcc68dd000 	C:\Windows\System32\shlwapi.dll
0x00007ffcc5d50000 - 0x00007ffcc5d71000 	C:\Windows\SYSTEM32\profapi.dll
0x00007ffcac4c0000 - 0x00007ffcac4da000 	C:\Program Files\Android\Android Studio\jre\bin\net.dll
0x00007ffcc07c0000 - 0x00007ffcc08cc000 	C:\Windows\SYSTEM32\WINHTTP.dll
0x00007ffcc5450000 - 0x00007ffcc54b7000 	C:\Windows\system32\mswsock.dll
0x00007ffcac250000 - 0x00007ffcac264000 	C:\Program Files\Android\Android Studio\jre\bin\nio.dll
0x00007ffca62f0000 - 0x00007ffca6317000 	C:\Users\hsibin\.gradle\native\8bec1ad78214c89d9ad589b4d07fe93259594b29d510b10fafb7a158f7737e5d\windows-amd64\native-platform.dll
0x00007ffc8a7d0000 - 0x00007ffc8a90d000 	C:\Users\hsibin\.gradle\native\53dbd7edfb1c66fb8903c78663c9afc45aea4f116125fa6feffd364cf09443e8\windows-amd64\native-platform-file-events.dll
0x00007ffcc0290000 - 0x00007ffcc029a000 	C:\Program Files\Android\Android Studio\jre\bin\management.dll
0x00007ffcbd490000 - 0x00007ffcbd49c000 	C:\Program Files\Android\Android Studio\jre\bin\management_ext.dll
0x00007ffcc5690000 - 0x00007ffcc56a8000 	C:\Windows\SYSTEM32\CRYPTSP.dll
0x00007ffcc4f20000 - 0x00007ffcc4f55000 	C:\Windows\system32\rsaenh.dll
0x00007ffcc5540000 - 0x00007ffcc5569000 	C:\Windows\SYSTEM32\USERENV.dll
0x00007ffcc5810000 - 0x00007ffcc5837000 	C:\Windows\SYSTEM32\bcrypt.dll
0x00007ffcc56b0000 - 0x00007ffcc56bc000 	C:\Windows\SYSTEM32\CRYPTBASE.dll
0x00007ffcc4a80000 - 0x00007ffcc4aad000 	C:\Windows\SYSTEM32\IPHLPAPI.DLL
0x00007ffcc68e0000 - 0x00007ffcc68e9000 	C:\Windows\System32\NSI.dll
0x00007ffcc0680000 - 0x00007ffcc0699000 	C:\Windows\SYSTEM32\dhcpcsvc6.DLL
0x00007ffcc0a10000 - 0x00007ffcc0a2e000 	C:\Windows\SYSTEM32\dhcpcsvc.DLL
0x00007ffcc4ab0000 - 0x00007ffcc4b97000 	C:\Windows\SYSTEM32\DNSAPI.dll

dbghelp: loaded successfully - version: 4.0.5 - missing functions: none
symbol engine: initialized successfully - sym options: 0x614 - pdb path: .;C:\Program Files\Android\Android Studio\jre\bin;C:\Windows\SYSTEM32;C:\Windows\WinSxS\amd64_microsoft.windows.common-controls_6595b64144ccf1df_6.0.22000.120_none_9d947278b86cc467;C:\Program Files\Android\Android Studio\jre\bin\server;C:\Users\hsibin\.gradle\native\8bec1ad78214c89d9ad589b4d07fe93259594b29d510b10fafb7a158f7737e5d\windows-amd64;C:\Users\hsibin\.gradle\native\53dbd7edfb1c66fb8903c78663c9afc45aea4f116125fa6feffd364cf09443e8\windows-amd64

VM Arguments:
jvm_args: --add-opens=java.base/java.util=ALL-UNNAMED --add-opens=java.base/java.lang=ALL-UNNAMED --add-opens=java.base/java.lang.invoke=ALL-UNNAMED --add-opens=java.base/java.util=ALL-UNNAMED --add-opens=java.prefs/java.util.prefs=ALL-UNNAMED --add-opens=java.prefs/java.util.prefs=ALL-UNNAMED --add-opens=java.base/java.nio.charset=ALL-UNNAMED --add-opens=java.base/java.net=ALL-UNNAMED --add-opens=java.base/java.util.concurrent.atomic=ALL-UNNAMED -Xmx2048m -Dfile.encoding=UTF-8 -Duser.country=CN -Duser.language=zh -Duser.variant 
java_command: org.gradle.launcher.daemon.bootstrap.GradleDaemon 7.0.2
java_class_path (initial): C:\Users\hsibin\.gradle\wrapper\dists\gradle-7.0.2-bin\857tjihv64xamwrf0h14cai3r\gradle-7.0.2\lib\gradle-launcher-7.0.2.jar
Launcher Type: SUN_STANDARD

[Global flags]
     intx CICompilerCount                          = 4                                         {product} {ergonomic}
     uint ConcGCThreads                            = 2                                         {product} {ergonomic}
     uint G1ConcRefinementThreads                  = 8                                         {product} {ergonomic}
   size_t G1HeapRegionSize                         = 1048576                                   {product} {ergonomic}
    uintx GCDrainStackTargetSize                   = 64                                        {product} {ergonomic}
   size_t InitialHeapSize                          = 134217728                                 {product} {ergonomic}
   size_t MarkStackSize                            = 4194304                                   {product} {ergonomic}
   size_t MaxHeapSize                              = 2147483648                                {product} {command line}
   size_t MaxNewSize                               = 1287651328                                {product} {ergonomic}
   size_t MinHeapDeltaBytes                        = 1048576                                   {product} {ergonomic}
    uintx NonNMethodCodeHeapSize                   = 5836300                                {pd product} {ergonomic}
    uintx NonProfiledCodeHeapSize                  = 122910970                              {pd product} {ergonomic}
    uintx ProfiledCodeHeapSize                     = 122910970                              {pd product} {ergonomic}
    uintx ReservedCodeCacheSize                    = 251658240                              {pd product} {ergonomic}
     bool SegmentedCodeCache                       = true                                      {product} {ergonomic}
     bool UseCompressedClassPointers               = true                                 {lp64_product} {ergonomic}
     bool UseCompressedOops                        = true                                 {lp64_product} {ergonomic}
     bool UseG1GC                                  = true                                      {product} {ergonomic}
     bool UseLargePagesIndividualAllocation        = false                                  {pd product} {ergonomic}

Logging:
Log output configuration:
 #0: stdout all=warning uptime,level,tags
 #1: stderr all=off uptime,level,tags

Environment Variables:
PATH=C:\Program Files (x86)\Common Files\Oracle\Java\javapath;C:\Windows\system32;C:\Windows;C:\Windows\System32\Wbem;C:\Windows\System32\WindowsPowerShell\v1.0\;C:\Windows\System32\OpenSSH\;C:\Program Files\Git\cmd;C:\Users\hsibin\AppData\Local\Microsoft\WindowsApps;;C:\Program Files\JetBrains\IntelliJ IDEA 2021.2.2\bin;;C:\Program Files\JetBrains\WebStorm 2021.2.2\bin;
USERNAME=hsibin
OS=Windows_NT
PROCESSOR_IDENTIFIER=Intel64 Family 6 Model 142 Stepping 10, GenuineIntel



---------------  S Y S T E M  ---------------

OS: Windows 10 , 64 bit Build 22000 (10.0.22000.120)
OS uptime: 0 days 5:32 hours

CPU:total 8 (initial active 8) (4 cores per cpu, 2 threads per core) family 6 model 142 stepping 10 microcode 0xe8, cmov, cx8, fxsr, mmx, sse, sse2, sse3, ssse3, sse4.1, sse4.2, popcnt, avx, avx2, aes, clmul, erms, 3dnowpref, lzcnt, ht, tsc, tscinvbit, bmi1, bmi2, adx, fma

Memory: 4k page, system-wide physical 8109M (337M free)
TotalPageFile size 12205M (AvailPageFile size 6M)
current process WorkingSet (physical memory assigned to process): 572M, peak: 572M
current process commit charge ("private bytes"): 627M, peak: 629M

vm_info: OpenJDK 64-Bit Server VM (11.0.10+0-b96-7249189) for windows-amd64 JRE (11.0.10+0-b96-7249189), built on Mar 31 2021 21:44:00 by "builder" with MS VC++ 14.0 (VS2015)

END.
