#
# There is insufficient memory for the Java Runtime Environment to continue.
# Native memory allocation (malloc) failed to allocate 644496 bytes for Chunk::new
# Possible reasons:
#   The system is out of physical RAM or swap space
#   The process is running with CompressedOops enabled, and the Java Heap may be blocking the growth of the native heap
# Possible solutions:
#   Reduce memory load on the system
#   Increase physical memory or swap space
#   Check if swap backing store is full
#   Decrease Java heap size (-Xmx/-Xms)
#   Decrease number of Java threads
#   Decrease Java thread stack sizes (-Xss)
#   Set larger code cache with -XX:ReservedCodeCacheSize=
#   JVM is running with Unscaled Compressed Oops mode in which the Java heap is
#     placed in the first 4GB address space. The Java Heap base address is the
#     maximum limit for the native heap growth. Please use -XX:HeapBaseMinAddress
#     to set the Java Heap base and to place the Java Heap above 4GB virtual address.
# This output file may be truncated or incomplete.
#
#  Out of Memory Error (./src/hotspot/share/memory/arena.cpp:197), pid=8096, tid=12208
#
# JRE version: OpenJDK Runtime Environment (11.0.10) (build 11.0.10+0-b96-7249189)
# Java VM: OpenJDK 64-Bit Server VM (11.0.10+0-b96-7249189, mixed mode, tiered, compressed oops, g1 gc, windows-amd64)
# No core dump will be written. Minidumps are not enabled by default on client versions of Windows
#

---------------  S U M M A R Y ------------

Command Line: --add-opens=java.base/java.util=ALL-UNNAMED --add-opens=java.base/java.lang=ALL-UNNAMED --add-opens=java.base/java.lang.invoke=ALL-UNNAMED --add-opens=java.base/java.util=ALL-UNNAMED --add-opens=java.prefs/java.util.prefs=ALL-UNNAMED --add-opens=java.prefs/java.util.prefs=ALL-UNNAMED --add-opens=java.base/java.nio.charset=ALL-UNNAMED --add-opens=java.base/java.net=ALL-UNNAMED --add-opens=java.base/java.util.concurrent.atomic=ALL-UNNAMED -Xmx2048m -Dfile.encoding=UTF-8 -Duser.country=CN -Duser.language=zh -Duser.variant org.gradle.launcher.daemon.bootstrap.GradleDaemon 7.0.2

Host: Intel(R) Core(TM) i5-8250U CPU @ 1.60GHz, 8 cores, 7G,  Windows 10 , 64 bit Build 22000 (10.0.22000.120)
Time: Sat Oct 16 18:20:03 2021 中国标准时间 elapsed time: 1160.543372 seconds (0d 0h 19m 20s)

---------------  T H R E A D  ---------------

Current thread (0x000001f23de19800):  JavaThread "C2 CompilerThread0" daemon [_thread_in_native, id=12208, stack(0x0000005323500000,0x0000005323600000)]


Current CompileTask:
C2:1160543 18175 %     4       com.android.tools.r8.dex.j::a @ 44 (1038 bytes)

Stack: [0x0000005323500000,0x0000005323600000]
Native frames: (J=compiled Java code, j=interpreted, Vv=VM code, C=native code)
V  [jvm.dll+0x5ecfaa]
V  [jvm.dll+0x722bd5]
V  [jvm.dll+0x72412d]
V  [jvm.dll+0x7247e3]
V  [jvm.dll+0x242928]
V  [jvm.dll+0xbc4fc]
V  [jvm.dll+0xbca0c]
V  [jvm.dll+0x2b4fd4]
V  [jvm.dll+0x506028]
V  [jvm.dll+0x1fc985]
V  [jvm.dll+0x1fa77f]
V  [jvm.dll+0x18354c]
V  [jvm.dll+0x208ee7]
V  [jvm.dll+0x207731]
V  [jvm.dll+0x6eb1cf]
V  [jvm.dll+0x6e3d45]
V  [jvm.dll+0x5ebe96]
C  [ucrtbase.dll+0x26c0c]
C  [KERNEL32.DLL+0x154e0]
C  [ntdll.dll+0x485b]


---------------  P R O C E S S  ---------------

Threads class SMR info:
_java_thread_list=0x000001f24702e160, length=80, elements={
0x000001f22308f800, 0x000001f23d505800, 0x000001f23d507000, 0x000001f23d529800,
0x000001f23d52a800, 0x000001f23d52b800, 0x000001f23de19800, 0x000001f23de25800,
0x000001f23de27800, 0x000001f23dfb4800, 0x000001f23efc6800, 0x000001f23e0ba000,
0x000001f23f59e000, 0x000001f241aa1800, 0x000001f241aa0800, 0x000001f241aa2800,
0x000001f2403e2800, 0x000001f2403de800, 0x000001f2403df800, 0x000001f2403dd800,
0x000001f2403e7800, 0x000001f2403e5000, 0x000001f2403e9000, 0x000001f24221f000,
0x000001f242226000, 0x000001f242220000, 0x000001f242226800, 0x000001f242221000,
0x000001f24222a800, 0x000001f241445000, 0x000001f2476b9800, 0x000001f2476bb000,
0x000001f2476be000, 0x000001f2476ba000, 0x000001f2476bb800, 0x000001f2476bd800,
0x000001f2476bc800, 0x000001f2476bf000, 0x000001f2476c0000, 0x000001f24143d800,
0x000001f241440000, 0x000001f24143e800, 0x000001f24143f800, 0x000001f24143d000,
0x000001f24143a800, 0x000001f241441000, 0x000001f24143b000, 0x000001f241441800,
0x000001f24143c000, 0x000001f241443800, 0x000001f241442800, 0x000001f241446800,
0x000001f241447800, 0x000001f241444000, 0x000001f241448000, 0x000001f241449000,
0x000001f242227800, 0x000001f242225000, 0x000001f242222800, 0x000001f242221800,
0x000001f242228000, 0x000001f242223800, 0x000001f242224000, 0x000001f24222b800,
0x000001f24222c800, 0x000001f24222d000, 0x000001f24222e000, 0x000001f2403e1000,
0x000001f2403e1800, 0x000001f2403dd000, 0x000001f2403e4000, 0x000001f2403e0000,
0x000001f2403e6800, 0x000001f2403e8000, 0x000001f2403ea800, 0x000001f2403eb800,
0x000001f241aa0000, 0x000001f242ee5000, 0x000001f242ee3800, 0x000001f242ee4800
}

Java Threads: ( => current thread )
  0x000001f22308f800 JavaThread "main" [_thread_blocked, id=11808, stack(0x0000005322900000,0x0000005322a00000)]
  0x000001f23d505800 JavaThread "Reference Handler" daemon [_thread_blocked, id=4040, stack(0x0000005323000000,0x0000005323100000)]
  0x000001f23d507000 JavaThread "Finalizer" daemon [_thread_blocked, id=11296, stack(0x0000005323100000,0x0000005323200000)]
  0x000001f23d529800 JavaThread "Signal Dispatcher" daemon [_thread_blocked, id=6904, stack(0x0000005323200000,0x0000005323300000)]
  0x000001f23d52a800 JavaThread "Attach Listener" daemon [_thread_blocked, id=304, stack(0x0000005323300000,0x0000005323400000)]
  0x000001f23d52b800 JavaThread "Service Thread" daemon [_thread_blocked, id=1812, stack(0x0000005323400000,0x0000005323500000)]
=>0x000001f23de19800 JavaThread "C2 CompilerThread0" daemon [_thread_in_native, id=12208, stack(0x0000005323500000,0x0000005323600000)]
  0x000001f23de25800 JavaThread "C1 CompilerThread0" daemon [_thread_blocked, id=13208, stack(0x0000005323600000,0x0000005323700000)]
  0x000001f23de27800 JavaThread "Sweeper thread" daemon [_thread_blocked, id=12460, stack(0x0000005323700000,0x0000005323800000)]
  0x000001f23dfb4800 JavaThread "Common-Cleaner" daemon [_thread_blocked, id=8836, stack(0x0000005323800000,0x0000005323900000)]
  0x000001f23efc6800 JavaThread "Daemon health stats" [_thread_blocked, id=4684, stack(0x0000005323e00000,0x0000005323f00000)]
  0x000001f23e0ba000 JavaThread "Incoming local TCP Connector on port 64584" [_thread_in_native, id=11368, stack(0x0000005323a00000,0x0000005323b00000)]
  0x000001f23f59e000 JavaThread "Daemon periodic checks" [_thread_blocked, id=8132, stack(0x0000005323b00000,0x0000005323c00000)]
  0x000001f241aa1800 JavaThread "Cache worker for file hash cache (C:\Users\hsibin\.gradle\caches\7.0.2\fileHashes)" [_thread_blocked, id=2112, stack(0x0000005324b00000,0x0000005324c00000)]
  0x000001f241aa0800 JavaThread "File lock request listener" [_thread_in_native, id=9156, stack(0x0000005324c00000,0x0000005324d00000)]
  0x000001f241aa2800 JavaThread "Cache worker for journal cache (C:\Users\hsibin\.gradle\caches\journal-1)" [_thread_blocked, id=10880, stack(0x0000005324e00000,0x0000005324f00000)]
  0x000001f2403e2800 JavaThread "File watcher server" daemon [_thread_in_native, id=4024, stack(0x0000005325100000,0x0000005325200000)]
  0x000001f2403de800 JavaThread "File watcher consumer" daemon [_thread_blocked, id=6216, stack(0x0000005325200000,0x0000005325300000)]
  0x000001f2403df800 JavaThread "Cache worker for execution history cache (C:\Users\hsibin\.gradle\caches\7.0.2\executionHistory)" [_thread_blocked, id=7960, stack(0x0000005325600000,0x0000005325700000)]
  0x000001f2403dd800 JavaThread "jar transforms" [_thread_blocked, id=10400, stack(0x0000005325700000,0x0000005325800000)]
  0x000001f2403e7800 JavaThread "jar transforms Thread 2" [_thread_blocked, id=11916, stack(0x0000005325800000,0x0000005325900000)]
  0x000001f2403e5000 JavaThread "Cache worker for file content cache (C:\Users\hsibin\.gradle\caches\7.0.2\fileContent)" [_thread_blocked, id=6044, stack(0x0000005325900000,0x0000005325a00000)]
  0x000001f2403e9000 JavaThread "jar transforms Thread 3" [_thread_blocked, id=9892, stack(0x0000005325b00000,0x0000005325c00000)]
  0x000001f24221f000 JavaThread "jar transforms Thread 4" [_thread_blocked, id=4468, stack(0x0000005326500000,0x0000005326600000)]
  0x000001f242226000 JavaThread "jar transforms Thread 5" [_thread_blocked, id=4436, stack(0x0000005326600000,0x0000005326700000)]
  0x000001f242220000 JavaThread "jar transforms Thread 6" [_thread_blocked, id=9564, stack(0x0000005326700000,0x0000005326800000)]
  0x000001f242226800 JavaThread "jar transforms Thread 7" [_thread_blocked, id=2612, stack(0x0000005326800000,0x0000005326900000)]
  0x000001f242221000 JavaThread "jar transforms Thread 8" [_thread_blocked, id=8296, stack(0x0000005326900000,0x0000005326a00000)]
  0x000001f24222a800 JavaThread "Memory manager" [_thread_blocked, id=10408, stack(0x0000005326a00000,0x0000005326b00000)]
  0x000001f241445000 JavaThread "Cache worker for Java compile cache (C:\Users\hsibin\.gradle\caches\7.0.2\javaCompile)" [_thread_blocked, id=9324, stack(0x0000005327f00000,0x0000005328000000)]
  0x000001f2476b9800 JavaThread "ForkJoinPool.commonPool-worker-15" daemon [_thread_blocked, id=8544, stack(0x0000005328b00000,0x0000005328c00000)]
  0x000001f2476bb000 JavaThread "Daemon Thread 2" [_thread_blocked, id=12976, stack(0x0000005322600000,0x0000005322700000)]
  0x000001f2476be000 JavaThread "Handler for socket connection from /127.0.0.1:64584 to /127.0.0.1:59112" [_thread_in_native, id=12608, stack(0x0000005322700000,0x0000005322800000)]
  0x000001f2476ba000 JavaThread "Cancel handler" [_thread_blocked, id=6236, stack(0x0000005322800000,0x0000005322900000)]
  0x000001f2476bb800 JavaThread "Daemon worker Thread 2" [_thread_blocked, id=2748, stack(0x0000005323f00000,0x0000005324000000)]
  0x000001f2476bd800 JavaThread "Asynchronous log dispatcher for DefaultDaemonConnection: socket connection from /127.0.0.1:64584 to /127.0.0.1:59112" [_thread_blocked, id=6664, stack(0x0000005324000000,0x0000005324100000)]
  0x000001f2476bc800 JavaThread "Stdin handler" [_thread_blocked, id=8, stack(0x0000005324100000,0x0000005324200000)]
  0x000001f2476bf000 JavaThread "Daemon client event forwarder" [_thread_blocked, id=12996, stack(0x0000005324200000,0x0000005324300000)]
  0x000001f2476c0000 JavaThread "Cache worker for file hash cache (C:\Users\hsibin\AndroidStudioProjects\stage2\.gradle\7.0.2\fileHashes)" [_thread_blocked, id=9884, stack(0x0000005324300000,0x0000005324400000)]
  0x000001f24143d800 JavaThread "Cache worker for checksums cache (C:\Users\hsibin\AndroidStudioProjects\stage2\.gradle\checksums)" [_thread_blocked, id=13164, stack(0x0000005324400000,0x0000005324500000)]
  0x000001f241440000 JavaThread "Cache worker for cache directory md-supplier (C:\Users\hsibin\.gradle\caches\7.0.2\md-supplier)" [_thread_blocked, id=2984, stack(0x0000005324500000,0x0000005324600000)]
  0x000001f24143e800 JavaThread "Cache worker for cache directory md-rule (C:\Users\hsibin\.gradle\caches\7.0.2\md-rule)" [_thread_blocked, id=12168, stack(0x0000005324f00000,0x0000005325000000)]
  0x000001f24143f800 JavaThread "Cache worker for dependencies-accessors (C:\Users\hsibin\AndroidStudioProjects\stage2\.gradle\7.0.2\dependencies-accessors)" [_thread_blocked, id=5660, stack(0x0000005325000000,0x0000005325100000)]
  0x000001f24143d000 JavaThread "Cache worker for Build Output Cleanup Cache (C:\Users\hsibin\AndroidStudioProjects\stage2\.gradle\buildOutputCleanup)" [_thread_blocked, id=6644, stack(0x0000005325300000,0x0000005325400000)]
  0x000001f24143a800 JavaThread "Build operations" [_thread_blocked, id=6404, stack(0x0000005325400000,0x0000005325500000)]
  0x000001f241441000 JavaThread "Build operations Thread 2" [_thread_blocked, id=7508, stack(0x0000005325500000,0x0000005325600000)]
  0x000001f24143b000 JavaThread "Build operations Thread 3" [_thread_blocked, id=12312, stack(0x0000005325a00000,0x0000005325b00000)]
  0x000001f241441800 JavaThread "Build operations Thread 4" [_thread_blocked, id=6420, stack(0x0000005325c00000,0x0000005325d00000)]
  0x000001f24143c000 JavaThread "Build operations Thread 5" [_thread_blocked, id=4976, stack(0x0000005325d00000,0x0000005325e00000)]
  0x000001f241443800 JavaThread "Build operations Thread 6" [_thread_blocked, id=12176, stack(0x0000005325e00000,0x0000005325f00000)]
  0x000001f241442800 JavaThread "Build operations Thread 7" [_thread_blocked, id=3388, stack(0x0000005325f00000,0x0000005326000000)]
  0x000001f241446800 JavaThread "Build operations Thread 8" [_thread_blocked, id=2636, stack(0x0000005326000000,0x0000005326100000)]
  0x000001f241447800 JavaThread "build event listener" [_thread_blocked, id=2372, stack(0x0000005326100000,0x0000005326200000)]
  0x000001f241444000 JavaThread "Execution worker for ':'" [_thread_blocked, id=9316, stack(0x0000005326200000,0x0000005326300000)]
  0x000001f241448000 JavaThread "Execution worker for ':' Thread 2" [_thread_blocked, id=12336, stack(0x0000005326300000,0x0000005326400000)]
  0x000001f241449000 JavaThread "Execution worker for ':' Thread 3" [_thread_blocked, id=3272, stack(0x0000005326400000,0x0000005326500000)]
  0x000001f242227800 JavaThread "Execution worker for ':' Thread 4" [_thread_blocked, id=3352, stack(0x0000005326b00000,0x0000005326c00000)]
  0x000001f242225000 JavaThread "Execution worker for ':' Thread 5" [_thread_blocked, id=8624, stack(0x0000005326c00000,0x0000005326d00000)]
  0x000001f242222800 JavaThread "Execution worker for ':' Thread 6" [_thread_blocked, id=6320, stack(0x0000005326d00000,0x0000005326e00000)]
  0x000001f242221800 JavaThread "Execution worker for ':' Thread 7" [_thread_blocked, id=544, stack(0x0000005326e00000,0x0000005326f00000)]
  0x000001f242228000 JavaThread "Cache worker for execution history cache (C:\Users\hsibin\AndroidStudioProjects\stage2\.gradle\7.0.2\executionHistory)" [_thread_blocked, id=3164, stack(0x0000005326f00000,0x0000005327000000)]
  0x000001f242223800 JavaThread "WorkerExecutor Queue" [_thread_blocked, id=11704, stack(0x0000005327000000,0x0000005327100000)]
  0x000001f242224000 JavaThread "WorkerExecutor Queue Thread 2" [_thread_blocked, id=10112, stack(0x0000005327100000,0x0000005327200000)]
  0x000001f24222b800 JavaThread "WorkerExecutor Queue Thread 3" [_thread_blocked, id=10276, stack(0x0000005327200000,0x0000005327300000)]
  0x000001f24222c800 JavaThread "WorkerExecutor Queue Thread 4" [_thread_blocked, id=3176, stack(0x0000005327300000,0x0000005327400000)]
  0x000001f24222d000 JavaThread "WorkerExecutor Queue Thread 5" [_thread_blocked, id=1600, stack(0x0000005327400000,0x0000005327500000)]
  0x000001f24222e000 JavaThread "WorkerExecutor Queue Thread 6" [_thread_blocked, id=780, stack(0x0000005327500000,0x0000005327600000)]
  0x000001f2403e1000 JavaThread "WorkerExecutor Queue Thread 7" [_thread_blocked, id=2464, stack(0x0000005327600000,0x0000005327700000)]
  0x000001f2403e1800 JavaThread "WorkerExecutor Queue Thread 8" [_thread_blocked, id=10372, stack(0x0000005327700000,0x0000005327800000)]
  0x000001f2403dd000 JavaThread "pool-7-thread-1" [_thread_blocked, id=13120, stack(0x0000005327800000,0x0000005327900000)]
  0x000001f2403e4000 JavaThread "stderr" [_thread_in_native, id=11348, stack(0x0000005327900000,0x0000005327a00000)]
  0x000001f2403e0000 JavaThread "stdout" [_thread_in_native, id=1272, stack(0x0000005327a00000,0x0000005327b00000)]
  0x000001f2403e6800 JavaThread "ForkJoinPool-2-worker-3" daemon [_thread_blocked, id=5524, stack(0x0000005327b00000,0x0000005327c00000)]
  0x000001f2403e8000 JavaThread "ForkJoinPool-2-worker-5" daemon [_thread_blocked, id=3760, stack(0x0000005327c00000,0x0000005327d00000)]
  0x000001f2403ea800 JavaThread "ForkJoinPool-2-worker-7" daemon [_thread_blocked, id=7380, stack(0x0000005327d00000,0x0000005327e00000)]
  0x000001f2403eb800 JavaThread "ForkJoinPool-2-worker-9" daemon [_thread_blocked, id=11992, stack(0x0000005327e00000,0x0000005327f00000)]
  0x000001f241aa0000 JavaThread "ForkJoinPool-2-worker-11" daemon [_thread_blocked, id=6620, stack(0x0000005328000000,0x0000005328100000)]
  0x000001f242ee5000 JavaThread "ForkJoinPool-2-worker-13" daemon [_thread_blocked, id=5272, stack(0x0000005328100000,0x0000005328200000)]
  0x000001f242ee3800 JavaThread "ForkJoinPool-2-worker-15" daemon [_thread_blocked, id=11128, stack(0x0000005328200000,0x0000005328300000)]
  0x000001f242ee4800 JavaThread "ForkJoinPool-2-worker-1" daemon [_thread_blocked, id=9940, stack(0x0000005328300000,0x0000005328400000)]

Other Threads:
  0x000001f23d502000 VMThread "VM Thread" [stack: 0x0000005322f00000,0x0000005323000000] [id=9308]
  0x000001f23dfc2800 WatcherThread [stack: 0x0000005323900000,0x0000005323a00000] [id=2040]
  0x000001f2230a4800 GCTaskThread "GC Thread#0" [stack: 0x0000005322a00000,0x0000005322b00000] [id=5316]
  0x000001f23ebdb800 GCTaskThread "GC Thread#1" [stack: 0x0000005323c00000,0x0000005323d00000] [id=3144]
  0x000001f23e755800 GCTaskThread "GC Thread#2" [stack: 0x0000005323d00000,0x0000005323e00000] [id=3496]
  0x000001f23f954000 GCTaskThread "GC Thread#3" [stack: 0x0000005324600000,0x0000005324700000] [id=12304]
  0x000001f23f10a000 GCTaskThread "GC Thread#4" [stack: 0x0000005324700000,0x0000005324800000] [id=7428]
  0x000001f2406c6800 GCTaskThread "GC Thread#5" [stack: 0x0000005324800000,0x0000005324900000] [id=1464]
  0x000001f23f58e000 GCTaskThread "GC Thread#6" [stack: 0x0000005324900000,0x0000005324a00000] [id=3332]
  0x000001f23f499000 GCTaskThread "GC Thread#7" [stack: 0x0000005324a00000,0x0000005324b00000] [id=7600]
  0x000001f2230d6000 ConcurrentGCThread "G1 Main Marker" [stack: 0x0000005322b00000,0x0000005322c00000] [id=9872]
  0x000001f2230d7800 ConcurrentGCThread "G1 Conc#0" [stack: 0x0000005322c00000,0x0000005322d00000] [id=5836]
  0x000001f23f4cf800 ConcurrentGCThread "G1 Conc#1" [stack: 0x0000005324d00000,0x0000005324e00000] [id=5364]
  0x000001f23d350800 ConcurrentGCThread "G1 Refine#0" [stack: 0x0000005322d00000,0x0000005322e00000] [id=9556]
  0x000001f23ee41800 ConcurrentGCThread "G1 Refine#1" [stack: 0x0000005328700000,0x0000005328800000] [id=12840]
  0x000001f2459dd000 ConcurrentGCThread "G1 Refine#2" [stack: 0x0000005328800000,0x0000005328900000] [id=2804]
  0x000001f242b98000 ConcurrentGCThread "G1 Refine#3" [stack: 0x0000005328900000,0x0000005328a00000] [id=4928]
  0x000001f242b99000 ConcurrentGCThread "G1 Refine#4" [stack: 0x0000005328a00000,0x0000005328b00000] [id=9856]
  0x000001f23d351800 ConcurrentGCThread "G1 Young RemSet Sampling" [stack: 0x0000005322e00000,0x0000005322f00000] [id=8240]

Threads with active compile tasks:
C2 CompilerThread01160677 18175 %     4       com.android.tools.r8.dex.j::a @ 44 (1038 bytes)

VM state:at safepoint (normal execution)

VM Mutex/Monitor currently owned by a thread:  ([mutex/lock_event])
[0x000001f220febc00] Threads_lock - owner thread: 0x000001f23d502000
[0x000001f220feb150] Heap_lock - owner thread: 0x000001f242ee5000

Heap address: 0x0000000080000000, size: 2048 MB, Compressed Oops mode: 32-bit
Narrow klass base: 0x0000000000000000, Narrow klass shift: 3
Compressed class space size: 1073741824 Address: 0x0000000100000000

Heap:
 garbage-first heap   total 273408K, used 173539K [0x0000000080000000, 0x0000000100000000)
  region size 1024K, 43 young (44032K), 7 survivors (7168K)
 Metaspace       used 115515K, capacity 119015K, committed 119168K, reserved 1153024K
  class space    used 14922K, capacity 16202K, committed 16256K, reserved 1048576K
Heap Regions: E=young(eden), S=young(survivor), O=old, HS=humongous(starts), HC=humongous(continues), CS=collection set, F=free, A=archive, TAMS=top-at-mark-start (previous, next)
|   0|0x0000000080000000, 0x0000000080100000, 0x0000000080100000|100%| O|  |TAMS 0x0000000080100000, 0x0000000080000000| Untracked 
|   1|0x0000000080100000, 0x0000000080200000, 0x0000000080200000|100%| O|  |TAMS 0x0000000080200000, 0x0000000080100000| Untracked 
|   2|0x0000000080200000, 0x0000000080300000, 0x0000000080300000|100%| O|  |TAMS 0x0000000080300000, 0x0000000080200000| Untracked 
|   3|0x0000000080300000, 0x0000000080400000, 0x0000000080400000|100%|HS|  |TAMS 0x0000000080400000, 0x0000000080300000| Complete 
|   4|0x0000000080400000, 0x0000000080500000, 0x0000000080500000|100%|HC|  |TAMS 0x0000000080500000, 0x0000000080400000| Complete 
|   5|0x0000000080500000, 0x0000000080600000, 0x0000000080600000|100%|HC|  |TAMS 0x0000000080600000, 0x0000000080500000| Complete 
|   6|0x0000000080600000, 0x0000000080700000, 0x0000000080700000|100%| O|  |TAMS 0x0000000080700000, 0x0000000080600000| Untracked 
|   7|0x0000000080700000, 0x0000000080800000, 0x0000000080800000|100%| O|  |TAMS 0x0000000080800000, 0x0000000080700000| Untracked 
|   8|0x0000000080800000, 0x0000000080900000, 0x0000000080900000|100%| O|  |TAMS 0x0000000080900000, 0x0000000080800000| Untracked 
|   9|0x0000000080900000, 0x0000000080a00000, 0x0000000080a00000|100%| O|  |TAMS 0x0000000080a00000, 0x0000000080900000| Untracked 
|  10|0x0000000080a00000, 0x0000000080b00000, 0x0000000080b00000|100%| O|  |TAMS 0x0000000080b00000, 0x0000000080a00000| Untracked 
|  11|0x0000000080b00000, 0x0000000080c00000, 0x0000000080c00000|100%| O|  |TAMS 0x0000000080c00000, 0x0000000080b00000| Untracked 
|  12|0x0000000080c00000, 0x0000000080d00000, 0x0000000080d00000|100%| O|  |TAMS 0x0000000080d00000, 0x0000000080c00000| Untracked 
|  13|0x0000000080d00000, 0x0000000080e00000, 0x0000000080e00000|100%| O|  |TAMS 0x0000000080e00000, 0x0000000080d00000| Untracked 
|  14|0x0000000080e00000, 0x0000000080f00000, 0x0000000080f00000|100%| O|  |TAMS 0x0000000080f00000, 0x0000000080e00000| Untracked 
|  15|0x0000000080f00000, 0x0000000081000000, 0x0000000081000000|100%| O|  |TAMS 0x0000000081000000, 0x0000000080f00000| Untracked 
|  16|0x0000000081000000, 0x0000000081100000, 0x0000000081100000|100%|HS|  |TAMS 0x0000000081100000, 0x0000000081000000| Complete 
|  17|0x0000000081100000, 0x0000000081200000, 0x0000000081200000|100%| O|  |TAMS 0x0000000081200000, 0x0000000081100000| Untracked 
|  18|0x0000000081200000, 0x0000000081300000, 0x0000000081300000|100%| O|  |TAMS 0x0000000081300000, 0x0000000081200000| Untracked 
|  19|0x0000000081300000, 0x0000000081400000, 0x0000000081400000|100%| O|  |TAMS 0x0000000081400000, 0x0000000081300000| Untracked 
|  20|0x0000000081400000, 0x0000000081500000, 0x0000000081500000|100%| O|  |TAMS 0x0000000081500000, 0x0000000081400000| Untracked 
|  21|0x0000000081500000, 0x0000000081600000, 0x0000000081600000|100%| O|  |TAMS 0x0000000081600000, 0x0000000081500000| Untracked 
|  22|0x0000000081600000, 0x0000000081700000, 0x0000000081700000|100%| O|  |TAMS 0x0000000081700000, 0x0000000081600000| Untracked 
|  23|0x0000000081700000, 0x0000000081800000, 0x0000000081800000|100%| O|  |TAMS 0x0000000081800000, 0x0000000081700000| Untracked 
|  24|0x0000000081800000, 0x0000000081900000, 0x0000000081900000|100%| O|  |TAMS 0x0000000081900000, 0x0000000081800000| Untracked 
|  25|0x0000000081900000, 0x0000000081a00000, 0x0000000081a00000|100%| O|  |TAMS 0x0000000081a00000, 0x0000000081900000| Untracked 
|  26|0x0000000081a00000, 0x0000000081b00000, 0x0000000081b00000|100%| O|  |TAMS 0x0000000081b00000, 0x0000000081a00000| Untracked 
|  27|0x0000000081b00000, 0x0000000081c00000, 0x0000000081c00000|100%|HS|  |TAMS 0x0000000081c00000, 0x0000000081b00000| Complete 
|  28|0x0000000081c00000, 0x0000000081d00000, 0x0000000081d00000|100%|HS|  |TAMS 0x0000000081d00000, 0x0000000081c00000| Complete 
|  29|0x0000000081d00000, 0x0000000081e00000, 0x0000000081e00000|100%|HC|  |TAMS 0x0000000081e00000, 0x0000000081d00000| Complete 
|  30|0x0000000081e00000, 0x0000000081f00000, 0x0000000081f00000|100%| O|  |TAMS 0x0000000081f00000, 0x0000000081e00000| Untracked 
|  31|0x0000000081f00000, 0x0000000082000000, 0x0000000082000000|100%| O|  |TAMS 0x0000000082000000, 0x0000000081f00000| Untracked 
|  32|0x0000000082000000, 0x0000000082100000, 0x0000000082100000|100%| O|  |TAMS 0x0000000082100000, 0x0000000082000000| Untracked 
|  33|0x0000000082100000, 0x0000000082200000, 0x0000000082200000|100%| O|  |TAMS 0x0000000082200000, 0x0000000082100000| Untracked 
|  34|0x0000000082200000, 0x0000000082300000, 0x0000000082300000|100%| O|  |TAMS 0x0000000082300000, 0x0000000082200000| Untracked 
|  35|0x0000000082300000, 0x0000000082400000, 0x0000000082400000|100%| O|  |TAMS 0x0000000082400000, 0x0000000082300000| Untracked 
|  36|0x0000000082400000, 0x0000000082500000, 0x0000000082500000|100%| O|  |TAMS 0x0000000082500000, 0x0000000082400000| Untracked 
|  37|0x0000000082500000, 0x0000000082600000, 0x0000000082600000|100%| O|  |TAMS 0x0000000082600000, 0x0000000082500000| Untracked 
|  38|0x0000000082600000, 0x0000000082700000, 0x0000000082700000|100%| O|  |TAMS 0x0000000082700000, 0x0000000082600000| Untracked 
|  39|0x0000000082700000, 0x0000000082800000, 0x0000000082800000|100%| O|  |TAMS 0x0000000082800000, 0x0000000082700000| Untracked 
|  40|0x0000000082800000, 0x0000000082900000, 0x0000000082900000|100%| O|  |TAMS 0x0000000082900000, 0x0000000082800000| Untracked 
|  41|0x0000000082900000, 0x0000000082a00000, 0x0000000082a00000|100%| O|  |TAMS 0x0000000082a00000, 0x0000000082900000| Untracked 
|  42|0x0000000082a00000, 0x0000000082b00000, 0x0000000082b00000|100%| O|  |TAMS 0x0000000082b00000, 0x0000000082a00000| Untracked 
|  43|0x0000000082b00000, 0x0000000082c00000, 0x0000000082c00000|100%| O|  |TAMS 0x0000000082c00000, 0x0000000082b00000| Untracked 
|  44|0x0000000082c00000, 0x0000000082d00000, 0x0000000082d00000|100%| O|  |TAMS 0x0000000082d00000, 0x0000000082c00000| Untracked 
|  45|0x0000000082d00000, 0x0000000082e00000, 0x0000000082e00000|100%| O|  |TAMS 0x0000000082e00000, 0x0000000082d00000| Untracked 
|  46|0x0000000082e00000, 0x0000000082f00000, 0x0000000082f00000|100%| O|  |TAMS 0x0000000082f00000, 0x0000000082e00000| Untracked 
|  47|0x0000000082f00000, 0x0000000083000000, 0x0000000083000000|100%| O|  |TAMS 0x0000000083000000, 0x0000000082f00000| Untracked 
|  48|0x0000000083000000, 0x0000000083100000, 0x0000000083100000|100%| O|  |TAMS 0x0000000083100000, 0x0000000083000000| Untracked 
|  49|0x0000000083100000, 0x0000000083200000, 0x0000000083200000|100%| O|  |TAMS 0x0000000083200000, 0x0000000083100000| Untracked 
|  50|0x0000000083200000, 0x0000000083300000, 0x0000000083300000|100%| O|  |TAMS 0x0000000083300000, 0x0000000083200000| Untracked 
|  51|0x0000000083300000, 0x0000000083400000, 0x0000000083400000|100%| O|  |TAMS 0x0000000083400000, 0x0000000083300000| Untracked 
|  52|0x0000000083400000, 0x0000000083500000, 0x0000000083500000|100%| O|  |TAMS 0x0000000083500000, 0x0000000083400000| Untracked 
|  53|0x0000000083500000, 0x0000000083600000, 0x0000000083600000|100%| O|  |TAMS 0x0000000083600000, 0x0000000083500000| Untracked 
|  54|0x0000000083600000, 0x0000000083700000, 0x0000000083700000|100%| O|  |TAMS 0x0000000083700000, 0x0000000083600000| Untracked 
|  55|0x0000000083700000, 0x0000000083800000, 0x0000000083800000|100%| O|  |TAMS 0x0000000083800000, 0x0000000083700000| Untracked 
|  56|0x0000000083800000, 0x0000000083900000, 0x0000000083900000|100%| O|  |TAMS 0x0000000083900000, 0x0000000083800000| Untracked 
|  57|0x0000000083900000, 0x0000000083a00000, 0x0000000083a00000|100%| O|  |TAMS 0x0000000083a00000, 0x0000000083900000| Untracked 
|  58|0x0000000083a00000, 0x0000000083b00000, 0x0000000083b00000|100%| O|  |TAMS 0x0000000083b00000, 0x0000000083a00000| Untracked 
|  59|0x0000000083b00000, 0x0000000083c00000, 0x0000000083c00000|100%| O|  |TAMS 0x0000000083c00000, 0x0000000083b00000| Untracked 
|  60|0x0000000083c00000, 0x0000000083d00000, 0x0000000083d00000|100%| O|  |TAMS 0x0000000083d00000, 0x0000000083c00000| Untracked 
|  61|0x0000000083d00000, 0x0000000083e00000, 0x0000000083e00000|100%| O|  |TAMS 0x0000000083e00000, 0x0000000083d00000| Untracked 
|  62|0x0000000083e00000, 0x0000000083f00000, 0x0000000083f00000|100%| O|  |TAMS 0x0000000083f00000, 0x0000000083e00000| Untracked 
|  63|0x0000000083f00000, 0x0000000084000000, 0x0000000084000000|100%|HS|  |TAMS 0x0000000083f00000, 0x0000000083f00000| Complete 
|  64|0x0000000084000000, 0x0000000084100000, 0x0000000084100000|100%| O|  |TAMS 0x0000000084100000, 0x0000000084000000| Untracked 
|  65|0x0000000084100000, 0x0000000084200000, 0x0000000084200000|100%| O|  |TAMS 0x0000000084200000, 0x0000000084100000| Untracked 
|  66|0x0000000084200000, 0x0000000084300000, 0x0000000084300000|100%| O|  |TAMS 0x0000000084300000, 0x0000000084200000| Untracked 
|  67|0x0000000084300000, 0x0000000084400000, 0x0000000084400000|100%| O|  |TAMS 0x0000000084400000, 0x0000000084300000| Untracked 
|  68|0x0000000084400000, 0x0000000084500000, 0x0000000084500000|100%| O|  |TAMS 0x0000000084500000, 0x0000000084400000| Untracked 
|  69|0x0000000084500000, 0x0000000084600000, 0x0000000084600000|100%| O|  |TAMS 0x0000000084600000, 0x0000000084500000| Untracked 
|  70|0x0000000084600000, 0x0000000084700000, 0x0000000084700000|100%|HS|  |TAMS 0x0000000084600000, 0x0000000084600000| Complete 
|  71|0x0000000084700000, 0x0000000084800000, 0x0000000084800000|100%| O|  |TAMS 0x0000000084800000, 0x0000000084700000| Untracked 
|  72|0x0000000084800000, 0x0000000084900000, 0x0000000084900000|100%| O|  |TAMS 0x0000000084900000, 0x0000000084800000| Untracked 
|  73|0x0000000084900000, 0x0000000084a00000, 0x0000000084a00000|100%|HS|  |TAMS 0x0000000084900000, 0x0000000084900000| Complete 
|  74|0x0000000084a00000, 0x0000000084b00000, 0x0000000084b00000|100%|HC|  |TAMS 0x0000000084a00000, 0x0000000084a00000| Complete 
|  75|0x0000000084b00000, 0x0000000084c00000, 0x0000000084c00000|100%| O|  |TAMS 0x0000000084b00000, 0x0000000084b00000| Untracked 
|  76|0x0000000084c00000, 0x0000000084d00000, 0x0000000084d00000|100%| O|  |TAMS 0x0000000084c00000, 0x0000000084c00000| Untracked 
|  77|0x0000000084d00000, 0x0000000084e00000, 0x0000000084e00000|100%| O|  |TAMS 0x0000000084e00000, 0x0000000084d00000| Untracked 
|  78|0x0000000084e00000, 0x0000000084f00000, 0x0000000084f00000|100%| O|  |TAMS 0x0000000084f00000, 0x0000000084e00000| Untracked 
|  79|0x0000000084f00000, 0x0000000085000000, 0x0000000085000000|100%| O|  |TAMS 0x0000000085000000, 0x0000000084f00000| Untracked 
|  80|0x0000000085000000, 0x0000000085100000, 0x0000000085100000|100%| O|  |TAMS 0x0000000085100000, 0x0000000085000000| Untracked 
|  81|0x0000000085100000, 0x0000000085200000, 0x0000000085200000|100%| O|  |TAMS 0x0000000085200000, 0x0000000085100000| Untracked 
|  82|0x0000000085200000, 0x0000000085300000, 0x0000000085300000|100%| O|  |TAMS 0x0000000085300000, 0x0000000085200000| Untracked 
|  83|0x0000000085300000, 0x0000000085400000, 0x0000000085400000|100%| O|  |TAMS 0x0000000085400000, 0x0000000085300000| Untracked 
|  84|0x0000000085400000, 0x0000000085500000, 0x0000000085500000|100%| O|  |TAMS 0x0000000085500000, 0x0000000085400000| Untracked 
|  85|0x0000000085500000, 0x0000000085600000, 0x0000000085600000|100%| O|  |TAMS 0x0000000085600000, 0x0000000085500000| Untracked 
|  86|0x0000000085600000, 0x0000000085700000, 0x0000000085700000|100%| O|  |TAMS 0x0000000085700000, 0x0000000085600000| Untracked 
|  87|0x0000000085700000, 0x0000000085800000, 0x0000000085800000|100%| O|  |TAMS 0x0000000085800000, 0x0000000085700000| Untracked 
|  88|0x0000000085800000, 0x0000000085900000, 0x0000000085900000|100%|HS|  |TAMS 0x0000000085800000, 0x0000000085800000| Complete 
|  89|0x0000000085900000, 0x0000000085a00000, 0x0000000085a00000|100%|HC|  |TAMS 0x0000000085900000, 0x0000000085900000| Complete 
|  90|0x0000000085a00000, 0x0000000085b00000, 0x0000000085b00000|100%| O|  |TAMS 0x0000000085a00000, 0x0000000085a00000| Untracked 
|  91|0x0000000085b00000, 0x0000000085c00000, 0x0000000085c00000|100%| O|  |TAMS 0x0000000085b00000, 0x0000000085b00000| Untracked 
|  92|0x0000000085c00000, 0x0000000085d00000, 0x0000000085d00000|100%| O|  |TAMS 0x0000000085c5bc00, 0x0000000085c00000| Untracked 
|  93|0x0000000085d00000, 0x0000000085e00000, 0x0000000085e00000|100%| O|  |TAMS 0x0000000085e00000, 0x0000000085d00000| Untracked 
|  94|0x0000000085e00000, 0x0000000085f00000, 0x0000000085f00000|100%| O|  |TAMS 0x0000000085e00000, 0x0000000085e00000| Untracked 
|  95|0x0000000085f00000, 0x0000000086000000, 0x0000000086000000|100%| O|  |TAMS 0x0000000085f00000, 0x0000000085f00000| Untracked 
|  96|0x0000000086000000, 0x0000000086100000, 0x0000000086100000|100%| O|  |TAMS 0x0000000086000000, 0x0000000086000000| Untracked 
|  97|0x0000000086100000, 0x0000000086200000, 0x0000000086200000|100%| O|  |TAMS 0x0000000086100000, 0x0000000086100000| Untracked 
|  98|0x0000000086200000, 0x0000000086300000, 0x0000000086300000|100%|HS|  |TAMS 0x0000000086200000, 0x0000000086200000| Complete 
|  99|0x0000000086300000, 0x0000000086400000, 0x0000000086400000|100%|HC|  |TAMS 0x0000000086300000, 0x0000000086300000| Complete 
| 100|0x0000000086400000, 0x0000000086500000, 0x0000000086500000|100%|HS|  |TAMS 0x0000000086400000, 0x0000000086400000| Complete 
| 101|0x0000000086500000, 0x0000000086600000, 0x0000000086600000|100%| O|  |TAMS 0x0000000086500000, 0x0000000086500000| Untracked 
| 102|0x0000000086600000, 0x0000000086700000, 0x0000000086700000|100%| O|  |TAMS 0x0000000086600000, 0x0000000086600000| Untracked 
| 103|0x0000000086700000, 0x0000000086800000, 0x0000000086800000|100%|HS|  |TAMS 0x0000000086700000, 0x0000000086700000| Complete 
| 104|0x0000000086800000, 0x0000000086900000, 0x0000000086900000|100%| O|  |TAMS 0x0000000086800000, 0x0000000086800000| Untracked 
| 105|0x0000000086900000, 0x0000000086a00000, 0x0000000086a00000|100%| O|  |TAMS 0x0000000086900000, 0x0000000086900000| Untracked 
| 106|0x0000000086a00000, 0x0000000086b00000, 0x0000000086b00000|100%| O|  |TAMS 0x0000000086a00000, 0x0000000086a00000| Untracked 
| 107|0x0000000086b00000, 0x0000000086c00000, 0x0000000086c00000|100%| O|  |TAMS 0x0000000086b00000, 0x0000000086b00000| Untracked 
| 108|0x0000000086c00000, 0x0000000086d00000, 0x0000000086d00000|100%| O|  |TAMS 0x0000000086c00000, 0x0000000086c00000| Untracked 
| 109|0x0000000086d00000, 0x0000000086e00000, 0x0000000086e00000|100%| O|  |TAMS 0x0000000086d00000, 0x0000000086d00000| Untracked 
| 110|0x0000000086e00000, 0x0000000086f00000, 0x0000000086f00000|100%| O|  |TAMS 0x0000000086e00000, 0x0000000086e00000| Untracked 
| 111|0x0000000086f00000, 0x0000000087000000, 0x0000000087000000|100%| O|  |TAMS 0x0000000086f00000, 0x0000000086f00000| Untracked 
| 112|0x0000000087000000, 0x0000000087100000, 0x0000000087100000|100%| O|  |TAMS 0x0000000087000000, 0x0000000087000000| Untracked 
| 113|0x0000000087100000, 0x0000000087200000, 0x0000000087200000|100%| O|  |TAMS 0x0000000087100000, 0x0000000087100000| Untracked 
| 114|0x0000000087200000, 0x0000000087300000, 0x0000000087300000|100%| O|  |TAMS 0x0000000087300000, 0x0000000087200000| Untracked 
| 115|0x0000000087300000, 0x0000000087400000, 0x0000000087400000|100%| O|  |TAMS 0x0000000087300000, 0x0000000087300000| Untracked 
| 116|0x0000000087400000, 0x0000000087500000, 0x0000000087500000|100%| O|  |TAMS 0x0000000087400000, 0x0000000087400000| Untracked 
| 117|0x0000000087500000, 0x0000000087600000, 0x0000000087600000|100%| O|  |TAMS 0x0000000087500000, 0x0000000087500000| Untracked 
| 118|0x0000000087600000, 0x0000000087700000, 0x0000000087700000|100%| O|  |TAMS 0x0000000087600000, 0x0000000087600000| Untracked 
| 119|0x0000000087700000, 0x0000000087800000, 0x0000000087800000|100%| O|  |TAMS 0x0000000087700000, 0x0000000087700000| Untracked 
| 120|0x0000000087800000, 0x0000000087900000, 0x0000000087900000|100%| O|  |TAMS 0x0000000087800000, 0x0000000087800000| Untracked 
| 121|0x0000000087900000, 0x0000000087a00000, 0x0000000087a00000|100%| O|  |TAMS 0x0000000087900000, 0x0000000087900000| Untracked 
| 122|0x0000000087a00000, 0x0000000087b00000, 0x0000000087b00000|100%| O|  |TAMS 0x0000000087a00000, 0x0000000087a00000| Untracked 
| 123|0x0000000087b00000, 0x0000000087c00000, 0x0000000087c00000|100%| O|  |TAMS 0x0000000087b00000, 0x0000000087b00000| Untracked 
| 124|0x0000000087c00000, 0x0000000087d00000, 0x0000000087d00000|100%| O|  |TAMS 0x0000000087c00000, 0x0000000087c00000| Untracked 
| 125|0x0000000087d00000, 0x0000000087e00000, 0x0000000087e00000|100%| O|  |TAMS 0x0000000087d00000, 0x0000000087d00000| Untracked 
| 126|0x0000000087e00000, 0x0000000087f00000, 0x0000000087f00000|100%| O|  |TAMS 0x0000000087e00000, 0x0000000087e00000| Untracked 
| 127|0x0000000087f00000, 0x0000000088000000, 0x0000000088000000|100%| O|  |TAMS 0x0000000087f00000, 0x0000000087f00000| Untracked 
| 128|0x0000000088000000, 0x0000000088100000, 0x0000000088100000|100%| O|  |TAMS 0x0000000088000000, 0x0000000088000000| Untracked 
| 129|0x0000000088100000, 0x0000000088200000, 0x0000000088200000|100%| O|  |TAMS 0x0000000088100000, 0x0000000088100000| Untracked 
| 130|0x0000000088200000, 0x0000000088300000, 0x0000000088300000|100%| O|  |TAMS 0x0000000088200000, 0x0000000088200000| Untracked 
| 131|0x0000000088300000, 0x0000000088400000, 0x0000000088400000|100%| O|  |TAMS 0x0000000088300000, 0x0000000088300000| Untracked 
| 132|0x0000000088400000, 0x0000000088500000, 0x0000000088500000|100%| O|  |TAMS 0x0000000088400000, 0x0000000088400000| Untracked 
| 133|0x0000000088500000, 0x0000000088600000, 0x0000000088600000|100%| O|  |TAMS 0x0000000088500000, 0x0000000088500000| Untracked 
| 134|0x0000000088600000, 0x0000000088700000, 0x0000000088700000|100%| O|  |TAMS 0x0000000088600000, 0x0000000088600000| Untracked 
| 135|0x0000000088700000, 0x0000000088800000, 0x0000000088800000|100%| O|  |TAMS 0x0000000088700000, 0x0000000088700000| Untracked 
| 136|0x0000000088800000, 0x0000000088900000, 0x0000000088900000|100%| O|  |TAMS 0x0000000088800000, 0x0000000088800000| Untracked 
| 137|0x0000000088900000, 0x0000000088a00000, 0x0000000088a00000|100%| O|  |TAMS 0x0000000088900000, 0x0000000088900000| Untracked 
| 138|0x0000000088a00000, 0x0000000088b00000, 0x0000000088b00000|100%| O|  |TAMS 0x0000000088a00000, 0x0000000088a00000| Untracked 
| 139|0x0000000088b00000, 0x0000000088c00000, 0x0000000088c00000|100%| O|  |TAMS 0x0000000088b00000, 0x0000000088b00000| Untracked 
| 140|0x0000000088c00000, 0x0000000088d00000, 0x0000000088d00000|100%| O|  |TAMS 0x0000000088c00000, 0x0000000088c00000| Untracked 
| 141|0x0000000088d00000, 0x0000000088dee800, 0x0000000088e00000| 93%| O|  |TAMS 0x0000000088d00000, 0x0000000088d00000| Untracked 
| 142|0x0000000088e00000, 0x0000000088e00000, 0x0000000088f00000|  0%| F|  |TAMS 0x0000000088e00000, 0x0000000088e00000| Untracked 
| 143|0x0000000088f00000, 0x0000000088f00000, 0x0000000089000000|  0%| F|  |TAMS 0x0000000088f00000, 0x0000000088f00000| Untracked 
| 144|0x0000000089000000, 0x0000000089000000, 0x0000000089100000|  0%| F|  |TAMS 0x0000000089000000, 0x0000000089000000| Untracked 
| 145|0x0000000089100000, 0x0000000089100000, 0x0000000089200000|  0%| F|  |TAMS 0x0000000089100000, 0x0000000089100000| Untracked 
| 146|0x0000000089200000, 0x0000000089200000, 0x0000000089300000|  0%| F|  |TAMS 0x0000000089200000, 0x0000000089200000| Untracked 
| 147|0x0000000089300000, 0x0000000089300000, 0x0000000089400000|  0%| F|  |TAMS 0x0000000089300000, 0x0000000089300000| Untracked 
| 148|0x0000000089400000, 0x0000000089400000, 0x0000000089500000|  0%| F|  |TAMS 0x0000000089400000, 0x0000000089400000| Untracked 
| 149|0x0000000089500000, 0x0000000089500000, 0x0000000089600000|  0%| F|  |TAMS 0x0000000089500000, 0x0000000089500000| Untracked 
| 150|0x0000000089600000, 0x0000000089600000, 0x0000000089700000|  0%| F|  |TAMS 0x0000000089600000, 0x0000000089600000| Untracked 
| 151|0x0000000089700000, 0x0000000089700000, 0x0000000089800000|  0%| F|  |TAMS 0x0000000089700000, 0x0000000089700000| Untracked 
| 152|0x0000000089800000, 0x0000000089800000, 0x0000000089900000|  0%| F|  |TAMS 0x0000000089800000, 0x0000000089800000| Untracked 
| 153|0x0000000089900000, 0x0000000089900000, 0x0000000089a00000|  0%| F|  |TAMS 0x0000000089900000, 0x0000000089900000| Untracked 
| 154|0x0000000089a00000, 0x0000000089a00000, 0x0000000089b00000|  0%| F|  |TAMS 0x0000000089a00000, 0x0000000089a00000| Untracked 
| 155|0x0000000089b00000, 0x0000000089b00000, 0x0000000089c00000|  0%| F|  |TAMS 0x0000000089b00000, 0x0000000089b00000| Untracked 
| 156|0x0000000089c00000, 0x0000000089c00000, 0x0000000089d00000|  0%| F|  |TAMS 0x0000000089c00000, 0x0000000089c00000| Untracked 
| 157|0x0000000089d00000, 0x0000000089d00000, 0x0000000089e00000|  0%| F|  |TAMS 0x0000000089d00000, 0x0000000089d00000| Untracked 
| 158|0x0000000089e00000, 0x0000000089e00000, 0x0000000089f00000|  0%| F|  |TAMS 0x0000000089e00000, 0x0000000089e00000| Untracked 
| 159|0x0000000089f00000, 0x0000000089f00000, 0x000000008a000000|  0%| F|  |TAMS 0x0000000089f00000, 0x0000000089f00000| Untracked 
| 160|0x000000008a000000, 0x000000008a000000, 0x000000008a100000|  0%| F|  |TAMS 0x000000008a000000, 0x000000008a000000| Untracked 
| 161|0x000000008a100000, 0x000000008a100000, 0x000000008a200000|  0%| F|  |TAMS 0x000000008a100000, 0x000000008a100000| Untracked 
| 162|0x000000008a200000, 0x000000008a200000, 0x000000008a300000|  0%| F|  |TAMS 0x000000008a200000, 0x000000008a200000| Untracked 
| 163|0x000000008a300000, 0x000000008a300000, 0x000000008a400000|  0%| F|  |TAMS 0x000000008a300000, 0x000000008a300000| Untracked 
| 164|0x000000008a400000, 0x000000008a400000, 0x000000008a500000|  0%| F|  |TAMS 0x000000008a400000, 0x000000008a400000| Untracked 
| 165|0x000000008a500000, 0x000000008a500000, 0x000000008a600000|  0%| F|  |TAMS 0x000000008a500000, 0x000000008a500000| Untracked 
| 166|0x000000008a600000, 0x000000008a600000, 0x000000008a700000|  0%| F|  |TAMS 0x000000008a600000, 0x000000008a600000| Untracked 
| 167|0x000000008a700000, 0x000000008a700000, 0x000000008a800000|  0%| F|  |TAMS 0x000000008a700000, 0x000000008a700000| Untracked 
| 168|0x000000008a800000, 0x000000008a800000, 0x000000008a900000|  0%| F|  |TAMS 0x000000008a800000, 0x000000008a800000| Untracked 
| 169|0x000000008a900000, 0x000000008a900000, 0x000000008aa00000|  0%| F|  |TAMS 0x000000008a900000, 0x000000008a900000| Untracked 
| 170|0x000000008aa00000, 0x000000008aa00000, 0x000000008ab00000|  0%| F|  |TAMS 0x000000008aa00000, 0x000000008aa00000| Untracked 
| 171|0x000000008ab00000, 0x000000008ab00000, 0x000000008ac00000|  0%| F|  |TAMS 0x000000008ab00000, 0x000000008ab00000| Untracked 
| 172|0x000000008ac00000, 0x000000008ac00000, 0x000000008ad00000|  0%| F|  |TAMS 0x000000008ac00000, 0x000000008ac00000| Untracked 
| 173|0x000000008ad00000, 0x000000008ad00000, 0x000000008ae00000|  0%| F|  |TAMS 0x000000008ad00000, 0x000000008ad00000| Untracked 
| 174|0x000000008ae00000, 0x000000008ae00000, 0x000000008af00000|  0%| F|  |TAMS 0x000000008ae00000, 0x000000008ae00000| Untracked 
| 175|0x000000008af00000, 0x000000008af00000, 0x000000008b000000|  0%| F|  |TAMS 0x000000008af00000, 0x000000008af00000| Untracked 
| 176|0x000000008b000000, 0x000000008b000000, 0x000000008b100000|  0%| F|  |TAMS 0x000000008b000000, 0x000000008b000000| Untracked 
| 177|0x000000008b100000, 0x000000008b100000, 0x000000008b200000|  0%| F|  |TAMS 0x000000008b100000, 0x000000008b100000| Untracked 
| 178|0x000000008b200000, 0x000000008b200000, 0x000000008b300000|  0%| F|  |TAMS 0x000000008b200000, 0x000000008b200000| Untracked 
| 179|0x000000008b300000, 0x000000008b300000, 0x000000008b400000|  0%| F|  |TAMS 0x000000008b300000, 0x000000008b300000| Untracked 
| 180|0x000000008b400000, 0x000000008b400000, 0x000000008b500000|  0%| F|  |TAMS 0x000000008b400000, 0x000000008b400000| Untracked 
| 181|0x000000008b500000, 0x000000008b500000, 0x000000008b600000|  0%| F|  |TAMS 0x000000008b500000, 0x000000008b500000| Untracked 
| 182|0x000000008b600000, 0x000000008b600000, 0x000000008b700000|  0%| F|  |TAMS 0x000000008b600000, 0x000000008b600000| Untracked 
| 183|0x000000008b700000, 0x000000008b700000, 0x000000008b800000|  0%| F|  |TAMS 0x000000008b700000, 0x000000008b700000| Untracked 
| 184|0x000000008b800000, 0x000000008b800000, 0x000000008b900000|  0%| F|  |TAMS 0x000000008b800000, 0x000000008b800000| Untracked 
| 185|0x000000008b900000, 0x000000008b900000, 0x000000008ba00000|  0%| F|  |TAMS 0x000000008b900000, 0x000000008b900000| Untracked 
| 186|0x000000008ba00000, 0x000000008ba00000, 0x000000008bb00000|  0%| F|  |TAMS 0x000000008ba00000, 0x000000008ba00000| Untracked 
| 187|0x000000008bb00000, 0x000000008bb00000, 0x000000008bc00000|  0%| F|  |TAMS 0x000000008bb00000, 0x000000008bb00000| Untracked 
| 188|0x000000008bc00000, 0x000000008bc00000, 0x000000008bd00000|  0%| F|  |TAMS 0x000000008bc00000, 0x000000008bc00000| Untracked 
| 189|0x000000008bd00000, 0x000000008bd00000, 0x000000008be00000|  0%| F|  |TAMS 0x000000008bd00000, 0x000000008bd00000| Untracked 
| 190|0x000000008be00000, 0x000000008be00000, 0x000000008bf00000|  0%| F|  |TAMS 0x000000008be00000, 0x000000008be00000| Untracked 
| 191|0x000000008bf00000, 0x000000008bf00000, 0x000000008c000000|  0%| F|  |TAMS 0x000000008bf00000, 0x000000008bf00000| Untracked 
| 192|0x000000008c000000, 0x000000008c000000, 0x000000008c100000|  0%| F|  |TAMS 0x000000008c000000, 0x000000008c000000| Untracked 
| 193|0x000000008c100000, 0x000000008c100000, 0x000000008c200000|  0%| F|  |TAMS 0x000000008c100000, 0x000000008c100000| Untracked 
| 194|0x000000008c200000, 0x000000008c200000, 0x000000008c300000|  0%| F|  |TAMS 0x000000008c200000, 0x000000008c200000| Untracked 
| 195|0x000000008c300000, 0x000000008c300000, 0x000000008c400000|  0%| F|  |TAMS 0x000000008c300000, 0x000000008c300000| Untracked 
| 196|0x000000008c400000, 0x000000008c400000, 0x000000008c500000|  0%| F|  |TAMS 0x000000008c400000, 0x000000008c400000| Untracked 
| 197|0x000000008c500000, 0x000000008c500000, 0x000000008c600000|  0%| F|  |TAMS 0x000000008c500000, 0x000000008c500000| Untracked 
| 198|0x000000008c600000, 0x000000008c600000, 0x000000008c700000|  0%| F|  |TAMS 0x000000008c600000, 0x000000008c600000| Untracked 
| 199|0x000000008c700000, 0x000000008c700000, 0x000000008c800000|  0%| F|  |TAMS 0x000000008c700000, 0x000000008c700000| Untracked 
| 200|0x000000008c800000, 0x000000008c800000, 0x000000008c900000|  0%| F|  |TAMS 0x000000008c800000, 0x000000008c800000| Untracked 
| 201|0x000000008c900000, 0x000000008c900000, 0x000000008ca00000|  0%| F|  |TAMS 0x000000008c900000, 0x000000008c900000| Untracked 
| 202|0x000000008ca00000, 0x000000008ca00000, 0x000000008cb00000|  0%| F|  |TAMS 0x000000008ca00000, 0x000000008ca00000| Untracked 
| 203|0x000000008cb00000, 0x000000008cb00000, 0x000000008cc00000|  0%| F|  |TAMS 0x000000008cb00000, 0x000000008cb00000| Untracked 
| 204|0x000000008cc00000, 0x000000008cc00000, 0x000000008cd00000|  0%| F|  |TAMS 0x000000008cc00000, 0x000000008cc00000| Untracked 
| 205|0x000000008cd00000, 0x000000008cd00000, 0x000000008ce00000|  0%| F|  |TAMS 0x000000008cd00000, 0x000000008cd00000| Untracked 
| 206|0x000000008ce00000, 0x000000008ce00000, 0x000000008cf00000|  0%| F|  |TAMS 0x000000008ce00000, 0x000000008ce00000| Untracked 
| 207|0x000000008cf00000, 0x000000008cf00000, 0x000000008d000000|  0%| F|  |TAMS 0x000000008cf00000, 0x000000008cf00000| Untracked 
| 208|0x000000008d000000, 0x000000008d000000, 0x000000008d100000|  0%| F|  |TAMS 0x000000008d000000, 0x000000008d000000| Untracked 
| 209|0x000000008d100000, 0x000000008d100000, 0x000000008d200000|  0%| F|  |TAMS 0x000000008d100000, 0x000000008d100000| Untracked 
| 210|0x000000008d200000, 0x000000008d200000, 0x000000008d300000|  0%| F|  |TAMS 0x000000008d200000, 0x000000008d200000| Untracked 
| 211|0x000000008d300000, 0x000000008d300000, 0x000000008d400000|  0%| F|  |TAMS 0x000000008d300000, 0x000000008d300000| Untracked 
| 212|0x000000008d400000, 0x000000008d400000, 0x000000008d500000|  0%| F|  |TAMS 0x000000008d400000, 0x000000008d400000| Untracked 
| 213|0x000000008d500000, 0x000000008d500000, 0x000000008d600000|  0%| F|  |TAMS 0x000000008d500000, 0x000000008d500000| Untracked 
| 214|0x000000008d600000, 0x000000008d600000, 0x000000008d700000|  0%| F|  |TAMS 0x000000008d600000, 0x000000008d600000| Untracked 
| 215|0x000000008d700000, 0x000000008d700000, 0x000000008d800000|  0%| F|  |TAMS 0x000000008d700000, 0x000000008d700000| Untracked 
| 216|0x000000008d800000, 0x000000008d800000, 0x000000008d900000|  0%| F|  |TAMS 0x000000008d800000, 0x000000008d800000| Untracked 
| 217|0x000000008d900000, 0x000000008d900000, 0x000000008da00000|  0%| F|  |TAMS 0x000000008d900000, 0x000000008d900000| Untracked 
| 218|0x000000008da00000, 0x000000008da00000, 0x000000008db00000|  0%| F|  |TAMS 0x000000008da00000, 0x000000008da00000| Untracked 
| 219|0x000000008db00000, 0x000000008db00000, 0x000000008dc00000|  0%| F|  |TAMS 0x000000008db00000, 0x000000008db00000| Untracked 
| 220|0x000000008dc00000, 0x000000008dc00000, 0x000000008dd00000|  0%| F|  |TAMS 0x000000008dc00000, 0x000000008dc00000| Untracked 
| 221|0x000000008dd00000, 0x000000008dd00000, 0x000000008de00000|  0%| F|  |TAMS 0x000000008dd00000, 0x000000008dd00000| Untracked 
| 222|0x000000008de00000, 0x000000008de00000, 0x000000008df00000|  0%| F|  |TAMS 0x000000008de00000, 0x000000008de00000| Untracked 
| 223|0x000000008df00000, 0x000000008df00000, 0x000000008e000000|  0%| F|  |TAMS 0x000000008df00000, 0x000000008df00000| Untracked 
| 224|0x000000008e000000, 0x000000008e100000, 0x000000008e100000|100%| S|CS|TAMS 0x000000008e000000, 0x000000008e000000| Complete 
| 225|0x000000008e100000, 0x000000008e200000, 0x000000008e200000|100%| S|CS|TAMS 0x000000008e100000, 0x000000008e100000| Complete 
| 226|0x000000008e200000, 0x000000008e300000, 0x000000008e300000|100%| S|CS|TAMS 0x000000008e200000, 0x000000008e200000| Complete 
| 227|0x000000008e300000, 0x000000008e400000, 0x000000008e400000|100%| S|CS|TAMS 0x000000008e300000, 0x000000008e300000| Complete 
| 228|0x000000008e400000, 0x000000008e500000, 0x000000008e500000|100%| S|CS|TAMS 0x000000008e400000, 0x000000008e400000| Complete 
| 229|0x000000008e500000, 0x000000008e600000, 0x000000008e600000|100%| S|CS|TAMS 0x000000008e500000, 0x000000008e500000| Complete 
| 230|0x000000008e600000, 0x000000008e700000, 0x000000008e700000|100%| S|CS|TAMS 0x000000008e600000, 0x000000008e600000| Complete 
| 231|0x000000008e700000, 0x000000008e700000, 0x000000008e800000|  0%| F|  |TAMS 0x000000008e700000, 0x000000008e700000| Untracked 
| 232|0x000000008e800000, 0x000000008e800000, 0x000000008e900000|  0%| F|  |TAMS 0x000000008e800000, 0x000000008e800000| Untracked 
| 233|0x000000008e900000, 0x000000008e900000, 0x000000008ea00000|  0%| F|  |TAMS 0x000000008e900000, 0x000000008e900000| Untracked 
| 234|0x000000008ea00000, 0x000000008ea00000, 0x000000008eb00000|  0%| F|  |TAMS 0x000000008ea00000, 0x000000008ea00000| Untracked 
| 235|0x000000008eb00000, 0x000000008eb00000, 0x000000008ec00000|  0%| F|  |TAMS 0x000000008eb00000, 0x000000008eb00000| Untracked 
| 236|0x000000008ec00000, 0x000000008ec00000, 0x000000008ed00000|  0%| F|  |TAMS 0x000000008ec00000, 0x000000008ec00000| Untracked 
| 237|0x000000008ed00000, 0x000000008ed00000, 0x000000008ee00000|  0%| F|  |TAMS 0x000000008ed00000, 0x000000008ed00000| Untracked 
| 238|0x000000008ee00000, 0x000000008ee00000, 0x000000008ef00000|  0%| F|  |TAMS 0x000000008ee00000, 0x000000008ee00000| Untracked 
| 239|0x000000008ef00000, 0x000000008ef00000, 0x000000008f000000|  0%| F|  |TAMS 0x000000008ef00000, 0x000000008ef00000| Untracked 
| 240|0x000000008f000000, 0x000000008f000000, 0x000000008f100000|  0%| F|  |TAMS 0x000000008f000000, 0x000000008f000000| Untracked 
| 241|0x000000008f100000, 0x000000008f100000, 0x000000008f200000|  0%| F|  |TAMS 0x000000008f100000, 0x000000008f100000| Untracked 
| 242|0x000000008f200000, 0x000000008f200000, 0x000000008f300000|  0%| F|  |TAMS 0x000000008f200000, 0x000000008f200000| Untracked 
| 243|0x000000008f300000, 0x000000008f300000, 0x000000008f400000|  0%| F|  |TAMS 0x000000008f300000, 0x000000008f300000| Untracked 
| 244|0x000000008f400000, 0x000000008f400000, 0x000000008f500000|  0%| F|  |TAMS 0x000000008f400000, 0x000000008f400000| Untracked 
| 245|0x000000008f500000, 0x000000008f500000, 0x000000008f600000|  0%| F|  |TAMS 0x000000008f500000, 0x000000008f500000| Untracked 
| 246|0x000000008f600000, 0x000000008f600000, 0x000000008f700000|  0%| F|  |TAMS 0x000000008f600000, 0x000000008f600000| Untracked 
| 247|0x000000008f700000, 0x000000008f700000, 0x000000008f800000|  0%| F|  |TAMS 0x000000008f700000, 0x000000008f700000| Untracked 
| 248|0x000000008f800000, 0x000000008f800000, 0x000000008f900000|  0%| F|  |TAMS 0x000000008f800000, 0x000000008f800000| Untracked 
| 249|0x000000008f900000, 0x000000008f900000, 0x000000008fa00000|  0%| F|  |TAMS 0x000000008f900000, 0x000000008f900000| Untracked 
| 250|0x000000008fa00000, 0x000000008fa00000, 0x000000008fb00000|  0%| F|  |TAMS 0x000000008fa00000, 0x000000008fa00000| Untracked 
| 251|0x000000008fb00000, 0x000000008fb00000, 0x000000008fc00000|  0%| F|  |TAMS 0x000000008fb00000, 0x000000008fb00000| Untracked 
| 252|0x000000008fc00000, 0x000000008fc00000, 0x000000008fd00000|  0%| F|  |TAMS 0x000000008fc00000, 0x000000008fc00000| Untracked 
| 253|0x000000008fd00000, 0x000000008fd00000, 0x000000008fe00000|  0%| F|  |TAMS 0x000000008fd00000, 0x000000008fd00000| Untracked 
| 254|0x000000008fe00000, 0x000000008fe00000, 0x000000008ff00000|  0%| F|  |TAMS 0x000000008fe00000, 0x000000008fe00000| Untracked 
| 255|0x000000008ff00000, 0x000000008ff00000, 0x0000000090000000|  0%| F|  |TAMS 0x000000008ff00000, 0x000000008ff00000| Untracked 
| 256|0x0000000090000000, 0x0000000090000000, 0x0000000090100000|  0%| F|  |TAMS 0x0000000090000000, 0x0000000090000000| Untracked 
| 257|0x0000000090100000, 0x0000000090100000, 0x0000000090200000|  0%| F|  |TAMS 0x0000000090100000, 0x0000000090100000| Untracked 
| 258|0x0000000090200000, 0x0000000090200000, 0x0000000090300000|  0%| F|  |TAMS 0x0000000090200000, 0x0000000090200000| Untracked 
| 259|0x0000000090300000, 0x0000000090300000, 0x0000000090400000|  0%| F|  |TAMS 0x0000000090300000, 0x0000000090300000| Untracked 
| 260|0x0000000090400000, 0x0000000090400000, 0x0000000090500000|  0%| F|  |TAMS 0x0000000090400000, 0x0000000090400000| Untracked 
| 261|0x0000000090500000, 0x0000000090500000, 0x0000000090600000|  0%| F|  |TAMS 0x0000000090500000, 0x0000000090500000| Untracked 
| 262|0x0000000090600000, 0x0000000090600000, 0x0000000090700000|  0%| F|  |TAMS 0x0000000090600000, 0x0000000090600000| Untracked 
| 263|0x0000000090700000, 0x0000000090700000, 0x0000000090800000|  0%| F|  |TAMS 0x0000000090700000, 0x0000000090700000| Untracked 
| 264|0x0000000090800000, 0x0000000090800000, 0x0000000090900000|  0%| F|  |TAMS 0x0000000090800000, 0x0000000090800000| Untracked 
| 265|0x0000000090900000, 0x0000000090900000, 0x0000000090a00000|  0%| F|  |TAMS 0x0000000090900000, 0x0000000090900000| Untracked 
| 266|0x0000000090a00000, 0x0000000090a409a8, 0x0000000090b00000| 25%| E|  |TAMS 0x0000000090a00000, 0x0000000090a00000| Complete 

Card table byte_map: [0x000001f2362a0000,0x000001f2366a0000] _byte_map_base: 0x000001f235ea0000

Marking Bits (Prev, Next): (CMBitMap*) 0x000001f2230cd3c0, (CMBitMap*) 0x000001f2230cd388
 Prev Bits: [0x000001f238aa0000, 0x000001f23aaa0000)
 Next Bits: [0x000001f236aa0000, 0x000001f238aa0000)

Polling page: 0x000001f222860000

Metaspace:

Usage:
  Non-class:    100.40 MB capacity,    98.24 MB ( 98%) used,     1.78 MB (  2%) free+waste,   394.88 KB ( <1%) overhead. 
      Class:     15.82 MB capacity,    14.57 MB ( 92%) used,     1.08 MB (  7%) free+waste,   178.56 KB (  1%) overhead. 
       Both:    116.23 MB capacity,   112.81 MB ( 97%) used,     2.86 MB (  2%) free+waste,   573.44 KB ( <1%) overhead. 

Virtual space:
  Non-class space:      102.00 MB reserved,     100.50 MB ( 99%) committed 
      Class space:        1.00 GB reserved,      15.88 MB (  2%) committed 
             Both:        1.10 GB reserved,     116.38 MB ( 10%) committed 

Chunk freelists:
   Non-Class:  35.00 KB
       Class:  22.00 KB
        Both:  57.00 KB

MaxMetaspaceSize: 17179869184.00 GB
CompressedClassSpaceSize: 1.00 GB

CodeHeap 'non-profiled nmethods': size=120000Kb used=9267Kb max_used=9267Kb free=110732Kb
 bounds [0x000001f22e640000, 0x000001f22ef50000, 0x000001f235b70000]
CodeHeap 'profiled nmethods': size=120000Kb used=37089Kb max_used=37089Kb free=82910Kb
 bounds [0x000001f227110000, 0x000001f229550000, 0x000001f22e640000]
CodeHeap 'non-nmethods': size=5760Kb used=2344Kb max_used=2394Kb free=3415Kb
 bounds [0x000001f226b70000, 0x000001f226de0000, 0x000001f227110000]
 total_blobs=18582 nmethods=17615 adapters=877
 compilation: enabled
              stopped_count=0, restarted_count=0
 full_count=0

Compilation events (20 events):
Event: 1160.356 Thread 0x000001f23de25800 nmethod 18216 0x000001f22953a490 code [0x000001f22953a660, 0x000001f22953a7b8]
Event: 1160.356 Thread 0x000001f23de25800 18217       2       com.android.tools.r8.code.z2::<init> (7 bytes)
Event: 1160.356 Thread 0x000001f23de25800 nmethod 18217 0x000001f22953a890 code [0x000001f22953aa60, 0x000001f22953ac98]
Event: 1160.394 Thread 0x000001f23de19800 nmethod 18192 0x000001f22ef49990 code [0x000001f22ef49b80, 0x000001f22ef4a918]
Event: 1160.394 Thread 0x000001f23de19800 18160   !   4       com.android.tools.r8.graph.c0::L (91 bytes)
Event: 1160.431 Thread 0x000001f23de19800 nmethod 18160 0x000001f22ef4b490 code [0x000001f22ef4b680, 0x000001f22ef4c418]
Event: 1160.432 Thread 0x000001f23de19800 18175 %     4       com.android.tools.r8.dex.j::a @ 44 (1038 bytes)
Event: 1160.457 Thread 0x000001f23de25800 18226       2       com.android.tools.r8.internal.pr$$Lambda$1172/0x0000000100d10c40::iterator (8 bytes)
Event: 1160.459 Thread 0x000001f23de25800 nmethod 18226 0x000001f22953ae90 code [0x000001f22953b080, 0x000001f22953b578]
Event: 1160.459 Thread 0x000001f23de25800 18227       2       com.android.tools.r8.internal.pr$$Lambda$1173/0x0000000100d11440::get$Lambda (9 bytes)
Event: 1160.459 Thread 0x000001f23de25800 nmethod 18227 0x000001f22953b790 code [0x000001f22953b940, 0x000001f22953bab8]
Event: 1160.459 Thread 0x000001f23de25800 18229       2       com.android.tools.r8.internal.pr$$Lambda$1173/0x0000000100d11440::<init> (10 bytes)
Event: 1160.459 Thread 0x000001f23de25800 nmethod 18229 0x000001f22953bb90 code [0x000001f22953bd40, 0x000001f22953be78]
Event: 1160.459 Thread 0x000001f23de25800 18228       2       com.android.tools.r8.internal.pr::k (25 bytes)
Event: 1160.460 Thread 0x000001f23de25800 nmethod 18228 0x000001f22953bf10 code [0x000001f22953c100, 0x000001f22953c5d8]
Event: 1160.479 Thread 0x000001f23de25800 18230       2       java.lang.invoke.VarHandleGuards::guard_LJJ_Z (72 bytes)
Event: 1160.503 Thread 0x000001f23de25800 nmethod 18230 0x000001f22953c790 code [0x000001f22953c9e0, 0x000001f22953d008]
Event: 1160.506 Thread 0x000001f23de25800 18232       2       java.util.concurrent.ForkJoinPool$WorkQueue::topLevelExec (86 bytes)
Event: 1160.507 Thread 0x000001f23de25800 nmethod 18232 0x000001f22953d510 code [0x000001f22953d6e0, 0x000001f22953d9c8]
Event: 1160.514 Thread 0x000001f23de25800 18234       3       com.android.tools.r8.ir.conversion.k::a (149 bytes)

GC Heap History (20 events):
Event: 24.313 GC heap before
{Heap before GC invocations=31 (full 0):
 garbage-first heap   total 227328K, used 179440K [0x0000000080000000, 0x0000000100000000)
  region size 1024K, 44 young (45056K), 5 survivors (5120K)
 Metaspace       used 95691K, capacity 98324K, committed 98432K, reserved 1134592K
  class space    used 12623K, capacity 13595K, committed 13696K, reserved 1048576K
}
Event: 24.321 GC heap after
{Heap after GC invocations=32 (full 0):
 garbage-first heap   total 227328K, used 144379K [0x0000000080000000, 0x0000000100000000)
  region size 1024K, 6 young (6144K), 6 survivors (6144K)
 Metaspace       used 95691K, capacity 98324K, committed 98432K, reserved 1134592K
  class space    used 12623K, capacity 13595K, committed 13696K, reserved 1048576K
}
Event: 24.782 GC heap before
{Heap before GC invocations=32 (full 0):
 garbage-first heap   total 227328K, used 178171K [0x0000000080000000, 0x0000000100000000)
  region size 1024K, 40 young (40960K), 6 survivors (6144K)
 Metaspace       used 96600K, capacity 99272K, committed 99584K, reserved 1134592K
  class space    used 12717K, capacity 13706K, committed 13824K, reserved 1048576K
}
Event: 24.790 GC heap after
{Heap after GC invocations=33 (full 0):
 garbage-first heap   total 227328K, used 142173K [0x0000000080000000, 0x0000000100000000)
  region size 1024K, 4 young (4096K), 4 survivors (4096K)
 Metaspace       used 96600K, capacity 99272K, committed 99584K, reserved 1134592K
  class space    used 12717K, capacity 13706K, committed 13824K, reserved 1048576K
}
Event: 25.168 GC heap before
{Heap before GC invocations=34 (full 0):
 garbage-first heap   total 227328K, used 168446K [0x0000000080000000, 0x0000000100000000)
  region size 1024K, 41 young (41984K), 4 survivors (4096K)
 Metaspace       used 97154K, capacity 99812K, committed 100096K, reserved 1136640K
  class space    used 12767K, capacity 13777K, committed 13824K, reserved 1048576K
}
Event: 25.173 GC heap after
{Heap after GC invocations=35 (full 0):
 garbage-first heap   total 227328K, used 131520K [0x0000000080000000, 0x0000000100000000)
  region size 1024K, 2 young (2048K), 2 survivors (2048K)
 Metaspace       used 97154K, capacity 99812K, committed 100096K, reserved 1136640K
  class space    used 12767K, capacity 13777K, committed 13824K, reserved 1048576K
}
Event: 25.263 GC heap before
{Heap before GC invocations=35 (full 0):
 garbage-first heap   total 227328K, used 139712K [0x0000000080000000, 0x0000000100000000)
  region size 1024K, 11 young (11264K), 2 survivors (2048K)
 Metaspace       used 97525K, capacity 100232K, committed 100480K, reserved 1136640K
  class space    used 12828K, capacity 13852K, committed 13952K, reserved 1048576K
}
Event: 25.267 GC heap after
{Heap after GC invocations=36 (full 0):
 garbage-first heap   total 227328K, used 120019K [0x0000000080000000, 0x0000000100000000)
  region size 1024K, 1 young (1024K), 1 survivors (1024K)
 Metaspace       used 97525K, capacity 100232K, committed 100480K, reserved 1136640K
  class space    used 12828K, capacity 13852K, committed 13952K, reserved 1048576K
}
Event: 26.428 GC heap before
{Heap before GC invocations=36 (full 0):
 garbage-first heap   total 227328K, used 166099K [0x0000000080000000, 0x0000000100000000)
  region size 1024K, 48 young (49152K), 1 survivors (1024K)
 Metaspace       used 104327K, capacity 107087K, committed 107264K, reserved 1142784K
  class space    used 13684K, capacity 14733K, committed 14848K, reserved 1048576K
}
Event: 26.439 GC heap after
{Heap after GC invocations=37 (full 0):
 garbage-first heap   total 227328K, used 124166K [0x0000000080000000, 0x0000000100000000)
  region size 1024K, 5 young (5120K), 5 survivors (5120K)
 Metaspace       used 104327K, capacity 107087K, committed 107264K, reserved 1142784K
  class space    used 13684K, capacity 14733K, committed 14848K, reserved 1048576K
}
Event: 27.662 GC heap before
{Heap before GC invocations=38 (full 0):
 garbage-first heap   total 227328K, used 170246K [0x0000000080000000, 0x0000000100000000)
  region size 1024K, 55 young (56320K), 5 survivors (5120K)
 Metaspace       used 106987K, capacity 109943K, committed 110080K, reserved 1144832K
  class space    used 13967K, capacity 15072K, committed 15104K, reserved 1048576K
}
Event: 27.670 GC heap after
{Heap after GC invocations=39 (full 0):
 garbage-first heap   total 227328K, used 118096K [0x0000000080000000, 0x0000000100000000)
  region size 1024K, 3 young (3072K), 3 survivors (3072K)
 Metaspace       used 106987K, capacity 109943K, committed 110080K, reserved 1144832K
  class space    used 13967K, capacity 15072K, committed 15104K, reserved 1048576K
}
Event: 27.730 GC heap before
{Heap before GC invocations=39 (full 0):
 garbage-first heap   total 227328K, used 125264K [0x0000000080000000, 0x0000000100000000)
  region size 1024K, 11 young (11264K), 3 survivors (3072K)
 Metaspace       used 107221K, capacity 110221K, committed 110464K, reserved 1144832K
  class space    used 13996K, capacity 15121K, committed 15232K, reserved 1048576K
}
Event: 27.740 GC heap after
{Heap after GC invocations=40 (full 0):
 garbage-first heap   total 273408K, used 96154K [0x0000000080000000, 0x0000000100000000)
  region size 1024K, 2 young (2048K), 2 survivors (2048K)
 Metaspace       used 107221K, capacity 110221K, committed 110464K, reserved 1144832K
  class space    used 13996K, capacity 15121K, committed 15232K, reserved 1048576K
}
Event: 28.702 GC heap before
{Heap before GC invocations=40 (full 0):
 garbage-first heap   total 273408K, used 180122K [0x0000000080000000, 0x0000000100000000)
  region size 1024K, 84 young (86016K), 2 survivors (2048K)
 Metaspace       used 111173K, capacity 114377K, committed 114560K, reserved 1148928K
  class space    used 14498K, capacity 15720K, committed 15744K, reserved 1048576K
}
Event: 28.705 GC heap after
{Heap after GC invocations=41 (full 0):
 garbage-first heap   total 273408K, used 98899K [0x0000000080000000, 0x0000000100000000)
  region size 1024K, 5 young (5120K), 5 survivors (5120K)
 Metaspace       used 111173K, capacity 114377K, committed 114560K, reserved 1148928K
  class space    used 14498K, capacity 15720K, committed 15744K, reserved 1048576K
}
Event: 1155.345 GC heap before
{Heap before GC invocations=41 (full 0):
 garbage-first heap   total 273408K, used 204371K [0x0000000080000000, 0x0000000100000000)
  region size 1024K, 91 young (93184K), 5 survivors (5120K)
 Metaspace       used 113450K, capacity 116793K, committed 116992K, reserved 1150976K
  class space    used 14758K, capacity 16028K, committed 16128K, reserved 1048576K
}
Event: 1155.435 GC heap after
{Heap after GC invocations=42 (full 0):
 garbage-first heap   total 273408K, used 98215K [0x0000000080000000, 0x0000000100000000)
  region size 1024K, 4 young (4096K), 4 survivors (4096K)
 Metaspace       used 113450K, capacity 116793K, committed 116992K, reserved 1150976K
  class space    used 14758K, capacity 16028K, committed 16128K, reserved 1048576K
}
Event: 1160.103 GC heap before
{Heap before GC invocations=42 (full 0):
 garbage-first heap   total 273408K, used 218023K [0x0000000080000000, 0x0000000100000000)
  region size 1024K, 110 young (112640K), 4 survivors (4096K)
 Metaspace       used 115510K, capacity 119014K, committed 119168K, reserved 1153024K
  class space    used 14922K, capacity 16202K, committed 16256K, reserved 1048576K
}
Event: 1160.292 GC heap after
{Heap after GC invocations=43 (full 0):
 garbage-first heap   total 273408K, used 136675K [0x0000000080000000, 0x0000000100000000)
  region size 1024K, 14 young (14336K), 14 survivors (14336K)
 Metaspace       used 115510K, capacity 119014K, committed 119168K, reserved 1153024K
  class space    used 14922K, capacity 16202K, committed 16256K, reserved 1048576K
}

Deoptimization events (20 events):
Event: 1159.725 Thread 0x000001f242224000 DEOPT PACKING pc=0x000001f22866e20e sp=0x00000053271fd3d0
Event: 1159.725 Thread 0x000001f242224000 DEOPT UNPACKING pc=0x000001f226b976ce sp=0x00000053271fca90 mode 0
Event: 1159.856 Thread 0x000001f2403e8000 Uncommon trap: trap_request=0xffffffc6 fr.pc=0x000001f22edd5ebc relative=0x000000000000015c
Event: 1159.856 Thread 0x000001f2403e8000 Uncommon trap: reason=bimorphic_or_optimized_type_check action=maybe_recompile pc=0x000001f22edd5ebc method=com.android.tools.r8.internal.hr.a(Ljava/util/function/Predicate;Ljava/util/function/Consumer;Lcom/android/tools/r8/graph/P;)Lcom/android/tools/r8/
Event: 1159.856 Thread 0x000001f2403e8000 DEOPT PACKING pc=0x000001f22edd5ebc sp=0x0000005327cfe1a0
Event: 1159.856 Thread 0x000001f2403e8000 DEOPT UNPACKING pc=0x000001f226b978af sp=0x0000005327cfe0c8 mode 2
Event: 1159.856 Thread 0x000001f2403e8000 Uncommon trap: trap_request=0xffffffc6 fr.pc=0x000001f22edd5ebc relative=0x000000000000015c
Event: 1159.856 Thread 0x000001f2403e8000 Uncommon trap: reason=bimorphic_or_optimized_type_check action=maybe_recompile pc=0x000001f22edd5ebc method=com.android.tools.r8.internal.hr.a(Ljava/util/function/Predicate;Ljava/util/function/Consumer;Lcom/android/tools/r8/graph/P;)Lcom/android/tools/r8/
Event: 1159.856 Thread 0x000001f2403e8000 DEOPT PACKING pc=0x000001f22edd5ebc sp=0x0000005327cfe1a0
Event: 1159.856 Thread 0x000001f2403e8000 DEOPT UNPACKING pc=0x000001f226b978af sp=0x0000005327cfe0c8 mode 2
Event: 1159.856 Thread 0x000001f2403e8000 Uncommon trap: trap_request=0xffffffc6 fr.pc=0x000001f22edd5ebc relative=0x000000000000015c
Event: 1159.856 Thread 0x000001f2403e8000 Uncommon trap: reason=bimorphic_or_optimized_type_check action=maybe_recompile pc=0x000001f22edd5ebc method=com.android.tools.r8.internal.hr.a(Ljava/util/function/Predicate;Ljava/util/function/Consumer;Lcom/android/tools/r8/graph/P;)Lcom/android/tools/r8/
Event: 1159.856 Thread 0x000001f2403e8000 DEOPT PACKING pc=0x000001f22edd5ebc sp=0x0000005327cfe1a0
Event: 1159.856 Thread 0x000001f2403e8000 DEOPT UNPACKING pc=0x000001f226b978af sp=0x0000005327cfe0c8 mode 2
Event: 1159.857 Thread 0x000001f2403e8000 Uncommon trap: trap_request=0xffffffc6 fr.pc=0x000001f22edd5ebc relative=0x000000000000015c
Event: 1159.857 Thread 0x000001f2403e8000 Uncommon trap: reason=bimorphic_or_optimized_type_check action=maybe_recompile pc=0x000001f22edd5ebc method=com.android.tools.r8.internal.hr.a(Ljava/util/function/Predicate;Ljava/util/function/Consumer;Lcom/android/tools/r8/graph/P;)Lcom/android/tools/r8/
Event: 1159.857 Thread 0x000001f2403e8000 DEOPT PACKING pc=0x000001f22edd5ebc sp=0x0000005327cfe1a0
Event: 1159.857 Thread 0x000001f2403e8000 DEOPT UNPACKING pc=0x000001f226b978af sp=0x0000005327cfe0c8 mode 2
Event: 1160.515 Thread 0x000001f242ee4800 DEOPT PACKING pc=0x000001f2288280f6 sp=0x00000053283fe700
Event: 1160.515 Thread 0x000001f242ee4800 DEOPT UNPACKING pc=0x000001f226b976ce sp=0x00000053283fdd60 mode 0

Classes redefined (0 events):
No events

Internal exceptions (20 events):
Event: 29.166 Thread 0x000001f24143c000 Exception <a 'sun/nio/fs/WindowsException'{0x000000008e563440}> (0x000000008e563440) thrown at [./src/hotspot/share/prims/jni.cpp, line 615]
Event: 29.166 Thread 0x000001f24143c000 Exception <a 'sun/nio/fs/WindowsException'{0x000000008e563580}> (0x000000008e563580) thrown at [./src/hotspot/share/prims/jni.cpp, line 615]
Event: 29.419 Thread 0x000001f24143c000 Exception <a 'java/lang/NoSuchMethodError'{0x000000008df3fbe8}: 'java.lang.Object java.lang.invoke.DirectMethodHandle$Holder.invokeVirtual(java.lang.Object, java.lang.Object, int)'> (0x000000008df3fbe8) thrown at [./src/hotspot/share/interpreter/linkResolver.cpp, line 773]
Event: 29.723 Thread 0x000001f23f373800 Exception <a 'java/lang/NoSuchMethodError'{0x000000008dd74ae8}: 'java.lang.Object java.lang.invoke.DirectMethodHandle$Holder.invokeSpecial(java.lang.Object, java.lang.Object, java.lang.Object, java.lang.Object, int, java.lang.Object, java.lang.Object)'> (0x000000008dd74ae8) thrown at [./src/hotspot/share/interpreter/linkResolver.cpp, line 773]
Event: 32.509 Thread 0x000001f23f59e000 Implicit null exception at 0x000001f22e93e214 to 0x000001f22e93e7fc
Event: 32.511 Thread 0x000001f23f59e000 Implicit null exception at 0x000001f22e94f294 to 0x000001f22e94f86c
Event: 1154.044 Thread 0x000001f2476bb800 Implicit null exception at 0x000001f22eb5a302 to 0x000001f22eb5aecc
Event: 1154.046 Thread 0x000001f2476bb800 Implicit null exception at 0x000001f22ee1a67a to 0x000001f22ee213d8
Event: 1155.793 Thread 0x000001f2476bb800 Exception <a 'sun/nio/fs/WindowsException'{0x00000000903142f8}> (0x00000000903142f8) thrown at [./src/hotspot/share/prims/jni.cpp, line 615]
Event: 1155.997 Thread 0x000001f2476bb800 Exception <a 'java/lang/NoClassDefFoundError'{0x00000000901c57a0}: org/jetbrains/kotlin/gradle/plugin/KotlinBasePluginWrapper> (0x00000000901c57a0) thrown at [./src/hotspot/share/oops/constantPool.cpp, line 775]
Event: 1156.090 Thread 0x000001f2476bb800 Exception <a 'java/lang/NoClassDefFoundError'{0x000000008fe90c20}: org/jetbrains/kotlin/gradle/plugin/KotlinBasePluginWrapper> (0x000000008fe90c20) thrown at [./src/hotspot/share/oops/constantPool.cpp, line 775]
Event: 1156.171 Thread 0x000001f2476bb800 Exception <a 'java/lang/NoClassDefFoundError'{0x000000008fb509b0}: org/jetbrains/kotlin/gradle/plugin/KotlinBasePluginWrapper> (0x000000008fb509b0) thrown at [./src/hotspot/share/oops/constantPool.cpp, line 775]
Event: 1156.264 Thread 0x000001f2476bb800 Exception <a 'java/lang/NoClassDefFoundError'{0x000000008f83c638}: org/jetbrains/kotlin/gradle/plugin/KotlinBasePluginWrapper> (0x000000008f83c638) thrown at [./src/hotspot/share/oops/constantPool.cpp, line 775]
Event: 1156.269 Thread 0x000001f2476bb800 Implicit null exception at 0x000001f22eec3625 to 0x000001f22eec40d4
Event: 1156.341 Thread 0x000001f2476bb800 Exception <a 'sun/nio/fs/WindowsException'{0x000000008f726370}> (0x000000008f726370) thrown at [./src/hotspot/share/prims/jni.cpp, line 615]
Event: 1156.508 Thread 0x000001f2476bb800 Exception <a 'sun/nio/fs/WindowsException'{0x000000008f7cd7a0}> (0x000000008f7cd7a0) thrown at [./src/hotspot/share/prims/jni.cpp, line 615]
Event: 1156.510 Thread 0x000001f2476bb800 Exception <a 'sun/nio/fs/WindowsException'{0x000000008f7ce880}> (0x000000008f7ce880) thrown at [./src/hotspot/share/prims/jni.cpp, line 615]
Event: 1156.510 Thread 0x000001f2476bb800 Exception <a 'sun/nio/fs/WindowsException'{0x000000008f7cf9b0}> (0x000000008f7cf9b0) thrown at [./src/hotspot/share/prims/jni.cpp, line 615]
Event: 1156.510 Thread 0x000001f2476bb800 Exception <a 'sun/nio/fs/WindowsException'{0x000000008f7d0ae0}> (0x000000008f7d0ae0) thrown at [./src/hotspot/share/prims/jni.cpp, line 615]
Event: 1158.849 Thread 0x000001f242224000 Exception <a 'sun/nio/fs/WindowsException'{0x000000008d0b1568}> (0x000000008d0b1568) thrown at [./src/hotspot/share/prims/jni.cpp, line 615]

Events (20 events):
Event: 1159.833 Executing VM operation: RevokeBias
Event: 1159.835 Executing VM operation: RevokeBias done
Event: 1160.102 Executing VM operation: G1CollectForAllocation
Event: 1160.293 Executing VM operation: G1CollectForAllocation done
Event: 1160.454 Executing VM operation: BulkRevokeBias
Event: 1160.456 Executing VM operation: BulkRevokeBias done
Event: 1160.482 Executing VM operation: RevokeBias
Event: 1160.497 Executing coalesced safepoint VM operation: RevokeBias
Event: 1160.497 Executing coalesced safepoint VM operation: RevokeBias done
Event: 1160.497 Executing coalesced safepoint VM operation: RevokeBias
Event: 1160.497 Executing coalesced safepoint VM operation: RevokeBias done
Event: 1160.497 Executing coalesced safepoint VM operation: RevokeBias
Event: 1160.497 Executing coalesced safepoint VM operation: RevokeBias done
Event: 1160.497 Executing VM operation: RevokeBias done
Event: 1160.499 Executing VM operation: RevokeBias
Event: 1160.502 Executing VM operation: RevokeBias done
Event: 1160.503 Executing VM operation: RevokeBias
Event: 1160.506 Executing VM operation: RevokeBias done
Event: 1160.510 Executing VM operation: BulkRevokeBias
Event: 1160.512 Executing VM operation: BulkRevokeBias done


Dynamic libraries:
0x00007ff666b40000 - 0x00007ff666b4a000 	C:\Program Files\Android\Android Studio\jre\bin\java.exe
0x00007ffcc8940000 - 0x00007ffcc8b47000 	C:\Windows\SYSTEM32\ntdll.dll
0x00007ffcc71a0000 - 0x00007ffcc725d000 	C:\Windows\System32\KERNEL32.DLL
0x00007ffcc6330000 - 0x00007ffcc66a4000 	C:\Windows\System32\KERNELBASE.dll
0x00007ffcc33d0000 - 0x00007ffcc3461000 	C:\Windows\SYSTEM32\apphelp.dll
0x00007ffcc66b0000 - 0x00007ffcc67c1000 	C:\Windows\System32\ucrtbase.dll
0x00007ffcac270000 - 0x00007ffcac289000 	C:\Program Files\Android\Android Studio\jre\bin\jli.dll
0x00007ffca62d0000 - 0x00007ffca62e7000 	C:\Program Files\Android\Android Studio\jre\bin\VCRUNTIME140.dll
0x00007ffcc7d10000 - 0x00007ffcc7ebc000 	C:\Windows\System32\USER32.dll
0x00007ffca8770000 - 0x00007ffca8a15000 	C:\Windows\WinSxS\amd64_microsoft.windows.common-controls_6595b64144ccf1df_6.0.22000.120_none_9d947278b86cc467\COMCTL32.dll
0x00007ffcc6300000 - 0x00007ffcc6326000 	C:\Windows\System32\win32u.dll
0x00007ffcc7020000 - 0x00007ffcc7049000 	C:\Windows\System32\GDI32.dll
0x00007ffcc7540000 - 0x00007ffcc75e3000 	C:\Windows\System32\msvcrt.dll
0x00007ffcc6120000 - 0x00007ffcc6232000 	C:\Windows\System32\gdi32full.dll
0x00007ffcc5f90000 - 0x00007ffcc602d000 	C:\Windows\System32\msvcp_win.dll
0x00007ffcc7260000 - 0x00007ffcc7291000 	C:\Windows\System32\IMM32.DLL
0x00007ffc9c240000 - 0x00007ffc9c2dd000 	C:\Program Files\Android\Android Studio\jre\bin\msvcp140.dll
0x00007ffc80200000 - 0x00007ffc80ccf000 	C:\Program Files\Android\Android Studio\jre\bin\server\jvm.dll
0x00007ffcc67d0000 - 0x00007ffcc687c000 	C:\Windows\System32\ADVAPI32.dll
0x00007ffcc6de0000 - 0x00007ffcc6e7d000 	C:\Windows\System32\sechost.dll
0x00007ffcc8720000 - 0x00007ffcc8841000 	C:\Windows\System32\RPCRT4.dll
0x00007ffcc7530000 - 0x00007ffcc7538000 	C:\Windows\System32\PSAPI.DLL
0x00007ffcc02c0000 - 0x00007ffcc02c9000 	C:\Windows\SYSTEM32\WSOCK32.dll
0x00007ffcbe0e0000 - 0x00007ffcbe113000 	C:\Windows\SYSTEM32\WINMM.dll
0x00007ffcbc560000 - 0x00007ffcbc56a000 	C:\Windows\SYSTEM32\VERSION.dll
0x00007ffcc7ca0000 - 0x00007ffcc7d0f000 	C:\Windows\System32\WS2_32.dll
0x00007ffcc4ff0000 - 0x00007ffcc5008000 	C:\Windows\SYSTEM32\kernel.appcore.dll
0x00007ffcb9e80000 - 0x00007ffcb9e91000 	C:\Program Files\Android\Android Studio\jre\bin\verify.dll
0x00007ffcbf790000 - 0x00007ffcbf9b1000 	C:\Windows\SYSTEM32\DBGHELP.DLL
0x00007ffcabf10000 - 0x00007ffcabf41000 	C:\Windows\SYSTEM32\dbgcore.DLL
0x00007ffcc6030000 - 0x00007ffcc60b0000 	C:\Windows\System32\bcryptPrimitives.dll
0x00007ffcb3d60000 - 0x00007ffcb3d89000 	C:\Program Files\Android\Android Studio\jre\bin\java.dll
0x00007ffcc02b0000 - 0x00007ffcc02bb000 	C:\Program Files\Android\Android Studio\jre\bin\jimage.dll
0x00007ffcb4700000 - 0x00007ffcb4718000 	C:\Program Files\Android\Android Studio\jre\bin\zip.dll
0x00007ffcc7f50000 - 0x00007ffcc86f9000 	C:\Windows\System32\SHELL32.dll
0x00007ffcc3fd0000 - 0x00007ffcc4832000 	C:\Windows\SYSTEM32\windows.storage.dll
0x00007ffcc6970000 - 0x00007ffcc6ce8000 	C:\Windows\System32\combase.dll
0x00007ffcc3e60000 - 0x00007ffcc3fc6000 	C:\Windows\SYSTEM32\wintypes.dll
0x00007ffcc70b0000 - 0x00007ffcc719a000 	C:\Windows\System32\SHCORE.dll
0x00007ffcc6880000 - 0x00007ffcc68dd000 	C:\Windows\System32\shlwapi.dll
0x00007ffcc5d50000 - 0x00007ffcc5d71000 	C:\Windows\SYSTEM32\profapi.dll
0x00007ffcac4c0000 - 0x00007ffcac4da000 	C:\Program Files\Android\Android Studio\jre\bin\net.dll
0x00007ffcc07c0000 - 0x00007ffcc08cc000 	C:\Windows\SYSTEM32\WINHTTP.dll
0x00007ffcc5450000 - 0x00007ffcc54b7000 	C:\Windows\system32\mswsock.dll
0x00007ffcac250000 - 0x00007ffcac264000 	C:\Program Files\Android\Android Studio\jre\bin\nio.dll
0x00007ffca62f0000 - 0x00007ffca6317000 	C:\Users\hsibin\.gradle\native\8bec1ad78214c89d9ad589b4d07fe93259594b29d510b10fafb7a158f7737e5d\windows-amd64\native-platform.dll
0x00007ffc8a7d0000 - 0x00007ffc8a90d000 	C:\Users\hsibin\.gradle\native\53dbd7edfb1c66fb8903c78663c9afc45aea4f116125fa6feffd364cf09443e8\windows-amd64\native-platform-file-events.dll
0x00007ffcc0290000 - 0x00007ffcc029a000 	C:\Program Files\Android\Android Studio\jre\bin\management.dll
0x00007ffcbd490000 - 0x00007ffcbd49c000 	C:\Program Files\Android\Android Studio\jre\bin\management_ext.dll
0x00007ffcc5690000 - 0x00007ffcc56a8000 	C:\Windows\SYSTEM32\CRYPTSP.dll
0x00007ffcc4f20000 - 0x00007ffcc4f55000 	C:\Windows\system32\rsaenh.dll
0x00007ffcc5540000 - 0x00007ffcc5569000 	C:\Windows\SYSTEM32\USERENV.dll
0x00007ffcc5810000 - 0x00007ffcc5837000 	C:\Windows\SYSTEM32\bcrypt.dll
0x00007ffcc56b0000 - 0x00007ffcc56bc000 	C:\Windows\SYSTEM32\CRYPTBASE.dll
0x00007ffcc4a80000 - 0x00007ffcc4aad000 	C:\Windows\SYSTEM32\IPHLPAPI.DLL
0x00007ffcc68e0000 - 0x00007ffcc68e9000 	C:\Windows\System32\NSI.dll
0x00007ffcc0680000 - 0x00007ffcc0699000 	C:\Windows\SYSTEM32\dhcpcsvc6.DLL
0x00007ffcc0a10000 - 0x00007ffcc0a2e000 	C:\Windows\SYSTEM32\dhcpcsvc.DLL
0x00007ffcc4ab0000 - 0x00007ffcc4b97000 	C:\Windows\SYSTEM32\DNSAPI.dll
0x00007ffcac0c0000 - 0x00007ffcac0e7000 	C:\Program Files\Android\Android Studio\jre\bin\sunec.dll

dbghelp: loaded successfully - version: 4.0.5 - missing functions: none
symbol engine: initialized successfully - sym options: 0x614 - pdb path: .;C:\Program Files\Android\Android Studio\jre\bin;C:\Windows\SYSTEM32;C:\Windows\WinSxS\amd64_microsoft.windows.common-controls_6595b64144ccf1df_6.0.22000.120_none_9d947278b86cc467;C:\Program Files\Android\Android Studio\jre\bin\server;C:\Users\hsibin\.gradle\native\8bec1ad78214c89d9ad589b4d07fe93259594b29d510b10fafb7a158f7737e5d\windows-amd64;C:\Users\hsibin\.gradle\native\53dbd7edfb1c66fb8903c78663c9afc45aea4f116125fa6feffd364cf09443e8\windows-amd64

VM Arguments:
jvm_args: --add-opens=java.base/java.util=ALL-UNNAMED --add-opens=java.base/java.lang=ALL-UNNAMED --add-opens=java.base/java.lang.invoke=ALL-UNNAMED --add-opens=java.base/java.util=ALL-UNNAMED --add-opens=java.prefs/java.util.prefs=ALL-UNNAMED --add-opens=java.prefs/java.util.prefs=ALL-UNNAMED --add-opens=java.base/java.nio.charset=ALL-UNNAMED --add-opens=java.base/java.net=ALL-UNNAMED --add-opens=java.base/java.util.concurrent.atomic=ALL-UNNAMED -Xmx2048m -Dfile.encoding=UTF-8 -Duser.country=CN -Duser.language=zh -Duser.variant 
java_command: org.gradle.launcher.daemon.bootstrap.GradleDaemon 7.0.2
java_class_path (initial): C:\Users\hsibin\.gradle\wrapper\dists\gradle-7.0.2-bin\857tjihv64xamwrf0h14cai3r\gradle-7.0.2\lib\gradle-launcher-7.0.2.jar
Launcher Type: SUN_STANDARD

[Global flags]
     intx CICompilerCount                          = 4                                         {product} {ergonomic}
     uint ConcGCThreads                            = 2                                         {product} {ergonomic}
     uint G1ConcRefinementThreads                  = 8                                         {product} {ergonomic}
   size_t G1HeapRegionSize                         = 1048576                                   {product} {ergonomic}
    uintx GCDrainStackTargetSize                   = 64                                        {product} {ergonomic}
   size_t InitialHeapSize                          = 134217728                                 {product} {ergonomic}
   size_t MarkStackSize                            = 4194304                                   {product} {ergonomic}
   size_t MaxHeapSize                              = 2147483648                                {product} {command line}
   size_t MaxNewSize                               = 1287651328                                {product} {ergonomic}
   size_t MinHeapDeltaBytes                        = 1048576                                   {product} {ergonomic}
    uintx NonNMethodCodeHeapSize                   = 5836300                                {pd product} {ergonomic}
    uintx NonProfiledCodeHeapSize                  = 122910970                              {pd product} {ergonomic}
    uintx ProfiledCodeHeapSize                     = 122910970                              {pd product} {ergonomic}
    uintx ReservedCodeCacheSize                    = 251658240                              {pd product} {ergonomic}
     bool SegmentedCodeCache                       = true                                      {product} {ergonomic}
     bool UseCompressedClassPointers               = true                                 {lp64_product} {ergonomic}
     bool UseCompressedOops                        = true                                 {lp64_product} {ergonomic}
     bool UseG1GC                                  = true                                      {product} {ergonomic}
     bool UseLargePagesIndividualAllocation        = false                                  {pd product} {ergonomic}

Logging:
Log output configuration:
 #0: stdout all=warning uptime,level,tags
 #1: stderr all=off uptime,level,tags

Environment Variables:
PATH=C:\Program Files (x86)\Common Files\Oracle\Java\javapath;C:\Windows\system32;C:\Windows;C:\Windows\System32\Wbem;C:\Windows\System32\WindowsPowerShell\v1.0\;C:\Windows\System32\OpenSSH\;C:\Program Files\Git\cmd;C:\Users\hsibin\AppData\Local\Microsoft\WindowsApps;;C:\Program Files\JetBrains\IntelliJ IDEA 2021.2.2\bin;;C:\Program Files\JetBrains\WebStorm 2021.2.2\bin;
USERNAME=hsibin
OS=Windows_NT
PROCESSOR_IDENTIFIER=Intel64 Family 6 Model 142 Stepping 10, GenuineIntel



---------------  S Y S T E M  ---------------

OS: Windows 10 , 64 bit Build 22000 (10.0.22000.120)
OS uptime: 0 days 4:10 hours

CPU:total 8 (initial active 8) (4 cores per cpu, 2 threads per core) family 6 model 142 stepping 10 microcode 0xe8, cmov, cx8, fxsr, mmx, sse, sse2, sse3, ssse3, sse4.1, sse4.2, popcnt, avx, avx2, aes, clmul, erms, 3dnowpref, lzcnt, ht, tsc, tscinvbit, bmi1, bmi2, adx, fma

Memory: 4k page, system-wide physical 8109M (400M free)
TotalPageFile size 12205M (AvailPageFile size 7M)
current process WorkingSet (physical memory assigned to process): 389M, peak: 575M
current process commit charge ("private bytes"): 610M, peak: 619M

vm_info: OpenJDK 64-Bit Server VM (11.0.10+0-b96-7249189) for windows-amd64 JRE (11.0.10+0-b96-7249189), built on Mar 31 2021 21:44:00 by "builder" with MS VC++ 14.0 (VS2015)

END.
