#
# There is insufficient memory for the Java Runtime Environment to continue.
# Native memory allocation (mmap) failed to map 197132288 bytes for Failed to commit area from 0x000000008e200000 to 0x0000000099e00000 of length 197132288.
# Possible reasons:
#   The system is out of physical RAM or swap space
#   The process is running with CompressedOops enabled, and the Java Heap may be blocking the growth of the native heap
# Possible solutions:
#   Reduce memory load on the system
#   Increase physical memory or swap space
#   Check if swap backing store is full
#   Decrease Java heap size (-Xmx/-Xms)
#   Decrease number of Java threads
#   Decrease Java thread stack sizes (-Xss)
#   Set larger code cache with -XX:ReservedCodeCacheSize=
#   JVM is running with Unscaled Compressed Oops mode in which the Java heap is
#     placed in the first 4GB address space. The Java Heap base address is the
#     maximum limit for the native heap growth. Please use -XX:HeapBaseMinAddress
#     to set the Java Heap base and to place the Java Heap above 4GB virtual address.
# This output file may be truncated or incomplete.
#
#  Out of Memory Error (./src/hotspot/os/windows/os_windows.cpp:3301), pid=8576, tid=11436
#
# JRE version: OpenJDK Runtime Environment (11.0.10) (build 11.0.10+0-b96-7249189)
# Java VM: OpenJDK 64-Bit Server VM (11.0.10+0-b96-7249189, mixed mode, tiered, compressed oops, g1 gc, windows-amd64)
# No core dump will be written. Minidumps are not enabled by default on client versions of Windows
#

---------------  S U M M A R Y ------------

Command Line: --add-opens=java.base/java.util=ALL-UNNAMED --add-opens=java.base/java.lang=ALL-UNNAMED --add-opens=java.base/java.lang.invoke=ALL-UNNAMED --add-opens=java.base/java.util=ALL-UNNAMED --add-opens=java.prefs/java.util.prefs=ALL-UNNAMED --add-opens=java.prefs/java.util.prefs=ALL-UNNAMED --add-opens=java.base/java.nio.charset=ALL-UNNAMED --add-opens=java.base/java.net=ALL-UNNAMED --add-opens=java.base/java.util.concurrent.atomic=ALL-UNNAMED -Xmx2048m -Dfile.encoding=UTF-8 -Duser.country=CN -Duser.language=zh -Duser.variant org.gradle.launcher.daemon.bootstrap.GradleDaemon 7.0.2

Host: Intel(R) Core(TM) i5-8250U CPU @ 1.60GHz, 8 cores, 7G,  Windows 10 , 64 bit Build 22000 (10.0.22000.120)
Time: Sat Oct 16 19:39:48 2021 中国标准时间 elapsed time: 4774.557904 seconds (0d 1h 19m 34s)

---------------  T H R E A D  ---------------

Current thread (0x0000015ed3fdd800):  VMThread "VM Thread" [stack: 0x0000005145000000,0x0000005145100000] [id=11436]

Stack: [0x0000005145000000,0x0000005145100000]
[error occurred during error reporting (printing stack bounds), id 0xc0000005, EXCEPTION_ACCESS_VIOLATION (0xc0000005) at pc=0x0000015ebd660f2d]

Native frames: (J=compiled Java code, j=interpreted, Vv=VM code, C=native code)
V  [jvm.dll+0x5ecfaa]
V  [jvm.dll+0x722bd5]
V  [jvm.dll+0x72412d]
V  [jvm.dll+0x724745]
V  [jvm.dll+0x7246fb]
V  [jvm.dll+0x5ec348]
V  [jvm.dll+0x5ecad8]
C  [ntdll.dll+0xa826f]
C  [ntdll.dll+0x359ca]
C  [ntdll.dll+0xa727e]
C  0x0000015ebd660f2d

VM_Operation (0x00000051481f8d00): G1CollectForAllocation, mode: safepoint, requested by thread 0x0000015ed755a000


---------------  P R O C E S S  ---------------

Threads class SMR info:
_java_thread_list=0x0000015ed7331f00, length=61, elements={
0x0000015eb797c000, 0x0000015ed3fe4800, 0x0000015ed3fe6000, 0x0000015ed4858800,
0x0000015ed485b800, 0x0000015ed485c800, 0x0000015ed4861000, 0x0000015ed4867000,
0x0000015ed4870800, 0x0000015ed49e0800, 0x0000015ed68b2000, 0x0000015ed6831000,
0x0000015ed607b000, 0x0000015ed6251800, 0x0000015ed624f800, 0x0000015ed6251000,
0x0000015ed83b7000, 0x0000015ed83b2800, 0x0000015ed83b4000, 0x0000015ed83b5800,
0x0000015ed83b4800, 0x0000015ed83bb800, 0x0000015ed83be800, 0x0000015ed755b800,
0x0000015ed7556800, 0x0000015ed7555800, 0x0000015ed755c800, 0x0000015ed755d000,
0x0000015ed755e000, 0x0000015ed6ecc800, 0x0000015ed7560800, 0x0000015ed6ec4000,
0x0000015ed6ec1000, 0x0000015ed6ec5000, 0x0000015ed6ec5800, 0x0000015ed6ec0000,
0x0000015ed6ec6800, 0x0000015ed6ec7800, 0x0000015ed6ec1800, 0x0000015ed6ec8000,
0x0000015ed6ec2800, 0x0000015ed6eca000, 0x0000015ed6ece000, 0x0000015ed6eca800,
0x0000015ed6ecb800, 0x0000015ed6ecd000, 0x0000015ed6ece800, 0x0000015ed6ec9000,
0x0000015ed7557800, 0x0000015ed7559000, 0x0000015ed7555000, 0x0000015ed755a000,
0x0000015ed7554000, 0x0000015ed755e800, 0x0000015ed7561000, 0x0000015ed7562000,
0x0000015ed7563000, 0x0000015ed755f800, 0x0000015ed83b8000, 0x0000015ed83b9000,
0x0000015ed83b3000
}

Java Threads: ( => current thread )
  0x0000015eb797c000 JavaThread "main" [_thread_blocked, id=9904, stack(0x0000005144a00000,0x0000005144b00000)]
  0x0000015ed3fe4800 JavaThread "Reference Handler" daemon [_thread_blocked, id=2408, stack(0x0000005145100000,0x0000005145200000)]
  0x0000015ed3fe6000 JavaThread "Finalizer" daemon [_thread_blocked, id=10024, stack(0x0000005145200000,0x0000005145300000)]
  0x0000015ed4858800 JavaThread "Signal Dispatcher" daemon [_thread_blocked, id=8220, stack(0x0000005145300000,0x0000005145400000)]
  0x0000015ed485b800 JavaThread "Attach Listener" daemon [_thread_blocked, id=8652, stack(0x0000005145400000,0x0000005145500000)]
  0x0000015ed485c800 JavaThread "Service Thread" daemon [_thread_blocked, id=11376, stack(0x0000005145500000,0x0000005145600000)]
  0x0000015ed4861000 JavaThread "C2 CompilerThread0" daemon [_thread_in_native, id=5128, stack(0x0000005145600000,0x0000005145700000)]
  0x0000015ed4867000 JavaThread "C1 CompilerThread0" daemon [_thread_blocked, id=12240, stack(0x0000005145700000,0x0000005145800000)]
  0x0000015ed4870800 JavaThread "Sweeper thread" daemon [_thread_blocked, id=11868, stack(0x0000005145800000,0x0000005145900000)]
  0x0000015ed49e0800 JavaThread "Common-Cleaner" daemon [_thread_blocked, id=6708, stack(0x0000005145900000,0x0000005145a00000)]
  0x0000015ed68b2000 JavaThread "Daemon health stats" [_thread_blocked, id=11924, stack(0x0000005145f00000,0x0000005146000000)]
  0x0000015ed6831000 JavaThread "Incoming local TCP Connector on port 52057" [_thread_in_native, id=4412, stack(0x0000005145b00000,0x0000005145c00000)]
  0x0000015ed607b000 JavaThread "Daemon periodic checks" [_thread_blocked, id=6160, stack(0x0000005145c00000,0x0000005145d00000)]
  0x0000015ed6251800 JavaThread "Cache worker for file hash cache (C:\Users\hsibin\.gradle\caches\7.0.2\fileHashes)" [_thread_blocked, id=5016, stack(0x0000005146c00000,0x0000005146d00000)]
  0x0000015ed624f800 JavaThread "File lock request listener" [_thread_in_native, id=12696, stack(0x0000005146d00000,0x0000005146e00000)]
  0x0000015ed6251000 JavaThread "Cache worker for journal cache (C:\Users\hsibin\.gradle\caches\journal-1)" [_thread_blocked, id=5600, stack(0x0000005146f00000,0x0000005147000000)]
  0x0000015ed83b7000 JavaThread "File watcher server" daemon [_thread_blocked, id=7796, stack(0x0000005147200000,0x0000005147300000)]
  0x0000015ed83b2800 JavaThread "File watcher consumer" daemon [_thread_blocked, id=8580, stack(0x0000005147300000,0x0000005147400000)]
  0x0000015ed83b4000 JavaThread "Cache worker for execution history cache (C:\Users\hsibin\.gradle\caches\7.0.2\executionHistory)" [_thread_blocked, id=6304, stack(0x0000005147800000,0x0000005147900000)]
  0x0000015ed83b5800 JavaThread "jar transforms" [_thread_blocked, id=5948, stack(0x0000005147900000,0x0000005147a00000)]
  0x0000015ed83b4800 JavaThread "jar transforms Thread 2" [_thread_blocked, id=8456, stack(0x0000005147a00000,0x0000005147b00000)]
  0x0000015ed83bb800 JavaThread "Cache worker for file content cache (C:\Users\hsibin\.gradle\caches\7.0.2\fileContent)" [_thread_blocked, id=12548, stack(0x0000005147b00000,0x0000005147c00000)]
  0x0000015ed83be800 JavaThread "jar transforms Thread 3" [_thread_blocked, id=5100, stack(0x0000005147000000,0x0000005147100000)]
  0x0000015ed755b800 JavaThread "jar transforms Thread 4" [_thread_blocked, id=6772, stack(0x0000005148600000,0x0000005148700000)]
  0x0000015ed7556800 JavaThread "jar transforms Thread 5" [_thread_blocked, id=632, stack(0x0000005148700000,0x0000005148800000)]
  0x0000015ed7555800 JavaThread "jar transforms Thread 6" [_thread_blocked, id=2504, stack(0x0000005148800000,0x0000005148900000)]
  0x0000015ed755c800 JavaThread "jar transforms Thread 7" [_thread_blocked, id=10552, stack(0x0000005148900000,0x0000005148a00000)]
  0x0000015ed755d000 JavaThread "jar transforms Thread 8" [_thread_blocked, id=9504, stack(0x0000005148a00000,0x0000005148b00000)]
  0x0000015ed755e000 JavaThread "Memory manager" [_thread_blocked, id=6944, stack(0x0000005148c00000,0x0000005148d00000)]
  0x0000015ed6ecc800 JavaThread "Cache worker for Java compile cache (C:\Users\hsibin\.gradle\caches\7.0.2\javaCompile)" [_thread_blocked, id=6364, stack(0x0000005148500000,0x0000005148600000)]
  0x0000015ed7560800 JavaThread "ForkJoinPool.commonPool-worker-3" daemon [_thread_blocked, id=6484, stack(0x000000514a100000,0x000000514a200000)]
  0x0000015ed6ec4000 JavaThread "Daemon Thread 8" [_thread_blocked, id=4928, stack(0x0000005144700000,0x0000005144800000)]
  0x0000015ed6ec1000 JavaThread "Handler for socket connection from /127.0.0.1:52057 to /127.0.0.1:49363" [_thread_in_native, id=4316, stack(0x0000005144800000,0x0000005144900000)]
  0x0000015ed6ec5000 JavaThread "Cancel handler" [_thread_blocked, id=13212, stack(0x0000005144900000,0x0000005144a00000)]
  0x0000015ed6ec5800 JavaThread "Daemon worker Thread 8" [_thread_blocked, id=3420, stack(0x0000005146000000,0x0000005146100000)]
  0x0000015ed6ec0000 JavaThread "Asynchronous log dispatcher for DefaultDaemonConnection: socket connection from /127.0.0.1:52057 to /127.0.0.1:49363" [_thread_blocked, id=8892, stack(0x0000005146100000,0x0000005146200000)]
  0x0000015ed6ec6800 JavaThread "Stdin handler" [_thread_blocked, id=11776, stack(0x0000005146200000,0x0000005146300000)]
  0x0000015ed6ec7800 JavaThread "Daemon client event forwarder" [_thread_blocked, id=12544, stack(0x0000005146300000,0x0000005146400000)]
  0x0000015ed6ec1800 JavaThread "Cache worker for file hash cache (C:\Users\hsibin\AndroidStudioProjects\stage2\.gradle\7.0.2\fileHashes)" [_thread_blocked, id=11724, stack(0x0000005146900000,0x0000005146a00000)]
  0x0000015ed6ec8000 JavaThread "Cache worker for checksums cache (C:\Users\hsibin\AndroidStudioProjects\stage2\.gradle\checksums)" [_thread_blocked, id=4268, stack(0x0000005146a00000,0x0000005146b00000)]
  0x0000015ed6ec2800 JavaThread "Cache worker for cache directory md-supplier (C:\Users\hsibin\.gradle\caches\7.0.2\md-supplier)" [_thread_blocked, id=3840, stack(0x0000005146b00000,0x0000005146c00000)]
  0x0000015ed6eca000 JavaThread "Cache worker for cache directory md-rule (C:\Users\hsibin\.gradle\caches\7.0.2\md-rule)" [_thread_blocked, id=2772, stack(0x0000005147100000,0x0000005147200000)]
  0x0000015ed6ece000 JavaThread "Cache worker for dependencies-accessors (C:\Users\hsibin\AndroidStudioProjects\stage2\.gradle\7.0.2\dependencies-accessors)" [_thread_blocked, id=1816, stack(0x0000005147400000,0x0000005147500000)]
  0x0000015ed6eca800 JavaThread "Cache worker for Build Output Cleanup Cache (C:\Users\hsibin\AndroidStudioProjects\stage2\.gradle\buildOutputCleanup)" [_thread_blocked, id=4360, stack(0x0000005147500000,0x0000005147600000)]
  0x0000015ed6ecb800 JavaThread "Build operations" [_thread_blocked, id=1476, stack(0x0000005147600000,0x0000005147700000)]
  0x0000015ed6ecd000 JavaThread "Build operations Thread 2" [_thread_blocked, id=8876, stack(0x0000005147700000,0x0000005147800000)]
  0x0000015ed6ece800 JavaThread "Build operations Thread 3" [_thread_blocked, id=8372, stack(0x0000005147c00000,0x0000005147d00000)]
  0x0000015ed6ec9000 JavaThread "Build operations Thread 4" [_thread_blocked, id=9940, stack(0x0000005147d00000,0x0000005147e00000)]
  0x0000015ed7557800 JavaThread "Build operations Thread 5" [_thread_blocked, id=4028, stack(0x0000005147e00000,0x0000005147f00000)]
  0x0000015ed7559000 JavaThread "Build operations Thread 6" [_thread_blocked, id=6572, stack(0x0000005147f00000,0x0000005148000000)]
  0x0000015ed7555000 JavaThread "Build operations Thread 7" [_thread_blocked, id=11800, stack(0x0000005148000000,0x0000005148100000)]
  0x0000015ed755a000 JavaThread "Build operations Thread 8" [_thread_blocked, id=11960, stack(0x0000005148100000,0x0000005148200000)]
  0x0000015ed7554000 JavaThread "build event listener" [_thread_blocked, id=10792, stack(0x0000005148200000,0x0000005148300000)]
  0x0000015ed755e800 JavaThread "Execution worker for ':'" [_thread_blocked, id=5712, stack(0x0000005148300000,0x0000005148400000)]
  0x0000015ed7561000 JavaThread "Execution worker for ':' Thread 2" [_thread_blocked, id=7004, stack(0x0000005148400000,0x0000005148500000)]
  0x0000015ed7562000 JavaThread "Execution worker for ':' Thread 3" [_thread_blocked, id=2940, stack(0x0000005148b00000,0x0000005148c00000)]
  0x0000015ed7563000 JavaThread "Execution worker for ':' Thread 4" [_thread_blocked, id=4104, stack(0x0000005148d00000,0x0000005148e00000)]
  0x0000015ed755f800 JavaThread "Execution worker for ':' Thread 5" [_thread_blocked, id=6324, stack(0x0000005148e00000,0x0000005148f00000)]
  0x0000015ed83b8000 JavaThread "Execution worker for ':' Thread 6" [_thread_blocked, id=9588, stack(0x0000005148f00000,0x0000005149000000)]
  0x0000015ed83b9000 JavaThread "Execution worker for ':' Thread 7" [_thread_blocked, id=12204, stack(0x0000005149000000,0x0000005149100000)]
  0x0000015ed83b3000 JavaThread "Cache worker for execution history cache (C:\Users\hsibin\AndroidStudioProjects\stage2\.gradle\7.0.2\executionHistory)" [_thread_blocked, id=756, stack(0x0000005149100000,0x0000005149200000)]

Other Threads:
=>0x0000015ed3fdd800 VMThread "VM Thread" [stack: 0x0000005145000000,0x0000005145100000] [id=11436]
  0x0000015ed49f8800 WatcherThread [stack: 0x0000005145a00000,0x0000005145b00000] [id=8680]
  0x0000015eb9b96800 GCTaskThread "GC Thread#0" [stack: 0x0000005144b00000,0x0000005144c00000] [id=11480]
  0x0000015ed55a6800 GCTaskThread "GC Thread#1" [stack: 0x0000005145d00000,0x0000005145e00000] [id=3148]
  0x0000015ed5661000 GCTaskThread "GC Thread#2" [stack: 0x0000005145e00000,0x0000005145f00000] [id=4744]
  0x0000015ed70b5000 GCTaskThread "GC Thread#3" [stack: 0x0000005146400000,0x0000005146500000] [id=5936]
  0x0000015ed73a6800 GCTaskThread "GC Thread#4" [stack: 0x0000005146500000,0x0000005146600000] [id=12512]
  0x0000015ed69a4800 GCTaskThread "GC Thread#5" [stack: 0x0000005146600000,0x0000005146700000] [id=10896]
  0x0000015ed83a9000 GCTaskThread "GC Thread#6" [stack: 0x0000005146700000,0x0000005146800000] [id=6464]
  0x0000015ed836d800 GCTaskThread "GC Thread#7" [stack: 0x0000005146800000,0x0000005146900000] [id=1864]
  0x0000015eb9bc7000 ConcurrentGCThread "G1 Main Marker" [stack: 0x0000005144c00000,0x0000005144d00000] [id=8180]
  0x0000015eb9bc8800 ConcurrentGCThread "G1 Conc#0" [stack: 0x0000005144d00000,0x0000005144e00000] [id=11168]
  0x0000015ed5b87800 ConcurrentGCThread "G1 Conc#1" [stack: 0x0000005146e00000,0x0000005146f00000] [id=8772]
  0x0000015ed3e30800 ConcurrentGCThread "G1 Refine#0" [stack: 0x0000005144e00000,0x0000005144f00000] [id=9284]
  0x0000015ed3e31800 ConcurrentGCThread "G1 Young RemSet Sampling" [stack: 0x0000005144f00000,0x0000005145000000] [id=9164]

Threads with active compile tasks:
C2 CompilerThread04774591 26809 %     4       com.android.tools.r8.internal.T6::a @ 3066 (4191 bytes)
C1 CompilerThread04774591 27744       2       com.android.tools.r8.code.D0::<init> (73 bytes)

VM state:at safepoint (normal execution)

VM Mutex/Monitor currently owned by a thread:  ([mutex/lock_event])
[0x0000015eb9b804e0] Threads_lock - owner thread: 0x0000015ed3fdd800
[0x0000015eb9b7f0a0] Heap_lock - owner thread: 0x0000015ed755a000

Heap address: 0x0000000080000000, size: 2048 MB, Compressed Oops mode: 32-bit
Narrow klass base: 0x0000000000000000, Narrow klass shift: 3
Compressed class space size: 1073741824 Address: 0x0000000100000000

Heap:
 garbage-first heap   total 423936K, used 122769K [0x0000000080000000, 0x0000000100000000)
  region size 1024K, 5 young (5120K), 5 survivors (5120K)
 Metaspace       used 121656K, capacity 126218K, committed 126540K, reserved 1159168K
  class space    used 15145K, capacity 16825K, committed 16972K, reserved 1048576K
Heap Regions: E=young(eden), S=young(survivor), O=old, HS=humongous(starts), HC=humongous(continues), CS=collection set, F=free, A=archive, TAMS=top-at-mark-start (previous, next)
|   0|0x0000000080000000, 0x0000000080100000, 0x0000000080100000|100%| O|  |TAMS 0x0000000080100000, 0x0000000080000000| Updating 
|   1|0x0000000080100000, 0x0000000080200000, 0x0000000080200000|100%| O|  |TAMS 0x0000000080200000, 0x0000000080100000| Updating 
|   2|0x0000000080200000, 0x0000000080300000, 0x0000000080300000|100%| O|  |TAMS 0x0000000080300000, 0x0000000080200000| Updating 
|   3|0x0000000080300000, 0x0000000080400000, 0x0000000080400000|100%|HS|  |TAMS 0x0000000080400000, 0x0000000080300000| Complete 
|   4|0x0000000080400000, 0x0000000080500000, 0x0000000080500000|100%|HC|  |TAMS 0x0000000080500000, 0x0000000080400000| Complete 
|   5|0x0000000080500000, 0x0000000080600000, 0x0000000080600000|100%|HC|  |TAMS 0x0000000080600000, 0x0000000080500000| Complete 
|   6|0x0000000080600000, 0x0000000080700000, 0x0000000080700000|100%| O|  |TAMS 0x0000000080700000, 0x0000000080600000| Updating 
|   7|0x0000000080700000, 0x0000000080800000, 0x0000000080800000|100%| O|  |TAMS 0x0000000080800000, 0x0000000080700000| Updating 
|   8|0x0000000080800000, 0x0000000080900000, 0x0000000080900000|100%| O|  |TAMS 0x0000000080900000, 0x0000000080800000| Updating 
|   9|0x0000000080900000, 0x0000000080a00000, 0x0000000080a00000|100%| O|  |TAMS 0x0000000080a00000, 0x0000000080900000| Updating 
|  10|0x0000000080a00000, 0x0000000080b00000, 0x0000000080b00000|100%| O|  |TAMS 0x0000000080b00000, 0x0000000080a00000| Updating 
|  11|0x0000000080b00000, 0x0000000080c00000, 0x0000000080c00000|100%| O|  |TAMS 0x0000000080c00000, 0x0000000080b00000| Updating 
|  12|0x0000000080c00000, 0x0000000080d00000, 0x0000000080d00000|100%| O|  |TAMS 0x0000000080d00000, 0x0000000080c00000| Updating 
|  13|0x0000000080d00000, 0x0000000080e00000, 0x0000000080e00000|100%| O|  |TAMS 0x0000000080e00000, 0x0000000080d00000| Updating 
|  14|0x0000000080e00000, 0x0000000080f00000, 0x0000000080f00000|100%| O|  |TAMS 0x0000000080f00000, 0x0000000080e00000| Updating 
|  15|0x0000000080f00000, 0x0000000081000000, 0x0000000081000000|100%| O|  |TAMS 0x0000000081000000, 0x0000000080f00000| Updating 
|  16|0x0000000081000000, 0x0000000081100000, 0x0000000081100000|100%|HS|  |TAMS 0x0000000081100000, 0x0000000081000000| Complete 
|  17|0x0000000081100000, 0x0000000081200000, 0x0000000081200000|100%| O|  |TAMS 0x0000000081200000, 0x0000000081100000| Updating 
|  18|0x0000000081200000, 0x0000000081300000, 0x0000000081300000|100%| O|  |TAMS 0x0000000081300000, 0x0000000081200000| Updating 
|  19|0x0000000081300000, 0x0000000081400000, 0x0000000081400000|100%| O|  |TAMS 0x0000000081400000, 0x0000000081300000| Updating 
|  20|0x0000000081400000, 0x0000000081500000, 0x0000000081500000|100%| O|  |TAMS 0x0000000081500000, 0x0000000081400000| Updating 
|  21|0x0000000081500000, 0x0000000081600000, 0x0000000081600000|100%| O|  |TAMS 0x0000000081600000, 0x0000000081500000| Updating 
|  22|0x0000000081600000, 0x0000000081700000, 0x0000000081700000|100%| O|  |TAMS 0x0000000081700000, 0x0000000081600000| Updating 
|  23|0x0000000081700000, 0x0000000081800000, 0x0000000081800000|100%| O|  |TAMS 0x0000000081800000, 0x0000000081700000| Updating 
|  24|0x0000000081800000, 0x0000000081900000, 0x0000000081900000|100%| O|  |TAMS 0x0000000081900000, 0x0000000081800000| Updating 
|  25|0x0000000081900000, 0x0000000081a00000, 0x0000000081a00000|100%| O|  |TAMS 0x0000000081a00000, 0x0000000081900000| Updating 
|  26|0x0000000081a00000, 0x0000000081b00000, 0x0000000081b00000|100%| O|  |TAMS 0x0000000081b00000, 0x0000000081a00000| Updating 
|  27|0x0000000081b00000, 0x0000000081c00000, 0x0000000081c00000|100%|HS|  |TAMS 0x0000000081c00000, 0x0000000081b00000| Complete 
|  28|0x0000000081c00000, 0x0000000081d00000, 0x0000000081d00000|100%|HS|  |TAMS 0x0000000081d00000, 0x0000000081c00000| Complete 
|  29|0x0000000081d00000, 0x0000000081e00000, 0x0000000081e00000|100%|HC|  |TAMS 0x0000000081e00000, 0x0000000081d00000| Complete 
|  30|0x0000000081e00000, 0x0000000081f00000, 0x0000000081f00000|100%| O|  |TAMS 0x0000000081f00000, 0x0000000081e00000| Updating 
|  31|0x0000000081f00000, 0x0000000082000000, 0x0000000082000000|100%| O|  |TAMS 0x0000000082000000, 0x0000000081f00000| Updating 
|  32|0x0000000082000000, 0x0000000082100000, 0x0000000082100000|100%| O|  |TAMS 0x0000000082100000, 0x0000000082000000| Updating 
|  33|0x0000000082100000, 0x0000000082200000, 0x0000000082200000|100%| O|  |TAMS 0x0000000082200000, 0x0000000082100000| Updating 
|  34|0x0000000082200000, 0x0000000082300000, 0x0000000082300000|100%| O|  |TAMS 0x0000000082300000, 0x0000000082200000| Updating 
|  35|0x0000000082300000, 0x0000000082400000, 0x0000000082400000|100%| O|  |TAMS 0x0000000082400000, 0x0000000082300000| Updating 
|  36|0x0000000082400000, 0x0000000082500000, 0x0000000082500000|100%| O|  |TAMS 0x0000000082500000, 0x0000000082400000| Updating 
|  37|0x0000000082500000, 0x0000000082600000, 0x0000000082600000|100%| O|  |TAMS 0x0000000082600000, 0x0000000082500000| Updating 
|  38|0x0000000082600000, 0x0000000082700000, 0x0000000082700000|100%| O|  |TAMS 0x0000000082700000, 0x0000000082600000| Updating 
|  39|0x0000000082700000, 0x0000000082800000, 0x0000000082800000|100%| O|  |TAMS 0x000000008273f800, 0x0000000082700000| Updating 
|  40|0x0000000082800000, 0x0000000082900000, 0x0000000082900000|100%| O|  |TAMS 0x0000000082900000, 0x0000000082800000| Updating 
|  41|0x0000000082900000, 0x0000000082a00000, 0x0000000082a00000|100%| O|  |TAMS 0x0000000082a00000, 0x0000000082900000| Updating 
|  42|0x0000000082a00000, 0x0000000082b00000, 0x0000000082b00000|100%| O|  |TAMS 0x0000000082b00000, 0x0000000082a00000| Updating 
|  43|0x0000000082b00000, 0x0000000082c00000, 0x0000000082c00000|100%| O|  |TAMS 0x0000000082c00000, 0x0000000082b00000| Updating 
|  44|0x0000000082c00000, 0x0000000082d00000, 0x0000000082d00000|100%| O|  |TAMS 0x0000000082d00000, 0x0000000082c00000| Updating 
|  45|0x0000000082d00000, 0x0000000082e00000, 0x0000000082e00000|100%| O|  |TAMS 0x0000000082e00000, 0x0000000082d00000| Updating 
|  46|0x0000000082e00000, 0x0000000082f00000, 0x0000000082f00000|100%| O|  |TAMS 0x0000000082f00000, 0x0000000082e00000| Updating 
|  47|0x0000000082f00000, 0x0000000083000000, 0x0000000083000000|100%| O|  |TAMS 0x0000000082f00000, 0x0000000082f00000| Untracked 
|  48|0x0000000083000000, 0x0000000083100000, 0x0000000083100000|100%| O|  |TAMS 0x0000000083100000, 0x0000000083000000| Updating 
|  49|0x0000000083100000, 0x0000000083200000, 0x0000000083200000|100%| O|  |TAMS 0x0000000083200000, 0x0000000083100000| Updating 
|  50|0x0000000083200000, 0x0000000083300000, 0x0000000083300000|100%| O|  |TAMS 0x0000000083300000, 0x0000000083200000| Updating 
|  51|0x0000000083300000, 0x0000000083400000, 0x0000000083400000|100%| O|  |TAMS 0x0000000083400000, 0x0000000083300000| Updating 
|  52|0x0000000083400000, 0x0000000083500000, 0x0000000083500000|100%| O|  |TAMS 0x0000000083500000, 0x0000000083400000| Updating 
|  53|0x0000000083500000, 0x0000000083600000, 0x0000000083600000|100%| O|  |TAMS 0x0000000083600000, 0x0000000083500000| Updating 
|  54|0x0000000083600000, 0x0000000083700000, 0x0000000083700000|100%| O|  |TAMS 0x0000000083700000, 0x0000000083600000| Updating 
|  55|0x0000000083700000, 0x0000000083800000, 0x0000000083800000|100%| O|  |TAMS 0x0000000083800000, 0x0000000083700000| Updating 
|  56|0x0000000083800000, 0x000000008387ca00, 0x0000000083900000| 48%| O|  |TAMS 0x0000000083800000, 0x0000000083800000| Updating 
|  57|0x0000000083900000, 0x0000000083900000, 0x0000000083a00000|  0%| F|  |TAMS 0x0000000083900000, 0x0000000083900000| Untracked 
|  58|0x0000000083a00000, 0x0000000083a00000, 0x0000000083b00000|  0%| F|  |TAMS 0x0000000083a00000, 0x0000000083a00000| Untracked 
|  59|0x0000000083b00000, 0x0000000083c00000, 0x0000000083c00000|100%| O|  |TAMS 0x0000000083c00000, 0x0000000083b00000| Updating 
|  60|0x0000000083c00000, 0x0000000083c00000, 0x0000000083d00000|  0%| F|  |TAMS 0x0000000083c00000, 0x0000000083c00000| Untracked 
|  61|0x0000000083d00000, 0x0000000083e00000, 0x0000000083e00000|100%| O|  |TAMS 0x0000000083e00000, 0x0000000083d00000| Updating 
|  62|0x0000000083e00000, 0x0000000083e00000, 0x0000000083f00000|  0%| F|  |TAMS 0x0000000083e00000, 0x0000000083e00000| Untracked 
|  63|0x0000000083f00000, 0x0000000084000000, 0x0000000084000000|100%| O|  |TAMS 0x0000000084000000, 0x0000000083f00000| Updating 
|  64|0x0000000084000000, 0x0000000084100000, 0x0000000084100000|100%| O|  |TAMS 0x0000000084100000, 0x0000000084000000| Updating 
|  65|0x0000000084100000, 0x0000000084100000, 0x0000000084200000|  0%| F|  |TAMS 0x0000000084100000, 0x0000000084100000| Untracked 
|  66|0x0000000084200000, 0x0000000084200000, 0x0000000084300000|  0%| F|  |TAMS 0x0000000084200000, 0x0000000084200000| Untracked 
|  67|0x0000000084300000, 0x0000000084300000, 0x0000000084400000|  0%| F|  |TAMS 0x0000000084300000, 0x0000000084300000| Untracked 
|  68|0x0000000084400000, 0x0000000084500000, 0x0000000084500000|100%| O|  |TAMS 0x0000000084500000, 0x0000000084400000| Updating 
|  69|0x0000000084500000, 0x0000000084500000, 0x0000000084600000|  0%| F|  |TAMS 0x0000000084500000, 0x0000000084500000| Untracked 
|  70|0x0000000084600000, 0x0000000084600000, 0x0000000084700000|  0%| F|  |TAMS 0x0000000084600000, 0x0000000084600000| Untracked 
|  71|0x0000000084700000, 0x0000000084700000, 0x0000000084800000|  0%| F|  |TAMS 0x0000000084700000, 0x0000000084700000| Untracked 
|  72|0x0000000084800000, 0x0000000084900000, 0x0000000084900000|100%| O|  |TAMS 0x0000000084900000, 0x0000000084800000| Updating 
|  73|0x0000000084900000, 0x0000000084a00000, 0x0000000084a00000|100%| O|  |TAMS 0x0000000084a00000, 0x0000000084900000| Updating 
|  74|0x0000000084a00000, 0x0000000084a00000, 0x0000000084b00000|  0%| F|  |TAMS 0x0000000084a00000, 0x0000000084a00000| Untracked 
|  75|0x0000000084b00000, 0x0000000084c00000, 0x0000000084c00000|100%| O|  |TAMS 0x0000000084c00000, 0x0000000084b00000| Updating 
|  76|0x0000000084c00000, 0x0000000084c00000, 0x0000000084d00000|  0%| F|  |TAMS 0x0000000084c00000, 0x0000000084c00000| Untracked 
|  77|0x0000000084d00000, 0x0000000084e00000, 0x0000000084e00000|100%| O|  |TAMS 0x0000000084e00000, 0x0000000084d00000| Updating 
|  78|0x0000000084e00000, 0x0000000084f00000, 0x0000000084f00000|100%| O|  |TAMS 0x0000000084f00000, 0x0000000084e00000| Updating 
|  79|0x0000000084f00000, 0x0000000085000000, 0x0000000085000000|100%| O|  |TAMS 0x0000000085000000, 0x0000000084f00000| Updating 
|  80|0x0000000085000000, 0x0000000085100000, 0x0000000085100000|100%| O|  |TAMS 0x0000000085100000, 0x0000000085000000| Updating 
|  81|0x0000000085100000, 0x0000000085100000, 0x0000000085200000|  0%| F|  |TAMS 0x0000000085100000, 0x0000000085100000| Untracked 
|  82|0x0000000085200000, 0x0000000085300000, 0x0000000085300000|100%| O|  |TAMS 0x0000000085300000, 0x0000000085200000| Updating 
|  83|0x0000000085300000, 0x0000000085400000, 0x0000000085400000|100%| O|  |TAMS 0x0000000085400000, 0x0000000085300000| Updating 
|  84|0x0000000085400000, 0x0000000085500000, 0x0000000085500000|100%| O|  |TAMS 0x0000000085500000, 0x0000000085400000| Updating 
|  85|0x0000000085500000, 0x0000000085500000, 0x0000000085600000|  0%| F|  |TAMS 0x0000000085500000, 0x0000000085500000| Untracked 
|  86|0x0000000085600000, 0x0000000085700000, 0x0000000085700000|100%| O|  |TAMS 0x0000000085700000, 0x0000000085600000| Updating 
|  87|0x0000000085700000, 0x0000000085700000, 0x0000000085800000|  0%| F|  |TAMS 0x0000000085700000, 0x0000000085700000| Untracked 
|  88|0x0000000085800000, 0x0000000085900000, 0x0000000085900000|100%| O|  |TAMS 0x0000000085900000, 0x0000000085800000| Updating 
|  89|0x0000000085900000, 0x0000000085a00000, 0x0000000085a00000|100%| O|  |TAMS 0x0000000085a00000, 0x0000000085900000| Updating 
|  90|0x0000000085a00000, 0x0000000085b00000, 0x0000000085b00000|100%| O|  |TAMS 0x0000000085b00000, 0x0000000085a00000| Updating 
|  91|0x0000000085b00000, 0x0000000085c00000, 0x0000000085c00000|100%| O|  |TAMS 0x0000000085c00000, 0x0000000085b00000| Updating 
|  92|0x0000000085c00000, 0x0000000085d00000, 0x0000000085d00000|100%| O|  |TAMS 0x0000000085d00000, 0x0000000085c00000| Updating 
|  93|0x0000000085d00000, 0x0000000085d00000, 0x0000000085e00000|  0%| F|  |TAMS 0x0000000085d00000, 0x0000000085d00000| Untracked 
|  94|0x0000000085e00000, 0x0000000085e00000, 0x0000000085f00000|  0%| F|  |TAMS 0x0000000085e00000, 0x0000000085e00000| Untracked 
|  95|0x0000000085f00000, 0x0000000085f00000, 0x0000000086000000|  0%| F|  |TAMS 0x0000000085f00000, 0x0000000085f00000| Untracked 
|  96|0x0000000086000000, 0x0000000086100000, 0x0000000086100000|100%| O|  |TAMS 0x0000000086100000, 0x0000000086000000| Updating 
|  97|0x0000000086100000, 0x0000000086100000, 0x0000000086200000|  0%| F|  |TAMS 0x0000000086100000, 0x0000000086100000| Untracked 
|  98|0x0000000086200000, 0x0000000086300000, 0x0000000086300000|100%| O|  |TAMS 0x0000000086300000, 0x0000000086200000| Updating 
|  99|0x0000000086300000, 0x0000000086300000, 0x0000000086400000|  0%| F|  |TAMS 0x0000000086300000, 0x0000000086300000| Untracked 
| 100|0x0000000086400000, 0x0000000086400000, 0x0000000086500000|  0%| F|  |TAMS 0x0000000086400000, 0x0000000086400000| Untracked 
| 101|0x0000000086500000, 0x0000000086500000, 0x0000000086600000|  0%| F|  |TAMS 0x0000000086500000, 0x0000000086500000| Untracked 
| 102|0x0000000086600000, 0x0000000086600000, 0x0000000086700000|  0%| F|  |TAMS 0x0000000086600000, 0x0000000086600000| Untracked 
| 103|0x0000000086700000, 0x0000000086700000, 0x0000000086800000|  0%| F|  |TAMS 0x0000000086700000, 0x0000000086700000| Untracked 
| 104|0x0000000086800000, 0x0000000086800000, 0x0000000086900000|  0%| F|  |TAMS 0x0000000086800000, 0x0000000086800000| Untracked 
| 105|0x0000000086900000, 0x0000000086900000, 0x0000000086a00000|  0%| F|  |TAMS 0x0000000086900000, 0x0000000086900000| Untracked 
| 106|0x0000000086a00000, 0x0000000086a00000, 0x0000000086b00000|  0%| F|  |TAMS 0x0000000086a00000, 0x0000000086a00000| Untracked 
| 107|0x0000000086b00000, 0x0000000086c00000, 0x0000000086c00000|100%| O|  |TAMS 0x0000000086c00000, 0x0000000086b00000| Updating 
| 108|0x0000000086c00000, 0x0000000086d00000, 0x0000000086d00000|100%| O|  |TAMS 0x0000000086d00000, 0x0000000086c00000| Updating 
| 109|0x0000000086d00000, 0x0000000086d00000, 0x0000000086e00000|  0%| F|  |TAMS 0x0000000086d00000, 0x0000000086d00000| Untracked 
| 110|0x0000000086e00000, 0x0000000086e00000, 0x0000000086f00000|  0%| F|  |TAMS 0x0000000086e00000, 0x0000000086e00000| Untracked 
| 111|0x0000000086f00000, 0x0000000086f00000, 0x0000000087000000|  0%| F|  |TAMS 0x0000000086f00000, 0x0000000086f00000| Untracked 
| 112|0x0000000087000000, 0x0000000087000000, 0x0000000087100000|  0%| F|  |TAMS 0x0000000087000000, 0x0000000087000000| Untracked 
| 113|0x0000000087100000, 0x0000000087100000, 0x0000000087200000|  0%| F|  |TAMS 0x0000000087100000, 0x0000000087100000| Untracked 
| 114|0x0000000087200000, 0x0000000087200000, 0x0000000087300000|  0%| F|  |TAMS 0x0000000087200000, 0x0000000087200000| Untracked 
| 115|0x0000000087300000, 0x0000000087300000, 0x0000000087400000|  0%| F|  |TAMS 0x0000000087300000, 0x0000000087300000| Untracked 
| 116|0x0000000087400000, 0x0000000087400000, 0x0000000087500000|  0%| F|  |TAMS 0x0000000087400000, 0x0000000087400000| Untracked 
| 117|0x0000000087500000, 0x0000000087600000, 0x0000000087600000|100%| O|  |TAMS 0x0000000087600000, 0x0000000087500000| Updating 
| 118|0x0000000087600000, 0x0000000087600000, 0x0000000087700000|  0%| F|  |TAMS 0x0000000087600000, 0x0000000087600000| Untracked 
| 119|0x0000000087700000, 0x0000000087700000, 0x0000000087800000|  0%| F|  |TAMS 0x0000000087700000, 0x0000000087700000| Untracked 
| 120|0x0000000087800000, 0x0000000087800000, 0x0000000087900000|  0%| F|  |TAMS 0x0000000087800000, 0x0000000087800000| Untracked 
| 121|0x0000000087900000, 0x0000000087900000, 0x0000000087a00000|  0%| F|  |TAMS 0x0000000087900000, 0x0000000087900000| Untracked 
| 122|0x0000000087a00000, 0x0000000087a00000, 0x0000000087b00000|  0%| F|  |TAMS 0x0000000087a00000, 0x0000000087a00000| Untracked 
| 123|0x0000000087b00000, 0x0000000087b00000, 0x0000000087c00000|  0%| F|  |TAMS 0x0000000087b00000, 0x0000000087b00000| Untracked 
| 124|0x0000000087c00000, 0x0000000087d00000, 0x0000000087d00000|100%| O|  |TAMS 0x0000000087d00000, 0x0000000087c00000| Updating 
| 125|0x0000000087d00000, 0x0000000087d00000, 0x0000000087e00000|  0%| F|  |TAMS 0x0000000087d00000, 0x0000000087d00000| Untracked 
| 126|0x0000000087e00000, 0x0000000087e00000, 0x0000000087f00000|  0%| F|  |TAMS 0x0000000087e00000, 0x0000000087e00000| Untracked 
| 127|0x0000000087f00000, 0x0000000088000000, 0x0000000088000000|100%| O|  |TAMS 0x0000000088000000, 0x0000000087f00000| Updating 
| 128|0x0000000088000000, 0x0000000088100000, 0x0000000088100000|100%| O|  |TAMS 0x0000000088100000, 0x0000000088000000| Updating 
| 129|0x0000000088100000, 0x0000000088200000, 0x0000000088200000|100%| O|  |TAMS 0x0000000088200000, 0x0000000088100000| Updating 
| 130|0x0000000088200000, 0x0000000088300000, 0x0000000088300000|100%| O|  |TAMS 0x0000000088300000, 0x0000000088200000| Updating 
| 131|0x0000000088300000, 0x0000000088400000, 0x0000000088400000|100%| O|  |TAMS 0x0000000088400000, 0x0000000088300000| Updating 
| 132|0x0000000088400000, 0x0000000088500000, 0x0000000088500000|100%| O|  |TAMS 0x0000000088500000, 0x0000000088400000| Updating 
| 133|0x0000000088500000, 0x0000000088600000, 0x0000000088600000|100%| O|  |TAMS 0x0000000088600000, 0x0000000088500000| Updating 
| 134|0x0000000088600000, 0x0000000088700000, 0x0000000088700000|100%| O|  |TAMS 0x0000000088700000, 0x0000000088600000| Updating 
| 135|0x0000000088700000, 0x0000000088800000, 0x0000000088800000|100%| O|  |TAMS 0x0000000088800000, 0x0000000088700000| Updating 
| 136|0x0000000088800000, 0x0000000088900000, 0x0000000088900000|100%| O|  |TAMS 0x0000000088900000, 0x0000000088800000| Updating 
| 137|0x0000000088900000, 0x0000000088a00000, 0x0000000088a00000|100%| O|  |TAMS 0x0000000088a00000, 0x0000000088900000| Updating 
| 138|0x0000000088a00000, 0x0000000088a00000, 0x0000000088b00000|  0%| F|  |TAMS 0x0000000088a00000, 0x0000000088a00000| Untracked 
| 139|0x0000000088b00000, 0x0000000088c00000, 0x0000000088c00000|100%| O|  |TAMS 0x0000000088c00000, 0x0000000088b00000| Updating 
| 140|0x0000000088c00000, 0x0000000088d00000, 0x0000000088d00000|100%| O|  |TAMS 0x0000000088d00000, 0x0000000088c00000| Updating 
| 141|0x0000000088d00000, 0x0000000088e00000, 0x0000000088e00000|100%| O|  |TAMS 0x0000000088e00000, 0x0000000088d00000| Updating 
| 142|0x0000000088e00000, 0x0000000088f00000, 0x0000000088f00000|100%| O|  |TAMS 0x0000000088f00000, 0x0000000088e00000| Updating 
| 143|0x0000000088f00000, 0x0000000089000000, 0x0000000089000000|100%| O|  |TAMS 0x0000000089000000, 0x0000000088f00000| Updating 
| 144|0x0000000089000000, 0x0000000089100000, 0x0000000089100000|100%| O|  |TAMS 0x0000000089100000, 0x0000000089000000| Updating 
| 145|0x0000000089100000, 0x0000000089167b20, 0x0000000089200000| 40%| S|CS|TAMS 0x0000000089100000, 0x0000000089100000| Complete 
| 146|0x0000000089200000, 0x0000000089300000, 0x0000000089300000|100%| O|  |TAMS 0x0000000089300000, 0x0000000089200000| Updating 
| 147|0x0000000089300000, 0x0000000089400000, 0x0000000089400000|100%| O|  |TAMS 0x0000000089400000, 0x0000000089300000| Updating 
| 148|0x0000000089400000, 0x0000000089500000, 0x0000000089500000|100%| O|  |TAMS 0x0000000089500000, 0x0000000089400000| Updating 
| 149|0x0000000089500000, 0x0000000089600000, 0x0000000089600000|100%| O|  |TAMS 0x0000000089600000, 0x0000000089500000| Updating 
| 150|0x0000000089600000, 0x0000000089700000, 0x0000000089700000|100%| O|  |TAMS 0x0000000089700000, 0x0000000089600000| Updating 
| 151|0x0000000089700000, 0x0000000089800000, 0x0000000089800000|100%| O|  |TAMS 0x0000000089800000, 0x0000000089700000| Updating 
| 152|0x0000000089800000, 0x0000000089900000, 0x0000000089900000|100%| O|  |TAMS 0x0000000089900000, 0x0000000089800000| Updating 
| 153|0x0000000089900000, 0x0000000089a00000, 0x0000000089a00000|100%| O|  |TAMS 0x0000000089a00000, 0x0000000089900000| Updating 
| 154|0x0000000089a00000, 0x0000000089b00000, 0x0000000089b00000|100%| O|  |TAMS 0x0000000089b00000, 0x0000000089a00000| Updating 
| 155|0x0000000089b00000, 0x0000000089c00000, 0x0000000089c00000|100%| O|  |TAMS 0x0000000089c00000, 0x0000000089b00000| Updating 
| 156|0x0000000089c00000, 0x0000000089d00000, 0x0000000089d00000|100%| O|  |TAMS 0x0000000089d00000, 0x0000000089c00000| Updating 
| 157|0x0000000089d00000, 0x0000000089e00000, 0x0000000089e00000|100%| O|  |TAMS 0x0000000089e00000, 0x0000000089d00000| Updating 
| 158|0x0000000089e00000, 0x0000000089f00000, 0x0000000089f00000|100%| O|  |TAMS 0x0000000089f00000, 0x0000000089e00000| Updating 
| 159|0x0000000089f00000, 0x000000008a000000, 0x000000008a000000|100%| O|  |TAMS 0x000000008a000000, 0x0000000089f00000| Updating 
| 160|0x000000008a000000, 0x000000008a100000, 0x000000008a100000|100%| O|  |TAMS 0x000000008a100000, 0x000000008a000000| Updating 
| 161|0x000000008a100000, 0x000000008a200000, 0x000000008a200000|100%| S|CS|TAMS 0x000000008a100000, 0x000000008a100000| Complete 
| 162|0x000000008a200000, 0x000000008a300000, 0x000000008a300000|100%| S|CS|TAMS 0x000000008a200000, 0x000000008a200000| Complete 
| 163|0x000000008a300000, 0x000000008a400000, 0x000000008a400000|100%| S|CS|TAMS 0x000000008a300000, 0x000000008a300000| Complete 
| 164|0x000000008a400000, 0x000000008a500000, 0x000000008a500000|100%| S|CS|TAMS 0x000000008a400000, 0x000000008a400000| Complete 
| 165|0x000000008a500000, 0x000000008a500000, 0x000000008a600000|  0%| F|  |TAMS 0x000000008a500000, 0x000000008a500000| Untracked 
| 166|0x000000008a600000, 0x000000008a600000, 0x000000008a700000|  0%| F|  |TAMS 0x000000008a600000, 0x000000008a600000| Untracked 
| 167|0x000000008a700000, 0x000000008a700000, 0x000000008a800000|  0%| F|  |TAMS 0x000000008a700000, 0x000000008a700000| Untracked 
| 168|0x000000008a800000, 0x000000008a800000, 0x000000008a900000|  0%| F|  |TAMS 0x000000008a800000, 0x000000008a800000| Untracked 
| 169|0x000000008a900000, 0x000000008a900000, 0x000000008aa00000|  0%| F|  |TAMS 0x000000008a900000, 0x000000008a900000| Untracked 
| 170|0x000000008aa00000, 0x000000008aa00000, 0x000000008ab00000|  0%| F|  |TAMS 0x000000008aa00000, 0x000000008aa00000| Untracked 
| 171|0x000000008ab00000, 0x000000008ab00000, 0x000000008ac00000|  0%| F|  |TAMS 0x000000008ab00000, 0x000000008ab00000| Untracked 
| 172|0x000000008ac00000, 0x000000008ac00000, 0x000000008ad00000|  0%| F|  |TAMS 0x000000008ac00000, 0x000000008ac00000| Untracked 
| 173|0x000000008ad00000, 0x000000008ad00000, 0x000000008ae00000|  0%| F|  |TAMS 0x000000008ad00000, 0x000000008ad00000| Untracked 
| 174|0x000000008ae00000, 0x000000008ae00000, 0x000000008af00000|  0%| F|  |TAMS 0x000000008ae00000, 0x000000008ae00000| Untracked 
| 175|0x000000008af00000, 0x000000008af00000, 0x000000008b000000|  0%| F|  |TAMS 0x000000008af00000, 0x000000008af00000| Untracked 
| 176|0x000000008b000000, 0x000000008b000000, 0x000000008b100000|  0%| F|  |TAMS 0x000000008b000000, 0x000000008b000000| Untracked 
| 177|0x000000008b100000, 0x000000008b100000, 0x000000008b200000|  0%| F|  |TAMS 0x000000008b100000, 0x000000008b100000| Untracked 
| 178|0x000000008b200000, 0x000000008b200000, 0x000000008b300000|  0%| F|  |TAMS 0x000000008b200000, 0x000000008b200000| Untracked 
| 179|0x000000008b300000, 0x000000008b300000, 0x000000008b400000|  0%| F|  |TAMS 0x000000008b300000, 0x000000008b300000| Untracked 
| 180|0x000000008b400000, 0x000000008b400000, 0x000000008b500000|  0%| F|  |TAMS 0x000000008b400000, 0x000000008b400000| Untracked 
| 181|0x000000008b500000, 0x000000008b500000, 0x000000008b600000|  0%| F|  |TAMS 0x000000008b500000, 0x000000008b500000| Untracked 
| 182|0x000000008b600000, 0x000000008b600000, 0x000000008b700000|  0%| F|  |TAMS 0x000000008b600000, 0x000000008b600000| Untracked 
| 183|0x000000008b700000, 0x000000008b700000, 0x000000008b800000|  0%| F|  |TAMS 0x000000008b700000, 0x000000008b700000| Untracked 
| 184|0x000000008b800000, 0x000000008b800000, 0x000000008b900000|  0%| F|  |TAMS 0x000000008b800000, 0x000000008b800000| Untracked 
| 185|0x000000008b900000, 0x000000008b900000, 0x000000008ba00000|  0%| F|  |TAMS 0x000000008b900000, 0x000000008b900000| Untracked 
| 186|0x000000008ba00000, 0x000000008ba00000, 0x000000008bb00000|  0%| F|  |TAMS 0x000000008ba00000, 0x000000008ba00000| Untracked 
| 187|0x000000008bb00000, 0x000000008bb00000, 0x000000008bc00000|  0%| F|  |TAMS 0x000000008bb00000, 0x000000008bb00000| Untracked 
| 188|0x000000008bc00000, 0x000000008bc00000, 0x000000008bd00000|  0%| F|  |TAMS 0x000000008bc00000, 0x000000008bc00000| Untracked 
| 189|0x000000008bd00000, 0x000000008bd00000, 0x000000008be00000|  0%| F|  |TAMS 0x000000008bd00000, 0x000000008bd00000| Untracked 
| 190|0x000000008be00000, 0x000000008be00000, 0x000000008bf00000|  0%| F|  |TAMS 0x000000008be00000, 0x000000008be00000| Untracked 
| 191|0x000000008bf00000, 0x000000008bf00000, 0x000000008c000000|  0%| F|  |TAMS 0x000000008bf00000, 0x000000008bf00000| Untracked 
| 192|0x000000008c000000, 0x000000008c000000, 0x000000008c100000|  0%| F|  |TAMS 0x000000008c000000, 0x000000008c000000| Untracked 
| 193|0x000000008c100000, 0x000000008c100000, 0x000000008c200000|  0%| F|  |TAMS 0x000000008c100000, 0x000000008c100000| Untracked 
| 194|0x000000008c200000, 0x000000008c200000, 0x000000008c300000|  0%| F|  |TAMS 0x000000008c200000, 0x000000008c200000| Untracked 
| 195|0x000000008c300000, 0x000000008c300000, 0x000000008c400000|  0%| F|  |TAMS 0x000000008c300000, 0x000000008c300000| Untracked 
| 196|0x000000008c400000, 0x000000008c400000, 0x000000008c500000|  0%| F|  |TAMS 0x000000008c400000, 0x000000008c400000| Untracked 
| 197|0x000000008c500000, 0x000000008c500000, 0x000000008c600000|  0%| F|  |TAMS 0x000000008c500000, 0x000000008c500000| Untracked 
| 198|0x000000008c600000, 0x000000008c600000, 0x000000008c700000|  0%| F|  |TAMS 0x000000008c600000, 0x000000008c600000| Untracked 
| 199|0x000000008c700000, 0x000000008c700000, 0x000000008c800000|  0%| F|  |TAMS 0x000000008c700000, 0x000000008c700000| Untracked 
| 200|0x000000008c800000, 0x000000008c800000, 0x000000008c900000|  0%| F|  |TAMS 0x000000008c800000, 0x000000008c800000| Untracked 
| 201|0x000000008c900000, 0x000000008c900000, 0x000000008ca00000|  0%| F|  |TAMS 0x000000008c900000, 0x000000008c900000| Untracked 
| 202|0x000000008ca00000, 0x000000008ca00000, 0x000000008cb00000|  0%| F|  |TAMS 0x000000008ca00000, 0x000000008ca00000| Untracked 
| 203|0x000000008cb00000, 0x000000008cb00000, 0x000000008cc00000|  0%| F|  |TAMS 0x000000008cb00000, 0x000000008cb00000| Untracked 
| 204|0x000000008cc00000, 0x000000008cc00000, 0x000000008cd00000|  0%| F|  |TAMS 0x000000008cc00000, 0x000000008cc00000| Untracked 
| 205|0x000000008cd00000, 0x000000008cd00000, 0x000000008ce00000|  0%| F|  |TAMS 0x000000008cd00000, 0x000000008cd00000| Untracked 
| 206|0x000000008ce00000, 0x000000008ce00000, 0x000000008cf00000|  0%| F|  |TAMS 0x000000008ce00000, 0x000000008ce00000| Untracked 
| 207|0x000000008cf00000, 0x000000008cf00000, 0x000000008d000000|  0%| F|  |TAMS 0x000000008cf00000, 0x000000008cf00000| Untracked 
| 208|0x000000008d000000, 0x000000008d000000, 0x000000008d100000|  0%| F|  |TAMS 0x000000008d000000, 0x000000008d000000| Untracked 
| 209|0x000000008d100000, 0x000000008d100000, 0x000000008d200000|  0%| F|  |TAMS 0x000000008d100000, 0x000000008d100000| Untracked 
| 210|0x000000008d200000, 0x000000008d200000, 0x000000008d300000|  0%| F|  |TAMS 0x000000008d200000, 0x000000008d200000| Untracked 
| 211|0x000000008d300000, 0x000000008d300000, 0x000000008d400000|  0%| F|  |TAMS 0x000000008d300000, 0x000000008d300000| Untracked 
| 212|0x000000008d400000, 0x000000008d400000, 0x000000008d500000|  0%| F|  |TAMS 0x000000008d400000, 0x000000008d400000| Untracked 
| 213|0x000000008d500000, 0x000000008d500000, 0x000000008d600000|  0%| F|  |TAMS 0x000000008d500000, 0x000000008d500000| Untracked 
| 214|0x000000008d600000, 0x000000008d600000, 0x000000008d700000|  0%| F|  |TAMS 0x000000008d600000, 0x000000008d600000| Untracked 
| 215|0x000000008d700000, 0x000000008d700000, 0x000000008d800000|  0%| F|  |TAMS 0x000000008d700000, 0x000000008d700000| Untracked 
| 216|0x000000008d800000, 0x000000008d800000, 0x000000008d900000|  0%| F|  |TAMS 0x000000008d800000, 0x000000008d800000| Untracked 
| 217|0x000000008d900000, 0x000000008d900000, 0x000000008da00000|  0%| F|  |TAMS 0x000000008d900000, 0x000000008d900000| Untracked 
| 218|0x000000008da00000, 0x000000008da00000, 0x000000008db00000|  0%| F|  |TAMS 0x000000008da00000, 0x000000008da00000| Untracked 
| 219|0x000000008db00000, 0x000000008db00000, 0x000000008dc00000|  0%| F|  |TAMS 0x000000008db00000, 0x000000008db00000| Untracked 
| 220|0x000000008dc00000, 0x000000008dc00000, 0x000000008dd00000|  0%| F|  |TAMS 0x000000008dc00000, 0x000000008dc00000| Untracked 
| 221|0x000000008dd00000, 0x000000008dd00000, 0x000000008de00000|  0%| F|  |TAMS 0x000000008dd00000, 0x000000008dd00000| Untracked 
| 222|0x000000008de00000, 0x000000008de00000, 0x000000008df00000|  0%| F|  |TAMS 0x000000008de00000, 0x000000008de00000| Untracked 
| 223|0x000000008df00000, 0x000000008df00000, 0x000000008e000000|  0%| F|  |TAMS 0x000000008df00000, 0x000000008df00000| Untracked 
| 224|0x000000008e000000, 0x000000008e000000, 0x000000008e100000|  0%| F|  |TAMS 0x000000008e000000, 0x000000008e000000| Untracked 
| 225|0x000000008e100000, 0x000000008e100000, 0x000000008e200000|  0%| F|  |TAMS 0x000000008e100000, 0x000000008e100000| Untracked 

Card table byte_map: [0x0000015eccd90000,0x0000015ecd190000] _byte_map_base: 0x0000015ecc990000

Marking Bits (Prev, Next): (CMBitMap*) 0x0000015eb9bbe2b0, (CMBitMap*) 0x0000015eb9bbe278
 Prev Bits: [0x0000015ecf590000, 0x0000015ed1590000)
 Next Bits: [0x0000015ecd590000, 0x0000015ecf590000)

Polling page: 0x0000015eb7ae0000

Metaspace:

Usage:
  Non-class:    106.83 MB capacity,   104.01 MB ( 97%) used,     2.31 MB (  2%) free+waste,   517.00 KB ( <1%) overhead. 
      Class:     16.43 MB capacity,    14.79 MB ( 90%) used,     1.42 MB (  9%) free+waste,   227.19 KB (  1%) overhead. 
       Both:    123.26 MB capacity,   118.81 MB ( 96%) used,     3.73 MB (  3%) free+waste,   744.19 KB ( <1%) overhead. 

Virtual space:
  Non-class space:      108.00 MB reserved,     107.00 MB (>99%) committed 
      Class space:        1.00 GB reserved,      16.57 MB (  2%) committed 
             Both:        1.11 GB reserved,     123.57 MB ( 11%) committed 

Chunk freelists:
   Non-Class:  47.00 KB
       Class:  39.00 KB
        Both:  86.00 KB

MaxMetaspaceSize: 17179869184.00 GB
CompressedClassSpaceSize: 1.00 GB

CodeHeap 'non-profiled nmethods': size=120000Kb used=17387Kb max_used=17387Kb free=102612Kb
 bounds [0x0000015ec5130000, 0x0000015ec6230000, 0x0000015ecc660000]
CodeHeap 'profiled nmethods': size=120000Kb used=55908Kb max_used=55908Kb free=64091Kb
 bounds [0x0000015ebdc00000, 0x0000015ec12c0000, 0x0000015ec5130000]
CodeHeap 'non-nmethods': size=5760Kb used=2346Kb max_used=2411Kb free=3413Kb
 bounds [0x0000015ebd660000, 0x0000015ebd8d0000, 0x0000015ebdc00000]
 total_blobs=25558 nmethods=24591 adapters=874
 compilation: enabled
              stopped_count=0, restarted_count=0
 full_count=0

Compilation events (20 events):
Event: 4774.540 Thread 0x0000015ed4867000 nmethod 27727 0x0000015ec12b4510 code [0x0000015ec12b4720, 0x0000015ec12b4d18]
Event: 4774.540 Thread 0x0000015ed4867000 27715       2       com.android.tools.r8.internal.j4$$Lambda$1678/0x0000000100e94440::test (16 bytes)
Event: 4774.541 Thread 0x0000015ed4867000 nmethod 27715 0x0000015ec12b5010 code [0x0000015ec12b51e0, 0x0000015ec12b5408]
Event: 4774.541 Thread 0x0000015ed4867000 27741       2       com.android.tools.r8.internal.Le::a (49 bytes)
Event: 4774.541 Thread 0x0000015ed4867000 nmethod 27741 0x0000015ec12b5590 code [0x0000015ec12b5780, 0x0000015ec12b5a48]
Event: 4774.541 Thread 0x0000015ed4867000 27740       2       com.android.tools.r8.internal.Sq::a (200 bytes)
Event: 4774.542 Thread 0x0000015ed4867000 nmethod 27740 0x0000015ec12b5b90 code [0x0000015ec12b5de0, 0x0000015ec12b6438]
Event: 4774.542 Thread 0x0000015ed4867000 27752       2       java.util.TreeSet::last (10 bytes)
Event: 4774.543 Thread 0x0000015ed4867000 nmethod 27752 0x0000015ec12b6790 code [0x0000015ec12b6940, 0x0000015ec12b6a68]
Event: 4774.543 Thread 0x0000015ed4867000 27723       2       com.android.tools.r8.internal.B8::z (2 bytes)
Event: 4774.543 Thread 0x0000015ed4867000 nmethod 27723 0x0000015ec12b6b10 code [0x0000015ec12b6cc0, 0x0000015ec12b6db8]
Event: 4774.543 Thread 0x0000015ed4867000 27745       2       com.android.tools.r8.internal.B8::a (28 bytes)
Event: 4774.544 Thread 0x0000015ed4867000 nmethod 27745 0x0000015ec12b6e90 code [0x0000015ec12b70a0, 0x0000015ec12b7588]
Event: 4774.544 Thread 0x0000015ed4867000 27711       2       com.android.tools.r8.internal.j5$$Lambda$1748/0x0000000100ede440::test (16 bytes)
Event: 4774.544 Thread 0x0000015ed4867000 nmethod 27711 0x0000015ec12b7990 code [0x0000015ec12b7b40, 0x0000015ec12b7cc8]
Event: 4774.544 Thread 0x0000015ed4867000 27720       2       com.android.tools.r8.internal.j5$$Lambda$1747/0x0000000100ede040::test (16 bytes)
Event: 4774.544 Thread 0x0000015ed4867000 nmethod 27720 0x0000015ec12b7e10 code [0x0000015ec12b7fc0, 0x0000015ec12b8148]
Event: 4774.544 Thread 0x0000015ed4867000 27721       2       com.android.tools.r8.internal.j5$$Lambda$1749/0x0000000100edd840::test (16 bytes)
Event: 4774.545 Thread 0x0000015ed4867000 nmethod 27721 0x0000015ec12b8290 code [0x0000015ec12b8460, 0x0000015ec12b8688]
Event: 4774.545 Thread 0x0000015ed4867000 27744       2       com.android.tools.r8.code.D0::<init> (73 bytes)

GC Heap History (20 events):
Event: 4773.347 GC heap after
{Heap after GC invocations=114 (full 0):
 garbage-first heap   total 231424K, used 163891K [0x0000000080000000, 0x0000000100000000)
  region size 1024K, 4 young (4096K), 4 survivors (4096K)
 Metaspace       used 121144K, capacity 125677K, committed 125900K, reserved 1159168K
  class space    used 15120K, capacity 16797K, committed 16844K, reserved 1048576K
}
Event: 4773.740 GC heap before
{Heap before GC invocations=114 (full 0):
 garbage-first heap   total 231424K, used 185395K [0x0000000080000000, 0x0000000100000000)
  region size 1024K, 32 young (32768K), 4 survivors (4096K)
 Metaspace       used 121314K, capacity 125818K, committed 125900K, reserved 1159168K
  class space    used 15136K, capacity 16803K, committed 16844K, reserved 1048576K
}
Event: 4773.755 GC heap after
{Heap after GC invocations=115 (full 0):
 garbage-first heap   total 231424K, used 160351K [0x0000000080000000, 0x0000000100000000)
  region size 1024K, 4 young (4096K), 4 survivors (4096K)
 Metaspace       used 121314K, capacity 125818K, committed 125900K, reserved 1159168K
  class space    used 15136K, capacity 16803K, committed 16844K, reserved 1048576K
}
Event: 4773.812 GC heap before
{Heap before GC invocations=116 (full 0):
 garbage-first heap   total 231424K, used 192095K [0x0000000080000000, 0x0000000100000000)
  region size 1024K, 35 young (35840K), 4 survivors (4096K)
 Metaspace       used 121488K, capacity 126047K, committed 126284K, reserved 1159168K
  class space    used 15151K, capacity 16836K, committed 16972K, reserved 1048576K
}
Event: 4773.829 GC heap after
{Heap after GC invocations=117 (full 0):
 garbage-first heap   total 231424K, used 164316K [0x0000000080000000, 0x0000000100000000)
  region size 1024K, 4 young (4096K), 4 survivors (4096K)
 Metaspace       used 121488K, capacity 126047K, committed 126284K, reserved 1159168K
  class space    used 15151K, capacity 16836K, committed 16972K, reserved 1048576K
}
Event: 4773.841 GC heap before
{Heap before GC invocations=117 (full 0):
 garbage-first heap   total 231424K, used 170460K [0x0000000080000000, 0x0000000100000000)
  region size 1024K, 11 young (11264K), 4 survivors (4096K)
 Metaspace       used 121489K, capacity 126047K, committed 126284K, reserved 1159168K
  class space    used 15151K, capacity 16836K, committed 16972K, reserved 1048576K
}
Event: 4773.852 GC heap after
{Heap after GC invocations=118 (full 0):
 garbage-first heap   total 231424K, used 141502K [0x0000000080000000, 0x0000000100000000)
  region size 1024K, 1 young (1024K), 1 survivors (1024K)
 Metaspace       used 121489K, capacity 126047K, committed 126284K, reserved 1159168K
  class space    used 15151K, capacity 16836K, committed 16972K, reserved 1048576K
}
Event: 4773.867 GC heap before
{Heap before GC invocations=118 (full 0):
 garbage-first heap   total 231424K, used 151742K [0x0000000080000000, 0x0000000100000000)
  region size 1024K, 11 young (11264K), 1 survivors (1024K)
 Metaspace       used 121491K, capacity 126047K, committed 126284K, reserved 1159168K
  class space    used 15151K, capacity 16836K, committed 16972K, reserved 1048576K
}
Event: 4773.884 GC heap after
{Heap after GC invocations=119 (full 0):
 garbage-first heap   total 231424K, used 118402K [0x0000000080000000, 0x0000000100000000)
  region size 1024K, 2 young (2048K), 2 survivors (2048K)
 Metaspace       used 121491K, capacity 126047K, committed 126284K, reserved 1159168K
  class space    used 15151K, capacity 16836K, committed 16972K, reserved 1048576K
}
Event: 4773.901 GC heap before
{Heap before GC invocations=119 (full 0):
 garbage-first heap   total 231424K, used 127618K [0x0000000080000000, 0x0000000100000000)
  region size 1024K, 11 young (11264K), 2 survivors (2048K)
 Metaspace       used 121495K, capacity 126052K, committed 126284K, reserved 1159168K
  class space    used 15152K, capacity 16838K, committed 16972K, reserved 1048576K
}
Event: 4773.921 GC heap after
{Heap after GC invocations=120 (full 0):
 garbage-first heap   total 231424K, used 116081K [0x0000000080000000, 0x0000000100000000)
  region size 1024K, 2 young (2048K), 2 survivors (2048K)
 Metaspace       used 121495K, capacity 126052K, committed 126284K, reserved 1159168K
  class space    used 15152K, capacity 16838K, committed 16972K, reserved 1048576K
}
Event: 4774.006 GC heap before
{Heap before GC invocations=120 (full 0):
 garbage-first heap   total 231424K, used 166257K [0x0000000080000000, 0x0000000100000000)
  region size 1024K, 51 young (52224K), 2 survivors (2048K)
 Metaspace       used 121516K, capacity 126054K, committed 126284K, reserved 1159168K
  class space    used 15152K, capacity 16838K, committed 16972K, reserved 1048576K
}
Event: 4774.013 GC heap after
{Heap after GC invocations=121 (full 0):
 garbage-first heap   total 231424K, used 118732K [0x0000000080000000, 0x0000000100000000)
  region size 1024K, 4 young (4096K), 4 survivors (4096K)
 Metaspace       used 121516K, capacity 126054K, committed 126284K, reserved 1159168K
  class space    used 15152K, capacity 16838K, committed 16972K, reserved 1048576K
}
Event: 4774.120 GC heap before
{Heap before GC invocations=121 (full 0):
 garbage-first heap   total 231424K, used 170956K [0x0000000080000000, 0x0000000100000000)
  region size 1024K, 55 young (56320K), 4 survivors (4096K)
 Metaspace       used 121564K, capacity 126127K, committed 126284K, reserved 1159168K
  class space    used 15154K, capacity 16841K, committed 16972K, reserved 1048576K
}
Event: 4774.127 GC heap after
{Heap after GC invocations=122 (full 0):
 garbage-first heap   total 231424K, used 120135K [0x0000000080000000, 0x0000000100000000)
  region size 1024K, 5 young (5120K), 5 survivors (5120K)
 Metaspace       used 121564K, capacity 126127K, committed 126284K, reserved 1159168K
  class space    used 15154K, capacity 16841K, committed 16972K, reserved 1048576K
}
Event: 4774.216 GC heap before
{Heap before GC invocations=122 (full 0):
 garbage-first heap   total 231424K, used 174407K [0x0000000080000000, 0x0000000100000000)
  region size 1024K, 59 young (60416K), 5 survivors (5120K)
 Metaspace       used 121608K, capacity 126144K, committed 126284K, reserved 1159168K
  class space    used 15157K, capacity 16847K, committed 16972K, reserved 1048576K
}
Event: 4774.233 GC heap after
{Heap after GC invocations=123 (full 0):
 garbage-first heap   total 231424K, used 122209K [0x0000000080000000, 0x0000000100000000)
  region size 1024K, 7 young (7168K), 7 survivors (7168K)
 Metaspace       used 121608K, capacity 126144K, committed 126284K, reserved 1159168K
  class space    used 15157K, capacity 16847K, committed 16972K, reserved 1048576K
}
Event: 4774.363 GC heap before
{Heap before GC invocations=123 (full 0):
 garbage-first heap   total 231424K, used 178529K [0x0000000080000000, 0x0000000100000000)
  region size 1024K, 62 young (63488K), 7 survivors (7168K)
 Metaspace       used 121636K, capacity 126219K, committed 126540K, reserved 1159168K
  class space    used 15159K, capacity 16851K, committed 16972K, reserved 1048576K
}
Event: 4774.375 GC heap after
{Heap after GC invocations=124 (full 0):
 garbage-first heap   total 231424K, used 122614K [0x0000000080000000, 0x0000000100000000)
  region size 1024K, 5 young (5120K), 5 survivors (5120K)
 Metaspace       used 121636K, capacity 126219K, committed 126540K, reserved 1159168K
  class space    used 15159K, capacity 16851K, committed 16972K, reserved 1048576K
}
Event: 4774.545 GC heap before
{Heap before GC invocations=124 (full 0):
 garbage-first heap   total 231424K, used 180982K [0x0000000080000000, 0x0000000100000000)
  region size 1024K, 62 young (63488K), 5 survivors (5120K)
 Metaspace       used 121656K, capacity 126218K, committed 126540K, reserved 1159168K
  class space    used 15145K, capacity 16825K, committed 16972K, reserved 1048576K
}

Deoptimization events (20 events):
Event: 4774.166 Thread 0x0000015ed6ecb800 DEOPT PACKING pc=0x0000015ec0d6f6e4 sp=0x00000051476f9100
Event: 4774.166 Thread 0x0000015ed6ecb800 DEOPT UNPACKING pc=0x0000015ebd6876ce sp=0x00000051476f8698 mode 0
Event: 4774.173 Thread 0x0000015ed6ecd000 DEOPT PACKING pc=0x0000015ec0d881d7 sp=0x00000051477f9ac0
Event: 4774.173 Thread 0x0000015ed6ecd000 DEOPT UNPACKING pc=0x0000015ebd6876ce sp=0x00000051477f91b0 mode 0
Event: 4774.181 Thread 0x0000015ed7555000 DEOPT PACKING pc=0x0000015ec0d76c78 sp=0x00000051480f9b90
Event: 4774.182 Thread 0x0000015ed7555000 DEOPT UNPACKING pc=0x0000015ebd6876ce sp=0x00000051480f91f0 mode 0
Event: 4774.245 Thread 0x0000015ed6ec9000 DEOPT PACKING pc=0x0000015ec0b1f8c3 sp=0x0000005147df9de0
Event: 4774.245 Thread 0x0000015ed6ec9000 DEOPT UNPACKING pc=0x0000015ebd6876ce sp=0x0000005147df9280 mode 0
Event: 4774.246 Thread 0x0000015ed7559000 Uncommon trap: trap_request=0xffffff4d fr.pc=0x0000015ec5b45860 relative=0x0000000000001440
Event: 4774.246 Thread 0x0000015ed7559000 Uncommon trap: reason=unstable_if action=reinterpret pc=0x0000015ec5b45860 method=com.android.tools.r8.graph.d0.b0()Z @ 11 c2
Event: 4774.246 Thread 0x0000015ed7559000 DEOPT PACKING pc=0x0000015ec5b45860 sp=0x0000005147ff98c0
Event: 4774.246 Thread 0x0000015ed7559000 DEOPT UNPACKING pc=0x0000015ebd6878af sp=0x0000005147ff97d0 mode 2
Event: 4774.246 Thread 0x0000015ed7559000 Uncommon trap: trap_request=0xffffff4d fr.pc=0x0000015ec5addbf0 relative=0x00000000000000b0
Event: 4774.246 Thread 0x0000015ed7559000 Uncommon trap: reason=unstable_if action=reinterpret pc=0x0000015ec5addbf0 method=com.android.tools.r8.graph.d0.b0()Z @ 11 c2
Event: 4774.246 Thread 0x0000015ed7559000 DEOPT PACKING pc=0x0000015ec5addbf0 sp=0x0000005147ff9780
Event: 4774.246 Thread 0x0000015ed7559000 DEOPT UNPACKING pc=0x0000015ebd6878af sp=0x0000005147ff96b8 mode 2
Event: 4774.287 Thread 0x0000015ed6ecd000 Uncommon trap: trap_request=0xffffff4d fr.pc=0x0000015ec5c2c8f8 relative=0x0000000000001058
Event: 4774.287 Thread 0x0000015ed6ecd000 Uncommon trap: reason=unstable_if action=reinterpret pc=0x0000015ec5c2c8f8 method=java.util.HashMap.computeIfAbsent(Ljava/lang/Object;Ljava/util/function/Function;)Ljava/lang/Object; @ 294 c2
Event: 4774.287 Thread 0x0000015ed6ecd000 DEOPT PACKING pc=0x0000015ec5c2c8f8 sp=0x00000051477f9a00
Event: 4774.363 Thread 0x0000015ed6ecd000 DEOPT UNPACKING pc=0x0000015ebd6878af sp=0x00000051477f99b0 mode 2

Classes redefined (0 events):
No events

Internal exceptions (20 events):
Event: 4772.027 Thread 0x0000015ed6ec5800 Exception <a 'sun/nio/fs/WindowsException'{0x000000008d94d278}> (0x000000008d94d278) thrown at [./src/hotspot/share/prims/jni.cpp, line 615]
Event: 4772.065 Thread 0x0000015ed6ec5800 Exception <a 'sun/nio/fs/WindowsException'{0x000000008d9f3c30}> (0x000000008d9f3c30) thrown at [./src/hotspot/share/prims/jni.cpp, line 615]
Event: 4772.067 Thread 0x0000015ed6ec5800 Exception <a 'sun/nio/fs/WindowsException'{0x000000008d9f4d10}> (0x000000008d9f4d10) thrown at [./src/hotspot/share/prims/jni.cpp, line 615]
Event: 4772.067 Thread 0x0000015ed6ec5800 Exception <a 'sun/nio/fs/WindowsException'{0x000000008d9f5e40}> (0x000000008d9f5e40) thrown at [./src/hotspot/share/prims/jni.cpp, line 615]
Event: 4772.067 Thread 0x0000015ed6ec5800 Exception <a 'sun/nio/fs/WindowsException'{0x000000008d9f6f70}> (0x000000008d9f6f70) thrown at [./src/hotspot/share/prims/jni.cpp, line 615]
Event: 4772.406 Thread 0x0000015ed6ec5800 Implicit null exception at 0x0000015ec5443170 to 0x0000015ec54437a8
Event: 4772.409 Thread 0x0000015ed6ec5800 Implicit null exception at 0x0000015ec52c0627 to 0x0000015ec52c07a8
Event: 4772.736 Thread 0x0000015ed6ec9000 Exception <a 'sun/nio/fs/WindowsException'{0x000000008c5f1e98}> (0x000000008c5f1e98) thrown at [./src/hotspot/share/prims/jni.cpp, line 615]
Event: 4772.747 Thread 0x0000015ed6ecb800 Exception <a 'sun/nio/fs/WindowsException'{0x000000008c0561e0}> (0x000000008c0561e0) thrown at [./src/hotspot/share/prims/jni.cpp, line 615]
Event: 4772.771 Thread 0x0000015ed7557800 Exception <a 'sun/nio/fs/WindowsException'{0x000000008bb47b08}> (0x000000008bb47b08) thrown at [./src/hotspot/share/prims/jni.cpp, line 615]
Event: 4772.787 Thread 0x0000015ed6ecd000 Exception <a 'sun/nio/fs/WindowsException'{0x000000008b859310}> (0x000000008b859310) thrown at [./src/hotspot/share/prims/jni.cpp, line 615]
Event: 4772.816 Thread 0x0000015ed755a000 Exception <a 'sun/nio/fs/WindowsException'{0x000000008b0c6748}> (0x000000008b0c6748) thrown at [./src/hotspot/share/prims/jni.cpp, line 615]
Event: 4772.945 Thread 0x0000015ed7555000 Exception <a 'sun/nio/fs/WindowsException'{0x000000008c267410}> (0x000000008c267410) thrown at [./src/hotspot/share/prims/jni.cpp, line 615]
Event: 4772.964 Thread 0x0000015ed7559000 Exception <a 'sun/nio/fs/WindowsException'{0x000000008ba68cb8}> (0x000000008ba68cb8) thrown at [./src/hotspot/share/prims/jni.cpp, line 615]
Event: 4773.634 Thread 0x0000015ed6ec9000 Exception <a 'sun/nio/fs/WindowsException'{0x000000008d6cfcd0}> (0x000000008d6cfcd0) thrown at [./src/hotspot/share/prims/jni.cpp, line 615]
Event: 4773.641 Thread 0x0000015ed6ec9000 Implicit null exception at 0x0000015ec5285fa4 to 0x0000015ec5286054
Event: 4773.786 Thread 0x0000015ed6ec9000 Exception <a 'sun/nio/fs/WindowsException'{0x000000008d4f7b90}> (0x000000008d4f7b90) thrown at [./src/hotspot/share/prims/jni.cpp, line 615]
Event: 4773.884 Thread 0x0000015ed755a000 Exception <a 'java/lang/NoSuchMethodError'{0x000000008e108e80}: 'int java.lang.invoke.DirectMethodHandle$Holder.invokeInterface(java.lang.Object, java.lang.Object, int)'> (0x000000008e108e80) thrown at [./src/hotspot/share/interpreter/linkResolver.cpp, line 773]
Event: 4774.072 Thread 0x0000015ed6ec9000 Exception <a 'sun/nio/fs/WindowsException'{0x000000008c0d1170}> (0x000000008c0d1170) thrown at [./src/hotspot/share/prims/jni.cpp, line 615]
Event: 4774.131 Thread 0x0000015ed6ec9000 Exception <a 'sun/nio/fs/WindowsException'{0x000000008e0cb1a0}> (0x000000008e0cb1a0) thrown at [./src/hotspot/share/prims/jni.cpp, line 615]

Events (20 events):
Event: 4774.325 loading class com/android/tools/r8/internal/CE done
Event: 4774.326 loading class com/android/tools/r8/code/K0
Event: 4774.326 loading class com/android/tools/r8/code/K0 done
Event: 4774.326 loading class com/android/tools/r8/code/K0
Event: 4774.326 loading class com/android/tools/r8/code/K0 done
Event: 4774.326 loading class com/android/tools/r8/code/K0
Event: 4774.326 loading class com/android/tools/r8/code/K0 done
Event: 4774.326 loading class com/android/tools/r8/code/K0
Event: 4774.326 loading class com/android/tools/r8/code/K0 done
Event: 4774.362 Executing VM operation: G1CollectForAllocation
Event: 4774.375 Executing VM operation: G1CollectForAllocation done
Event: 4774.444 Executing VM operation: CGC_Operation
Event: 4774.470 Executing VM operation: CGC_Operation done
Event: 4774.475 Executing VM operation: ICBufferFull
Event: 4774.476 Executing VM operation: ICBufferFull done
Event: 4774.483 Executing VM operation: ICBufferFull
Event: 4774.483 Executing VM operation: ICBufferFull done
Event: 4774.511 Executing VM operation: ICBufferFull
Event: 4774.513 Executing VM operation: ICBufferFull done
Event: 4774.545 Executing VM operation: G1CollectForAllocation


Dynamic libraries:
0x00007ff77c400000 - 0x00007ff77c40a000 	C:\Program Files\Android\Android Studio\jre\bin\java.exe
0x00007ffcc8940000 - 0x00007ffcc8b47000 	C:\Windows\SYSTEM32\ntdll.dll
0x00007ffcc71a0000 - 0x00007ffcc725d000 	C:\Windows\System32\KERNEL32.DLL
0x00007ffcc6330000 - 0x00007ffcc66a4000 	C:\Windows\System32\KERNELBASE.dll
0x00007ffcc33d0000 - 0x00007ffcc3461000 	C:\Windows\SYSTEM32\apphelp.dll
0x00007ffcc66b0000 - 0x00007ffcc67c1000 	C:\Windows\System32\ucrtbase.dll
0x00007ffcc0c20000 - 0x00007ffcc0c39000 	C:\Program Files\Android\Android Studio\jre\bin\jli.dll
0x00007ffcbe3c0000 - 0x00007ffcbe3d7000 	C:\Program Files\Android\Android Studio\jre\bin\VCRUNTIME140.dll
0x00007ffcc7d10000 - 0x00007ffcc7ebc000 	C:\Windows\System32\USER32.dll
0x00007ffca8770000 - 0x00007ffca8a15000 	C:\Windows\WinSxS\amd64_microsoft.windows.common-controls_6595b64144ccf1df_6.0.22000.120_none_9d947278b86cc467\COMCTL32.dll
0x00007ffcc6300000 - 0x00007ffcc6326000 	C:\Windows\System32\win32u.dll
0x00007ffcc7540000 - 0x00007ffcc75e3000 	C:\Windows\System32\msvcrt.dll
0x00007ffcc7020000 - 0x00007ffcc7049000 	C:\Windows\System32\GDI32.dll
0x00007ffcc6120000 - 0x00007ffcc6232000 	C:\Windows\System32\gdi32full.dll
0x00007ffcc5f90000 - 0x00007ffcc602d000 	C:\Windows\System32\msvcp_win.dll
0x00007ffcc7260000 - 0x00007ffcc7291000 	C:\Windows\System32\IMM32.DLL
0x00007ffcac300000 - 0x00007ffcac39d000 	C:\Program Files\Android\Android Studio\jre\bin\msvcp140.dll
0x00007ffc80200000 - 0x00007ffc80ccf000 	C:\Program Files\Android\Android Studio\jre\bin\server\jvm.dll
0x00007ffcc67d0000 - 0x00007ffcc687c000 	C:\Windows\System32\ADVAPI32.dll
0x00007ffcc6de0000 - 0x00007ffcc6e7d000 	C:\Windows\System32\sechost.dll
0x00007ffcc8720000 - 0x00007ffcc8841000 	C:\Windows\System32\RPCRT4.dll
0x00007ffcc7530000 - 0x00007ffcc7538000 	C:\Windows\System32\PSAPI.DLL
0x00007ffcc02c0000 - 0x00007ffcc02c9000 	C:\Windows\SYSTEM32\WSOCK32.dll
0x00007ffcbe0e0000 - 0x00007ffcbe113000 	C:\Windows\SYSTEM32\WINMM.dll
0x00007ffcc7ca0000 - 0x00007ffcc7d0f000 	C:\Windows\System32\WS2_32.dll
0x00007ffcbc560000 - 0x00007ffcbc56a000 	C:\Windows\SYSTEM32\VERSION.dll
0x00007ffcc4ff0000 - 0x00007ffcc5008000 	C:\Windows\SYSTEM32\kernel.appcore.dll
0x00007ffcb9e80000 - 0x00007ffcb9e91000 	C:\Program Files\Android\Android Studio\jre\bin\verify.dll
0x00007ffcbf790000 - 0x00007ffcbf9b1000 	C:\Windows\SYSTEM32\DBGHELP.DLL
0x00007ffcabf10000 - 0x00007ffcabf41000 	C:\Windows\SYSTEM32\dbgcore.DLL
0x00007ffcc6030000 - 0x00007ffcc60b0000 	C:\Windows\System32\bcryptPrimitives.dll
0x00007ffcb3d60000 - 0x00007ffcb3d89000 	C:\Program Files\Android\Android Studio\jre\bin\java.dll
0x00007ffcc02b0000 - 0x00007ffcc02bb000 	C:\Program Files\Android\Android Studio\jre\bin\jimage.dll
0x00007ffcb4700000 - 0x00007ffcb4718000 	C:\Program Files\Android\Android Studio\jre\bin\zip.dll
0x00007ffcc7f50000 - 0x00007ffcc86f9000 	C:\Windows\System32\SHELL32.dll
0x00007ffcc3fd0000 - 0x00007ffcc4832000 	C:\Windows\SYSTEM32\windows.storage.dll
0x00007ffcc6970000 - 0x00007ffcc6ce8000 	C:\Windows\System32\combase.dll
0x00007ffcc3e60000 - 0x00007ffcc3fc6000 	C:\Windows\SYSTEM32\wintypes.dll
0x00007ffcc70b0000 - 0x00007ffcc719a000 	C:\Windows\System32\SHCORE.dll
0x00007ffcc6880000 - 0x00007ffcc68dd000 	C:\Windows\System32\shlwapi.dll
0x00007ffcc5d50000 - 0x00007ffcc5d71000 	C:\Windows\SYSTEM32\profapi.dll
0x00007ffcac4c0000 - 0x00007ffcac4da000 	C:\Program Files\Android\Android Studio\jre\bin\net.dll
0x00007ffcc07c0000 - 0x00007ffcc08cc000 	C:\Windows\SYSTEM32\WINHTTP.dll
0x00007ffcc5450000 - 0x00007ffcc54b7000 	C:\Windows\system32\mswsock.dll
0x00007ffcac250000 - 0x00007ffcac264000 	C:\Program Files\Android\Android Studio\jre\bin\nio.dll
0x00007ffca62f0000 - 0x00007ffca6317000 	C:\Users\hsibin\.gradle\native\8bec1ad78214c89d9ad589b4d07fe93259594b29d510b10fafb7a158f7737e5d\windows-amd64\native-platform.dll
0x00007ffc8a7d0000 - 0x00007ffc8a90d000 	C:\Users\hsibin\.gradle\native\53dbd7edfb1c66fb8903c78663c9afc45aea4f116125fa6feffd364cf09443e8\windows-amd64\native-platform-file-events.dll
0x00007ffcc0290000 - 0x00007ffcc029a000 	C:\Program Files\Android\Android Studio\jre\bin\management.dll
0x00007ffcbd490000 - 0x00007ffcbd49c000 	C:\Program Files\Android\Android Studio\jre\bin\management_ext.dll
0x00007ffcc5690000 - 0x00007ffcc56a8000 	C:\Windows\SYSTEM32\CRYPTSP.dll
0x00007ffcc4f20000 - 0x00007ffcc4f55000 	C:\Windows\system32\rsaenh.dll
0x00007ffcc5540000 - 0x00007ffcc5569000 	C:\Windows\SYSTEM32\USERENV.dll
0x00007ffcc5810000 - 0x00007ffcc5837000 	C:\Windows\SYSTEM32\bcrypt.dll
0x00007ffcc56b0000 - 0x00007ffcc56bc000 	C:\Windows\SYSTEM32\CRYPTBASE.dll
0x00007ffcc4a80000 - 0x00007ffcc4aad000 	C:\Windows\SYSTEM32\IPHLPAPI.DLL
0x00007ffcc68e0000 - 0x00007ffcc68e9000 	C:\Windows\System32\NSI.dll
0x00007ffcc0680000 - 0x00007ffcc0699000 	C:\Windows\SYSTEM32\dhcpcsvc6.DLL
0x00007ffcc0a10000 - 0x00007ffcc0a2e000 	C:\Windows\SYSTEM32\dhcpcsvc.DLL
0x00007ffcc4ab0000 - 0x00007ffcc4b97000 	C:\Windows\SYSTEM32\DNSAPI.dll
0x00007ffcac0c0000 - 0x00007ffcac0e7000 	C:\Program Files\Android\Android Studio\jre\bin\sunec.dll

dbghelp: loaded successfully - version: 4.0.5 - missing functions: none
symbol engine: initialized successfully - sym options: 0x614 - pdb path: .;C:\Program Files\Android\Android Studio\jre\bin;C:\Windows\SYSTEM32;C:\Windows\WinSxS\amd64_microsoft.windows.common-controls_6595b64144ccf1df_6.0.22000.120_none_9d947278b86cc467;C:\Program Files\Android\Android Studio\jre\bin\server;C:\Users\hsibin\.gradle\native\8bec1ad78214c89d9ad589b4d07fe93259594b29d510b10fafb7a158f7737e5d\windows-amd64;C:\Users\hsibin\.gradle\native\53dbd7edfb1c66fb8903c78663c9afc45aea4f116125fa6feffd364cf09443e8\windows-amd64

VM Arguments:
jvm_args: --add-opens=java.base/java.util=ALL-UNNAMED --add-opens=java.base/java.lang=ALL-UNNAMED --add-opens=java.base/java.lang.invoke=ALL-UNNAMED --add-opens=java.base/java.util=ALL-UNNAMED --add-opens=java.prefs/java.util.prefs=ALL-UNNAMED --add-opens=java.prefs/java.util.prefs=ALL-UNNAMED --add-opens=java.base/java.nio.charset=ALL-UNNAMED --add-opens=java.base/java.net=ALL-UNNAMED --add-opens=java.base/java.util.concurrent.atomic=ALL-UNNAMED -Xmx2048m -Dfile.encoding=UTF-8 -Duser.country=CN -Duser.language=zh -Duser.variant 
java_command: org.gradle.launcher.daemon.bootstrap.GradleDaemon 7.0.2
java_class_path (initial): C:\Users\hsibin\.gradle\wrapper\dists\gradle-7.0.2-bin\857tjihv64xamwrf0h14cai3r\gradle-7.0.2\lib\gradle-launcher-7.0.2.jar
Launcher Type: SUN_STANDARD

[Global flags]
     intx CICompilerCount                          = 4                                         {product} {ergonomic}
     uint ConcGCThreads                            = 2                                         {product} {ergonomic}
     uint G1ConcRefinementThreads                  = 8                                         {product} {ergonomic}
   size_t G1HeapRegionSize                         = 1048576                                   {product} {ergonomic}
    uintx GCDrainStackTargetSize                   = 64                                        {product} {ergonomic}
   size_t InitialHeapSize                          = 134217728                                 {product} {ergonomic}
   size_t MarkStackSize                            = 4194304                                   {product} {ergonomic}
   size_t MaxHeapSize                              = 2147483648                                {product} {command line}
   size_t MaxNewSize                               = 1287651328                                {product} {ergonomic}
   size_t MinHeapDeltaBytes                        = 1048576                                   {product} {ergonomic}
    uintx NonNMethodCodeHeapSize                   = 5836300                                {pd product} {ergonomic}
    uintx NonProfiledCodeHeapSize                  = 122910970                              {pd product} {ergonomic}
    uintx ProfiledCodeHeapSize                     = 122910970                              {pd product} {ergonomic}
    uintx ReservedCodeCacheSize                    = 251658240                              {pd product} {ergonomic}
     bool SegmentedCodeCache                       = true                                      {product} {ergonomic}
     bool UseCompressedClassPointers               = true                                 {lp64_product} {ergonomic}
     bool UseCompressedOops                        = true                                 {lp64_product} {ergonomic}
     bool UseG1GC                                  = true                                      {product} {ergonomic}
     bool UseLargePagesIndividualAllocation        = false                                  {pd product} {ergonomic}

Logging:
Log output configuration:
 #0: stdout all=warning uptime,level,tags
 #1: stderr all=off uptime,level,tags

Environment Variables:
PATH=C:\Program Files (x86)\Common Files\Oracle\Java\javapath;C:\Windows\system32;C:\Windows;C:\Windows\System32\Wbem;C:\Windows\System32\WindowsPowerShell\v1.0\;C:\Windows\System32\OpenSSH\;C:\Program Files\Git\cmd;C:\Users\hsibin\AppData\Local\Microsoft\WindowsApps;;C:\Program Files\JetBrains\IntelliJ IDEA 2021.2.2\bin;;C:\Program Files\JetBrains\WebStorm 2021.2.2\bin;
USERNAME=hsibin
OS=Windows_NT
PROCESSOR_IDENTIFIER=Intel64 Family 6 Model 142 Stepping 10, GenuineIntel



---------------  S Y S T E M  ---------------

OS: Windows 10 , 64 bit Build 22000 (10.0.22000.120)
OS uptime: 0 days 5:30 hours

CPU:total 8 (initial active 8) (4 cores per cpu, 2 threads per core) family 6 model 142 stepping 10 microcode 0xe8, cmov, cx8, fxsr, mmx, sse, sse2, sse3, ssse3, sse4.1, sse4.2, popcnt, avx, avx2, aes, clmul, erms, 3dnowpref, lzcnt, ht, tsc, tscinvbit, bmi1, bmi2, adx, fma

Memory: 4k page, system-wide physical 8109M (271M free)
TotalPageFile size 12205M (AvailPageFile size 174M)
current process WorkingSet (physical memory assigned to process): 498M, peak: 605M
current process commit charge ("private bytes"): 659M, peak: 847M

vm_info: OpenJDK 64-Bit Server VM (11.0.10+0-b96-7249189) for windows-amd64 JRE (11.0.10+0-b96-7249189), built on Mar 31 2021 21:44:00 by "builder" with MS VC++ 14.0 (VS2015)

END.
