#
# There is insufficient memory for the Java Runtime Environment to continue.
# Native memory allocation (mmap) failed to map 49283072 bytes for Failed to commit area from 0x000000008de00000 to 0x0000000090d00000 of length 49283072.
# Possible reasons:
#   The system is out of physical RAM or swap space
#   The process is running with CompressedOops enabled, and the Java Heap may be blocking the growth of the native heap
# Possible solutions:
#   Reduce memory load on the system
#   Increase physical memory or swap space
#   Check if swap backing store is full
#   Decrease Java heap size (-Xmx/-Xms)
#   Decrease number of Java threads
#   Decrease Java thread stack sizes (-Xss)
#   Set larger code cache with -XX:ReservedCodeCacheSize=
#   JVM is running with Unscaled Compressed Oops mode in which the Java heap is
#     placed in the first 4GB address space. The Java Heap base address is the
#     maximum limit for the native heap growth. Please use -XX:HeapBaseMinAddress
#     to set the Java Heap base and to place the Java Heap above 4GB virtual address.
# This output file may be truncated or incomplete.
#
#  Out of Memory Error (./src/hotspot/os/windows/os_windows.cpp:3301), pid=12472, tid=11260
#
# JRE version: OpenJDK Runtime Environment (11.0.10) (build 11.0.10+0-b96-7249189)
# Java VM: OpenJDK 64-Bit Server VM (11.0.10+0-b96-7249189, mixed mode, tiered, compressed oops, g1 gc, windows-amd64)
# No core dump will be written. Minidumps are not enabled by default on client versions of Windows
#

---------------  S U M M A R Y ------------

Command Line: --add-opens=java.base/java.util=ALL-UNNAMED --add-opens=java.base/java.lang=ALL-UNNAMED --add-opens=java.base/java.lang.invoke=ALL-UNNAMED --add-opens=java.base/java.util=ALL-UNNAMED --add-opens=java.prefs/java.util.prefs=ALL-UNNAMED --add-opens=java.prefs/java.util.prefs=ALL-UNNAMED --add-opens=java.base/java.nio.charset=ALL-UNNAMED --add-opens=java.base/java.net=ALL-UNNAMED --add-opens=java.base/java.util.concurrent.atomic=ALL-UNNAMED -Xmx2048m -Dfile.encoding=UTF-8 -Duser.country=CN -Duser.language=zh -Duser.variant org.gradle.launcher.daemon.bootstrap.GradleDaemon 7.0.2

Host: Intel(R) Core(TM) i5-8250U CPU @ 1.60GHz, 8 cores, 7G,  Windows 10 , 64 bit Build 22000 (10.0.22000.120)
Time: Sat Oct 16 19:40:35 2021 中国标准时间 elapsed time: 21.655751 seconds (0d 0h 0m 21s)

---------------  T H R E A D  ---------------

Current thread (0x0000028b7e06f800):  VMThread "VM Thread" [stack: 0x000000fd66a00000,0x000000fd66b00000] [id=11260]

Stack: [0x000000fd66a00000,0x000000fd66b00000]
[error occurred during error reporting (printing stack bounds), id 0xc0000005, EXCEPTION_ACCESS_VIOLATION (0xc0000005) at pc=0x0000028b00000f2d]

Native frames: (J=compiled Java code, j=interpreted, Vv=VM code, C=native code)
V  [jvm.dll+0x5ecfaa]
V  [jvm.dll+0x722bd5]
V  [jvm.dll+0x72412d]
V  [jvm.dll+0x724745]
V  [jvm.dll+0x7246fb]
V  [jvm.dll+0x5ec348]
V  [jvm.dll+0x5ecad8]
C  [ntdll.dll+0xa826f]
C  [ntdll.dll+0x359ca]
C  [ntdll.dll+0xa727e]
C  0x0000028b00000f2d

VM_Operation (0x000000fd69bf9730): G1CollectForAllocation, mode: safepoint, requested by thread 0x0000028b11b78800


---------------  P R O C E S S  ---------------

Threads class SMR info:
_java_thread_list=0x0000028b14534fa0, length=61, elements={
0x0000028b72be4800, 0x0000028b7e074000, 0x0000028b7e07e800, 0x0000028b7e8e8000,
0x0000028b7e8eb000, 0x0000028b7e8ec000, 0x0000028b7e8f7800, 0x0000028b7e8fc800,
0x0000028b7e8fe000, 0x0000028b7ea67000, 0x0000028b109fa000, 0x0000028b0fc87000,
0x0000028b0f913000, 0x0000028b7efe8000, 0x0000028b10b10000, 0x0000028b10563000,
0x0000028b1075d800, 0x0000028b10773800, 0x0000028b10774800, 0x0000028b1030f000,
0x0000028b1030d000, 0x0000028b1030f800, 0x0000028b10311000, 0x0000028b10312000,
0x0000028b10310800, 0x0000028b1030c800, 0x0000028b10313000, 0x0000028b1030e000,
0x0000028b11b73800, 0x0000028b11b71800, 0x0000028b11b70000, 0x0000028b11b74000,
0x0000028b11b6f800, 0x0000028b11b7b800, 0x0000028b11b76000, 0x0000028b11b7c800,
0x0000028b11b76800, 0x0000028b11b7d000, 0x0000028b11b78800, 0x0000028b11b77800,
0x0000028b11b7e000, 0x0000028b10863000, 0x0000028b10867800, 0x0000028b10868000,
0x0000028b10862800, 0x0000028b10866800, 0x0000028b10869000, 0x0000028b10869800,
0x0000028b10864000, 0x0000028b7f0d8800, 0x0000028b109dc800, 0x0000028b10865000,
0x0000028b10865800, 0x0000028b1086e800, 0x0000028b1086c000, 0x0000028b1086d000,
0x0000028b1086f800, 0x0000028b1086e000, 0x0000028b10870800, 0x0000028b10871000,
0x0000028b10dc9800
}

Java Threads: ( => current thread )
  0x0000028b72be4800 JavaThread "main" [_thread_blocked, id=7428, stack(0x000000fd66400000,0x000000fd66500000)]
  0x0000028b7e074000 JavaThread "Reference Handler" daemon [_thread_blocked, id=13100, stack(0x000000fd66b00000,0x000000fd66c00000)]
  0x0000028b7e07e800 JavaThread "Finalizer" daemon [_thread_blocked, id=5900, stack(0x000000fd66c00000,0x000000fd66d00000)]
  0x0000028b7e8e8000 JavaThread "Signal Dispatcher" daemon [_thread_blocked, id=9992, stack(0x000000fd66d00000,0x000000fd66e00000)]
  0x0000028b7e8eb000 JavaThread "Attach Listener" daemon [_thread_blocked, id=12608, stack(0x000000fd66e00000,0x000000fd66f00000)]
  0x0000028b7e8ec000 JavaThread "Service Thread" daemon [_thread_blocked, id=2100, stack(0x000000fd66f00000,0x000000fd67000000)]
  0x0000028b7e8f7800 JavaThread "C2 CompilerThread0" daemon [_thread_in_native, id=2248, stack(0x000000fd67000000,0x000000fd67100000)]
  0x0000028b7e8fc800 JavaThread "C1 CompilerThread0" daemon [_thread_blocked, id=2596, stack(0x000000fd67100000,0x000000fd67200000)]
  0x0000028b7e8fe000 JavaThread "Sweeper thread" daemon [_thread_blocked, id=10348, stack(0x000000fd67200000,0x000000fd67300000)]
  0x0000028b7ea67000 JavaThread "Common-Cleaner" daemon [_thread_blocked, id=2296, stack(0x000000fd67300000,0x000000fd67400000)]
  0x0000028b109fa000 JavaThread "Daemon health stats" [_thread_blocked, id=7564, stack(0x000000fd67900000,0x000000fd67a00000)]
  0x0000028b0fc87000 JavaThread "Incoming local TCP Connector on port 51537" [_thread_in_native, id=2608, stack(0x000000fd67500000,0x000000fd67600000)]
  0x0000028b0f913000 JavaThread "Daemon periodic checks" [_thread_blocked, id=12648, stack(0x000000fd67600000,0x000000fd67700000)]
  0x0000028b7efe8000 JavaThread "Daemon" [_thread_blocked, id=6776, stack(0x000000fd67a00000,0x000000fd67b00000)]
  0x0000028b10b10000 JavaThread "Handler for socket connection from /127.0.0.1:51537 to /127.0.0.1:51539" [_thread_in_native, id=13060, stack(0x000000fd67b00000,0x000000fd67c00000)]
  0x0000028b10563000 JavaThread "Cancel handler" [_thread_blocked, id=4788, stack(0x000000fd67c00000,0x000000fd67d00000)]
  0x0000028b1075d800 JavaThread "Daemon worker" [_thread_blocked, id=11812, stack(0x000000fd67d00000,0x000000fd67e00000)]
  0x0000028b10773800 JavaThread "Asynchronous log dispatcher for DefaultDaemonConnection: socket connection from /127.0.0.1:51537 to /127.0.0.1:51539" [_thread_blocked, id=11404, stack(0x000000fd67f00000,0x000000fd68000000)]
  0x0000028b10774800 JavaThread "Stdin handler" [_thread_blocked, id=5216, stack(0x000000fd68000000,0x000000fd68100000)]
  0x0000028b1030f000 JavaThread "Daemon client event forwarder" [_thread_blocked, id=8956, stack(0x000000fd68100000,0x000000fd68200000)]
  0x0000028b1030d000 JavaThread "Cache worker for file hash cache (C:\Users\hsibin\.gradle\caches\7.0.2\fileHashes)" [_thread_blocked, id=9976, stack(0x000000fd67e00000,0x000000fd67f00000)]
  0x0000028b1030f800 JavaThread "File lock request listener" [_thread_in_native, id=4428, stack(0x000000fd68700000,0x000000fd68800000)]
  0x0000028b10311000 JavaThread "Cache worker for journal cache (C:\Users\hsibin\.gradle\caches\journal-1)" [_thread_blocked, id=11400, stack(0x000000fd68900000,0x000000fd68a00000)]
  0x0000028b10312000 JavaThread "Cache worker for file hash cache (C:\Users\hsibin\AndroidStudioProjects\stage2\.gradle\7.0.2\fileHashes)" [_thread_blocked, id=10352, stack(0x000000fd68a00000,0x000000fd68b00000)]
  0x0000028b10310800 JavaThread "File watcher server" daemon [_thread_blocked, id=4024, stack(0x000000fd68b00000,0x000000fd68c00000)]
  0x0000028b1030c800 JavaThread "File watcher consumer" daemon [_thread_blocked, id=1928, stack(0x000000fd68c00000,0x000000fd68d00000)]
  0x0000028b10313000 JavaThread "Cache worker for checksums cache (C:\Users\hsibin\AndroidStudioProjects\stage2\.gradle\checksums)" [_thread_blocked, id=1528, stack(0x000000fd68d00000,0x000000fd68e00000)]
  0x0000028b1030e000 JavaThread "Cache worker for cache directory md-supplier (C:\Users\hsibin\.gradle\caches\7.0.2\md-supplier)" [_thread_blocked, id=12396, stack(0x000000fd68e00000,0x000000fd68f00000)]
  0x0000028b11b73800 JavaThread "Cache worker for cache directory md-rule (C:\Users\hsibin\.gradle\caches\7.0.2\md-rule)" [_thread_blocked, id=2560, stack(0x000000fd69000000,0x000000fd69100000)]
  0x0000028b11b71800 JavaThread "Cache worker for execution history cache (C:\Users\hsibin\.gradle\caches\7.0.2\executionHistory)" [_thread_blocked, id=11092, stack(0x000000fd69200000,0x000000fd69300000)]
  0x0000028b11b70000 JavaThread "jar transforms" [_thread_blocked, id=10212, stack(0x000000fd68f00000,0x000000fd69000000)]
  0x0000028b11b74000 JavaThread "jar transforms Thread 2" [_thread_blocked, id=11420, stack(0x000000fd69300000,0x000000fd69400000)]
  0x0000028b11b6f800 JavaThread "Cache worker for file content cache (C:\Users\hsibin\.gradle\caches\7.0.2\fileContent)" [_thread_blocked, id=8672, stack(0x000000fd69400000,0x000000fd69500000)]
  0x0000028b11b7b800 JavaThread "Cache worker for dependencies-accessors (C:\Users\hsibin\AndroidStudioProjects\stage2\.gradle\7.0.2\dependencies-accessors)" [_thread_blocked, id=6336, stack(0x000000fd69500000,0x000000fd69600000)]
  0x0000028b11b76000 JavaThread "jar transforms Thread 3" [_thread_blocked, id=13048, stack(0x000000fd69700000,0x000000fd69800000)]
  0x0000028b11b7c800 JavaThread "Cache worker for Build Output Cleanup Cache (C:\Users\hsibin\AndroidStudioProjects\stage2\.gradle\buildOutputCleanup)" [_thread_blocked, id=5312, stack(0x000000fd69800000,0x000000fd69900000)]
  0x0000028b11b76800 JavaThread "Build operations" [_thread_blocked, id=8600, stack(0x000000fd69900000,0x000000fd69a00000)]
  0x0000028b11b7d000 JavaThread "Build operations Thread 2" [_thread_blocked, id=5792, stack(0x000000fd69a00000,0x000000fd69b00000)]
  0x0000028b11b78800 JavaThread "Build operations Thread 3" [_thread_blocked, id=11628, stack(0x000000fd69b00000,0x000000fd69c00000)]
  0x0000028b11b77800 JavaThread "Build operations Thread 4" [_thread_blocked, id=10244, stack(0x000000fd69c00000,0x000000fd69d00000)]
  0x0000028b11b7e000 JavaThread "Build operations Thread 5" [_thread_blocked, id=5172, stack(0x000000fd69d00000,0x000000fd69e00000)]
  0x0000028b10863000 JavaThread "Build operations Thread 6" [_thread_blocked, id=4444, stack(0x000000fd69e00000,0x000000fd69f00000)]
  0x0000028b10867800 JavaThread "Build operations Thread 7" [_thread_blocked, id=780, stack(0x000000fd69f00000,0x000000fd6a000000)]
  0x0000028b10868000 JavaThread "Build operations Thread 8" [_thread_blocked, id=12420, stack(0x000000fd6a000000,0x000000fd6a100000)]
  0x0000028b10862800 JavaThread "jar transforms Thread 4" [_thread_blocked, id=9460, stack(0x000000fd6a100000,0x000000fd6a200000)]
  0x0000028b10866800 JavaThread "jar transforms Thread 5" [_thread_blocked, id=3400, stack(0x000000fd6a200000,0x000000fd6a300000)]
  0x0000028b10869000 JavaThread "jar transforms Thread 6" [_thread_blocked, id=12168, stack(0x000000fd6a300000,0x000000fd6a400000)]
  0x0000028b10869800 JavaThread "jar transforms Thread 7" [_thread_blocked, id=13236, stack(0x000000fd6a400000,0x000000fd6a500000)]
  0x0000028b10864000 JavaThread "jar transforms Thread 8" [_thread_blocked, id=2888, stack(0x000000fd6a500000,0x000000fd6a600000)]
  0x0000028b7f0d8800 JavaThread "C2 CompilerThread1" daemon [_thread_in_native, id=11300, stack(0x000000fd69100000,0x000000fd69200000)]
  0x0000028b109dc800 JavaThread "C2 CompilerThread2" daemon [_thread_in_native, id=1832, stack(0x000000fd69600000,0x000000fd69700000)]
  0x0000028b10865000 JavaThread "Memory manager" [_thread_blocked, id=7476, stack(0x000000fd6a600000,0x000000fd6a700000)]
  0x0000028b10865800 JavaThread "build event listener" [_thread_blocked, id=10080, stack(0x000000fd6a700000,0x000000fd6a800000)]
  0x0000028b1086e800 JavaThread "Execution worker for ':'" [_thread_blocked, id=1392, stack(0x000000fd6a800000,0x000000fd6a900000)]
  0x0000028b1086c000 JavaThread "Execution worker for ':' Thread 2" [_thread_blocked, id=5848, stack(0x000000fd6a900000,0x000000fd6aa00000)]
  0x0000028b1086d000 JavaThread "Execution worker for ':' Thread 3" [_thread_blocked, id=7420, stack(0x000000fd6aa00000,0x000000fd6ab00000)]
  0x0000028b1086f800 JavaThread "Execution worker for ':' Thread 4" [_thread_blocked, id=3212, stack(0x000000fd6ab00000,0x000000fd6ac00000)]
  0x0000028b1086e000 JavaThread "Execution worker for ':' Thread 5" [_thread_blocked, id=10464, stack(0x000000fd6ac00000,0x000000fd6ad00000)]
  0x0000028b10870800 JavaThread "Execution worker for ':' Thread 6" [_thread_blocked, id=7628, stack(0x000000fd6ad00000,0x000000fd6ae00000)]
  0x0000028b10871000 JavaThread "Execution worker for ':' Thread 7" [_thread_blocked, id=12556, stack(0x000000fd6ae00000,0x000000fd6af00000)]
  0x0000028b10dc9800 JavaThread "Cache worker for execution history cache (C:\Users\hsibin\AndroidStudioProjects\stage2\.gradle\7.0.2\executionHistory)" [_thread_blocked, id=6212, stack(0x000000fd6af00000,0x000000fd6b000000)]

Other Threads:
=>0x0000028b7e06f800 VMThread "VM Thread" [stack: 0x000000fd66a00000,0x000000fd66b00000] [id=11260]
  0x0000028b7ea73000 WatcherThread [stack: 0x000000fd67400000,0x000000fd67500000] [id=5440]
  0x0000028b70aba000 GCTaskThread "GC Thread#0" [stack: 0x000000fd66500000,0x000000fd66600000] [id=7780]
  0x0000028b7f05b000 GCTaskThread "GC Thread#1" [stack: 0x000000fd67700000,0x000000fd67800000] [id=10396]
  0x0000028b0f2ea000 GCTaskThread "GC Thread#2" [stack: 0x000000fd67800000,0x000000fd67900000] [id=8852]
  0x0000028b11517800 GCTaskThread "GC Thread#3" [stack: 0x000000fd68200000,0x000000fd68300000] [id=7828]
  0x0000028b0fe2e800 GCTaskThread "GC Thread#4" [stack: 0x000000fd68300000,0x000000fd68400000] [id=2372]
  0x0000028b10483000 GCTaskThread "GC Thread#5" [stack: 0x000000fd68400000,0x000000fd68500000] [id=2912]
  0x0000028b0fe2d000 GCTaskThread "GC Thread#6" [stack: 0x000000fd68500000,0x000000fd68600000] [id=3052]
  0x0000028b10307800 GCTaskThread "GC Thread#7" [stack: 0x000000fd68600000,0x000000fd68700000] [id=2276]
  0x0000028b72c28000 ConcurrentGCThread "G1 Main Marker" [stack: 0x000000fd66600000,0x000000fd66700000] [id=7680]
  0x0000028b72c29000 ConcurrentGCThread "G1 Conc#0" [stack: 0x000000fd66700000,0x000000fd66800000] [id=7696]
  0x0000028b108db000 ConcurrentGCThread "G1 Conc#1" [stack: 0x000000fd68800000,0x000000fd68900000] [id=9572]
  0x0000028b7dec0800 ConcurrentGCThread "G1 Refine#0" [stack: 0x000000fd66800000,0x000000fd66900000] [id=6264]
  0x0000028b1ad0b800 ConcurrentGCThread "G1 Refine#1" [stack: 0x000000fd6b000000,0x000000fd6b100000] [id=1872]
  0x0000028b14d10800 ConcurrentGCThread "G1 Refine#2" [stack: 0x000000fd6b100000,0x000000fd6b200000] [id=6752]
  0x0000028b7dec1800 ConcurrentGCThread "G1 Young RemSet Sampling" [stack: 0x000000fd66900000,0x000000fd66a00000] [id=12740]

Threads with active compile tasks:
C2 CompilerThread0  21686 12345 %     4       com.android.tools.r8.ir.regalloc.a::a @ 1262 (1824 bytes)
C1 CompilerThread0  21686 13118       2       com.android.tools.r8.internal.hf::addLast (23 bytes)
C2 CompilerThread1  21686 13002       4       java.util.TreeMap::put (247 bytes)
C2 CompilerThread2  21687 12315 %     4       com.android.tools.r8.ir.regalloc.a::a @ 2157 (3985 bytes)

VM state:at safepoint (normal execution)

VM Mutex/Monitor currently owned by a thread:  ([mutex/lock_event])
[0x0000028b72be0d10] Threads_lock - owner thread: 0x0000028b7e06f800
[0x0000028b72be0770] Heap_lock - owner thread: 0x0000028b11b78800

Heap address: 0x0000000080000000, size: 2048 MB, Compressed Oops mode: 32-bit
Narrow klass base: 0x0000000000000000, Narrow klass shift: 3
Compressed class space size: 1073741824 Address: 0x0000000100000000

Heap:
 garbage-first heap   total 275456K, used 111413K [0x0000000080000000, 0x0000000100000000)
  region size 1024K, 5 young (5120K), 5 survivors (5120K)
 Metaspace       used 92738K, capacity 95501K, committed 96332K, reserved 1132544K
  class space    used 12166K, capacity 13221K, committed 13644K, reserved 1048576K
Heap Regions: E=young(eden), S=young(survivor), O=old, HS=humongous(starts), HC=humongous(continues), CS=collection set, F=free, A=archive, TAMS=top-at-mark-start (previous, next)
|   0|0x0000000080000000, 0x0000000080100000, 0x0000000080100000|100%| O|  |TAMS 0x0000000080100000, 0x0000000080100000| Untracked 
|   1|0x0000000080100000, 0x0000000080200000, 0x0000000080200000|100%| O|  |TAMS 0x0000000080200000, 0x0000000080200000| Untracked 
|   2|0x0000000080200000, 0x0000000080300000, 0x0000000080300000|100%| O|  |TAMS 0x0000000080300000, 0x0000000080300000| Untracked 
|   3|0x0000000080300000, 0x0000000080400000, 0x0000000080400000|100%|HS|  |TAMS 0x0000000080400000, 0x0000000080400000| Complete 
|   4|0x0000000080400000, 0x0000000080500000, 0x0000000080500000|100%|HC|  |TAMS 0x0000000080500000, 0x0000000080500000| Complete 
|   5|0x0000000080500000, 0x0000000080600000, 0x0000000080600000|100%|HC|  |TAMS 0x0000000080600000, 0x0000000080600000| Complete 
|   6|0x0000000080600000, 0x0000000080700000, 0x0000000080700000|100%| O|  |TAMS 0x0000000080700000, 0x0000000080700000| Untracked 
|   7|0x0000000080700000, 0x0000000080800000, 0x0000000080800000|100%| O|  |TAMS 0x0000000080800000, 0x0000000080800000| Untracked 
|   8|0x0000000080800000, 0x0000000080900000, 0x0000000080900000|100%| O|  |TAMS 0x0000000080900000, 0x0000000080900000| Untracked 
|   9|0x0000000080900000, 0x0000000080a00000, 0x0000000080a00000|100%| O|  |TAMS 0x0000000080a00000, 0x0000000080a00000| Untracked 
|  10|0x0000000080a00000, 0x0000000080b00000, 0x0000000080b00000|100%| O|  |TAMS 0x0000000080b00000, 0x0000000080b00000| Untracked 
|  11|0x0000000080b00000, 0x0000000080c00000, 0x0000000080c00000|100%| O|  |TAMS 0x0000000080c00000, 0x0000000080c00000| Untracked 
|  12|0x0000000080c00000, 0x0000000080d00000, 0x0000000080d00000|100%| O|  |TAMS 0x0000000080d00000, 0x0000000080d00000| Untracked 
|  13|0x0000000080d00000, 0x0000000080e00000, 0x0000000080e00000|100%| O|  |TAMS 0x0000000080e00000, 0x0000000080e00000| Untracked 
|  14|0x0000000080e00000, 0x0000000080f00000, 0x0000000080f00000|100%| O|  |TAMS 0x0000000080f00000, 0x0000000080f00000| Untracked 
|  15|0x0000000080f00000, 0x0000000081000000, 0x0000000081000000|100%| O|  |TAMS 0x0000000081000000, 0x0000000081000000| Untracked 
|  16|0x0000000081000000, 0x0000000081100000, 0x0000000081100000|100%|HS|  |TAMS 0x0000000081100000, 0x0000000081100000| Complete 
|  17|0x0000000081100000, 0x0000000081200000, 0x0000000081200000|100%| O|  |TAMS 0x0000000081200000, 0x0000000081200000| Untracked 
|  18|0x0000000081200000, 0x0000000081300000, 0x0000000081300000|100%| O|  |TAMS 0x0000000081300000, 0x0000000081300000| Untracked 
|  19|0x0000000081300000, 0x0000000081400000, 0x0000000081400000|100%| O|  |TAMS 0x0000000081400000, 0x0000000081400000| Untracked 
|  20|0x0000000081400000, 0x0000000081500000, 0x0000000081500000|100%| O|  |TAMS 0x0000000081500000, 0x0000000081500000| Untracked 
|  21|0x0000000081500000, 0x0000000081600000, 0x0000000081600000|100%| O|  |TAMS 0x0000000081600000, 0x0000000081600000| Untracked 
|  22|0x0000000081600000, 0x0000000081700000, 0x0000000081700000|100%| O|  |TAMS 0x0000000081700000, 0x0000000081700000| Untracked 
|  23|0x0000000081700000, 0x0000000081800000, 0x0000000081800000|100%| O|  |TAMS 0x0000000081800000, 0x0000000081800000| Untracked 
|  24|0x0000000081800000, 0x0000000081900000, 0x0000000081900000|100%| O|  |TAMS 0x0000000081900000, 0x0000000081900000| Untracked 
|  25|0x0000000081900000, 0x0000000081a00000, 0x0000000081a00000|100%| O|  |TAMS 0x0000000081a00000, 0x0000000081a00000| Untracked 
|  26|0x0000000081a00000, 0x0000000081b00000, 0x0000000081b00000|100%| O|  |TAMS 0x0000000081b00000, 0x0000000081b00000| Untracked 
|  27|0x0000000081b00000, 0x0000000081c00000, 0x0000000081c00000|100%|HS|  |TAMS 0x0000000081c00000, 0x0000000081c00000| Complete 
|  28|0x0000000081c00000, 0x0000000081d00000, 0x0000000081d00000|100%|HS|  |TAMS 0x0000000081d00000, 0x0000000081d00000| Complete 
|  29|0x0000000081d00000, 0x0000000081e00000, 0x0000000081e00000|100%|HC|  |TAMS 0x0000000081e00000, 0x0000000081e00000| Complete 
|  30|0x0000000081e00000, 0x0000000081f00000, 0x0000000081f00000|100%| O|  |TAMS 0x0000000081f00000, 0x0000000081f00000| Untracked 
|  31|0x0000000081f00000, 0x0000000082000000, 0x0000000082000000|100%| O|  |TAMS 0x0000000082000000, 0x0000000082000000| Untracked 
|  32|0x0000000082000000, 0x0000000082100000, 0x0000000082100000|100%| O|  |TAMS 0x0000000082100000, 0x0000000082100000| Untracked 
|  33|0x0000000082100000, 0x0000000082200000, 0x0000000082200000|100%| O|  |TAMS 0x0000000082200000, 0x0000000082200000| Untracked 
|  34|0x0000000082200000, 0x0000000082300000, 0x0000000082300000|100%| O|  |TAMS 0x0000000082300000, 0x0000000082300000| Untracked 
|  35|0x0000000082300000, 0x0000000082400000, 0x0000000082400000|100%| O|  |TAMS 0x0000000082400000, 0x0000000082400000| Untracked 
|  36|0x0000000082400000, 0x0000000082500000, 0x0000000082500000|100%| O|  |TAMS 0x0000000082500000, 0x0000000082500000| Untracked 
|  37|0x0000000082500000, 0x0000000082600000, 0x0000000082600000|100%| O|  |TAMS 0x0000000082600000, 0x0000000082600000| Untracked 
|  38|0x0000000082600000, 0x0000000082700000, 0x0000000082700000|100%| O|  |TAMS 0x0000000082700000, 0x0000000082700000| Untracked 
|  39|0x0000000082700000, 0x0000000082800000, 0x0000000082800000|100%| O|  |TAMS 0x0000000082800000, 0x0000000082800000| Untracked 
|  40|0x0000000082800000, 0x0000000082900000, 0x0000000082900000|100%| O|  |TAMS 0x0000000082900000, 0x0000000082900000| Untracked 
|  41|0x0000000082900000, 0x0000000082a00000, 0x0000000082a00000|100%| O|  |TAMS 0x0000000082a00000, 0x0000000082a00000| Untracked 
|  42|0x0000000082a00000, 0x0000000082b00000, 0x0000000082b00000|100%| O|  |TAMS 0x0000000082b00000, 0x0000000082b00000| Untracked 
|  43|0x0000000082b00000, 0x0000000082c00000, 0x0000000082c00000|100%| O|  |TAMS 0x0000000082c00000, 0x0000000082c00000| Untracked 
|  44|0x0000000082c00000, 0x0000000082d00000, 0x0000000082d00000|100%| O|  |TAMS 0x0000000082d00000, 0x0000000082d00000| Untracked 
|  45|0x0000000082d00000, 0x0000000082e00000, 0x0000000082e00000|100%| O|  |TAMS 0x0000000082e00000, 0x0000000082e00000| Untracked 
|  46|0x0000000082e00000, 0x0000000082f00000, 0x0000000082f00000|100%| O|  |TAMS 0x0000000082f00000, 0x0000000082f00000| Untracked 
|  47|0x0000000082f00000, 0x0000000083000000, 0x0000000083000000|100%| O|  |TAMS 0x0000000083000000, 0x0000000083000000| Untracked 
|  48|0x0000000083000000, 0x0000000083100000, 0x0000000083100000|100%| O|  |TAMS 0x0000000083100000, 0x0000000083100000| Untracked 
|  49|0x0000000083100000, 0x0000000083200000, 0x0000000083200000|100%| O|  |TAMS 0x0000000083200000, 0x0000000083200000| Untracked 
|  50|0x0000000083200000, 0x0000000083300000, 0x0000000083300000|100%| O|  |TAMS 0x0000000083300000, 0x0000000083300000| Untracked 
|  51|0x0000000083300000, 0x0000000083400000, 0x0000000083400000|100%| O|  |TAMS 0x0000000083400000, 0x0000000083400000| Untracked 
|  52|0x0000000083400000, 0x0000000083500000, 0x0000000083500000|100%| O|  |TAMS 0x0000000083500000, 0x0000000083500000| Untracked 
|  53|0x0000000083500000, 0x0000000083600000, 0x0000000083600000|100%| O|  |TAMS 0x0000000083600000, 0x0000000083600000| Untracked 
|  54|0x0000000083600000, 0x0000000083700000, 0x0000000083700000|100%| O|  |TAMS 0x0000000083700000, 0x0000000083700000| Untracked 
|  55|0x0000000083700000, 0x0000000083800000, 0x0000000083800000|100%| O|  |TAMS 0x0000000083800000, 0x0000000083800000| Untracked 
|  56|0x0000000083800000, 0x0000000083900000, 0x0000000083900000|100%| O|  |TAMS 0x0000000083900000, 0x0000000083900000| Untracked 
|  57|0x0000000083900000, 0x0000000083a00000, 0x0000000083a00000|100%| O|  |TAMS 0x0000000083a00000, 0x0000000083a00000| Untracked 
|  58|0x0000000083a00000, 0x0000000083b00000, 0x0000000083b00000|100%| O|  |TAMS 0x0000000083b00000, 0x0000000083b00000| Untracked 
|  59|0x0000000083b00000, 0x0000000083c00000, 0x0000000083c00000|100%| O|  |TAMS 0x0000000083c00000, 0x0000000083c00000| Untracked 
|  60|0x0000000083c00000, 0x0000000083d00000, 0x0000000083d00000|100%| O|  |TAMS 0x0000000083d00000, 0x0000000083d00000| Untracked 
|  61|0x0000000083d00000, 0x0000000083e00000, 0x0000000083e00000|100%| O|  |TAMS 0x0000000083e00000, 0x0000000083e00000| Untracked 
|  62|0x0000000083e00000, 0x0000000083f00000, 0x0000000083f00000|100%| O|  |TAMS 0x0000000083f00000, 0x0000000083f00000| Untracked 
|  63|0x0000000083f00000, 0x0000000084000000, 0x0000000084000000|100%| O|  |TAMS 0x0000000084000000, 0x0000000084000000| Untracked 
|  64|0x0000000084000000, 0x0000000084100000, 0x0000000084100000|100%| O|  |TAMS 0x0000000084100000, 0x0000000084100000| Untracked 
|  65|0x0000000084100000, 0x0000000084200000, 0x0000000084200000|100%| O|  |TAMS 0x0000000084200000, 0x0000000084200000| Untracked 
|  66|0x0000000084200000, 0x0000000084300000, 0x0000000084300000|100%| O|  |TAMS 0x0000000084300000, 0x0000000084300000| Untracked 
|  67|0x0000000084300000, 0x0000000084400000, 0x0000000084400000|100%| O|  |TAMS 0x0000000084400000, 0x0000000084400000| Untracked 
|  68|0x0000000084400000, 0x0000000084500000, 0x0000000084500000|100%| O|  |TAMS 0x0000000084500000, 0x0000000084500000| Untracked 
|  69|0x0000000084500000, 0x0000000084600000, 0x0000000084600000|100%| O|  |TAMS 0x0000000084600000, 0x0000000084600000| Untracked 
|  70|0x0000000084600000, 0x0000000084700000, 0x0000000084700000|100%| O|  |TAMS 0x0000000084700000, 0x0000000084700000| Untracked 
|  71|0x0000000084700000, 0x0000000084800000, 0x0000000084800000|100%| O|  |TAMS 0x0000000084800000, 0x0000000084800000| Untracked 
|  72|0x0000000084800000, 0x0000000084900000, 0x0000000084900000|100%| O|  |TAMS 0x0000000084900000, 0x0000000084900000| Untracked 
|  73|0x0000000084900000, 0x0000000084a00000, 0x0000000084a00000|100%| O|  |TAMS 0x0000000084a00000, 0x0000000084a00000| Untracked 
|  74|0x0000000084a00000, 0x0000000084b00000, 0x0000000084b00000|100%| O|  |TAMS 0x0000000084b00000, 0x0000000084b00000| Untracked 
|  75|0x0000000084b00000, 0x0000000084c00000, 0x0000000084c00000|100%| O|  |TAMS 0x0000000084c00000, 0x0000000084c00000| Untracked 
|  76|0x0000000084c00000, 0x0000000084d00000, 0x0000000084d00000|100%| O|  |TAMS 0x0000000084d00000, 0x0000000084d00000| Untracked 
|  77|0x0000000084d00000, 0x0000000084e00000, 0x0000000084e00000|100%| O|  |TAMS 0x0000000084e00000, 0x0000000084e00000| Untracked 
|  78|0x0000000084e00000, 0x0000000084f00000, 0x0000000084f00000|100%| O|  |TAMS 0x0000000084f00000, 0x0000000084f00000| Untracked 
|  79|0x0000000084f00000, 0x0000000085000000, 0x0000000085000000|100%| O|  |TAMS 0x0000000085000000, 0x0000000085000000| Untracked 
|  80|0x0000000085000000, 0x0000000085100000, 0x0000000085100000|100%| O|  |TAMS 0x0000000085100000, 0x0000000085100000| Untracked 
|  81|0x0000000085100000, 0x0000000085200000, 0x0000000085200000|100%| O|  |TAMS 0x0000000085200000, 0x0000000085200000| Untracked 
|  82|0x0000000085200000, 0x0000000085300000, 0x0000000085300000|100%| O|  |TAMS 0x0000000085300000, 0x0000000085300000| Untracked 
|  83|0x0000000085300000, 0x0000000085400000, 0x0000000085400000|100%| O|  |TAMS 0x0000000085400000, 0x0000000085400000| Untracked 
|  84|0x0000000085400000, 0x0000000085500000, 0x0000000085500000|100%| O|  |TAMS 0x0000000085500000, 0x0000000085500000| Untracked 
|  85|0x0000000085500000, 0x0000000085600000, 0x0000000085600000|100%| O|  |TAMS 0x0000000085600000, 0x0000000085600000| Untracked 
|  86|0x0000000085600000, 0x0000000085700000, 0x0000000085700000|100%| O|  |TAMS 0x0000000085700000, 0x0000000085700000| Untracked 
|  87|0x0000000085700000, 0x0000000085800000, 0x0000000085800000|100%| O|  |TAMS 0x0000000085800000, 0x0000000085800000| Untracked 
|  88|0x0000000085800000, 0x0000000085900000, 0x0000000085900000|100%| O|  |TAMS 0x0000000085900000, 0x0000000085900000| Untracked 
|  89|0x0000000085900000, 0x0000000085a00000, 0x0000000085a00000|100%| O|  |TAMS 0x0000000085a00000, 0x0000000085a00000| Untracked 
|  90|0x0000000085a00000, 0x0000000085b00000, 0x0000000085b00000|100%| O|  |TAMS 0x0000000085b00000, 0x0000000085b00000| Untracked 
|  91|0x0000000085b00000, 0x0000000085c00000, 0x0000000085c00000|100%| O|  |TAMS 0x0000000085c00000, 0x0000000085c00000| Untracked 
|  92|0x0000000085c00000, 0x0000000085d00000, 0x0000000085d00000|100%| O|  |TAMS 0x0000000085d00000, 0x0000000085d00000| Untracked 
|  93|0x0000000085d00000, 0x0000000085e00000, 0x0000000085e00000|100%| O|  |TAMS 0x0000000085e00000, 0x0000000085e00000| Untracked 
|  94|0x0000000085e00000, 0x0000000085f00000, 0x0000000085f00000|100%| O|  |TAMS 0x0000000085f00000, 0x0000000085f00000| Untracked 
|  95|0x0000000085f00000, 0x0000000086000000, 0x0000000086000000|100%| O|  |TAMS 0x0000000086000000, 0x0000000086000000| Untracked 
|  96|0x0000000086000000, 0x0000000086100000, 0x0000000086100000|100%| O|  |TAMS 0x0000000086100000, 0x0000000086100000| Untracked 
|  97|0x0000000086100000, 0x0000000086200000, 0x0000000086200000|100%| O|  |TAMS 0x0000000086200000, 0x0000000086200000| Untracked 
|  98|0x0000000086200000, 0x0000000086300000, 0x0000000086300000|100%| O|  |TAMS 0x0000000086300000, 0x0000000086300000| Untracked 
|  99|0x0000000086300000, 0x0000000086400000, 0x0000000086400000|100%| O|  |TAMS 0x0000000086400000, 0x0000000086400000| Untracked 
| 100|0x0000000086400000, 0x0000000086500000, 0x0000000086500000|100%| O|  |TAMS 0x0000000086500000, 0x0000000086500000| Untracked 
| 101|0x0000000086500000, 0x0000000086600000, 0x0000000086600000|100%| O|  |TAMS 0x0000000086600000, 0x0000000086600000| Untracked 
| 102|0x0000000086600000, 0x0000000086700000, 0x0000000086700000|100%| O|  |TAMS 0x0000000086700000, 0x0000000086700000| Untracked 
| 103|0x0000000086700000, 0x00000000867dd200, 0x0000000086800000| 86%| O|  |TAMS 0x00000000867dd200, 0x00000000867dd200| Untracked 
| 104|0x0000000086800000, 0x0000000086800000, 0x0000000086900000|  0%| F|  |TAMS 0x0000000086800000, 0x0000000086800000| Untracked 
| 105|0x0000000086900000, 0x0000000086900000, 0x0000000086a00000|  0%| F|  |TAMS 0x0000000086900000, 0x0000000086900000| Untracked 
| 106|0x0000000086a00000, 0x0000000086a00000, 0x0000000086b00000|  0%| F|  |TAMS 0x0000000086a00000, 0x0000000086a00000| Untracked 
| 107|0x0000000086b00000, 0x0000000086b00000, 0x0000000086c00000|  0%| F|  |TAMS 0x0000000086b00000, 0x0000000086b00000| Untracked 
| 108|0x0000000086c00000, 0x0000000086c00000, 0x0000000086d00000|  0%| F|  |TAMS 0x0000000086c00000, 0x0000000086c00000| Untracked 
| 109|0x0000000086d00000, 0x0000000086d00000, 0x0000000086e00000|  0%| F|  |TAMS 0x0000000086d00000, 0x0000000086d00000| Untracked 
| 110|0x0000000086e00000, 0x0000000086e00000, 0x0000000086f00000|  0%| F|  |TAMS 0x0000000086e00000, 0x0000000086e00000| Untracked 
| 111|0x0000000086f00000, 0x0000000086f00000, 0x0000000087000000|  0%| F|  |TAMS 0x0000000086f00000, 0x0000000086f00000| Untracked 
| 112|0x0000000087000000, 0x0000000087000000, 0x0000000087100000|  0%| F|  |TAMS 0x0000000087000000, 0x0000000087000000| Untracked 
| 113|0x0000000087100000, 0x0000000087100000, 0x0000000087200000|  0%| F|  |TAMS 0x0000000087100000, 0x0000000087100000| Untracked 
| 114|0x0000000087200000, 0x0000000087200000, 0x0000000087300000|  0%| F|  |TAMS 0x0000000087200000, 0x0000000087200000| Untracked 
| 115|0x0000000087300000, 0x0000000087300000, 0x0000000087400000|  0%| F|  |TAMS 0x0000000087300000, 0x0000000087300000| Untracked 
| 116|0x0000000087400000, 0x0000000087400000, 0x0000000087500000|  0%| F|  |TAMS 0x0000000087400000, 0x0000000087400000| Untracked 
| 117|0x0000000087500000, 0x0000000087500000, 0x0000000087600000|  0%| F|  |TAMS 0x0000000087500000, 0x0000000087500000| Untracked 
| 118|0x0000000087600000, 0x0000000087600000, 0x0000000087700000|  0%| F|  |TAMS 0x0000000087600000, 0x0000000087600000| Untracked 
| 119|0x0000000087700000, 0x0000000087700000, 0x0000000087800000|  0%| F|  |TAMS 0x0000000087700000, 0x0000000087700000| Untracked 
| 120|0x0000000087800000, 0x0000000087800000, 0x0000000087900000|  0%| F|  |TAMS 0x0000000087800000, 0x0000000087800000| Untracked 
| 121|0x0000000087900000, 0x0000000087900000, 0x0000000087a00000|  0%| F|  |TAMS 0x0000000087900000, 0x0000000087900000| Untracked 
| 122|0x0000000087a00000, 0x0000000087a00000, 0x0000000087b00000|  0%| F|  |TAMS 0x0000000087a00000, 0x0000000087a00000| Untracked 
| 123|0x0000000087b00000, 0x0000000087b00000, 0x0000000087c00000|  0%| F|  |TAMS 0x0000000087b00000, 0x0000000087b00000| Untracked 
| 124|0x0000000087c00000, 0x0000000087c00000, 0x0000000087d00000|  0%| F|  |TAMS 0x0000000087c00000, 0x0000000087c00000| Untracked 
| 125|0x0000000087d00000, 0x0000000087d00000, 0x0000000087e00000|  0%| F|  |TAMS 0x0000000087d00000, 0x0000000087d00000| Untracked 
| 126|0x0000000087e00000, 0x0000000087e00000, 0x0000000087f00000|  0%| F|  |TAMS 0x0000000087e00000, 0x0000000087e00000| Untracked 
| 127|0x0000000087f00000, 0x0000000087f00000, 0x0000000088000000|  0%| F|  |TAMS 0x0000000087f00000, 0x0000000087f00000| Untracked 
| 128|0x0000000088000000, 0x0000000088000000, 0x0000000088100000|  0%| F|  |TAMS 0x0000000088000000, 0x0000000088000000| Untracked 
| 129|0x0000000088100000, 0x0000000088100000, 0x0000000088200000|  0%| F|  |TAMS 0x0000000088100000, 0x0000000088100000| Untracked 
| 130|0x0000000088200000, 0x0000000088200000, 0x0000000088300000|  0%| F|  |TAMS 0x0000000088200000, 0x0000000088200000| Untracked 
| 131|0x0000000088300000, 0x0000000088300000, 0x0000000088400000|  0%| F|  |TAMS 0x0000000088300000, 0x0000000088300000| Untracked 
| 132|0x0000000088400000, 0x0000000088400000, 0x0000000088500000|  0%| F|  |TAMS 0x0000000088400000, 0x0000000088400000| Untracked 
| 133|0x0000000088500000, 0x0000000088500000, 0x0000000088600000|  0%| F|  |TAMS 0x0000000088500000, 0x0000000088500000| Untracked 
| 134|0x0000000088600000, 0x0000000088600000, 0x0000000088700000|  0%| F|  |TAMS 0x0000000088600000, 0x0000000088600000| Untracked 
| 135|0x0000000088700000, 0x0000000088700000, 0x0000000088800000|  0%| F|  |TAMS 0x0000000088700000, 0x0000000088700000| Untracked 
| 136|0x0000000088800000, 0x0000000088800000, 0x0000000088900000|  0%| F|  |TAMS 0x0000000088800000, 0x0000000088800000| Untracked 
| 137|0x0000000088900000, 0x0000000088900000, 0x0000000088a00000|  0%| F|  |TAMS 0x0000000088900000, 0x0000000088900000| Untracked 
| 138|0x0000000088a00000, 0x0000000088a00000, 0x0000000088b00000|  0%| F|  |TAMS 0x0000000088a00000, 0x0000000088a00000| Untracked 
| 139|0x0000000088b00000, 0x0000000088b00000, 0x0000000088c00000|  0%| F|  |TAMS 0x0000000088b00000, 0x0000000088b00000| Untracked 
| 140|0x0000000088c00000, 0x0000000088c00000, 0x0000000088d00000|  0%| F|  |TAMS 0x0000000088c00000, 0x0000000088c00000| Untracked 
| 141|0x0000000088d00000, 0x0000000088d00000, 0x0000000088e00000|  0%| F|  |TAMS 0x0000000088d00000, 0x0000000088d00000| Untracked 
| 142|0x0000000088e00000, 0x0000000088ef0418, 0x0000000088f00000| 93%| S|CS|TAMS 0x0000000088e00000, 0x0000000088e00000| Complete 
| 143|0x0000000088f00000, 0x0000000089000000, 0x0000000089000000|100%| S|CS|TAMS 0x0000000088f00000, 0x0000000088f00000| Complete 
| 144|0x0000000089000000, 0x0000000089100000, 0x0000000089100000|100%| S|CS|TAMS 0x0000000089000000, 0x0000000089000000| Complete 
| 145|0x0000000089100000, 0x0000000089100000, 0x0000000089200000|  0%| F|  |TAMS 0x0000000089100000, 0x0000000089100000| Untracked 
| 146|0x0000000089200000, 0x0000000089200000, 0x0000000089300000|  0%| F|  |TAMS 0x0000000089200000, 0x0000000089200000| Untracked 
| 147|0x0000000089300000, 0x0000000089300000, 0x0000000089400000|  0%| F|  |TAMS 0x0000000089300000, 0x0000000089300000| Untracked 
| 148|0x0000000089400000, 0x0000000089500000, 0x0000000089500000|100%| S|CS|TAMS 0x0000000089400000, 0x0000000089400000| Complete 
| 149|0x0000000089500000, 0x0000000089600000, 0x0000000089600000|100%| S|CS|TAMS 0x0000000089500000, 0x0000000089500000| Complete 
| 150|0x0000000089600000, 0x0000000089600000, 0x0000000089700000|  0%| F|  |TAMS 0x0000000089600000, 0x0000000089600000| Untracked 
| 151|0x0000000089700000, 0x0000000089700000, 0x0000000089800000|  0%| F|  |TAMS 0x0000000089700000, 0x0000000089700000| Untracked 
| 152|0x0000000089800000, 0x0000000089800000, 0x0000000089900000|  0%| F|  |TAMS 0x0000000089800000, 0x0000000089800000| Untracked 
| 153|0x0000000089900000, 0x0000000089900000, 0x0000000089a00000|  0%| F|  |TAMS 0x0000000089900000, 0x0000000089900000| Untracked 
| 154|0x0000000089a00000, 0x0000000089a00000, 0x0000000089b00000|  0%| F|  |TAMS 0x0000000089a00000, 0x0000000089a00000| Untracked 
| 155|0x0000000089b00000, 0x0000000089b00000, 0x0000000089c00000|  0%| F|  |TAMS 0x0000000089b00000, 0x0000000089b00000| Untracked 
| 156|0x0000000089c00000, 0x0000000089c00000, 0x0000000089d00000|  0%| F|  |TAMS 0x0000000089c00000, 0x0000000089c00000| Untracked 
| 157|0x0000000089d00000, 0x0000000089d00000, 0x0000000089e00000|  0%| F|  |TAMS 0x0000000089d00000, 0x0000000089d00000| Untracked 
| 158|0x0000000089e00000, 0x0000000089e00000, 0x0000000089f00000|  0%| F|  |TAMS 0x0000000089e00000, 0x0000000089e00000| Untracked 
| 159|0x0000000089f00000, 0x0000000089f00000, 0x000000008a000000|  0%| F|  |TAMS 0x0000000089f00000, 0x0000000089f00000| Untracked 
| 160|0x000000008a000000, 0x000000008a000000, 0x000000008a100000|  0%| F|  |TAMS 0x000000008a000000, 0x000000008a000000| Untracked 
| 161|0x000000008a100000, 0x000000008a100000, 0x000000008a200000|  0%| F|  |TAMS 0x000000008a100000, 0x000000008a100000| Untracked 
| 162|0x000000008a200000, 0x000000008a200000, 0x000000008a300000|  0%| F|  |TAMS 0x000000008a200000, 0x000000008a200000| Untracked 
| 163|0x000000008a300000, 0x000000008a300000, 0x000000008a400000|  0%| F|  |TAMS 0x000000008a300000, 0x000000008a300000| Untracked 
| 164|0x000000008a400000, 0x000000008a400000, 0x000000008a500000|  0%| F|  |TAMS 0x000000008a400000, 0x000000008a400000| Untracked 
| 165|0x000000008a500000, 0x000000008a500000, 0x000000008a600000|  0%| F|  |TAMS 0x000000008a500000, 0x000000008a500000| Untracked 
| 166|0x000000008a600000, 0x000000008a600000, 0x000000008a700000|  0%| F|  |TAMS 0x000000008a600000, 0x000000008a600000| Untracked 
| 167|0x000000008a700000, 0x000000008a700000, 0x000000008a800000|  0%| F|  |TAMS 0x000000008a700000, 0x000000008a700000| Untracked 
| 168|0x000000008a800000, 0x000000008a800000, 0x000000008a900000|  0%| F|  |TAMS 0x000000008a800000, 0x000000008a800000| Untracked 
| 169|0x000000008a900000, 0x000000008a900000, 0x000000008aa00000|  0%| F|  |TAMS 0x000000008a900000, 0x000000008a900000| Untracked 
| 170|0x000000008aa00000, 0x000000008aa00000, 0x000000008ab00000|  0%| F|  |TAMS 0x000000008aa00000, 0x000000008aa00000| Untracked 
| 171|0x000000008ab00000, 0x000000008ab00000, 0x000000008ac00000|  0%| F|  |TAMS 0x000000008ab00000, 0x000000008ab00000| Untracked 
| 172|0x000000008ac00000, 0x000000008ac00000, 0x000000008ad00000|  0%| F|  |TAMS 0x000000008ac00000, 0x000000008ac00000| Untracked 
| 173|0x000000008ad00000, 0x000000008ad00000, 0x000000008ae00000|  0%| F|  |TAMS 0x000000008ad00000, 0x000000008ad00000| Untracked 
| 174|0x000000008ae00000, 0x000000008ae00000, 0x000000008af00000|  0%| F|  |TAMS 0x000000008ae00000, 0x000000008ae00000| Untracked 
| 175|0x000000008af00000, 0x000000008af00000, 0x000000008b000000|  0%| F|  |TAMS 0x000000008af00000, 0x000000008af00000| Untracked 
| 176|0x000000008b000000, 0x000000008b000000, 0x000000008b100000|  0%| F|  |TAMS 0x000000008b000000, 0x000000008b000000| Untracked 
| 177|0x000000008b100000, 0x000000008b100000, 0x000000008b200000|  0%| F|  |TAMS 0x000000008b100000, 0x000000008b100000| Untracked 
| 178|0x000000008b200000, 0x000000008b200000, 0x000000008b300000|  0%| F|  |TAMS 0x000000008b200000, 0x000000008b200000| Untracked 
| 179|0x000000008b300000, 0x000000008b300000, 0x000000008b400000|  0%| F|  |TAMS 0x000000008b300000, 0x000000008b300000| Untracked 
| 180|0x000000008b400000, 0x000000008b400000, 0x000000008b500000|  0%| F|  |TAMS 0x000000008b400000, 0x000000008b400000| Untracked 
| 181|0x000000008b500000, 0x000000008b500000, 0x000000008b600000|  0%| F|  |TAMS 0x000000008b500000, 0x000000008b500000| Untracked 
| 182|0x000000008b600000, 0x000000008b600000, 0x000000008b700000|  0%| F|  |TAMS 0x000000008b600000, 0x000000008b600000| Untracked 
| 183|0x000000008b700000, 0x000000008b700000, 0x000000008b800000|  0%| F|  |TAMS 0x000000008b700000, 0x000000008b700000| Untracked 
| 184|0x000000008b800000, 0x000000008b800000, 0x000000008b900000|  0%| F|  |TAMS 0x000000008b800000, 0x000000008b800000| Untracked 
| 185|0x000000008b900000, 0x000000008b900000, 0x000000008ba00000|  0%| F|  |TAMS 0x000000008b900000, 0x000000008b900000| Untracked 
| 186|0x000000008ba00000, 0x000000008ba00000, 0x000000008bb00000|  0%| F|  |TAMS 0x000000008ba00000, 0x000000008ba00000| Untracked 
| 187|0x000000008bb00000, 0x000000008bb00000, 0x000000008bc00000|  0%| F|  |TAMS 0x000000008bb00000, 0x000000008bb00000| Untracked 
| 188|0x000000008bc00000, 0x000000008bc00000, 0x000000008bd00000|  0%| F|  |TAMS 0x000000008bc00000, 0x000000008bc00000| Untracked 
| 189|0x000000008bd00000, 0x000000008bd00000, 0x000000008be00000|  0%| F|  |TAMS 0x000000008bd00000, 0x000000008bd00000| Untracked 
| 190|0x000000008be00000, 0x000000008be00000, 0x000000008bf00000|  0%| F|  |TAMS 0x000000008be00000, 0x000000008be00000| Untracked 
| 191|0x000000008bf00000, 0x000000008bf00000, 0x000000008c000000|  0%| F|  |TAMS 0x000000008bf00000, 0x000000008bf00000| Untracked 
| 192|0x000000008c000000, 0x000000008c000000, 0x000000008c100000|  0%| F|  |TAMS 0x000000008c000000, 0x000000008c000000| Untracked 
| 193|0x000000008c100000, 0x000000008c100000, 0x000000008c200000|  0%| F|  |TAMS 0x000000008c100000, 0x000000008c100000| Untracked 
| 194|0x000000008c200000, 0x000000008c200000, 0x000000008c300000|  0%| F|  |TAMS 0x000000008c200000, 0x000000008c200000| Untracked 
| 195|0x000000008c300000, 0x000000008c300000, 0x000000008c400000|  0%| F|  |TAMS 0x000000008c300000, 0x000000008c300000| Untracked 
| 196|0x000000008c400000, 0x000000008c400000, 0x000000008c500000|  0%| F|  |TAMS 0x000000008c400000, 0x000000008c400000| Untracked 
| 197|0x000000008c500000, 0x000000008c500000, 0x000000008c600000|  0%| F|  |TAMS 0x000000008c500000, 0x000000008c500000| Untracked 
| 198|0x000000008c600000, 0x000000008c600000, 0x000000008c700000|  0%| F|  |TAMS 0x000000008c600000, 0x000000008c600000| Untracked 
| 199|0x000000008c700000, 0x000000008c700000, 0x000000008c800000|  0%| F|  |TAMS 0x000000008c700000, 0x000000008c700000| Untracked 
| 200|0x000000008c800000, 0x000000008c800000, 0x000000008c900000|  0%| F|  |TAMS 0x000000008c800000, 0x000000008c800000| Untracked 
| 201|0x000000008c900000, 0x000000008c900000, 0x000000008ca00000|  0%| F|  |TAMS 0x000000008c900000, 0x000000008c900000| Untracked 
| 202|0x000000008ca00000, 0x000000008ca00000, 0x000000008cb00000|  0%| F|  |TAMS 0x000000008ca00000, 0x000000008ca00000| Untracked 
| 203|0x000000008cb00000, 0x000000008cb00000, 0x000000008cc00000|  0%| F|  |TAMS 0x000000008cb00000, 0x000000008cb00000| Untracked 
| 204|0x000000008cc00000, 0x000000008cc00000, 0x000000008cd00000|  0%| F|  |TAMS 0x000000008cc00000, 0x000000008cc00000| Untracked 
| 205|0x000000008cd00000, 0x000000008cd00000, 0x000000008ce00000|  0%| F|  |TAMS 0x000000008cd00000, 0x000000008cd00000| Untracked 
| 206|0x000000008ce00000, 0x000000008ce00000, 0x000000008cf00000|  0%| F|  |TAMS 0x000000008ce00000, 0x000000008ce00000| Untracked 
| 207|0x000000008cf00000, 0x000000008cf00000, 0x000000008d000000|  0%| F|  |TAMS 0x000000008cf00000, 0x000000008cf00000| Untracked 
| 208|0x000000008d000000, 0x000000008d000000, 0x000000008d100000|  0%| F|  |TAMS 0x000000008d000000, 0x000000008d000000| Untracked 
| 209|0x000000008d100000, 0x000000008d100000, 0x000000008d200000|  0%| F|  |TAMS 0x000000008d100000, 0x000000008d100000| Untracked 
| 210|0x000000008d200000, 0x000000008d200000, 0x000000008d300000|  0%| F|  |TAMS 0x000000008d200000, 0x000000008d200000| Untracked 
| 211|0x000000008d300000, 0x000000008d300000, 0x000000008d400000|  0%| F|  |TAMS 0x000000008d300000, 0x000000008d300000| Untracked 
| 212|0x000000008d400000, 0x000000008d400000, 0x000000008d500000|  0%| F|  |TAMS 0x000000008d400000, 0x000000008d400000| Untracked 
| 213|0x000000008d500000, 0x000000008d500000, 0x000000008d600000|  0%| F|  |TAMS 0x000000008d500000, 0x000000008d500000| Untracked 
| 214|0x000000008d600000, 0x000000008d600000, 0x000000008d700000|  0%| F|  |TAMS 0x000000008d600000, 0x000000008d600000| Untracked 
| 215|0x000000008d700000, 0x000000008d700000, 0x000000008d800000|  0%| F|  |TAMS 0x000000008d700000, 0x000000008d700000| Untracked 
| 216|0x000000008d800000, 0x000000008d800000, 0x000000008d900000|  0%| F|  |TAMS 0x000000008d800000, 0x000000008d800000| Untracked 
| 217|0x000000008d900000, 0x000000008d900000, 0x000000008da00000|  0%| F|  |TAMS 0x000000008d900000, 0x000000008d900000| Untracked 
| 218|0x000000008da00000, 0x000000008da00000, 0x000000008db00000|  0%| F|  |TAMS 0x000000008da00000, 0x000000008da00000| Untracked 
| 219|0x000000008db00000, 0x000000008db00000, 0x000000008dc00000|  0%| F|  |TAMS 0x000000008db00000, 0x000000008db00000| Untracked 
| 220|0x000000008dc00000, 0x000000008dc00000, 0x000000008dd00000|  0%| F|  |TAMS 0x000000008dc00000, 0x000000008dc00000| Untracked 
| 221|0x000000008dd00000, 0x000000008dd00000, 0x000000008de00000|  0%| F|  |TAMS 0x000000008dd00000, 0x000000008dd00000| Untracked 

Card table byte_map: [0x0000028b76e00000,0x0000028b77200000] _byte_map_base: 0x0000028b76a00000

Marking Bits (Prev, Next): (CMBitMap*) 0x0000028b72c1f220, (CMBitMap*) 0x0000028b72c1f1e8
 Prev Bits: [0x0000028b79600000, 0x0000028b7b600000)
 Next Bits: [0x0000028b77600000, 0x0000028b79600000)

Polling page: 0x0000028b70b40000

Metaspace:

Usage:
  Non-class:     80.35 MB capacity,    78.68 MB ( 98%) used,     1.38 MB (  2%) free+waste,   296.56 KB ( <1%) overhead. 
      Class:     12.91 MB capacity,    11.88 MB ( 92%) used,   919.09 KB (  7%) free+waste,   135.69 KB (  1%) overhead. 
       Both:     93.26 MB capacity,    90.57 MB ( 97%) used,     2.28 MB (  2%) free+waste,   432.25 KB ( <1%) overhead. 

Virtual space:
  Non-class space:       82.00 MB reserved,      80.75 MB ( 98%) committed 
      Class space:        1.00 GB reserved,      13.32 MB (  1%) committed 
             Both:        1.08 GB reserved,      94.07 MB (  9%) committed 

Chunk freelists:
   Non-Class:  408.00 KB
       Class:  315.00 KB
        Both:  723.00 KB

MaxMetaspaceSize: 17179869184.00 GB
CompressedClassSpaceSize: 1.00 GB

CodeHeap 'non-profiled nmethods': size=120000Kb used=7015Kb max_used=7015Kb free=112985Kb
 bounds [0x0000028b07ad0000, 0x0000028b081b0000, 0x0000028b0f000000]
CodeHeap 'profiled nmethods': size=120000Kb used=28346Kb max_used=28346Kb free=91653Kb
 bounds [0x0000028b005a0000, 0x0000028b02150000, 0x0000028b07ad0000]
CodeHeap 'non-nmethods': size=5760Kb used=2295Kb max_used=2348Kb free=3465Kb
 bounds [0x0000028b00000000, 0x0000028b00270000, 0x0000028b005a0000]
 total_blobs=13760 nmethods=12860 adapters=810
 compilation: enabled
              stopped_count=0, restarted_count=0
 full_count=0

Compilation events (20 events):
Event: 21.638 Thread 0x0000028b7e8fc800 nmethod 13182 0x0000028b0214b710 code [0x0000028b0214b8e0, 0x0000028b0214bc88]
Event: 21.638 Thread 0x0000028b7e8fc800 13179       2       java.nio.HeapByteBuffer::put (59 bytes)
Event: 21.639 Thread 0x0000028b7e8fc800 nmethod 13179 0x0000028b0214be10 code [0x0000028b0214c000, 0x0000028b0214c358]
Event: 21.639 Thread 0x0000028b7e8fc800 13183       2       com.android.tools.r8.internal.e9::d (25 bytes)
Event: 21.639 Thread 0x0000028b7e8fc800 nmethod 13183 0x0000028b0214c510 code [0x0000028b0214c6e0, 0x0000028b0214c868]
Event: 21.639 Thread 0x0000028b7e8fc800 13184       2       java.nio.HeapByteBuffer::put (16 bytes)
Event: 21.639 Thread 0x0000028b7e8fc800 nmethod 13184 0x0000028b0214c990 code [0x0000028b0214cb60, 0x0000028b0214cd08]
Event: 21.639 Thread 0x0000028b7e8fc800 13186       2       com.android.tools.r8.internal.e9::b (16 bytes)
Event: 21.639 Thread 0x0000028b7e8fc800 nmethod 13186 0x0000028b0214ce90 code [0x0000028b0214d060, 0x0000028b0214d1b8]
Event: 21.640 Thread 0x0000028b7e8fc800 13185       2       java.nio.Buffer::nextPutIndex (30 bytes)
Event: 21.640 Thread 0x0000028b7e8fc800 nmethod 13185 0x0000028b0214d290 code [0x0000028b0214d440, 0x0000028b0214d5a8]
Event: 21.640 Thread 0x0000028b7e8fc800 13187       2       com.android.tools.r8.graph.G$c::a (9 bytes)
Event: 21.640 Thread 0x0000028b7e8fc800 nmethod 13187 0x0000028b0214d690 code [0x0000028b0214d860, 0x0000028b0214d9d8]
Event: 21.640 Thread 0x0000028b7e8fc800 13188       2       com.android.tools.r8.internal.Su::a (96 bytes)
Event: 21.640 Thread 0x0000028b7e8fc800 nmethod 13188 0x0000028b0214db10 code [0x0000028b0214dcc0, 0x0000028b0214de28]
Event: 21.640 Thread 0x0000028b7e8fc800 13174       2       com.android.tools.r8.code.F1::<init> (16 bytes)
Event: 21.640 Thread 0x0000028b7e8fc800 nmethod 13174 0x0000028b0214df10 code [0x0000028b0214e0c0, 0x0000028b0214e1e8]
Event: 21.640 Thread 0x0000028b7e8fc800 13117       2       com.android.tools.r8.ir.conversion.k$$Lambda$1550/0x0000000100c37440::<init> (38 bytes)
Event: 21.641 Thread 0x0000028b7e8fc800 nmethod 13117 0x0000028b0214e310 code [0x0000028b0214e4e0, 0x0000028b0214e818]
Event: 21.641 Thread 0x0000028b7e8fc800 13118       2       com.android.tools.r8.internal.hf::addLast (23 bytes)

GC Heap History (20 events):
Event: 19.132 GC heap after
{Heap after GC invocations=25 (full 0):
 garbage-first heap   total 157696K, used 106673K [0x0000000080000000, 0x0000000100000000)
  region size 1024K, 4 young (4096K), 4 survivors (4096K)
 Metaspace       used 89098K, capacity 92021K, committed 92236K, reserved 1128448K
  class space    used 11905K, capacity 13058K, committed 13132K, reserved 1048576K
}
Event: 19.467 GC heap before
{Heap before GC invocations=26 (full 0):
 garbage-first heap   total 157696K, used 129201K [0x0000000080000000, 0x0000000100000000)
  region size 1024K, 27 young (27648K), 4 survivors (4096K)
 Metaspace       used 90250K, capacity 93079K, committed 93516K, reserved 1130496K
  class space    used 12073K, capacity 13198K, committed 13388K, reserved 1048576K
}
Event: 19.479 GC heap after
{Heap after GC invocations=27 (full 0):
 garbage-first heap   total 189440K, used 107459K [0x0000000080000000, 0x0000000100000000)
  region size 1024K, 2 young (2048K), 2 survivors (2048K)
 Metaspace       used 90250K, capacity 93079K, committed 93516K, reserved 1130496K
  class space    used 12073K, capacity 13198K, committed 13388K, reserved 1048576K
}
Event: 19.691 GC heap before
{Heap before GC invocations=27 (full 0):
 garbage-first heap   total 189440K, used 145347K [0x0000000080000000, 0x0000000100000000)
  region size 1024K, 39 young (39936K), 2 survivors (2048K)
 Metaspace       used 90978K, capacity 93866K, committed 94284K, reserved 1130496K
  class space    used 12106K, capacity 13239K, committed 13388K, reserved 1048576K
}
Event: 19.695 GC heap after
{Heap after GC invocations=28 (full 0):
 garbage-first heap   total 189440K, used 107519K [0x0000000080000000, 0x0000000100000000)
  region size 1024K, 2 young (2048K), 2 survivors (2048K)
 Metaspace       used 90978K, capacity 93866K, committed 94284K, reserved 1130496K
  class space    used 12106K, capacity 13239K, committed 13388K, reserved 1048576K
}
Event: 19.990 GC heap before
{Heap before GC invocations=28 (full 0):
 garbage-first heap   total 189440K, used 147455K [0x0000000080000000, 0x0000000100000000)
  region size 1024K, 41 young (41984K), 2 survivors (2048K)
 Metaspace       used 90764K, capacity 93353K, committed 94668K, reserved 1130496K
  class space    used 11946K, capacity 12936K, committed 13516K, reserved 1048576K
}
Event: 19.996 GC heap after
{Heap after GC invocations=29 (full 0):
 garbage-first heap   total 189440K, used 108177K [0x0000000080000000, 0x0000000100000000)
  region size 1024K, 2 young (2048K), 2 survivors (2048K)
 Metaspace       used 90764K, capacity 93353K, committed 94668K, reserved 1130496K
  class space    used 11946K, capacity 12936K, committed 13516K, reserved 1048576K
}
Event: 20.181 GC heap before
{Heap before GC invocations=30 (full 0):
 garbage-first heap   total 189440K, used 150161K [0x0000000080000000, 0x0000000100000000)
  region size 1024K, 43 young (44032K), 2 survivors (2048K)
 Metaspace       used 90873K, capacity 93419K, committed 94924K, reserved 1130496K
  class space    used 11958K, capacity 12936K, committed 13516K, reserved 1048576K
}
Event: 20.186 GC heap after
{Heap after GC invocations=31 (full 0):
 garbage-first heap   total 189440K, used 108560K [0x0000000080000000, 0x0000000100000000)
  region size 1024K, 3 young (3072K), 3 survivors (3072K)
 Metaspace       used 90873K, capacity 93419K, committed 94924K, reserved 1130496K
  class space    used 11958K, capacity 12936K, committed 13516K, reserved 1048576K
}
Event: 20.328 GC heap before
{Heap before GC invocations=31 (full 0):
 garbage-first heap   total 189440K, used 151568K [0x0000000080000000, 0x0000000100000000)
  region size 1024K, 45 young (46080K), 3 survivors (3072K)
 Metaspace       used 90901K, capacity 93427K, committed 94924K, reserved 1130496K
  class space    used 11959K, capacity 12938K, committed 13516K, reserved 1048576K
}
Event: 20.334 GC heap after
{Heap after GC invocations=32 (full 0):
 garbage-first heap   total 189440K, used 108600K [0x0000000080000000, 0x0000000100000000)
  region size 1024K, 3 young (3072K), 3 survivors (3072K)
 Metaspace       used 90901K, capacity 93427K, committed 94924K, reserved 1130496K
  class space    used 11959K, capacity 12938K, committed 13516K, reserved 1048576K
}
Event: 20.634 GC heap before
{Heap before GC invocations=32 (full 0):
 garbage-first heap   total 189440K, used 153656K [0x0000000080000000, 0x0000000100000000)
  region size 1024K, 47 young (48128K), 3 survivors (3072K)
 Metaspace       used 91078K, capacity 93654K, committed 94924K, reserved 1130496K
  class space    used 11968K, capacity 12949K, committed 13516K, reserved 1048576K
}
Event: 20.641 GC heap after
{Heap after GC invocations=33 (full 0):
 garbage-first heap   total 227328K, used 108857K [0x0000000080000000, 0x0000000100000000)
  region size 1024K, 3 young (3072K), 3 survivors (3072K)
 Metaspace       used 91078K, capacity 93654K, committed 94924K, reserved 1130496K
  class space    used 11968K, capacity 12949K, committed 13516K, reserved 1048576K
}
Event: 20.841 GC heap before
{Heap before GC invocations=34 (full 0):
 garbage-first heap   total 227328K, used 172345K [0x0000000080000000, 0x0000000100000000)
  region size 1024K, 66 young (67584K), 3 survivors (3072K)
 Metaspace       used 91288K, capacity 93889K, committed 95180K, reserved 1130496K
  class space    used 11982K, capacity 12983K, committed 13516K, reserved 1048576K
}
Event: 20.849 GC heap after
{Heap after GC invocations=35 (full 0):
 garbage-first heap   total 227328K, used 109654K [0x0000000080000000, 0x0000000100000000)
  region size 1024K, 4 young (4096K), 4 survivors (4096K)
 Metaspace       used 91288K, capacity 93889K, committed 95180K, reserved 1130496K
  class space    used 11982K, capacity 12983K, committed 13516K, reserved 1048576K
}
Event: 21.015 GC heap before
{Heap before GC invocations=35 (full 0):
 garbage-first heap   total 227328K, used 176214K [0x0000000080000000, 0x0000000100000000)
  region size 1024K, 69 young (70656K), 4 survivors (4096K)
 Metaspace       used 91499K, capacity 94095K, committed 95436K, reserved 1130496K
  class space    used 12008K, capacity 13007K, committed 13516K, reserved 1048576K
}
Event: 21.023 GC heap after
{Heap after GC invocations=36 (full 0):
 garbage-first heap   total 227328K, used 110598K [0x0000000080000000, 0x0000000100000000)
  region size 1024K, 5 young (5120K), 5 survivors (5120K)
 Metaspace       used 91499K, capacity 94095K, committed 95436K, reserved 1130496K
  class space    used 12008K, capacity 13007K, committed 13516K, reserved 1048576K
}
Event: 21.415 GC heap before
{Heap before GC invocations=37 (full 0):
 garbage-first heap   total 227328K, used 179206K [0x0000000080000000, 0x0000000100000000)
  region size 1024K, 73 young (74752K), 5 survivors (5120K)
 Metaspace       used 92042K, capacity 94701K, committed 95692K, reserved 1132544K
  class space    used 12087K, capacity 13126K, committed 13516K, reserved 1048576K
}
Event: 21.423 GC heap after
{Heap after GC invocations=38 (full 0):
 garbage-first heap   total 227328K, used 109713K [0x0000000080000000, 0x0000000100000000)
  region size 1024K, 4 young (4096K), 4 survivors (4096K)
 Metaspace       used 92042K, capacity 94701K, committed 95692K, reserved 1132544K
  class space    used 12087K, capacity 13126K, committed 13516K, reserved 1048576K
}
Event: 21.644 GC heap before
{Heap before GC invocations=38 (full 0):
 garbage-first heap   total 227328K, used 181393K [0x0000000080000000, 0x0000000100000000)
  region size 1024K, 75 young (76800K), 4 survivors (4096K)
 Metaspace       used 92738K, capacity 95501K, committed 96332K, reserved 1132544K
  class space    used 12166K, capacity 13221K, committed 13644K, reserved 1048576K
}

Deoptimization events (20 events):
Event: 21.528 Thread 0x0000028b11b77800 DEOPT PACKING pc=0x0000028b081a7100 sp=0x000000fd69cf9530
Event: 21.528 Thread 0x0000028b11b77800 DEOPT UNPACKING pc=0x0000028b000278af sp=0x000000fd69cf94d8 mode 2
Event: 21.533 Thread 0x0000028b10868000 Uncommon trap: trap_request=0xffffff4d fr.pc=0x0000028b0819ee5c relative=0x0000000000003efc
Event: 21.533 Thread 0x0000028b10868000 Uncommon trap: reason=unstable_if action=reinterpret pc=0x0000028b0819ee5c method=com.android.tools.r8.internal.Lv.a(Lcom/android/tools/r8/internal/Le;Ljava/util/Set;)Z @ 190 c2
Event: 21.533 Thread 0x0000028b10868000 DEOPT PACKING pc=0x0000028b0819ee5c sp=0x000000fd6a0f8ec0
Event: 21.533 Thread 0x0000028b10868000 DEOPT UNPACKING pc=0x0000028b000278af sp=0x000000fd6a0f8f18 mode 2
Event: 21.553 Thread 0x0000028b10868000 DEOPT PACKING pc=0x0000028b01edbca3 sp=0x000000fd6a0f9070
Event: 21.553 Thread 0x0000028b10868000 DEOPT UNPACKING pc=0x0000028b000276ce sp=0x000000fd6a0f87f8 mode 0
Event: 21.553 Thread 0x0000028b10867800 DEOPT PACKING pc=0x0000028b021022da sp=0x000000fd69ff8c40
Event: 21.553 Thread 0x0000028b10867800 DEOPT UNPACKING pc=0x0000028b000276ce sp=0x000000fd69ff8198 mode 0
Event: 21.578 Thread 0x0000028b11b76800 DEOPT PACKING pc=0x0000028b01b4e96c sp=0x000000fd699fa1e0
Event: 21.578 Thread 0x0000028b11b76800 DEOPT UNPACKING pc=0x0000028b000276ce sp=0x000000fd699f9590 mode 0
Event: 21.582 Thread 0x0000028b11b77800 Uncommon trap: trap_request=0xffffffcc fr.pc=0x0000028b08043d88 relative=0x0000000000000248
Event: 21.582 Thread 0x0000028b11b77800 Uncommon trap: reason=intrinsic_or_type_checked_inlining action=make_not_entrant pc=0x0000028b08043d88 method=java.util.Arrays.copyOfRange([Ljava/lang/Object;IILjava/lang/Class;)[Ljava/lang/Object; @ 83 c2
Event: 21.582 Thread 0x0000028b11b77800 DEOPT PACKING pc=0x0000028b08043d88 sp=0x000000fd69cf9d40
Event: 21.582 Thread 0x0000028b11b77800 DEOPT UNPACKING pc=0x0000028b000278af sp=0x000000fd69cf9cc0 mode 2
Event: 21.588 Thread 0x0000028b11b77800 Uncommon trap: trap_request=0xffffff4d fr.pc=0x0000028b080bf640 relative=0x0000000000000200
Event: 21.588 Thread 0x0000028b11b77800 Uncommon trap: reason=unstable_if action=reinterpret pc=0x0000028b080bf640 method=com.android.tools.r8.graph.e0.equals(Ljava/lang/Object;)Z @ 28 c2
Event: 21.588 Thread 0x0000028b11b77800 DEOPT PACKING pc=0x0000028b080bf640 sp=0x000000fd69cf9e50
Event: 21.588 Thread 0x0000028b11b77800 DEOPT UNPACKING pc=0x0000028b000278af sp=0x000000fd69cf9e00 mode 2

Classes redefined (0 events):
No events

Internal exceptions (20 events):
Event: 19.031 Thread 0x0000028b11b7d000 Exception <a 'java/lang/IncompatibleClassChangeError'{0x0000000088634960}: Found class java.lang.Object, but interface was expected> (0x0000000088634960) thrown at [./src/hotspot/share/interpreter/linkResolver.cpp, line 839]
Event: 19.033 Thread 0x0000028b11b7d000 Exception <a 'java/lang/IncompatibleClassChangeError'{0x0000000088643160}: Found class java.lang.Object, but interface was expected> (0x0000000088643160) thrown at [./src/hotspot/share/interpreter/linkResolver.cpp, line 839]
Event: 19.055 Thread 0x0000028b11b77800 Exception <a 'java/lang/NoSuchMethodError'{0x0000000088683bd8}: 'void java.lang.invoke.DirectMethodHandle$Holder.invokeVirtual(java.lang.Object, java.lang.Object, int, java.lang.Object)'> (0x0000000088683bd8) thrown at [./src/hotspot/share/interpreter/linkResolver.cpp, line 773]
Event: 19.055 Thread 0x0000028b11b78800 Exception <a 'java/lang/NoSuchMethodError'{0x00000000886feaf8}: 'void java.lang.invoke.DirectMethodHandle$Holder.invokeVirtual(java.lang.Object, java.lang.Object, int, java.lang.Object)'> (0x00000000886feaf8) thrown at [./src/hotspot/share/interpreter/linkResolver.cpp, line 773]
Event: 19.146 Thread 0x0000028b11b78800 Exception <a 'java/lang/NoSuchMethodError'{0x00000000899ccd20}: 'java.lang.Object java.lang.invoke.DirectMethodHandle$Holder.newInvokeSpecial(java.lang.Object, int)'> (0x00000000899ccd20) thrown at [./src/hotspot/share/interpreter/linkResolver.cpp, line 773]
Event: 19.146 Thread 0x0000028b11b76800 Exception <a 'java/lang/NoSuchMethodError'{0x00000000899156c0}: 'java.lang.Object java.lang.invoke.DirectMethodHandle$Holder.newInvokeSpecial(java.lang.Object, int)'> (0x00000000899156c0) thrown at [./src/hotspot/share/interpreter/linkResolver.cpp, line 773]
Event: 19.146 Thread 0x0000028b10863000 Exception <a 'java/lang/NoSuchMethodError'{0x000000008993d958}: 'java.lang.Object java.lang.invoke.DirectMethodHandle$Holder.newInvokeSpecial(java.lang.Object, int)'> (0x000000008993d958) thrown at [./src/hotspot/share/interpreter/linkResolver.cpp, line 773]
Event: 19.146 Thread 0x0000028b11b77800 Exception <a 'java/lang/NoSuchMethodError'{0x000000008991e7b8}: 'java.lang.Object java.lang.invoke.DirectMethodHandle$Holder.newInvokeSpecial(java.lang.Object, int)'> (0x000000008991e7b8) thrown at [./src/hotspot/share/interpreter/linkResolver.cpp, line 773]
Event: 19.146 Thread 0x0000028b10867800 Exception <a 'java/lang/NoSuchMethodError'{0x00000000899cf400}: 'java.lang.Object java.lang.invoke.DirectMethodHandle$Holder.newInvokeSpecial(java.lang.Object, int)'> (0x00000000899cf400) thrown at [./src/hotspot/share/interpreter/linkResolver.cpp, line 773]
Event: 19.147 Thread 0x0000028b10868000 Exception <a 'java/lang/NoSuchMethodError'{0x000000008994e350}: 'java.lang.Object java.lang.invoke.DirectMethodHandle$Holder.newInvokeSpecial(java.lang.Object, int)'> (0x000000008994e350) thrown at [./src/hotspot/share/interpreter/linkResolver.cpp, line 773]
Event: 19.200 Thread 0x0000028b11b77800 Exception <a 'java/lang/NoSuchMethodError'{0x00000000896506d0}: 'java.lang.Object java.lang.invoke.DirectMethodHandle$Holder.invokeInterface(java.lang.Object, java.lang.Object, int)'> (0x00000000896506d0) thrown at [./src/hotspot/share/interpreter/linkResolver.cpp, line 773]
Event: 20.212 Thread 0x0000028b10867800 Exception <a 'java/lang/NoSuchMethodError'{0x000000008b1137d8}: 'int java.lang.invoke.DirectMethodHandle$Holder.invokeInterface(java.lang.Object, java.lang.Object, int)'> (0x000000008b1137d8) thrown at [./src/hotspot/share/interpreter/linkResolver.cpp, line 773]
Event: 21.059 Thread 0x0000028b11b77800 Exception <a 'java/lang/NoSuchMethodError'{0x000000008d89e210}: 'void java.lang.invoke.DirectMethodHandle$Holder.invokeSpecial(java.lang.Object, java.lang.Object, int, java.lang.Object, java.lang.Object, java.lang.Object, java.lang.Object)'> (0x000000008d89e210) thrown at [./src/hotspot/share/interpreter/linkResolver.cpp, line 773]
Event: 21.060 Thread 0x0000028b11b77800 Exception <a 'java/lang/NoSuchMethodError'{0x000000008d8a9eb0}: 'java.lang.Object java.lang.invoke.Invokers$Holder.linkToTargetMethod(java.lang.Object, int, java.lang.Object, java.lang.Object, java.lang.Object, java.lang.Object)'> (0x000000008d8a9eb0) thrown at [./src/hotspot/share/interpreter/linkResolver.cpp, line 773]
Event: 21.060 Thread 0x0000028b11b77800 Exception <a 'java/lang/NoSuchMethodError'{0x000000008d8ae360}: 'void java.lang.invoke.DirectMethodHandle$Holder.invokeSpecial(java.lang.Object, java.lang.Object, java.lang.Object, java.lang.Object, java.lang.Object, java.lang.Object, java.lang.Object, java.lang.Object, java.lang.Object)'> (0x000000008d8ae360) thrown at [./src/hotspot/share/interpreter/linkResolver.cpp, line 773]
Event: 21.098 Thread 0x0000028b11b77800 Exception <a 'java/lang/NoSuchMethodError'{0x000000008cffea58}: 'void java.lang.invoke.DirectMethodHandle$Holder.invokeStatic(java.lang.Object, java.lang.Object, java.lang.Object, java.lang.Object, java.lang.Object, java.lang.Object, java.lang.Object, java.lang.Object)'> (0x000000008cffea58) thrown at [./src/hotspot/share/interpreter/linkResolver.cpp, line 773]
Event: 21.490 Thread 0x0000028b11b78800 Exception <a 'java/lang/IncompatibleClassChangeError'{0x000000008c805000}: Found class java.lang.Object, but interface was expected> (0x000000008c805000) thrown at [./src/hotspot/share/interpreter/linkResolver.cpp, line 839]
Event: 21.490 Thread 0x0000028b11b77800 Exception <a 'java/lang/IncompatibleClassChangeError'{0x000000008cba96e0}: Found class java.lang.Object, but interface was expected> (0x000000008cba96e0) thrown at [./src/hotspot/share/interpreter/linkResolver.cpp, line 839]
Event: 21.641 Thread 0x0000028b11b77800 Exception <a 'java/lang/NoSuchMethodError'{0x0000000089647718}: 'void java.lang.invoke.DirectMethodHandle$Holder.invokeVirtual(java.lang.Object, java.lang.Object, int)'> (0x0000000089647718) thrown at [./src/hotspot/share/interpreter/linkResolver.cpp, line 773]
Event: 21.641 Thread 0x0000028b11b7d000 Exception <a 'java/lang/NoSuchMethodError'{0x0000000089624c78}: 'void java.lang.invoke.DirectMethodHandle$Holder.invokeVirtual(java.lang.Object, java.lang.Object, int)'> (0x0000000089624c78) thrown at [./src/hotspot/share/interpreter/linkResolver.cpp, line 773]

Events (20 events):
Event: 21.632 loading class com/android/tools/r8/internal/No done
Event: 21.634 loading class com/android/tools/r8/internal/e9
Event: 21.634 loading class com/android/tools/r8/internal/e9 done
Event: 21.641 Executing VM operation: RevokeBias
Event: 21.641 loading class com/android/tools/r8/dex/n
Event: 21.641 loading class com/android/tools/r8/dex/n done
Event: 21.642 Executing VM operation: RevokeBias done
Event: 21.642 loading class com/android/tools/r8/dex/n
Event: 21.642 loading class com/android/tools/r8/dex/n done
Event: 21.642 loading class com/android/tools/r8/internal/Gw
Event: 21.642 loading class com/android/tools/r8/internal/Gw done
Event: 21.642 loading class com/android/tools/r8/internal/Gw
Event: 21.642 loading class com/android/tools/r8/internal/Gw done
Event: 21.642 loading class com/android/tools/r8/dex/m
Event: 21.642 loading class com/android/tools/r8/dex/m done
Event: 21.643 loading class java/nio/ByteBufferAsShortBufferL
Event: 21.643 loading class java/nio/ShortBuffer
Event: 21.643 loading class java/nio/ShortBuffer done
Event: 21.643 loading class java/nio/ByteBufferAsShortBufferL done
Event: 21.643 Executing VM operation: G1CollectForAllocation


Dynamic libraries:
0x00007ff77c400000 - 0x00007ff77c40a000 	C:\Program Files\Android\Android Studio\jre\bin\java.exe
0x00007ffcc8940000 - 0x00007ffcc8b47000 	C:\Windows\SYSTEM32\ntdll.dll
0x00007ffcc71a0000 - 0x00007ffcc725d000 	C:\Windows\System32\KERNEL32.DLL
0x00007ffcc6330000 - 0x00007ffcc66a4000 	C:\Windows\System32\KERNELBASE.dll
0x00007ffcc33d0000 - 0x00007ffcc3461000 	C:\Windows\SYSTEM32\apphelp.dll
0x00007ffcc66b0000 - 0x00007ffcc67c1000 	C:\Windows\System32\ucrtbase.dll
0x00007ffcc22a0000 - 0x00007ffcc22b9000 	C:\Program Files\Android\Android Studio\jre\bin\jli.dll
0x00007ffcc15d0000 - 0x00007ffcc15e7000 	C:\Program Files\Android\Android Studio\jre\bin\VCRUNTIME140.dll
0x00007ffcc7d10000 - 0x00007ffcc7ebc000 	C:\Windows\System32\USER32.dll
0x00007ffca8770000 - 0x00007ffca8a15000 	C:\Windows\WinSxS\amd64_microsoft.windows.common-controls_6595b64144ccf1df_6.0.22000.120_none_9d947278b86cc467\COMCTL32.dll
0x00007ffcc6300000 - 0x00007ffcc6326000 	C:\Windows\System32\win32u.dll
0x00007ffcc7540000 - 0x00007ffcc75e3000 	C:\Windows\System32\msvcrt.dll
0x00007ffcc7020000 - 0x00007ffcc7049000 	C:\Windows\System32\GDI32.dll
0x00007ffcc6120000 - 0x00007ffcc6232000 	C:\Windows\System32\gdi32full.dll
0x00007ffcc5f90000 - 0x00007ffcc602d000 	C:\Windows\System32\msvcp_win.dll
0x00007ffcc7260000 - 0x00007ffcc7291000 	C:\Windows\System32\IMM32.DLL
0x00007ffcbde10000 - 0x00007ffcbdead000 	C:\Program Files\Android\Android Studio\jre\bin\msvcp140.dll
0x00007ffc80200000 - 0x00007ffc80ccf000 	C:\Program Files\Android\Android Studio\jre\bin\server\jvm.dll
0x00007ffcc67d0000 - 0x00007ffcc687c000 	C:\Windows\System32\ADVAPI32.dll
0x00007ffcc6de0000 - 0x00007ffcc6e7d000 	C:\Windows\System32\sechost.dll
0x00007ffcc8720000 - 0x00007ffcc8841000 	C:\Windows\System32\RPCRT4.dll
0x00007ffcc7530000 - 0x00007ffcc7538000 	C:\Windows\System32\PSAPI.DLL
0x00007ffcbe0e0000 - 0x00007ffcbe113000 	C:\Windows\SYSTEM32\WINMM.dll
0x00007ffcbc560000 - 0x00007ffcbc56a000 	C:\Windows\SYSTEM32\VERSION.dll
0x00007ffcc02c0000 - 0x00007ffcc02c9000 	C:\Windows\SYSTEM32\WSOCK32.dll
0x00007ffcc7ca0000 - 0x00007ffcc7d0f000 	C:\Windows\System32\WS2_32.dll
0x00007ffcc4ff0000 - 0x00007ffcc5008000 	C:\Windows\SYSTEM32\kernel.appcore.dll
0x00007ffcb9e80000 - 0x00007ffcb9e91000 	C:\Program Files\Android\Android Studio\jre\bin\verify.dll
0x00007ffcbf790000 - 0x00007ffcbf9b1000 	C:\Windows\SYSTEM32\DBGHELP.DLL
0x00007ffcabf10000 - 0x00007ffcabf41000 	C:\Windows\SYSTEM32\dbgcore.DLL
0x00007ffcc6030000 - 0x00007ffcc60b0000 	C:\Windows\System32\bcryptPrimitives.dll
0x00007ffcb3d60000 - 0x00007ffcb3d89000 	C:\Program Files\Android\Android Studio\jre\bin\java.dll
0x00007ffcc02b0000 - 0x00007ffcc02bb000 	C:\Program Files\Android\Android Studio\jre\bin\jimage.dll
0x00007ffcb4700000 - 0x00007ffcb4718000 	C:\Program Files\Android\Android Studio\jre\bin\zip.dll
0x00007ffcc7f50000 - 0x00007ffcc86f9000 	C:\Windows\System32\SHELL32.dll
0x00007ffcc3fd0000 - 0x00007ffcc4832000 	C:\Windows\SYSTEM32\windows.storage.dll
0x00007ffcc6970000 - 0x00007ffcc6ce8000 	C:\Windows\System32\combase.dll
0x00007ffcc3e60000 - 0x00007ffcc3fc6000 	C:\Windows\SYSTEM32\wintypes.dll
0x00007ffcc70b0000 - 0x00007ffcc719a000 	C:\Windows\System32\SHCORE.dll
0x00007ffcc6880000 - 0x00007ffcc68dd000 	C:\Windows\System32\shlwapi.dll
0x00007ffcc5d50000 - 0x00007ffcc5d71000 	C:\Windows\SYSTEM32\profapi.dll
0x00007ffcac4c0000 - 0x00007ffcac4da000 	C:\Program Files\Android\Android Studio\jre\bin\net.dll
0x00007ffcc07c0000 - 0x00007ffcc08cc000 	C:\Windows\SYSTEM32\WINHTTP.dll
0x00007ffcc5450000 - 0x00007ffcc54b7000 	C:\Windows\system32\mswsock.dll
0x00007ffcac250000 - 0x00007ffcac264000 	C:\Program Files\Android\Android Studio\jre\bin\nio.dll
0x00007ffca62f0000 - 0x00007ffca6317000 	C:\Users\hsibin\.gradle\native\8bec1ad78214c89d9ad589b4d07fe93259594b29d510b10fafb7a158f7737e5d\windows-amd64\native-platform.dll
0x00007ffc8a7d0000 - 0x00007ffc8a90d000 	C:\Users\hsibin\.gradle\native\53dbd7edfb1c66fb8903c78663c9afc45aea4f116125fa6feffd364cf09443e8\windows-amd64\native-platform-file-events.dll
0x00007ffcc0290000 - 0x00007ffcc029a000 	C:\Program Files\Android\Android Studio\jre\bin\management.dll
0x00007ffcbd490000 - 0x00007ffcbd49c000 	C:\Program Files\Android\Android Studio\jre\bin\management_ext.dll
0x00007ffcc5690000 - 0x00007ffcc56a8000 	C:\Windows\SYSTEM32\CRYPTSP.dll
0x00007ffcc4f20000 - 0x00007ffcc4f55000 	C:\Windows\system32\rsaenh.dll
0x00007ffcc5540000 - 0x00007ffcc5569000 	C:\Windows\SYSTEM32\USERENV.dll
0x00007ffcc5810000 - 0x00007ffcc5837000 	C:\Windows\SYSTEM32\bcrypt.dll
0x00007ffcc56b0000 - 0x00007ffcc56bc000 	C:\Windows\SYSTEM32\CRYPTBASE.dll
0x00007ffcc4a80000 - 0x00007ffcc4aad000 	C:\Windows\SYSTEM32\IPHLPAPI.DLL
0x00007ffcc68e0000 - 0x00007ffcc68e9000 	C:\Windows\System32\NSI.dll
0x00007ffcc0680000 - 0x00007ffcc0699000 	C:\Windows\SYSTEM32\dhcpcsvc6.DLL
0x00007ffcc0a10000 - 0x00007ffcc0a2e000 	C:\Windows\SYSTEM32\dhcpcsvc.DLL
0x00007ffcc4ab0000 - 0x00007ffcc4b97000 	C:\Windows\SYSTEM32\DNSAPI.dll

dbghelp: loaded successfully - version: 4.0.5 - missing functions: none
symbol engine: initialized successfully - sym options: 0x614 - pdb path: .;C:\Program Files\Android\Android Studio\jre\bin;C:\Windows\SYSTEM32;C:\Windows\WinSxS\amd64_microsoft.windows.common-controls_6595b64144ccf1df_6.0.22000.120_none_9d947278b86cc467;C:\Program Files\Android\Android Studio\jre\bin\server;C:\Users\hsibin\.gradle\native\8bec1ad78214c89d9ad589b4d07fe93259594b29d510b10fafb7a158f7737e5d\windows-amd64;C:\Users\hsibin\.gradle\native\53dbd7edfb1c66fb8903c78663c9afc45aea4f116125fa6feffd364cf09443e8\windows-amd64

VM Arguments:
jvm_args: --add-opens=java.base/java.util=ALL-UNNAMED --add-opens=java.base/java.lang=ALL-UNNAMED --add-opens=java.base/java.lang.invoke=ALL-UNNAMED --add-opens=java.base/java.util=ALL-UNNAMED --add-opens=java.prefs/java.util.prefs=ALL-UNNAMED --add-opens=java.prefs/java.util.prefs=ALL-UNNAMED --add-opens=java.base/java.nio.charset=ALL-UNNAMED --add-opens=java.base/java.net=ALL-UNNAMED --add-opens=java.base/java.util.concurrent.atomic=ALL-UNNAMED -Xmx2048m -Dfile.encoding=UTF-8 -Duser.country=CN -Duser.language=zh -Duser.variant 
java_command: org.gradle.launcher.daemon.bootstrap.GradleDaemon 7.0.2
java_class_path (initial): C:\Users\hsibin\.gradle\wrapper\dists\gradle-7.0.2-bin\857tjihv64xamwrf0h14cai3r\gradle-7.0.2\lib\gradle-launcher-7.0.2.jar
Launcher Type: SUN_STANDARD

[Global flags]
     intx CICompilerCount                          = 4                                         {product} {ergonomic}
     uint ConcGCThreads                            = 2                                         {product} {ergonomic}
     uint G1ConcRefinementThreads                  = 8                                         {product} {ergonomic}
   size_t G1HeapRegionSize                         = 1048576                                   {product} {ergonomic}
    uintx GCDrainStackTargetSize                   = 64                                        {product} {ergonomic}
   size_t InitialHeapSize                          = 134217728                                 {product} {ergonomic}
   size_t MarkStackSize                            = 4194304                                   {product} {ergonomic}
   size_t MaxHeapSize                              = 2147483648                                {product} {command line}
   size_t MaxNewSize                               = 1287651328                                {product} {ergonomic}
   size_t MinHeapDeltaBytes                        = 1048576                                   {product} {ergonomic}
    uintx NonNMethodCodeHeapSize                   = 5836300                                {pd product} {ergonomic}
    uintx NonProfiledCodeHeapSize                  = 122910970                              {pd product} {ergonomic}
    uintx ProfiledCodeHeapSize                     = 122910970                              {pd product} {ergonomic}
    uintx ReservedCodeCacheSize                    = 251658240                              {pd product} {ergonomic}
     bool SegmentedCodeCache                       = true                                      {product} {ergonomic}
     bool UseCompressedClassPointers               = true                                 {lp64_product} {ergonomic}
     bool UseCompressedOops                        = true                                 {lp64_product} {ergonomic}
     bool UseG1GC                                  = true                                      {product} {ergonomic}
     bool UseLargePagesIndividualAllocation        = false                                  {pd product} {ergonomic}

Logging:
Log output configuration:
 #0: stdout all=warning uptime,level,tags
 #1: stderr all=off uptime,level,tags

Environment Variables:
PATH=C:\Program Files (x86)\Common Files\Oracle\Java\javapath;C:\Windows\system32;C:\Windows;C:\Windows\System32\Wbem;C:\Windows\System32\WindowsPowerShell\v1.0\;C:\Windows\System32\OpenSSH\;C:\Program Files\Git\cmd;C:\Users\hsibin\AppData\Local\Microsoft\WindowsApps;;C:\Program Files\JetBrains\IntelliJ IDEA 2021.2.2\bin;;C:\Program Files\JetBrains\WebStorm 2021.2.2\bin;
USERNAME=hsibin
OS=Windows_NT
PROCESSOR_IDENTIFIER=Intel64 Family 6 Model 142 Stepping 10, GenuineIntel



---------------  S Y S T E M  ---------------

OS: Windows 10 , 64 bit Build 22000 (10.0.22000.120)
OS uptime: 0 days 5:31 hours

CPU:total 8 (initial active 8) (4 cores per cpu, 2 threads per core) family 6 model 142 stepping 10 microcode 0xe8, cmov, cx8, fxsr, mmx, sse, sse2, sse3, ssse3, sse4.1, sse4.2, popcnt, avx, avx2, aes, clmul, erms, 3dnowpref, lzcnt, ht, tsc, tscinvbit, bmi1, bmi2, adx, fma

Memory: 4k page, system-wide physical 8109M (404M free)
TotalPageFile size 12205M (AvailPageFile size 40M)
current process WorkingSet (physical memory assigned to process): 548M, peak: 553M
current process commit charge ("private bytes"): 604M, peak: 654M

vm_info: OpenJDK 64-Bit Server VM (11.0.10+0-b96-7249189) for windows-amd64 JRE (11.0.10+0-b96-7249189), built on Mar 31 2021 21:44:00 by "builder" with MS VC++ 14.0 (VS2015)

END.
